<?xml version="1.0" encoding="UTF-8"?>
<testsuite name="org.springframework.jdbc.support.rowset.ResultSetWrappingRowSetTests" tests="22" skipped="0" failures="0" errors="0" timestamp="2016-11-10T07:40:43" hostname="XB-20161010YVDY" time="0.013">
  <properties/>
  <testcase name="testGetTimeString" classname="org.springframework.jdbc.support.rowset.ResultSetWrappingRowSetTests" time="0.002"/>
  <testcase name="testGetDoubleString" classname="org.springframework.jdbc.support.rowset.ResultSetWrappingRowSetTests" time="0.001"/>
  <testcase name="testGetTimestampInt" classname="org.springframework.jdbc.support.rowset.ResultSetWrappingRowSetTests" time="0.0"/>
  <testcase name="testGetTimeInt" classname="org.springframework.jdbc.support.rowset.ResultSetWrappingRowSetTests" time="0.001"/>
  <testcase name="testGetFloatInt" classname="org.springframework.jdbc.support.rowset.ResultSetWrappingRowSetTests" time="0.0"/>
  <testcase name="testGetBigDecimalInt" classname="org.springframework.jdbc.support.rowset.ResultSetWrappingRowSetTests" time="0.001"/>
  <testcase name="testGetObjectInt" classname="org.springframework.jdbc.support.rowset.ResultSetWrappingRowSetTests" time="0.0"/>
  <testcase name="testGetBigDecimalString" classname="org.springframework.jdbc.support.rowset.ResultSetWrappingRowSetTests" time="0.001"/>
  <testcase name="testGetBooleanString" classname="org.springframework.jdbc.support.rowset.ResultSetWrappingRowSetTests" time="0.0"/>
  <testcase name="testGetObjectString" classname="org.springframework.jdbc.support.rowset.ResultSetWrappingRowSetTests" time="0.0"/>
  <testcase name="testGetDoubleInt" classname="org.springframework.jdbc.support.rowset.ResultSetWrappingRowSetTests" time="0.0"/>
  <testcase name="testGetFloatString" classname="org.springframework.jdbc.support.rowset.ResultSetWrappingRowSetTests" time="0.0"/>
  <testcase name="testGetTimestampString" classname="org.springframework.jdbc.support.rowset.ResultSetWrappingRowSetTests" time="0.001"/>
  <testcase name="testGetLongInt" classname="org.springframework.jdbc.support.rowset.ResultSetWrappingRowSetTests" time="0.0"/>
  <testcase name="testGetStringInt" classname="org.springframework.jdbc.support.rowset.ResultSetWrappingRowSetTests" time="0.001"/>
  <testcase name="testGetLongString" classname="org.springframework.jdbc.support.rowset.ResultSetWrappingRowSetTests" time="0.001"/>
  <testcase name="testGetBooleanInt" classname="org.springframework.jdbc.support.rowset.ResultSetWrappingRowSetTests" time="0.0"/>
  <testcase name="testGetIntString" classname="org.springframework.jdbc.support.rowset.ResultSetWrappingRowSetTests" time="0.0"/>
  <testcase name="testGetIntInt" classname="org.springframework.jdbc.support.rowset.ResultSetWrappingRowSetTests" time="0.0"/>
  <testcase name="testGetStringString" classname="org.springframework.jdbc.support.rowset.ResultSetWrappingRowSetTests" time="0.001"/>
  <testcase name="testGetDateInt" classname="org.springframework.jdbc.support.rowset.ResultSetWrappingRowSetTests" time="0.0"/>
  <testcase name="testGetDateString" classname="org.springframework.jdbc.support.rowset.ResultSetWrappingRowSetTests" time="0.0"/>
  <system-out><![CDATA[]]></system-out>
  <system-err><![CDATA[]]></system-err>
</testsuite>
