<?xml version="1.0" encoding="UTF-8"?>
<testsuite name="org.springframework.jdbc.core.support.JdbcBeanDefinitionReaderTests" tests="1" skipped="0" failures="0" errors="0" timestamp="2016-11-10T07:40:38" hostname="XB-20161010YVDY" time="0.005">
  <properties/>
  <testcase name="testValid" classname="org.springframework.jdbc.core.support.JdbcBeanDefinitionReaderTests" time="0.005"/>
  <system-out><![CDATA[]]></system-out>
  <system-err><![CDATA[]]></system-err>
</testsuite>
