<?xml version="1.0" encoding="UTF-8"?>
<testsuite name="org.springframework.jdbc.datasource.init.ScriptUtilsIntegrationTests" tests="2" skipped="0" failures="0" errors="0" timestamp="2016-11-10T07:40:42" hostname="XB-20161010YVDY" time="0.036">
  <properties/>
  <testcase name="executeSqlScriptContainingMuliLineComments" classname="org.springframework.jdbc.datasource.init.ScriptUtilsIntegrationTests" time="0.02"/>
  <testcase name="executeSqlScriptContainingSingleQuotesNestedInsideDoubleQuotes" classname="org.springframework.jdbc.datasource.init.ScriptUtilsIntegrationTests" time="0.016"/>
  <system-out><![CDATA[]]></system-out>
  <system-err><![CDATA[]]></system-err>
</testsuite>
