<?xml version="1.0" encoding="UTF-8"?>
<testsuite name="org.springframework.jdbc.support.DataFieldMaxValueIncrementerTests" tests="5" skipped="0" failures="0" errors="0" timestamp="2016-11-10T07:40:43" hostname="XB-20161010YVDY" time="0.01">
  <properties/>
  <testcase name="testMySQLMaxValueIncrementer" classname="org.springframework.jdbc.support.DataFieldMaxValueIncrementerTests" time="0.003"/>
  <testcase name="testHsqlMaxValueIncrementer" classname="org.springframework.jdbc.support.DataFieldMaxValueIncrementerTests" time="0.003"/>
  <testcase name="testOracleSequenceMaxValueIncrementer" classname="org.springframework.jdbc.support.DataFieldMaxValueIncrementerTests" time="0.001"/>
  <testcase name="testHsqlMaxValueIncrementerWithDeleteSpecificValues" classname="org.springframework.jdbc.support.DataFieldMaxValueIncrementerTests" time="0.001"/>
  <testcase name="testPostgreSQLSequenceMaxValueIncrementer" classname="org.springframework.jdbc.support.DataFieldMaxValueIncrementerTests" time="0.002"/>
  <system-out><![CDATA[]]></system-out>
  <system-err><![CDATA[]]></system-err>
</testsuite>
