<?xml version="1.0" encoding="UTF-8"?>
<testsuite name="org.springframework.jdbc.core.support.LobSupportTests" tests="5" skipped="0" failures="0" errors="0" timestamp="2016-11-10T07:40:38" hostname="XB-20161010YVDY" time="0.039">
  <properties/>
  <testcase name="testAbstractLobStreamingResultSetExtractorCorrectException" classname="org.springframework.jdbc.core.support.LobSupportTests" time="0.001"/>
  <testcase name="testAbstractLobStreamingResultSetExtractorNoRows" classname="org.springframework.jdbc.core.support.LobSupportTests" time="0.0"/>
  <testcase name="testAbstractLobStreamingResultSetExtractorOneRow" classname="org.springframework.jdbc.core.support.LobSupportTests" time="0.0"/>
  <testcase name="testCreatingPreparedStatementCallback" classname="org.springframework.jdbc.core.support.LobSupportTests" time="0.036"/>
  <testcase name="testAbstractLobStreamingResultSetExtractorMultipleRows" classname="org.springframework.jdbc.core.support.LobSupportTests" time="0.001"/>
  <system-out><![CDATA[]]></system-out>
  <system-err><![CDATA[]]></system-err>
</testsuite>
