<?xml version="1.0" encoding="UTF-8"?>
<testsuite name="org.springframework.jdbc.core.simple.TableMetaDataContextTests" tests="2" skipped="0" failures="0" errors="0" timestamp="2016-11-10T07:40:38" hostname="XB-20161010YVDY" time="0.006">
  <properties/>
  <testcase name="testTableWithSingleColumnGeneratedKey" classname="org.springframework.jdbc.core.simple.TableMetaDataContextTests" time="0.003"/>
  <testcase name="testMatchInParametersAndSqlTypeInfoWrapping" classname="org.springframework.jdbc.core.simple.TableMetaDataContextTests" time="0.003"/>
  <system-out><![CDATA[]]></system-out>
  <system-err><![CDATA[]]></system-err>
</testsuite>
