<?xml version="1.0" encoding="UTF-8"?>
<testsuite name="org.springframework.jdbc.object.BatchSqlUpdateTests" tests="2" skipped="0" failures="0" errors="0" timestamp="2016-11-10T07:40:42" hostname="XB-20161010YVDY" time="0.007">
  <properties/>
  <testcase name="testBatchUpdateWithFlushThroughBatchSize" classname="org.springframework.jdbc.object.BatchSqlUpdateTests" time="0.006"/>
  <testcase name="testBatchUpdateWithExplicitFlush" classname="org.springframework.jdbc.object.BatchSqlUpdateTests" time="0.001"/>
  <system-out><![CDATA[]]></system-out>
  <system-err><![CDATA[]]></system-err>
</testsuite>
