<?xml version="1.0" encoding="UTF-8"?>
<testsuite name="org.springframework.jdbc.object.SqlUpdateTests" tests="14" skipped="0" failures="0" errors="0" timestamp="2016-11-10T07:40:43" hostname="XB-20161010YVDY" time="0.016">
  <properties/>
  <testcase name="testNamedParameterUpdateWithUnnamedDeclarations" classname="org.springframework.jdbc.object.SqlUpdateTests" time="0.001"/>
  <testcase name="testUpdateInt" classname="org.springframework.jdbc.object.SqlUpdateTests" time="0.001"/>
  <testcase name="testUpdateMixed" classname="org.springframework.jdbc.object.SqlUpdateTests" time="0.002"/>
  <testcase name="testUpdateConstructor" classname="org.springframework.jdbc.object.SqlUpdateTests" time="0.001"/>
  <testcase name="testRequiredRows" classname="org.springframework.jdbc.object.SqlUpdateTests" time="0.001"/>
  <testcase name="testUpdateIntInt" classname="org.springframework.jdbc.object.SqlUpdateTests" time="0.002"/>
  <testcase name="testUpdateAndGeneratedKeys" classname="org.springframework.jdbc.object.SqlUpdateTests" time="0.003"/>
  <testcase name="testUpdateString" classname="org.springframework.jdbc.object.SqlUpdateTests" time="0.001"/>
  <testcase name="testNamedParameterUpdateWithNamedDeclarations" classname="org.springframework.jdbc.object.SqlUpdateTests" time="0.0"/>
  <testcase name="testMaxRows" classname="org.springframework.jdbc.object.SqlUpdateTests" time="0.001"/>
  <testcase name="testNotRequiredRows" classname="org.springframework.jdbc.object.SqlUpdateTests" time="0.0"/>
  <testcase name="testOverMaxRows" classname="org.springframework.jdbc.object.SqlUpdateTests" time="0.001"/>
  <testcase name="testUpdate" classname="org.springframework.jdbc.object.SqlUpdateTests" time="0.001"/>
  <testcase name="testUnderMaxRows" classname="org.springframework.jdbc.object.SqlUpdateTests" time="0.0"/>
  <system-out><![CDATA[]]></system-out>
  <system-err><![CDATA[]]></system-err>
</testsuite>
