<?xml version="1.0" encoding="UTF-8"?>
<testsuite name="org.springframework.jdbc.support.JdbcUtilsTests" tests="2" skipped="0" failures="0" errors="0" timestamp="2016-11-10T07:40:43" hostname="XB-20161010YVDY" time="0.0">
  <properties/>
  <testcase name="commonDatabaseName" classname="org.springframework.jdbc.support.JdbcUtilsTests" time="0.0"/>
  <testcase name="convertUnderscoreNameToPropertyName" classname="org.springframework.jdbc.support.JdbcUtilsTests" time="0.0"/>
  <system-out><![CDATA[]]></system-out>
  <system-err><![CDATA[]]></system-err>
</testsuite>
