<?xml version="1.0" encoding="UTF-8"?>
<testsuite name="org.springframework.jdbc.core.namedparam.MapSqlParameterSourceTests" tests="3" skipped="0" failures="0" errors="0" timestamp="2016-11-10T07:40:38" hostname="XB-20161010YVDY" time="0.001">
  <properties/>
  <testcase name="getValueChokesIfParameterIsNotPresent" classname="org.springframework.jdbc.core.namedparam.MapSqlParameterSourceTests" time="0.001"/>
  <testcase name="nullParameterValuesPassedToCtorIsOk" classname="org.springframework.jdbc.core.namedparam.MapSqlParameterSourceTests" time="0.0"/>
  <testcase name="sqlParameterValueRegistersSqlType" classname="org.springframework.jdbc.core.namedparam.MapSqlParameterSourceTests" time="0.0"/>
  <system-out><![CDATA[]]></system-out>
  <system-err><![CDATA[]]></system-err>
</testsuite>
