<?xml version="1.0" encoding="UTF-8"?>
<testsuite name="org.springframework.jdbc.core.namedparam.BeanPropertySqlParameterSourceTests" tests="7" skipped="0" failures="0" errors="0" timestamp="2016-11-10T07:40:38" hostname="XB-20161010YVDY" time="0.015">
  <properties/>
  <testcase name="hasValueWhereTheUnderlyingBeanPropertyIsNotReadable" classname="org.springframework.jdbc.core.namedparam.BeanPropertySqlParameterSourceTests" time="0.003"/>
  <testcase name="hasValueWhereTheUnderlyingBeanHasNoSuchProperty" classname="org.springframework.jdbc.core.namedparam.BeanPropertySqlParameterSourceTests" time="0.011"/>
  <testcase name="getValueWhereTheUnderlyingBeanHasNoSuchProperty" classname="org.springframework.jdbc.core.namedparam.BeanPropertySqlParameterSourceTests" time="0.0"/>
  <testcase name="getValueWhereTheUnderlyingBeanPropertyIsNotReadable" classname="org.springframework.jdbc.core.namedparam.BeanPropertySqlParameterSourceTests" time="0.0"/>
  <testcase name="successfulPropertyAccessWithOverriddenSqlType" classname="org.springframework.jdbc.core.namedparam.BeanPropertySqlParameterSourceTests" time="0.001"/>
  <testcase name="withNullBeanPassedToCtor" classname="org.springframework.jdbc.core.namedparam.BeanPropertySqlParameterSourceTests" time="0.0"/>
  <testcase name="successfulPropertyAccess" classname="org.springframework.jdbc.core.namedparam.BeanPropertySqlParameterSourceTests" time="0.0"/>
  <system-out><![CDATA[]]></system-out>
  <system-err><![CDATA[]]></system-err>
</testsuite>
