<?xml version="1.0" encoding="UTF-8"?>
<testsuite name="org.springframework.jdbc.config.JdbcNamespaceIntegrationTests" tests="15" skipped="2" failures="0" errors="0" timestamp="2016-11-10T07:40:35" hostname="XB-20161010YVDY" time="0.875">
  <properties/>
  <testcase name="createAndDestroyNestedWithH2" classname="org.springframework.jdbc.config.JdbcNamespaceIntegrationTests" time="0.268"/>
  <testcase name="createEmbeddedDatabaseAgain" classname="org.springframework.jdbc.config.JdbcNamespaceIntegrationTests" time="0.002">
    <skipped/>
  </testcase>
  <testcase name="createWithAnonymousDataSourceAndDefaultDatabaseName" classname="org.springframework.jdbc.config.JdbcNamespaceIntegrationTests" time="0.048"/>
  <testcase name="initializeWithCustomSeparator" classname="org.springframework.jdbc.config.JdbcNamespaceIntegrationTests" time="0.062"/>
  <testcase name="multipleDataSourcesHaveDifferentDatabaseNames" classname="org.springframework.jdbc.config.JdbcNamespaceIntegrationTests" time="0.023"/>
  <testcase name="embeddedWithCustomSeparator" classname="org.springframework.jdbc.config.JdbcNamespaceIntegrationTests" time="0.047"/>
  <testcase name="createWithEndings" classname="org.springframework.jdbc.config.JdbcNamespaceIntegrationTests" time="0.058"/>
  <testcase name="createAndDestroy" classname="org.springframework.jdbc.config.JdbcNamespaceIntegrationTests" time="0.067"/>
  <testcase name="createWithImplicitDatabaseName" classname="org.springframework.jdbc.config.JdbcNamespaceIntegrationTests" time="0.052"/>
  <testcase name="createAndDestroyNestedWithHsql" classname="org.springframework.jdbc.config.JdbcNamespaceIntegrationTests" time="0.065"/>
  <testcase name="createWithResourcePattern" classname="org.springframework.jdbc.config.JdbcNamespaceIntegrationTests" time="0.041"/>
  <testcase name="createWithEndingsNested" classname="org.springframework.jdbc.config.JdbcNamespaceIntegrationTests" time="0.044"/>
  <testcase name="createWithExplicitDatabaseName" classname="org.springframework.jdbc.config.JdbcNamespaceIntegrationTests" time="0.047"/>
  <testcase name="createWithGeneratedDatabaseName" classname="org.springframework.jdbc.config.JdbcNamespaceIntegrationTests" time="0.048"/>
  <testcase name="createEmbeddedDatabase" classname="org.springframework.jdbc.config.JdbcNamespaceIntegrationTests" time="0.0">
    <skipped/>
  </testcase>
  <system-out><![CDATA[]]></system-out>
  <system-err><![CDATA[]]></system-err>
</testsuite>
