<?xml version="1.0" encoding="UTF-8"?>
<testsuite name="org.springframework.jdbc.support.SQLStateExceptionTranslatorTests" tests="3" skipped="0" failures="0" errors="0" timestamp="2016-11-10T07:40:43" hostname="XB-20161010YVDY" time="0.001">
  <properties/>
  <testcase name="malformedSqlStateCodes" classname="org.springframework.jdbc.support.SQLStateExceptionTranslatorTests" time="0.0"/>
  <testcase name="badSqlGrammar" classname="org.springframework.jdbc.support.SQLStateExceptionTranslatorTests" time="0.0"/>
  <testcase name="invalidSqlStateCode" classname="org.springframework.jdbc.support.SQLStateExceptionTranslatorTests" time="0.001"/>
  <system-out><![CDATA[]]></system-out>
  <system-err><![CDATA[]]></system-err>
</testsuite>
