<?xml version="1.0" encoding="UTF-8"?>
<testsuite name="org.springframework.jdbc.datasource.init.CompositeDatabasePopulatorTests" tests="5" skipped="0" failures="0" errors="0" timestamp="2016-11-10T07:40:42" hostname="XB-20161010YVDY" time="0.001">
  <properties/>
  <testcase name="addPopulators" classname="org.springframework.jdbc.datasource.init.CompositeDatabasePopulatorTests" time="0.0"/>
  <testcase name="constructWithCollection" classname="org.springframework.jdbc.datasource.init.CompositeDatabasePopulatorTests" time="0.0"/>
  <testcase name="setPopulatorsForOverride" classname="org.springframework.jdbc.datasource.init.CompositeDatabasePopulatorTests" time="0.0"/>
  <testcase name="constructWithVarargs" classname="org.springframework.jdbc.datasource.init.CompositeDatabasePopulatorTests" time="0.0"/>
  <testcase name="setPopulatorsWithMultiple" classname="org.springframework.jdbc.datasource.init.CompositeDatabasePopulatorTests" time="0.0"/>
  <system-out><![CDATA[]]></system-out>
  <system-err><![CDATA[]]></system-err>
</testsuite>
