<?xml version="1.0" encoding="UTF-8"?>
<testsuite name="org.springframework.jdbc.core.BeanPropertyRowMapperTests" tests="9" skipped="0" failures="0" errors="0" timestamp="2016-11-10T07:40:36" hostname="XB-20161010YVDY" time="1.56">
  <properties/>
  <testcase name="testOverridingSameClassDefinedForMapping" classname="org.springframework.jdbc.core.BeanPropertyRowMapperTests" time="0.004"/>
  <testcase name="testQueryWithSpaceInColumnName" classname="org.springframework.jdbc.core.BeanPropertyRowMapperTests" time="1.533"/>
  <testcase name="testMappingWithInheritance" classname="org.springframework.jdbc.core.BeanPropertyRowMapperTests" time="0.005"/>
  <testcase name="testMappingWithNoUnpopulatedFieldsFound" classname="org.springframework.jdbc.core.BeanPropertyRowMapperTests" time="0.002"/>
  <testcase name="testMappingNullValue" classname="org.springframework.jdbc.core.BeanPropertyRowMapperTests" time="0.003"/>
  <testcase name="testMappingWithUnpopulatedFieldsNotChecked" classname="org.springframework.jdbc.core.BeanPropertyRowMapperTests" time="0.006"/>
  <testcase name="testOverridingDifferentClassDefinedForMapping" classname="org.springframework.jdbc.core.BeanPropertyRowMapperTests" time="0.0"/>
  <testcase name="testStaticQueryWithRowMapper" classname="org.springframework.jdbc.core.BeanPropertyRowMapperTests" time="0.003"/>
  <testcase name="testMappingWithUnpopulatedFieldsNotAccepted" classname="org.springframework.jdbc.core.BeanPropertyRowMapperTests" time="0.003"/>
  <system-out><![CDATA[]]></system-out>
  <system-err><![CDATA[]]></system-err>
</testsuite>
