<?xml version="1.0" encoding="UTF-8"?>
<testsuite name="org.springframework.jdbc.datasource.UserCredentialsDataSourceAdapterTests" tests="3" skipped="0" failures="0" errors="0" timestamp="2016-11-10T07:40:42" hostname="XB-20161010YVDY" time="0.001">
  <properties/>
  <testcase name="testStaticCredentials" classname="org.springframework.jdbc.datasource.UserCredentialsDataSourceAdapterTests" time="0.0"/>
  <testcase name="testThreadBoundCredentials" classname="org.springframework.jdbc.datasource.UserCredentialsDataSourceAdapterTests" time="0.001"/>
  <testcase name="testNoCredentials" classname="org.springframework.jdbc.datasource.UserCredentialsDataSourceAdapterTests" time="0.0"/>
  <system-out><![CDATA[]]></system-out>
  <system-err><![CDATA[]]></system-err>
</testsuite>
