<?xml version="1.0" encoding="UTF-8"?>
<testsuite name="org.springframework.jdbc.object.GenericStoredProcedureTests" tests="1" skipped="0" failures="0" errors="0" timestamp="2016-11-10T07:40:43" hostname="XB-20161010YVDY" time="0.032">
  <properties/>
  <testcase name="testAddInvoices" classname="org.springframework.jdbc.object.GenericStoredProcedureTests" time="0.032"/>
  <system-out><![CDATA[]]></system-out>
  <system-err><![CDATA[]]></system-err>
</testsuite>
