<?xml version="1.0" encoding="UTF-8"?>
<testsuite name="org.springframework.orm.jpa.support.SharedEntityManagerFactoryTests" tests="1" skipped="0" failures="0" errors="0" timestamp="2016-11-10T07:41:51" hostname="XB-20161010YVDY" time="0.0">
  <properties/>
  <testcase name="testValidUsage" classname="org.springframework.orm.jpa.support.SharedEntityManagerFactoryTests" time="0.0"/>
  <system-out><![CDATA[]]></system-out>
  <system-err><![CDATA[]]></system-err>
</testsuite>
