<?xml version="1.0" encoding="UTF-8"?>
<testsuite name="org.springframework.orm.jpa.support.PersistenceInjectionIntegrationTests" tests="2" skipped="0" failures="0" errors="0" timestamp="2016-11-10T07:41:50" hostname="XB-20161010YVDY" time="0.163">
  <properties/>
  <testcase name="testDefaultPersistenceContextSetterInjection" classname="org.springframework.orm.jpa.support.PersistenceInjectionIntegrationTests" time="0.16"/>
  <testcase name="testSetterInjectionOfNamedPersistenceContext" classname="org.springframework.orm.jpa.support.PersistenceInjectionIntegrationTests" time="0.003"/>
  <system-out><![CDATA[[EL Info]: 2016-11-10 15:41:50.717--ServerSession(1840728484)--EclipseLink, version: Eclipse Persistence Services - 2.6.4.v20160829-44060b6
[EL Warning]: metadata: 2016-11-10 15:41:50.718--ServerSession(1840728484)--Reverting the lazy setting on the OneToOne or ManyToOne attribute [driversLicense] for the entity class [class org.springframework.orm.jpa.domain.Person] since weaving was not enabled or did not occur.
[EL Info]: connection: 2016-11-10 15:41:50.719--ServerSession(1840728484)--/file:/E:/projects/git/spring-framework/spring-orm/build/classes/test/_Person login successful
[EL Fine]: sql: 2016-11-10 15:41:50.722--ServerSession(1840728484)--Connection(598798539)--SELECT * FROM SEQUENCE WHERE SEQ_NAME = 'SEQ_GEN'
[EL Info]: connection: 2016-11-10 15:41:50.747--ServerSession(1840728484)--/file:/E:/projects/git/spring-framework/spring-orm/build/classes/test/_Person logout successful
]]></system-out>
  <system-err><![CDATA[]]></system-err>
</testsuite>
