<?xml version="1.0" encoding="UTF-8"?>
<testsuite name="org.springframework.orm.jpa.JpaTransactionManagerTests" tests="22" skipped="0" failures="0" errors="0" timestamp="2016-11-10T07:41:50" hostname="XB-20161010YVDY" time="0.082">
  <properties/>
  <testcase name="testTransactionRollbackOnly" classname="org.springframework.orm.jpa.JpaTransactionManagerTests" time="0.003"/>
  <testcase name="testTransactionCommitWithDataSource" classname="org.springframework.orm.jpa.JpaTransactionManagerTests" time="0.034"/>
  <testcase name="testTransactionCommitWithRollbackException" classname="org.springframework.orm.jpa.JpaTransactionManagerTests" time="0.006"/>
  <testcase name="testTransactionRollbackWithPropagationSupports" classname="org.springframework.orm.jpa.JpaTransactionManagerTests" time="0.001"/>
  <testcase name="testInvalidIsolation" classname="org.springframework.orm.jpa.JpaTransactionManagerTests" time="0.002"/>
  <testcase name="testTransactionCommitWithPreboundAndPropagationSupports" classname="org.springframework.orm.jpa.JpaTransactionManagerTests" time="0.001"/>
  <testcase name="testTransactionFlush" classname="org.springframework.orm.jpa.JpaTransactionManagerTests" time="0.002"/>
  <testcase name="testTransactionCommitWithPropagationSupports" classname="org.springframework.orm.jpa.JpaTransactionManagerTests" time="0.001"/>
  <testcase name="testTransactionCommit" classname="org.springframework.orm.jpa.JpaTransactionManagerTests" time="0.002"/>
  <testcase name="testTransactionCommitWithPrebound" classname="org.springframework.orm.jpa.JpaTransactionManagerTests" time="0.001"/>
  <testcase name="testParticipatingTransactionWithRollback" classname="org.springframework.orm.jpa.JpaTransactionManagerTests" time="0.002"/>
  <testcase name="testParticipatingTransactionWithCommit" classname="org.springframework.orm.jpa.JpaTransactionManagerTests" time="0.003"/>
  <testcase name="testTransactionRollback" classname="org.springframework.orm.jpa.JpaTransactionManagerTests" time="0.001"/>
  <testcase name="testTransactionRollbackWithAlreadyRolledBack" classname="org.springframework.orm.jpa.JpaTransactionManagerTests" time="0.002"/>
  <testcase name="testPropagationSupportsAndRequiresNew" classname="org.springframework.orm.jpa.JpaTransactionManagerTests" time="0.002"/>
  <testcase name="testParticipatingTransactionWithRequiresNewAndPrebound" classname="org.springframework.orm.jpa.JpaTransactionManagerTests" time="0.004"/>
  <testcase name="testTransactionRollbackWithPrebound" classname="org.springframework.orm.jpa.JpaTransactionManagerTests" time="0.001"/>
  <testcase name="testTransactionWithRequiresNewInAfterCompletion" classname="org.springframework.orm.jpa.JpaTransactionManagerTests" time="0.004"/>
  <testcase name="testParticipatingTransactionWithRollbackOnly" classname="org.springframework.orm.jpa.JpaTransactionManagerTests" time="0.003"/>
  <testcase name="testPropagationSupportsAndRequiresNewAndEarlyAccess" classname="org.springframework.orm.jpa.JpaTransactionManagerTests" time="0.001"/>
  <testcase name="testParticipatingTransactionWithRequiresNew" classname="org.springframework.orm.jpa.JpaTransactionManagerTests" time="0.003"/>
  <testcase name="testTransactionRollbackWithPreboundAndPropagationSupports" classname="org.springframework.orm.jpa.JpaTransactionManagerTests" time="0.001"/>
  <system-out><![CDATA[]]></system-out>
  <system-err><![CDATA[]]></system-err>
</testsuite>
