<?xml version="1.0" encoding="UTF-8"?>
<testsuite name="org.springframework.orm.jpa.support.PersistenceInjectionTests" tests="27" skipped="1" failures="0" errors="0" timestamp="2016-11-10T07:41:50" hostname="XB-20161010YVDY" time="0.35">
  <properties/>
  <testcase name="testPublicExtendedPersistenceContextSetterWithSerialization" classname="org.springframework.orm.jpa.support.PersistenceInjectionTests" time="0.032"/>
  <testcase name="testPublicPersistenceUnitSetterWithOverriding" classname="org.springframework.orm.jpa.support.PersistenceInjectionTests" time="0.007"/>
  <testcase name="testPublicSpecificExtendedPersistenceContextSetter" classname="org.springframework.orm.jpa.support.PersistenceInjectionTests" time="0.012"/>
  <testcase name="testPersistenceUnitsFromJndi" classname="org.springframework.orm.jpa.support.PersistenceInjectionTests" time="0.0">
    <skipped/>
  </testcase>
  <testcase name="testPublicExtendedPersistenceContextSetterWithEntityManagerInfoAndSerialization" classname="org.springframework.orm.jpa.support.PersistenceInjectionTests" time="0.171"/>
  <testcase name="testPropertiesForSharedEntityManager1" classname="org.springframework.orm.jpa.support.PersistenceInjectionTests" time="0.003"/>
  <testcase name="testPropertiesForSharedEntityManager2" classname="org.springframework.orm.jpa.support.PersistenceInjectionTests" time="0.001"/>
  <testcase name="testPublicExtendedPersistenceContextSetterWithOverriding" classname="org.springframework.orm.jpa.support.PersistenceInjectionTests" time="0.002"/>
  <testcase name="testPropertiesPassedIn" classname="org.springframework.orm.jpa.support.PersistenceInjectionTests" time="0.001"/>
  <testcase name="testPrivatePersistenceUnitField" classname="org.springframework.orm.jpa.support.PersistenceInjectionTests" time="0.006"/>
  <testcase name="testPrivateVendorSpecificPersistenceContextField" classname="org.springframework.orm.jpa.support.PersistenceInjectionTests" time="0.01"/>
  <testcase name="testPersistenceUnitsFromJndiWithDefaultUnit" classname="org.springframework.orm.jpa.support.PersistenceInjectionTests" time="0.003"/>
  <testcase name="testFieldOfWrongTypeAnnotatedWithPersistenceUnit" classname="org.springframework.orm.jpa.support.PersistenceInjectionTests" time="0.0"/>
  <testcase name="testNoPropertiesPassedIn" classname="org.springframework.orm.jpa.support.PersistenceInjectionTests" time="0.001"/>
  <testcase name="testSinglePersistenceUnitFromJndi" classname="org.springframework.orm.jpa.support.PersistenceInjectionTests" time="0.001"/>
  <testcase name="testSinglePersistenceContextFromJndi" classname="org.springframework.orm.jpa.support.PersistenceInjectionTests" time="0.006"/>
  <testcase name="testPublicPersistenceUnitSetterWithUnitIdentifiedThroughBeanName" classname="org.springframework.orm.jpa.support.PersistenceInjectionTests" time="0.013"/>
  <testcase name="testPersistenceContextsFromJndiWithDefaultUnit" classname="org.springframework.orm.jpa.support.PersistenceInjectionTests" time="0.006"/>
  <testcase name="testPublicPersistenceUnitSetter" classname="org.springframework.orm.jpa.support.PersistenceInjectionTests" time="0.001"/>
  <testcase name="testPropertiesForTransactionalEntityManager" classname="org.springframework.orm.jpa.support.PersistenceInjectionTests" time="0.001"/>
  <testcase name="testSetterWithNoArgs" classname="org.springframework.orm.jpa.support.PersistenceInjectionTests" time="0.001"/>
  <testcase name="testPublicExtendedPersistenceContextSetter" classname="org.springframework.orm.jpa.support.PersistenceInjectionTests" time="0.003"/>
  <testcase name="testPublicPersistenceUnitSetterWithMultipleUnitsIdentifiedThroughUnitName" classname="org.springframework.orm.jpa.support.PersistenceInjectionTests" time="0.01"/>
  <testcase name="testPersistenceContextsFromJndi" classname="org.springframework.orm.jpa.support.PersistenceInjectionTests" time="0.001"/>
  <testcase name="testPrivatePersistenceContextField" classname="org.springframework.orm.jpa.support.PersistenceInjectionTests" time="0.049"/>
  <testcase name="testSetterOfWrongTypeAnnotatedWithPersistenceUnit" classname="org.springframework.orm.jpa.support.PersistenceInjectionTests" time="0.004"/>
  <testcase name="testInjectionIntoExistingObjects" classname="org.springframework.orm.jpa.support.PersistenceInjectionTests" time="0.003"/>
  <system-out><![CDATA[]]></system-out>
  <system-err><![CDATA[]]></system-err>
</testsuite>
