<?xml version="1.0" encoding="UTF-8"?>
<testsuite name="org.springframework.orm.jpa.EntityManagerFactoryBeanSupportTests" tests="1" skipped="0" failures="0" errors="0" timestamp="2016-11-10T07:41:47" hostname="XB-20161010YVDY" time="0.049">
  <properties/>
  <testcase name="testHookIsCalled" classname="org.springframework.orm.jpa.EntityManagerFactoryBeanSupportTests" time="0.049"/>
  <system-out><![CDATA[]]></system-out>
  <system-err><![CDATA[]]></system-err>
</testsuite>
