<?xml version="1.0" encoding="UTF-8"?>
<testsuite name="org.springframework.orm.jpa.eclipselink.EclipseLinkEntityManagerFactoryIntegrationTests" tests="20" skipped="0" failures="0" errors="0" timestamp="2016-11-10T07:41:47" hostname="XB-20161010YVDY" time="0.267">
  <properties/>
  <testcase name="testCanCastSharedEntityManagerProxyToEclipseLinkEntityManager" classname="org.springframework.orm.jpa.eclipselink.EclipseLinkEntityManagerFactoryIntegrationTests" time="0.163"/>
  <testcase name="testCanCastNativeEntityManagerFactoryToEclipseLinkEntityManagerFactoryImpl" classname="org.springframework.orm.jpa.eclipselink.EclipseLinkEntityManagerFactoryIntegrationTests" time="0.0"/>
  <testcase name="testJdbcTx2" classname="org.springframework.orm.jpa.eclipselink.EclipseLinkEntityManagerFactoryIntegrationTests" time="0.008"/>
  <testcase name="testEntityManagerProxyRejectsProgrammaticTxManagement" classname="org.springframework.orm.jpa.eclipselink.EclipseLinkEntityManagerFactoryIntegrationTests" time="0.001"/>
  <testcase name="testQueryNoPersons" classname="org.springframework.orm.jpa.eclipselink.EclipseLinkEntityManagerFactoryIntegrationTests" time="0.008"/>
  <testcase name="testEntityManagerFactoryImplementsEntityManagerFactoryInfo" classname="org.springframework.orm.jpa.eclipselink.EclipseLinkEntityManagerFactoryIntegrationTests" time="0.001"/>
  <testcase name="testMultipleResults" classname="org.springframework.orm.jpa.eclipselink.EclipseLinkEntityManagerFactoryIntegrationTests" time="0.007"/>
  <testcase name="testStateClean" classname="org.springframework.orm.jpa.eclipselink.EclipseLinkEntityManagerFactoryIntegrationTests" time="0.001"/>
  <testcase name="testGetReferenceWhenNoRow" classname="org.springframework.orm.jpa.eclipselink.EclipseLinkEntityManagerFactoryIntegrationTests" time="0.004"/>
  <testcase name="testInstantiateAndSaveWithSharedEmProxy" classname="org.springframework.orm.jpa.eclipselink.EclipseLinkEntityManagerFactoryIntegrationTests" time="0.004"/>
  <testcase name="testQueryNoPersonsSharedNotTransactional" classname="org.springframework.orm.jpa.eclipselink.EclipseLinkEntityManagerFactoryIntegrationTests" time="0.009"/>
  <testcase name="testJdbcTx1_1" classname="org.springframework.orm.jpa.eclipselink.EclipseLinkEntityManagerFactoryIntegrationTests" time="0.002"/>
  <testcase name="testJdbcTx1_2" classname="org.springframework.orm.jpa.eclipselink.EclipseLinkEntityManagerFactoryIntegrationTests" time="0.001"/>
  <testcase name="testJdbcTx1_3" classname="org.springframework.orm.jpa.eclipselink.EclipseLinkEntityManagerFactoryIntegrationTests" time="0.002"/>
  <testcase name="testCanSerializeProxies" classname="org.springframework.orm.jpa.eclipselink.EclipseLinkEntityManagerFactoryIntegrationTests" time="0.035"/>
  <testcase name="testQueryNoPersonsShared" classname="org.springframework.orm.jpa.eclipselink.EclipseLinkEntityManagerFactoryIntegrationTests" time="0.001"/>
  <testcase name="testQueryNoPersonsNotTransactional" classname="org.springframework.orm.jpa.eclipselink.EclipseLinkEntityManagerFactoryIntegrationTests" time="0.002"/>
  <testcase name="testEntityManagerProxyIsProxy" classname="org.springframework.orm.jpa.eclipselink.EclipseLinkEntityManagerFactoryIntegrationTests" time="0.001"/>
  <testcase name="testBogusQuery" classname="org.springframework.orm.jpa.eclipselink.EclipseLinkEntityManagerFactoryIntegrationTests" time="0.008"/>
  <testcase name="testLazyLoading" classname="org.springframework.orm.jpa.eclipselink.EclipseLinkEntityManagerFactoryIntegrationTests" time="0.005"/>
  <system-out><![CDATA[[EL Info]: 2016-11-10 15:41:47.246--ServerSession(2021939592)--EclipseLink, version: Eclipse Persistence Services - 2.6.4.v20160829-44060b6
[EL Warning]: metadata: 2016-11-10 15:41:47.247--ServerSession(2021939592)--Reverting the lazy setting on the OneToOne or ManyToOne attribute [driversLicense] for the entity class [class org.springframework.orm.jpa.domain.Person] since weaving was not enabled or did not occur.
[EL Info]: connection: 2016-11-10 15:41:47.248--ServerSession(2021939592)--/file:/E:/projects/git/spring-framework/spring-orm/build/classes/test/_Person login successful
[EL Fine]: sql: 2016-11-10 15:41:47.25--ServerSession(2021939592)--Connection(189392719)--SELECT * FROM SEQUENCE WHERE SEQ_NAME = 'SEQ_GEN'
[EL Fine]: sql: 2016-11-10 15:41:47.282--ServerSession(2021939592)--Connection(1102929026)--SELECT ID, FIRST_NAME, LAST_NAME, DRIVERS_LICENSE_ID FROM PERSON
[EL Fine]: sql: 2016-11-10 15:41:47.283--ServerSession(2021939592)--Connection(1858262695)--SELECT ID, FIRST_NAME, LAST_NAME, DRIVERS_LICENSE_ID FROM PERSON
[EL Fine]: sql: 2016-11-10 15:41:47.296--ClientSession(345995904)--Connection(7552043)--SELECT ID, FIRST_NAME, LAST_NAME, DRIVERS_LICENSE_ID FROM PERSON
[EL Fine]: sql: 2016-11-10 15:41:47.302--ClientSession(964459089)--Connection(590471853)--SELECT ID, FIRST_NAME, LAST_NAME, DRIVERS_LICENSE_ID FROM PERSON WHERE (ID = ?)
	bind => [1 parameter bound]
[EL Fine]: sql: 2016-11-10 15:41:47.304--ClientSession(426066634)--Connection(520440646)--UPDATE SEQUENCE SET SEQ_COUNT = SEQ_COUNT + ? WHERE SEQ_NAME = ?
	bind => [2 parameters bound]
[EL Fine]: sql: 2016-11-10 15:41:47.305--ClientSession(426066634)--Connection(520440646)--SELECT SEQ_COUNT FROM SEQUENCE WHERE SEQ_NAME = ?
	bind => [1 parameter bound]
[EL Fine]: sql: 2016-11-10 15:41:47.306--ClientSession(426066634)--Connection(520440646)--INSERT INTO PERSON (ID, FIRST_NAME, LAST_NAME, DRIVERS_LICENSE_ID) VALUES (?, ?, ?, ?)
	bind => [4 parameters bound]
[EL Fine]: sql: 2016-11-10 15:41:47.313--ServerSession(2021939592)--Connection(1505355155)--SELECT ID, FIRST_NAME, LAST_NAME, DRIVERS_LICENSE_ID FROM PERSON
[EL Fine]: sql: 2016-11-10 15:41:47.315--ServerSession(2021939592)--Connection(1127573493)--SELECT ID, FIRST_NAME, LAST_NAME, DRIVERS_LICENSE_ID FROM PERSON
[EL Fine]: sql: 2016-11-10 15:41:47.357--ClientSession(99448838)--Connection(812265234)--SELECT ID, FIRST_NAME, LAST_NAME, DRIVERS_LICENSE_ID FROM PERSON
[EL Fine]: sql: 2016-11-10 15:41:47.358--ClientSession(99448838)--Connection(812265234)--SELECT ID, FIRST_NAME, LAST_NAME, DRIVERS_LICENSE_ID FROM PERSON
[EL Fine]: sql: 2016-11-10 15:41:47.359--ServerSession(2021939592)--Connection(442493052)--SELECT ID, FIRST_NAME, LAST_NAME, DRIVERS_LICENSE_ID FROM PERSON
[EL Fine]: sql: 2016-11-10 15:41:47.36--ServerSession(2021939592)--Connection(892244606)--SELECT ID, FIRST_NAME, LAST_NAME, DRIVERS_LICENSE_ID FROM PERSON
[EL Fine]: sql: 2016-11-10 15:41:47.362--ClientSession(1086725682)--Connection(1506215974)--SELECT ID, FIRST_NAME, LAST_NAME, DRIVERS_LICENSE_ID FROM PERSON
[EL Fine]: sql: 2016-11-10 15:41:47.372--ClientSession(1603380693)--Connection(2138909239)--UPDATE SEQUENCE SET SEQ_COUNT = SEQ_COUNT + ? WHERE SEQ_NAME = ?
	bind => [2 parameters bound]
[EL Fine]: sql: 2016-11-10 15:41:47.372--ClientSession(1603380693)--Connection(2138909239)--SELECT SEQ_COUNT FROM SEQUENCE WHERE SEQ_NAME = ?
	bind => [1 parameter bound]
[EL Fine]: sql: 2016-11-10 15:41:47.373--ClientSession(1603380693)--Connection(2138909239)--INSERT INTO DRIVERS_LICENSE (ID, SERIAL_NUMBER) VALUES (?, ?)
	bind => [2 parameters bound]
[EL Fine]: sql: 2016-11-10 15:41:47.374--ClientSession(1603380693)--Connection(2138909239)--INSERT INTO PERSON (ID, FIRST_NAME, LAST_NAME, DRIVERS_LICENSE_ID) VALUES (?, ?, ?, ?)
	bind => [4 parameters bound]
[EL Info]: connection: 2016-11-10 15:41:47.377--ServerSession(2021939592)--/file:/E:/projects/git/spring-framework/spring-orm/build/classes/test/_Person logout successful
]]></system-out>
  <system-err><![CDATA[]]></system-err>
</testsuite>
