<?xml version="1.0" encoding="UTF-8"?>
<testsuite name="org.springframework.orm.jpa.DefaultJpaDialectTests" tests="3" skipped="0" failures="0" errors="0" timestamp="2016-11-10T07:41:46" hostname="XB-20161010YVDY" time="0.775">
  <properties/>
  <testcase name="testDefaultTransactionDefinition" classname="org.springframework.orm.jpa.DefaultJpaDialectTests" time="0.001"/>
  <testcase name="testDefaultBeginTransaction" classname="org.springframework.orm.jpa.DefaultJpaDialectTests" time="0.773"/>
  <testcase name="testTranslateException" classname="org.springframework.orm.jpa.DefaultJpaDialectTests" time="0.001"/>
  <system-out><![CDATA[]]></system-out>
  <system-err><![CDATA[]]></system-err>
</testsuite>
