<?xml version="1.0" encoding="UTF-8"?>
<testsuite name="org.springframework.orm.jpa.support.OpenEntityManagerInViewTests" tests="5" skipped="0" failures="0" errors="0" timestamp="2016-11-10T07:41:50" hostname="XB-20161010YVDY" time="0.238">
  <properties/>
  <testcase name="testOpenEntityManagerInViewInterceptorAsyncScenario" classname="org.springframework.orm.jpa.support.OpenEntityManagerInViewTests" time="0.055"/>
  <testcase name="testOpenEntityManagerInViewInterceptor" classname="org.springframework.orm.jpa.support.OpenEntityManagerInViewTests" time="0.001"/>
  <testcase name="testOpenEntityManagerInViewFilter" classname="org.springframework.orm.jpa.support.OpenEntityManagerInViewTests" time="0.055"/>
  <testcase name="testOpenEntityManagerInViewInterceptorAsyncTimeoutScenario" classname="org.springframework.orm.jpa.support.OpenEntityManagerInViewTests" time="0.003"/>
  <testcase name="testOpenEntityManagerInViewFilterAsyncScenario" classname="org.springframework.orm.jpa.support.OpenEntityManagerInViewTests" time="0.124"/>
  <system-out><![CDATA[]]></system-out>
  <system-err><![CDATA[]]></system-err>
</testsuite>
