<?xml version="1.0" encoding="UTF-8"?>
<testsuite name="org.springframework.beans.factory.config.FieldRetrievingFactoryBeanTests" tests="10" skipped="0" failures="0" errors="0" timestamp="2016-11-10T07:37:58" hostname="XB-20161010YVDY" time="0.008">
  <properties/>
  <testcase name="testNothingButBeanName" classname="org.springframework.beans.factory.config.FieldRetrievingFactoryBeanTests" time="0.001"/>
  <testcase name="testJustTargetObject" classname="org.springframework.beans.factory.config.FieldRetrievingFactoryBeanTests" time="0.0"/>
  <testcase name="testJustTargetClass" classname="org.springframework.beans.factory.config.FieldRetrievingFactoryBeanTests" time="0.0"/>
  <testcase name="testJustTargetField" classname="org.springframework.beans.factory.config.FieldRetrievingFactoryBeanTests" time="0.001"/>
  <testcase name="testWithConstantOnClassWithPackageLevelVisibility" classname="org.springframework.beans.factory.config.FieldRetrievingFactoryBeanTests" time="0.0"/>
  <testcase name="testStaticField" classname="org.springframework.beans.factory.config.FieldRetrievingFactoryBeanTests" time="0.0"/>
  <testcase name="testNonStaticField" classname="org.springframework.beans.factory.config.FieldRetrievingFactoryBeanTests" time="0.0"/>
  <testcase name="testStaticFieldViaClassAndFieldName" classname="org.springframework.beans.factory.config.FieldRetrievingFactoryBeanTests" time="0.0"/>
  <testcase name="testStaticFieldWithWhitespace" classname="org.springframework.beans.factory.config.FieldRetrievingFactoryBeanTests" time="0.0"/>
  <testcase name="testBeanNameSyntaxWithBeanFactory" classname="org.springframework.beans.factory.config.FieldRetrievingFactoryBeanTests" time="0.004"/>
  <system-out><![CDATA[]]></system-out>
  <system-err><![CDATA[]]></system-err>
</testsuite>
