<?xml version="1.0" encoding="UTF-8"?>
<testsuite name="org.springframework.beans.PropertyAccessorUtilsTests" tests="2" skipped="0" failures="0" errors="0" timestamp="2016-11-10T07:38:02" hostname="XB-20161010YVDY" time="0.0">
  <properties/>
  <testcase name="testCanonicalPropertyNames" classname="org.springframework.beans.PropertyAccessorUtilsTests" time="0.0"/>
  <testcase name="testCanonicalPropertyName" classname="org.springframework.beans.PropertyAccessorUtilsTests" time="0.0"/>
  <system-out><![CDATA[]]></system-out>
  <system-err><![CDATA[]]></system-err>
</testsuite>
