<?xml version="1.0" encoding="UTF-8"?>
<testsuite name="org.springframework.beans.factory.xml.DefaultLifecycleMethodsTests" tests="4" skipped="0" failures="0" errors="0" timestamp="2016-11-10T07:38:00" hostname="XB-20161010YVDY" time="0.036">
  <properties/>
  <testcase name="lifecycleMethodsDisabled" classname="org.springframework.beans.factory.xml.DefaultLifecycleMethodsTests" time="0.009"/>
  <testcase name="overrideDefaultLifecycleMethods" classname="org.springframework.beans.factory.xml.DefaultLifecycleMethodsTests" time="0.003"/>
  <testcase name="ignoreDefaultLifecycleMethods" classname="org.springframework.beans.factory.xml.DefaultLifecycleMethodsTests" time="0.018"/>
  <testcase name="lifecycleMethodsInvoked" classname="org.springframework.beans.factory.xml.DefaultLifecycleMethodsTests" time="0.004"/>
  <system-out><![CDATA[]]></system-out>
  <system-err><![CDATA[]]></system-err>
</testsuite>
