<?xml version="1.0" encoding="UTF-8"?>
<testsuite name="org.springframework.beans.BeanWrapperEnumTests" tests="14" skipped="0" failures="0" errors="0" timestamp="2016-11-10T07:37:55" hostname="XB-20161010YVDY" time="0.071">
  <properties/>
  <testcase name="testCustomEnumWithNull" classname="org.springframework.beans.BeanWrapperEnumTests" time="0.009"/>
  <testcase name="testStandardEnumMapWithAutoGrowing" classname="org.springframework.beans.BeanWrapperEnumTests" time="0.018"/>
  <testcase name="testCustomEnumArrayWithMultipleValues" classname="org.springframework.beans.BeanWrapperEnumTests" time="0.0"/>
  <testcase name="testCustomEnumSetWithSingleValue" classname="org.springframework.beans.BeanWrapperEnumTests" time="0.0"/>
  <testcase name="testStandardEnumSetWithAutoGrowing" classname="org.springframework.beans.BeanWrapperEnumTests" time="0.013"/>
  <testcase name="testStandardEnumMapWithMultipleValues" classname="org.springframework.beans.BeanWrapperEnumTests" time="0.025"/>
  <testcase name="testCustomEnumWithEmptyString" classname="org.springframework.beans.BeanWrapperEnumTests" time="0.0"/>
  <testcase name="testCustomEnumSetWithMultipleValuesAsCsv" classname="org.springframework.beans.BeanWrapperEnumTests" time="0.001"/>
  <testcase name="testCustomEnumSetWithGetterSetterMismatch" classname="org.springframework.beans.BeanWrapperEnumTests" time="0.001"/>
  <testcase name="testStandardEnumSetWithMultipleValues" classname="org.springframework.beans.BeanWrapperEnumTests" time="0.001"/>
  <testcase name="testCustomEnumArrayWithMultipleValuesAsCsv" classname="org.springframework.beans.BeanWrapperEnumTests" time="0.0"/>
  <testcase name="testCustomEnumArrayWithSingleValue" classname="org.springframework.beans.BeanWrapperEnumTests" time="0.0"/>
  <testcase name="testCustomEnumSetWithMultipleValues" classname="org.springframework.beans.BeanWrapperEnumTests" time="0.001"/>
  <testcase name="testCustomEnum" classname="org.springframework.beans.BeanWrapperEnumTests" time="0.0"/>
  <system-out><![CDATA[]]></system-out>
  <system-err><![CDATA[]]></system-err>
</testsuite>
