<?xml version="1.0" encoding="UTF-8"?>
<testsuite name="org.springframework.beans.factory.annotation.AutowiredAnnotationBeanPostProcessorTests" tests="83" skipped="1" failures="0" errors="0" timestamp="2016-11-10T07:37:56" hostname="XB-20161010YVDY" time="0.948">
  <properties/>
  <testcase name="testOptionalCollectionResourceInjection" classname="org.springframework.beans.factory.annotation.AutowiredAnnotationBeanPostProcessorTests" time="0.035"/>
  <testcase name="testObjectFactoryInjection" classname="org.springframework.beans.factory.annotation.AutowiredAnnotationBeanPostProcessorTests" time="0.008"/>
  <testcase name="testCustomAnnotationRequiredMethodResourceInjection" classname="org.springframework.beans.factory.annotation.AutowiredAnnotationBeanPostProcessorTests" time="0.004"/>
  <testcase name="testResourceInjection" classname="org.springframework.beans.factory.annotation.AutowiredAnnotationBeanPostProcessorTests" time="0.001"/>
  <testcase name="testGenericsBasedConstructorInjectionWithMixedTargetsIncludingNonGeneric" classname="org.springframework.beans.factory.annotation.AutowiredAnnotationBeanPostProcessorTests" time="0.02"/>
  <testcase name="testConstructorResourceInjectionWithMultipleCandidatesAndFallback" classname="org.springframework.beans.factory.annotation.AutowiredAnnotationBeanPostProcessorTests" time="0.004"/>
  <testcase name="testSingleConstructorWithProvidedArgument" classname="org.springframework.beans.factory.annotation.AutowiredAnnotationBeanPostProcessorTests" time="0.003"/>
  <testcase name="testGenericsBasedFieldInjection" classname="org.springframework.beans.factory.annotation.AutowiredAnnotationBeanPostProcessorTests" time="0.006"/>
  <testcase name="testExtendedResourceInjection" classname="org.springframework.beans.factory.annotation.AutowiredAnnotationBeanPostProcessorTests" time="0.014"/>
  <testcase name="testCustomAnnotationRequiredMethodResourceInjectionFailsWhenMultipleDependenciesFound" classname="org.springframework.beans.factory.annotation.AutowiredAnnotationBeanPostProcessorTests" time="0.002"/>
  <testcase name="testMethodInjectionWithMapAndNoMatches" classname="org.springframework.beans.factory.annotation.AutowiredAnnotationBeanPostProcessorTests" time="0.002"/>
  <testcase name="testSmartObjectFactoryInjectionWithPrototype" classname="org.springframework.beans.factory.annotation.AutowiredAnnotationBeanPostProcessorTests" time="0.004"/>
  <testcase name="testCustomAnnotationRequiredFieldResourceInjectionFailsWhenMultipleDependenciesFound" classname="org.springframework.beans.factory.annotation.AutowiredAnnotationBeanPostProcessorTests" time="0.011"/>
  <testcase name="testCustomAnnotationOptionalMethodResourceInjection" classname="org.springframework.beans.factory.annotation.AutowiredAnnotationBeanPostProcessorTests" time="0.009"/>
  <testcase name="testGenericsBasedFieldInjectionWithSimpleMatch" classname="org.springframework.beans.factory.annotation.AutowiredAnnotationBeanPostProcessorTests" time="0.014"/>
  <testcase name="testExtendedResourceInjectionWithOverriding" classname="org.springframework.beans.factory.annotation.AutowiredAnnotationBeanPostProcessorTests" time="0.006"/>
  <testcase name="testMethodInjectionWithMapAndMultipleMatches" classname="org.springframework.beans.factory.annotation.AutowiredAnnotationBeanPostProcessorTests" time="0.001"/>
  <testcase name="testExtendedResourceInjectionWithDefaultMethod" classname="org.springframework.beans.factory.annotation.AutowiredAnnotationBeanPostProcessorTests" time="0.017"/>
  <testcase name="testSmartObjectFactoryInjectionWithTargetNotUnique" classname="org.springframework.beans.factory.annotation.AutowiredAnnotationBeanPostProcessorTests" time="0.002"/>
  <testcase name="testCustomAnnotationRequiredMethodResourceInjectionFailsWhenNoDependencyFound" classname="org.springframework.beans.factory.annotation.AutowiredAnnotationBeanPostProcessorTests" time="0.001"/>
  <testcase name="testConstructorResourceInjectionWithMultipleOrderedCandidates" classname="org.springframework.beans.factory.annotation.AutowiredAnnotationBeanPostProcessorTests" time="0.006"/>
  <testcase name="testGenericsBasedConstructorInjectionWithNonTypedTarget" classname="org.springframework.beans.factory.annotation.AutowiredAnnotationBeanPostProcessorTests" time="0.003"/>
  <testcase name="testBeanAutowiredWithFactoryBean" classname="org.springframework.beans.factory.annotation.AutowiredAnnotationBeanPostProcessorTests" time="0.002"/>
  <testcase name="testExtendedResourceInjectionWithAtRequired" classname="org.springframework.beans.factory.annotation.AutowiredAnnotationBeanPostProcessorTests" time="0.004"/>
  <testcase name="testExtendedResourceInjectionWithSkippedOverriddenMethods" classname="org.springframework.beans.factory.annotation.AutowiredAnnotationBeanPostProcessorTests" time="0.003"/>
  <testcase name="testCircularTypeReference" classname="org.springframework.beans.factory.annotation.AutowiredAnnotationBeanPostProcessorTests" time="0.006"/>
  <testcase name="testCustomAnnotationOptionalMethodResourceInjectionWhenNoDependencyFound" classname="org.springframework.beans.factory.annotation.AutowiredAnnotationBeanPostProcessorTests" time="0.002"/>
  <testcase name="testGenericsBasedFactoryBeanInjectionWithSingletonBean" classname="org.springframework.beans.factory.annotation.AutowiredAnnotationBeanPostProcessorTests" time="0.002"/>
  <testcase name="testConstructorInjectionWithPlainSetAsBean" classname="org.springframework.beans.factory.annotation.AutowiredAnnotationBeanPostProcessorTests" time="0.011"/>
  <testcase name="testGenericsBasedFieldInjectionWithSimpleMatchAndMock" classname="org.springframework.beans.factory.annotation.AutowiredAnnotationBeanPostProcessorTests" time="0.012"/>
  <testcase name="testGenericsBasedMethodInjectionWithSubstitutedVariables" classname="org.springframework.beans.factory.annotation.AutowiredAnnotationBeanPostProcessorTests" time="0.01"/>
  <testcase name="testOrderedResourceInjection" classname="org.springframework.beans.factory.annotation.AutowiredAnnotationBeanPostProcessorTests" time="0.004"/>
  <testcase name="testGenericsBasedInjectionIntoTypeVariableSelectingBestMatch" classname="org.springframework.beans.factory.annotation.AutowiredAnnotationBeanPostProcessorTests" time="0.007"/>
  <testcase name="testCustomAnnotationRequiredFieldResourceInjectionFailsWhenNoDependencyFound" classname="org.springframework.beans.factory.annotation.AutowiredAnnotationBeanPostProcessorTests" time="0.001"/>
  <testcase name="testConstructorResourceInjectionWithMultipleCandidates" classname="org.springframework.beans.factory.annotation.AutowiredAnnotationBeanPostProcessorTests" time="0.001"/>
  <testcase name="testGenericsBasedFactoryBeanInjectionWithBeanDefinition" classname="org.springframework.beans.factory.annotation.AutowiredAnnotationBeanPostProcessorTests" time="0.004"/>
  <testcase name="testGenericsBasedFieldInjectionWithQualifiers" classname="org.springframework.beans.factory.annotation.AutowiredAnnotationBeanPostProcessorTests" time="0.009"/>
  <testcase name="testConstructorInjectionWithPlainMapAsBean" classname="org.springframework.beans.factory.annotation.AutowiredAnnotationBeanPostProcessorTests" time="0.012"/>
  <testcase name="testCustomAnnotationOptionalMethodResourceInjectionWhenMultipleDependenciesFound" classname="org.springframework.beans.factory.annotation.AutowiredAnnotationBeanPostProcessorTests" time="0.012"/>
  <testcase name="testCustomAnnotationOptionalFieldResourceInjectionWhenMultipleDependenciesFound" classname="org.springframework.beans.factory.annotation.AutowiredAnnotationBeanPostProcessorTests" time="0.008"/>
  <testcase name="testSelfReference" classname="org.springframework.beans.factory.annotation.AutowiredAnnotationBeanPostProcessorTests" time="0.002"/>
  <testcase name="testCustomAnnotationRequiredFieldResourceInjection" classname="org.springframework.beans.factory.annotation.AutowiredAnnotationBeanPostProcessorTests" time="0.001"/>
  <testcase name="testOptionalResourceInjection" classname="org.springframework.beans.factory.annotation.AutowiredAnnotationBeanPostProcessorTests" time="0.001"/>
  <testcase name="testAnnotationOrderedCollectionResourceInjection" classname="org.springframework.beans.factory.annotation.AutowiredAnnotationBeanPostProcessorTests" time="0.001"/>
  <testcase name="testCustomAnnotationOptionalFieldResourceInjectionWhenNoDependencyFound" classname="org.springframework.beans.factory.annotation.AutowiredAnnotationBeanPostProcessorTests" time="0.0"/>
  <testcase name="testObjectFactoryInjectionIntoPrototypeBean" classname="org.springframework.beans.factory.annotation.AutowiredAnnotationBeanPostProcessorTests" time="0.002"/>
  <testcase name="testObjectFactorySerialization" classname="org.springframework.beans.factory.annotation.AutowiredAnnotationBeanPostProcessorTests" time="0.013"/>
  <testcase name="testConstructorInjectionWithTypedSetAsBean" classname="org.springframework.beans.factory.annotation.AutowiredAnnotationBeanPostProcessorTests" time="0.002"/>
  <testcase name="testBridgeMethodHandling" classname="org.springframework.beans.factory.annotation.AutowiredAnnotationBeanPostProcessorTests" time="0.01"/>
  <testcase name="testObjectFactoryQualifierProviderInjection" classname="org.springframework.beans.factory.annotation.AutowiredAnnotationBeanPostProcessorTests" time="0.004"/>
  <testcase name="testMethodInjectionWithMapAndMultipleMatchesButOnlyOneAutowireCandidate" classname="org.springframework.beans.factory.annotation.AutowiredAnnotationBeanPostProcessorTests" time="0.002"/>
  <testcase name="testGenericsBasedConstructorInjection" classname="org.springframework.beans.factory.annotation.AutowiredAnnotationBeanPostProcessorTests" time="0.003"/>
  <testcase name="testGenericsBasedConstructorInjectionWithNonGenericTarget" classname="org.springframework.beans.factory.annotation.AutowiredAnnotationBeanPostProcessorTests" time="0.002"/>
  <testcase name="testIncompleteBeanDefinition" classname="org.springframework.beans.factory.annotation.AutowiredAnnotationBeanPostProcessorTests" time="0.0"/>
  <testcase name="testConstructorInjectionWithTypedMapAsBean" classname="org.springframework.beans.factory.annotation.AutowiredAnnotationBeanPostProcessorTests" time="0.003"/>
  <testcase name="testGenericsBasedInjectionWithBeanDefinitionTargetResolvableType" classname="org.springframework.beans.factory.annotation.AutowiredAnnotationBeanPostProcessorTests" time="0.008"/>
  <testcase name="testSmartObjectFactoryInjectionWithTargetNotAvailable" classname="org.springframework.beans.factory.annotation.AutowiredAnnotationBeanPostProcessorTests" time="0.0"/>
  <testcase name="testGenericsBasedConstructorInjectionWithMixedTargets" classname="org.springframework.beans.factory.annotation.AutowiredAnnotationBeanPostProcessorTests" time="0.005"/>
  <testcase name="testConstructorResourceInjectionWithNull" classname="org.springframework.beans.factory.annotation.AutowiredAnnotationBeanPostProcessorTests" time="0.01"/>
  <testcase name="testObjectFactoryQualifierInjection" classname="org.springframework.beans.factory.annotation.AutowiredAnnotationBeanPostProcessorTests" time="0.005"/>
  <testcase name="testGenericsBasedInjectionIntoUnresolvedTypeVariable" classname="org.springframework.beans.factory.annotation.AutowiredAnnotationBeanPostProcessorTests" time="0.002"/>
  <testcase name="testGenericsBasedFieldInjectionWithSubstitutedVariables" classname="org.springframework.beans.factory.annotation.AutowiredAnnotationBeanPostProcessorTests" time="0.01"/>
  <testcase name="testSmartObjectFactoryInjectionWithSingletonTarget" classname="org.springframework.beans.factory.annotation.AutowiredAnnotationBeanPostProcessorTests" time="0.003"/>
  <testcase name="testGenericsBasedFieldInjectionWithMocks" classname="org.springframework.beans.factory.annotation.AutowiredAnnotationBeanPostProcessorTests" time="0.015"/>
  <testcase name="testConstructorInjectionWithMap" classname="org.springframework.beans.factory.annotation.AutowiredAnnotationBeanPostProcessorTests" time="0.001"/>
  <testcase name="testConstructorResourceInjectionWithNoCandidatesAndNoFallback" classname="org.springframework.beans.factory.annotation.AutowiredAnnotationBeanPostProcessorTests" time="0.009"/>
  <testcase name="testOrderedCollectionResourceInjection" classname="org.springframework.beans.factory.annotation.AutowiredAnnotationBeanPostProcessorTests" time="0.003"/>
  <testcase name="testOptionalCollectionResourceInjectionWithSingleElement" classname="org.springframework.beans.factory.annotation.AutowiredAnnotationBeanPostProcessorTests" time="0.001"/>
  <testcase name="testCustomAnnotationOptionalFieldResourceInjection" classname="org.springframework.beans.factory.annotation.AutowiredAnnotationBeanPostProcessorTests" time="0.001"/>
  <testcase name="testMethodInjectionWithMap" classname="org.springframework.beans.factory.annotation.AutowiredAnnotationBeanPostProcessorTests" time="0.001"/>
  <testcase name="testConstructorResourceInjection" classname="org.springframework.beans.factory.annotation.AutowiredAnnotationBeanPostProcessorTests" time="0.001"/>
  <testcase name="testConstructorResourceInjectionWithMultipleCandidatesAndDefaultFallback" classname="org.springframework.beans.factory.annotation.AutowiredAnnotationBeanPostProcessorTests" time="0.0"/>
  <testcase name="testGenericsBasedMethodInjection" classname="org.springframework.beans.factory.annotation.AutowiredAnnotationBeanPostProcessorTests" time="0.006"/>
  <testcase name="testGenericsBasedInjectionIntoMatchingTypeVariable" classname="org.springframework.beans.factory.annotation.AutowiredAnnotationBeanPostProcessorTests" time="0.001"/>
  <testcase name="testSmartObjectFactoryInjectionWithTargetPrimary" classname="org.springframework.beans.factory.annotation.AutowiredAnnotationBeanPostProcessorTests" time="0.003"/>
  <testcase name="testConstructorResourceInjectionWithMultipleCandidatesAsOrderedCollection" classname="org.springframework.beans.factory.annotation.AutowiredAnnotationBeanPostProcessorTests" time="0.003"/>
  <testcase name="testGenericsBasedFieldInjectionWithSimpleMatchAndMockito" classname="org.springframework.beans.factory.annotation.AutowiredAnnotationBeanPostProcessorTests" time="0.514"/>
  <testcase name="testOptionalResourceInjectionWithIncompleteDependencies" classname="org.springframework.beans.factory.annotation.AutowiredAnnotationBeanPostProcessorTests" time="0.001"/>
  <testcase name="testFieldInjectionWithMap" classname="org.springframework.beans.factory.annotation.AutowiredAnnotationBeanPostProcessorTests" time="0.002"/>
  <testcase name="testConstructorResourceInjectionWithMultipleCandidatesAsCollection" classname="org.springframework.beans.factory.annotation.AutowiredAnnotationBeanPostProcessorTests" time="0.001"/>
  <testcase name="testGenericsBasedInjectionIntoTypeVariableSelectingBestMatchAgainstFactoryMethodSignature" classname="org.springframework.beans.factory.annotation.AutowiredAnnotationBeanPostProcessorTests" time="0.0">
    <skipped/>
  </testcase>
  <testcase name="testAnnotationOrderedResourceInjection" classname="org.springframework.beans.factory.annotation.AutowiredAnnotationBeanPostProcessorTests" time="0.002"/>
  <testcase name="testOptionalResourceInjectionWithNoDependencies" classname="org.springframework.beans.factory.annotation.AutowiredAnnotationBeanPostProcessorTests" time="0.0"/>
  <system-out><![CDATA[15:37:57.319 [Test worker] WARN  org.springframework.beans.factory.annotation.AutowiredAnnotationBeanPostProcessor - Inconsistent constructor declaration on bean with name 'annotatedBean': single autowire-marked constructor flagged as optional - this constructor is effectively required since there is no default constructor to fall back to: public org.springframework.beans.factory.annotation.AutowiredAnnotationBeanPostProcessorTests$ConstructorWithoutFallbackBean(org.springframework.tests.sample.beans.ITestBean)
]]></system-out>
  <system-err><![CDATA[org.springframework.beans.factory.UnsatisfiedDependencyException: Error creating bean with name 'customBean': Unsatisfied dependency expressed through field 'testBean'; nested exception is org.springframework.beans.factory.NoUniqueBeanDefinitionException: No qualifying bean of type 'org.springframework.tests.sample.beans.TestBean' available: expected single matching bean but found 2: testBean1,testBean2
	at org.springframework.beans.factory.annotation.AutowiredAnnotationBeanPostProcessor$AutowiredFieldElement.inject(AutowiredAnnotationBeanPostProcessor.java:577)
	at org.springframework.beans.factory.annotation.InjectionMetadata.inject(InjectionMetadata.java:88)
	at org.springframework.beans.factory.annotation.AutowiredAnnotationBeanPostProcessor.postProcessPropertyValues(AutowiredAnnotationBeanPostProcessor.java:362)
	at org.springframework.beans.factory.support.AbstractAutowireCapableBeanFactory.populateBean(AbstractAutowireCapableBeanFactory.java:1231)
	at org.springframework.beans.factory.support.AbstractAutowireCapableBeanFactory.doCreateBean(AbstractAutowireCapableBeanFactory.java:564)
	at org.springframework.beans.factory.support.AbstractAutowireCapableBeanFactory.createBean(AbstractAutowireCapableBeanFactory.java:482)
	at org.springframework.beans.factory.support.AbstractBeanFactory$1.getObject(AbstractBeanFactory.java:304)
	at org.springframework.beans.factory.support.DefaultSingletonBeanRegistry.getSingleton(DefaultSingletonBeanRegistry.java:230)
	at org.springframework.beans.factory.support.AbstractBeanFactory.doGetBean(AbstractBeanFactory.java:300)
	at org.springframework.beans.factory.support.AbstractBeanFactory.getBean(AbstractBeanFactory.java:195)
	at org.springframework.beans.factory.annotation.AutowiredAnnotationBeanPostProcessorTests.testCustomAnnotationRequiredFieldResourceInjectionFailsWhenMultipleDependenciesFound(AutowiredAnnotationBeanPostProcessorTests.java:1244)
	at sun.reflect.NativeMethodAccessorImpl.invoke0(Native Method)
	at sun.reflect.NativeMethodAccessorImpl.invoke(NativeMethodAccessorImpl.java:62)
	at sun.reflect.DelegatingMethodAccessorImpl.invoke(DelegatingMethodAccessorImpl.java:43)
	at java.lang.reflect.Method.invoke(Method.java:498)
	at org.junit.runners.model.FrameworkMethod$1.runReflectiveCall(FrameworkMethod.java:50)
	at org.junit.internal.runners.model.ReflectiveCallable.run(ReflectiveCallable.java:12)
	at org.junit.runners.model.FrameworkMethod.invokeExplosively(FrameworkMethod.java:47)
	at org.junit.internal.runners.statements.InvokeMethod.evaluate(InvokeMethod.java:17)
	at org.junit.runners.ParentRunner.runLeaf(ParentRunner.java:325)
	at org.junit.runners.BlockJUnit4ClassRunner.runChild(BlockJUnit4ClassRunner.java:78)
	at org.junit.runners.BlockJUnit4ClassRunner.runChild(BlockJUnit4ClassRunner.java:57)
	at org.junit.runners.ParentRunner$3.run(ParentRunner.java:290)
	at org.junit.runners.ParentRunner$1.schedule(ParentRunner.java:71)
	at org.junit.runners.ParentRunner.runChildren(ParentRunner.java:288)
	at org.junit.runners.ParentRunner.access$000(ParentRunner.java:58)
	at org.junit.runners.ParentRunner$2.evaluate(ParentRunner.java:268)
	at org.junit.runners.ParentRunner.run(ParentRunner.java:363)
	at org.gradle.api.internal.tasks.testing.junit.JUnitTestClassExecuter.runTestClass(JUnitTestClassExecuter.java:114)
	at org.gradle.api.internal.tasks.testing.junit.JUnitTestClassExecuter.execute(JUnitTestClassExecuter.java:57)
	at org.gradle.api.internal.tasks.testing.junit.JUnitTestClassProcessor.processTestClass(JUnitTestClassProcessor.java:66)
	at org.gradle.api.internal.tasks.testing.SuiteTestClassProcessor.processTestClass(SuiteTestClassProcessor.java:51)
	at sun.reflect.NativeMethodAccessorImpl.invoke0(Native Method)
	at sun.reflect.NativeMethodAccessorImpl.invoke(NativeMethodAccessorImpl.java:62)
	at sun.reflect.DelegatingMethodAccessorImpl.invoke(DelegatingMethodAccessorImpl.java:43)
	at java.lang.reflect.Method.invoke(Method.java:498)
	at org.gradle.internal.dispatch.ReflectionDispatch.dispatch(ReflectionDispatch.java:35)
	at org.gradle.internal.dispatch.ReflectionDispatch.dispatch(ReflectionDispatch.java:24)
	at org.gradle.internal.dispatch.ContextClassLoaderDispatch.dispatch(ContextClassLoaderDispatch.java:32)
	at org.gradle.internal.dispatch.ProxyDispatchAdapter$DispatchingInvocationHandler.invoke(ProxyDispatchAdapter.java:93)
	at com.sun.proxy.$Proxy2.processTestClass(Unknown Source)
	at org.gradle.api.internal.tasks.testing.worker.TestWorker.processTestClass(TestWorker.java:109)
	at sun.reflect.NativeMethodAccessorImpl.invoke0(Native Method)
	at sun.reflect.NativeMethodAccessorImpl.invoke(NativeMethodAccessorImpl.java:62)
	at sun.reflect.DelegatingMethodAccessorImpl.invoke(DelegatingMethodAccessorImpl.java:43)
	at java.lang.reflect.Method.invoke(Method.java:498)
	at org.gradle.internal.dispatch.ReflectionDispatch.dispatch(ReflectionDispatch.java:35)
	at org.gradle.internal.dispatch.ReflectionDispatch.dispatch(ReflectionDispatch.java:24)
	at org.gradle.internal.remote.internal.hub.MessageHub$Handler.run(MessageHub.java:377)
	at org.gradle.internal.concurrent.ExecutorPolicy$CatchAndRecordFailures.onExecute(ExecutorPolicy.java:54)
	at org.gradle.internal.concurrent.StoppableExecutorImpl$1.run(StoppableExecutorImpl.java:40)
	at java.util.concurrent.ThreadPoolExecutor.runWorker(ThreadPoolExecutor.java:1142)
	at java.util.concurrent.ThreadPoolExecutor$Worker.run(ThreadPoolExecutor.java:617)
	at java.lang.Thread.run(Thread.java:745)
Caused by: org.springframework.beans.factory.NoUniqueBeanDefinitionException: No qualifying bean of type 'org.springframework.tests.sample.beans.TestBean' available: expected single matching bean but found 2: testBean1,testBean2
	at org.springframework.beans.factory.config.DependencyDescriptor.resolveNotUnique(DependencyDescriptor.java:172)
	at org.springframework.beans.factory.support.DefaultListableBeanFactory.doResolveDependency(DefaultListableBeanFactory.java:1099)
	at org.springframework.beans.factory.support.DefaultListableBeanFactory.resolveDependency(DefaultListableBeanFactory.java:1049)
	at org.springframework.beans.factory.annotation.AutowiredAnnotationBeanPostProcessor$AutowiredFieldElement.inject(AutowiredAnnotationBeanPostProcessor.java:574)
	... 53 more
]]></system-err>
</testsuite>
