<?xml version="1.0" encoding="UTF-8"?>
<testsuite name="org.springframework.beans.propertyeditors.StringArrayPropertyEditorTests" tests="7" skipped="0" failures="0" errors="0" timestamp="2016-11-10T07:38:02" hostname="XB-20161010YVDY" time="0.0">
  <properties/>
  <testcase name="trimByDefault" classname="org.springframework.beans.propertyeditors.StringArrayPropertyEditorTests" time="0.0"/>
  <testcase name="noTrim" classname="org.springframework.beans.propertyeditors.StringArrayPropertyEditorTests" time="0.0"/>
  <testcase name="withEmptyArrayAsNull" classname="org.springframework.beans.propertyeditors.StringArrayPropertyEditorTests" time="0.0"/>
  <testcase name="withEmptyArray" classname="org.springframework.beans.propertyeditors.StringArrayPropertyEditorTests" time="0.0"/>
  <testcase name="withCustomSeparator" classname="org.springframework.beans.propertyeditors.StringArrayPropertyEditorTests" time="0.0"/>
  <testcase name="withCharsToDelete" classname="org.springframework.beans.propertyeditors.StringArrayPropertyEditorTests" time="0.0"/>
  <testcase name="withDefaultSeparator" classname="org.springframework.beans.propertyeditors.StringArrayPropertyEditorTests" time="0.0"/>
  <system-out><![CDATA[]]></system-out>
  <system-err><![CDATA[]]></system-err>
</testsuite>
