<?xml version="1.0" encoding="UTF-8"?>
<testsuite name="org.springframework.beans.factory.config.PropertyResourceConfigurerTests" tests="31" skipped="0" failures="0" errors="0" timestamp="2016-11-10T07:37:59" hostname="XB-20161010YVDY" time="0.026">
  <properties/>
  <testcase name="testPropertyOverrideConfigurerWithPropertiesFile" classname="org.springframework.beans.factory.config.PropertyResourceConfigurerTests" time="0.002"/>
  <testcase name="testPropertyPlaceholderConfigurerWithEmptyStringInPlaceholderAsNull" classname="org.springframework.beans.factory.config.PropertyResourceConfigurerTests" time="0.0"/>
  <testcase name="testPropertyPlaceholderConfigurerWithCircularReference" classname="org.springframework.beans.factory.config.PropertyResourceConfigurerTests" time="0.001"/>
  <testcase name="testPropertyPlaceholderConfigurerWithDefaultProperties" classname="org.springframework.beans.factory.config.PropertyResourceConfigurerTests" time="0.0"/>
  <testcase name="testPropertyOverrideConfigurerWithHeldProperties" classname="org.springframework.beans.factory.config.PropertyResourceConfigurerTests" time="0.002"/>
  <testcase name="testPropertyOverrideConfigurerWithNestedMapPropertyAndDotInMapKey" classname="org.springframework.beans.factory.config.PropertyResourceConfigurerTests" time="0.001"/>
  <testcase name="testPropertyPlaceholderConfigurerWithUnresolvableSystemProperty" classname="org.springframework.beans.factory.config.PropertyResourceConfigurerTests" time="0.0"/>
  <testcase name="testPropertyPlaceholderConfigurerWithOverridingSystemProperty" classname="org.springframework.beans.factory.config.PropertyResourceConfigurerTests" time="0.001"/>
  <testcase name="testPropertyPlaceholderConfigurerWithIgnoreUnresolvablePlaceholder" classname="org.springframework.beans.factory.config.PropertyResourceConfigurerTests" time="0.0"/>
  <testcase name="testPropertyPlaceholderConfigurerWithSystemPropertyNotUsed" classname="org.springframework.beans.factory.config.PropertyResourceConfigurerTests" time="0.0"/>
  <testcase name="testPropertyPlaceholderConfigurerWithInlineDefault" classname="org.springframework.beans.factory.config.PropertyResourceConfigurerTests" time="0.0"/>
  <testcase name="testPropertyPlaceholderConfigurerWithEmptyStringAsNull" classname="org.springframework.beans.factory.config.PropertyResourceConfigurerTests" time="0.0"/>
  <testcase name="testPropertyOverrideConfigurerWithIgnoreInvalidKeys" classname="org.springframework.beans.factory.config.PropertyResourceConfigurerTests" time="0.0"/>
  <testcase name="testPropertyOverrideConfigurerWithPropertiesXmlFile" classname="org.springframework.beans.factory.config.PropertyResourceConfigurerTests" time="0.002"/>
  <testcase name="testPreferencesPlaceholderConfigurerWithCustomTreePaths" classname="org.springframework.beans.factory.config.PropertyResourceConfigurerTests" time="0.003"/>
  <testcase name="testPreferencesPlaceholderConfigurer" classname="org.springframework.beans.factory.config.PropertyResourceConfigurerTests" time="0.001"/>
  <testcase name="testPropertyPlaceholderConfigurerWithParentChildSeparation" classname="org.springframework.beans.factory.config.PropertyResourceConfigurerTests" time="0.003"/>
  <testcase name="testPropertyOverrideConfigurerWithNestedPropertyAndDotInBeanName" classname="org.springframework.beans.factory.config.PropertyResourceConfigurerTests" time="0.0"/>
  <testcase name="testPropertyPlaceholderConfigurerWithAliases" classname="org.springframework.beans.factory.config.PropertyResourceConfigurerTests" time="0.001"/>
  <testcase name="testPropertyPlaceholderConfigurerWithUnresolvablePlaceholder" classname="org.springframework.beans.factory.config.PropertyResourceConfigurerTests" time="0.0"/>
  <testcase name="testPropertyOverrideConfigurerWithConvertProperties" classname="org.springframework.beans.factory.config.PropertyResourceConfigurerTests" time="0.001"/>
  <testcase name="testPropertyPlaceholderConfigurerWithSelfReferencingPlaceholderInAlias" classname="org.springframework.beans.factory.config.PropertyResourceConfigurerTests" time="0.0"/>
  <testcase name="testPropertyOverrideConfigurerWithInvalidKey" classname="org.springframework.beans.factory.config.PropertyResourceConfigurerTests" time="0.0"/>
  <testcase name="testPreferencesPlaceholderConfigurerWithPathInPlaceholder" classname="org.springframework.beans.factory.config.PropertyResourceConfigurerTests" time="0.001"/>
  <testcase name="testPropertyOverrideConfigurerWithNestedProperty" classname="org.springframework.beans.factory.config.PropertyResourceConfigurerTests" time="0.0"/>
  <testcase name="testPropertyPlaceholderConfigurer" classname="org.springframework.beans.factory.config.PropertyResourceConfigurerTests" time="0.001"/>
  <testcase name="testPropertyPlaceholderConfigurerWithPlaceholderInAlias" classname="org.springframework.beans.factory.config.PropertyResourceConfigurerTests" time="0.0"/>
  <testcase name="testPropertyPlaceholderConfigurerWithNestedPlaceholderInKey" classname="org.springframework.beans.factory.config.PropertyResourceConfigurerTests" time="0.0"/>
  <testcase name="testPropertyOverrideConfigurer" classname="org.springframework.beans.factory.config.PropertyResourceConfigurerTests" time="0.0"/>
  <testcase name="testPropertyPlaceholderConfigurerWithSystemPropertyFallback" classname="org.springframework.beans.factory.config.PropertyResourceConfigurerTests" time="0.001"/>
  <testcase name="testPropertyOverrideConfigurerWithInvalidPropertiesFile" classname="org.springframework.beans.factory.config.PropertyResourceConfigurerTests" time="0.001"/>
  <system-out><![CDATA[15:37:59.025 [Test worker] WARN  org.springframework.beans.factory.config.PropertyOverrideConfigurer - Could not load properties from class path resource [org/springframework/beans/factory/config/PropertyResourceConfigurerTests-xtest.properties]: class path resource [org/springframework/beans/factory/config/PropertyResourceConfigurerTests-xtest.properties] cannot be opened because it does not exist
]]></system-out>
  <system-err><![CDATA[]]></system-err>
</testsuite>
