<?xml version="1.0" encoding="UTF-8"?>
<testsuite name="org.springframework.beans.factory.xml.SchemaValidationTests" tests="3" skipped="0" failures="0" errors="0" timestamp="2016-11-10T07:38:01" hostname="XB-20161010YVDY" time="0.057">
  <properties/>
  <testcase name="withAutodetection" classname="org.springframework.beans.factory.xml.SchemaValidationTests" time="0.039"/>
  <testcase name="loadDefinitions" classname="org.springframework.beans.factory.xml.SchemaValidationTests" time="0.012"/>
  <testcase name="withExplicitValidationMode" classname="org.springframework.beans.factory.xml.SchemaValidationTests" time="0.006"/>
  <system-out><![CDATA[]]></system-out>
  <system-err><![CDATA[]]></system-err>
</testsuite>
