<?xml version="1.0" encoding="UTF-8"?>
<testsuite name="org.springframework.beans.propertyeditors.FileEditorTests" tests="6" skipped="0" failures="0" errors="0" timestamp="2016-11-10T07:38:02" hostname="XB-20161010YVDY" time="0.009">
  <properties/>
  <testcase name="testAbsoluteFileName" classname="org.springframework.beans.propertyeditors.FileEditorTests" time="0.003"/>
  <testcase name="testUnqualifiedFileNameFound" classname="org.springframework.beans.propertyeditors.FileEditorTests" time="0.001"/>
  <testcase name="testClasspathFileName" classname="org.springframework.beans.propertyeditors.FileEditorTests" time="0.0"/>
  <testcase name="testWithNonExistentResource" classname="org.springframework.beans.propertyeditors.FileEditorTests" time="0.001"/>
  <testcase name="testUnqualifiedFileNameNotFound" classname="org.springframework.beans.propertyeditors.FileEditorTests" time="0.003"/>
  <testcase name="testWithNonExistentFile" classname="org.springframework.beans.propertyeditors.FileEditorTests" time="0.001"/>
  <system-out><![CDATA[]]></system-out>
  <system-err><![CDATA[]]></system-err>
</testsuite>
