<?xml version="1.0" encoding="UTF-8"?>
<testsuite name="org.springframework.beans.factory.xml.NestedBeansElementAttributeRecursionTests" tests="4" skipped="0" failures="0" errors="0" timestamp="2016-11-10T07:38:00" hostname="XB-20161010YVDY" time="0.039">
  <properties/>
  <testcase name="defaultMerge" classname="org.springframework.beans.factory.xml.NestedBeansElementAttributeRecursionTests" time="0.01"/>
  <testcase name="initMethod" classname="org.springframework.beans.factory.xml.NestedBeansElementAttributeRecursionTests" time="0.009"/>
  <testcase name="defaultLazyInit" classname="org.springframework.beans.factory.xml.NestedBeansElementAttributeRecursionTests" time="0.008"/>
  <testcase name="defaultAutowireCandidates" classname="org.springframework.beans.factory.xml.NestedBeansElementAttributeRecursionTests" time="0.012"/>
  <system-out><![CDATA[]]></system-out>
  <system-err><![CDATA[]]></system-err>
</testsuite>
