<?xml version="1.0" encoding="UTF-8"?>
<testsuite name="org.springframework.beans.factory.support.BeanFactoryGenericsTests" tests="41" skipped="1" failures="0" errors="0" timestamp="2016-11-10T07:37:59" hostname="XB-20161010YVDY" time="0.107">
  <properties/>
  <testcase name="testGenericListProperty" classname="org.springframework.beans.factory.support.BeanFactoryGenericsTests" time="0.002"/>
  <testcase name="testGenericSetFactoryMethod" classname="org.springframework.beans.factory.support.BeanFactoryGenericsTests" time="0.002"/>
  <testcase name="testGenericMapWithKeyTypeConstructor" classname="org.springframework.beans.factory.support.BeanFactoryGenericsTests" time="0.002"/>
  <testcase name="testGenericMapMapConstructorWithSameRefAndNoConversion" classname="org.springframework.beans.factory.support.BeanFactoryGenericsTests" time="0.001"/>
  <testcase name="testGenericSetMapFactoryMethod" classname="org.springframework.beans.factory.support.BeanFactoryGenericsTests" time="0.0"/>
  <testcase name="testGenericMapMapConstructor" classname="org.springframework.beans.factory.support.BeanFactoryGenericsTests" time="0.001"/>
  <testcase name="testGenericMapResourceFactoryMethod" classname="org.springframework.beans.factory.support.BeanFactoryGenericsTests" time="0.002"/>
  <testcase name="parameterizedInstanceFactoryMethod" classname="org.springframework.beans.factory.support.BeanFactoryGenericsTests" time="0.003"/>
  <testcase name="parameterizedInstanceFactoryMethodWithIndexedArgument" classname="org.springframework.beans.factory.support.BeanFactoryGenericsTests" time="0.0"/>
  <testcase name="testGenericMatchingWithBeanNameDifferentiation" classname="org.springframework.beans.factory.support.BeanFactoryGenericsTests" time="0.002"/>
  <testcase name="parameterizedInstanceFactoryMethodWithNonResolvedClassName" classname="org.springframework.beans.factory.support.BeanFactoryGenericsTests" time="0.001"/>
  <testcase name="testGenericListPropertyWithInvalidElementType" classname="org.springframework.beans.factory.support.BeanFactoryGenericsTests" time="0.001"/>
  <testcase name="testGenericMapMapConstructorWithSameRefAndConversion" classname="org.springframework.beans.factory.support.BeanFactoryGenericsTests" time="0.001"/>
  <testcase name="testGenericListPropertyWithAutowiring" classname="org.springframework.beans.factory.support.BeanFactoryGenericsTests" time="0.001"/>
  <testcase name="testGenericSetProperty" classname="org.springframework.beans.factory.support.BeanFactoryGenericsTests" time="0.0"/>
  <testcase name="testGenericListBean" classname="org.springframework.beans.factory.support.BeanFactoryGenericsTests" time="0.013"/>
  <testcase name="testGenericallyTypedSetOfIntegerBean" classname="org.springframework.beans.factory.support.BeanFactoryGenericsTests" time="0.004"/>
  <testcase name="testGenericallyTypedIntegerBean" classname="org.springframework.beans.factory.support.BeanFactoryGenericsTests" time="0.004"/>
  <testcase name="testGenericListOfArraysProperty" classname="org.springframework.beans.factory.support.BeanFactoryGenericsTests" time="0.007"/>
  <testcase name="testGenericSetConstructorWithOptionalAutowiring" classname="org.springframework.beans.factory.support.BeanFactoryGenericsTests" time="0.001"/>
  <testcase name="parameterizedStaticFactoryMethod" classname="org.springframework.beans.factory.support.BeanFactoryGenericsTests" time="0.017"/>
  <testcase name="testGenericMapBean" classname="org.springframework.beans.factory.support.BeanFactoryGenericsTests" time="0.011"/>
  <testcase name="parameterizedInstanceFactoryMethodWithWrappedClassName" classname="org.springframework.beans.factory.support.BeanFactoryGenericsTests" time="0.002"/>
  <testcase name="testGenericSetConstructorWithAutowiring" classname="org.springframework.beans.factory.support.BeanFactoryGenericsTests" time="0.001"/>
  <testcase name="testGenericSetListConstructorWithOptionalAutowiring" classname="org.springframework.beans.factory.support.BeanFactoryGenericsTests" time="0.001"/>
  <testcase name="testGenericMapWithCollectionValueFactoryMethod" classname="org.springframework.beans.factory.support.BeanFactoryGenericsTests" time="0.001"/>
  <testcase name="parameterizedInstanceFactoryMethodWithInvalidClassName" classname="org.springframework.beans.factory.support.BeanFactoryGenericsTests" time="0.001"/>
  <testcase name="testGenericMapResourceConstructor" classname="org.springframework.beans.factory.support.BeanFactoryGenericsTests" time="0.001"/>
  <testcase name="testGenericListPropertyWithOptionalAutowiring" classname="org.springframework.beans.factory.support.BeanFactoryGenericsTests" time="0.001"/>
  <testcase name="testGenericSetListConstructor" classname="org.springframework.beans.factory.support.BeanFactoryGenericsTests" time="0.001"/>
  <testcase name="testGenericMapWithKeyTypeFactoryMethod" classname="org.springframework.beans.factory.support.BeanFactoryGenericsTests" time="0.001"/>
  <testcase name="testGenericMatchingWithFullTypeDifferentiation" classname="org.springframework.beans.factory.support.BeanFactoryGenericsTests" time="0.001"/>
  <testcase name="testGenericMapProperty" classname="org.springframework.beans.factory.support.BeanFactoryGenericsTests" time="0.0"/>
  <testcase name="testGenericSetListFactoryMethod" classname="org.springframework.beans.factory.support.BeanFactoryGenericsTests" time="0.001"/>
  <testcase name="testGenericSetBean" classname="org.springframework.beans.factory.support.BeanFactoryGenericsTests" time="0.011"/>
  <testcase name="testGenericSetListConstructorWithAutowiring" classname="org.springframework.beans.factory.support.BeanFactoryGenericsTests" time="0.001"/>
  <testcase name="testGenericMapWithCollectionValueConstructor" classname="org.springframework.beans.factory.support.BeanFactoryGenericsTests" time="0.002"/>
  <testcase name="testSetBean" classname="org.springframework.beans.factory.support.BeanFactoryGenericsTests" time="0.0">
    <skipped/>
  </testcase>
  <testcase name="testGenericSetConstructor" classname="org.springframework.beans.factory.support.BeanFactoryGenericsTests" time="0.001"/>
  <testcase name="testGenericMapMapFactoryMethod" classname="org.springframework.beans.factory.support.BeanFactoryGenericsTests" time="0.001"/>
  <testcase name="testGenericSetMapConstructor" classname="org.springframework.beans.factory.support.BeanFactoryGenericsTests" time="0.001"/>
  <system-out><![CDATA[]]></system-out>
  <system-err><![CDATA[]]></system-err>
</testsuite>
