<?xml version="1.0" encoding="UTF-8"?>
<testsuite name="org.springframework.beans.factory.xml.CollectionMergingTests" tests="14" skipped="0" failures="0" errors="0" timestamp="2016-11-10T07:38:00" hostname="XB-20161010YVDY" time="0.09">
  <properties/>
  <testcase name="mergeSetInConstructor" classname="org.springframework.beans.factory.xml.CollectionMergingTests" time="0.007"/>
  <testcase name="mergeSetWithInnerBeanAsSetElement" classname="org.springframework.beans.factory.xml.CollectionMergingTests" time="0.006"/>
  <testcase name="mergeMapWithInnerBeanAsMapEntryValueInConstructor" classname="org.springframework.beans.factory.xml.CollectionMergingTests" time="0.006"/>
  <testcase name="mergeProperties" classname="org.springframework.beans.factory.xml.CollectionMergingTests" time="0.007"/>
  <testcase name="mergeMap" classname="org.springframework.beans.factory.xml.CollectionMergingTests" time="0.006"/>
  <testcase name="mergeSet" classname="org.springframework.beans.factory.xml.CollectionMergingTests" time="0.006"/>
  <testcase name="mergeMapWithInnerBeanAsMapEntryValue" classname="org.springframework.beans.factory.xml.CollectionMergingTests" time="0.004"/>
  <testcase name="mergeListInConstructor" classname="org.springframework.beans.factory.xml.CollectionMergingTests" time="0.007"/>
  <testcase name="mergeMapInConstructor" classname="org.springframework.beans.factory.xml.CollectionMergingTests" time="0.006"/>
  <testcase name="mergeSetWithInnerBeanAsSetElementInConstructor" classname="org.springframework.beans.factory.xml.CollectionMergingTests" time="0.008"/>
  <testcase name="mergeList" classname="org.springframework.beans.factory.xml.CollectionMergingTests" time="0.005"/>
  <testcase name="mergeListWithInnerBeanAsListElement" classname="org.springframework.beans.factory.xml.CollectionMergingTests" time="0.006"/>
  <testcase name="mergeListWithInnerBeanAsListElementInConstructor" classname="org.springframework.beans.factory.xml.CollectionMergingTests" time="0.006"/>
  <testcase name="mergePropertiesInConstructor" classname="org.springframework.beans.factory.xml.CollectionMergingTests" time="0.006"/>
  <system-out><![CDATA[]]></system-out>
  <system-err><![CDATA[]]></system-err>
</testsuite>
