<?xml version="1.0" encoding="UTF-8"?>
<testsuite name="org.springframework.beans.factory.parsing.FailFastProblemReporterTests" tests="2" skipped="0" failures="0" errors="0" timestamp="2016-11-10T07:37:59" hostname="XB-20161010YVDY" time="0.08">
  <properties/>
  <testcase name="testError" classname="org.springframework.beans.factory.parsing.FailFastProblemReporterTests" time="0.001"/>
  <testcase name="testWarn" classname="org.springframework.beans.factory.parsing.FailFastProblemReporterTests" time="0.079"/>
  <system-out><![CDATA[]]></system-out>
  <system-err><![CDATA[]]></system-err>
</testsuite>
