<?xml version="1.0" encoding="UTF-8"?>
<testsuite name="org.springframework.beans.factory.annotation.CustomAutowireConfigurerTests" tests="1" skipped="0" failures="0" errors="0" timestamp="2016-11-10T07:37:57" hostname="XB-20161010YVDY" time="0.085">
  <properties/>
  <testcase name="testCustomResolver" classname="org.springframework.beans.factory.annotation.CustomAutowireConfigurerTests" time="0.085"/>
  <system-out><![CDATA[]]></system-out>
  <system-err><![CDATA[]]></system-err>
</testsuite>
