<?xml version="1.0" encoding="UTF-8"?>
<testsuite name="org.springframework.beans.factory.xml.DuplicateBeanIdTests" tests="2" skipped="0" failures="0" errors="0" timestamp="2016-11-10T07:38:00" hostname="XB-20161010YVDY" time="0.019">
  <properties/>
  <testcase name="duplicateBeanIdsAcrossNestingLevels" classname="org.springframework.beans.factory.xml.DuplicateBeanIdTests" time="0.01"/>
  <testcase name="duplicateBeanIdsWithinSameNestingLevelRaisesError" classname="org.springframework.beans.factory.xml.DuplicateBeanIdTests" time="0.009"/>
  <system-out><![CDATA[]]></system-out>
  <system-err><![CDATA[]]></system-err>
</testsuite>
