<?xml version="1.0" encoding="UTF-8"?>
<testsuite name="org.springframework.beans.factory.support.PropertiesBeanDefinitionReaderTests" tests="3" skipped="0" failures="0" errors="0" timestamp="2016-11-10T07:37:59" hostname="XB-20161010YVDY" time="0.004">
  <properties/>
  <testcase name="withMultipleConstructorsArgs" classname="org.springframework.beans.factory.support.PropertiesBeanDefinitionReaderTests" time="0.001"/>
  <testcase name="withSimpleConstructorArg" classname="org.springframework.beans.factory.support.PropertiesBeanDefinitionReaderTests" time="0.002"/>
  <testcase name="withConstructorArgRef" classname="org.springframework.beans.factory.support.PropertiesBeanDefinitionReaderTests" time="0.001"/>
  <system-out><![CDATA[]]></system-out>
  <system-err><![CDATA[]]></system-err>
</testsuite>
