<?xml version="1.0" encoding="UTF-8"?>
<testsuite name="org.springframework.beans.factory.xml.DelegatingEntityResolverTests" tests="3" skipped="0" failures="0" errors="0" timestamp="2016-11-10T07:38:00" hostname="XB-20161010YVDY" time="0.002">
  <properties/>
  <testcase name="testCtorWhereEntityResolversAreBothNull" classname="org.springframework.beans.factory.xml.DelegatingEntityResolverTests" time="0.0"/>
  <testcase name="testCtorWhereDtdEntityResolverIsNull" classname="org.springframework.beans.factory.xml.DelegatingEntityResolverTests" time="0.001"/>
  <testcase name="testCtorWhereSchemaEntityResolverIsNull" classname="org.springframework.beans.factory.xml.DelegatingEntityResolverTests" time="0.0"/>
  <system-out><![CDATA[]]></system-out>
  <system-err><![CDATA[]]></system-err>
</testsuite>
