<?xml version="1.0" encoding="UTF-8"?>
<testsuite name="org.springframework.beans.CachedIntrospectionResultsTests" tests="3" skipped="0" failures="0" errors="0" timestamp="2016-11-10T07:37:55" hostname="XB-20161010YVDY" time="0.024">
  <properties/>
  <testcase name="acceptAndClearClassLoader" classname="org.springframework.beans.CachedIntrospectionResultsTests" time="0.014"/>
  <testcase name="clearClassLoaderForSystemClassLoader" classname="org.springframework.beans.CachedIntrospectionResultsTests" time="0.007"/>
  <testcase name="shouldUseExtendedBeanInfoWhenApplicable" classname="org.springframework.beans.CachedIntrospectionResultsTests" time="0.002"/>
  <system-out><![CDATA[]]></system-out>
  <system-err><![CDATA[]]></system-err>
</testsuite>
