<?xml version="1.0" encoding="UTF-8"?>
<testsuite name="org.springframework.beans.factory.xml.AutowireWithExclusionTests" tests="10" skipped="0" failures="0" errors="0" timestamp="2016-11-10T07:38:00" hostname="XB-20161010YVDY" time="0.115">
  <properties/>
  <testcase name="byTypeAutowireWithInclusion" classname="org.springframework.beans.factory.xml.AutowireWithExclusionTests" time="0.026"/>
  <testcase name="byTypeAutowireWithAutoSelfExclusion" classname="org.springframework.beans.factory.xml.AutowireWithExclusionTests" time="0.009"/>
  <testcase name="byTypeAutowireWithPrimaryOverridingParentFactory" classname="org.springframework.beans.factory.xml.AutowireWithExclusionTests" time="0.011"/>
  <testcase name="constructorAutowireWithAutoSelfExclusion" classname="org.springframework.beans.factory.xml.AutowireWithExclusionTests" time="0.007"/>
  <testcase name="constructorAutowireWithExclusion" classname="org.springframework.beans.factory.xml.AutowireWithExclusionTests" time="0.007"/>
  <testcase name="byTypeAutowireWithExclusionInParentFactory" classname="org.springframework.beans.factory.xml.AutowireWithExclusionTests" time="0.012"/>
  <testcase name="byTypeAutowireWithPrimaryInParentAndChild" classname="org.springframework.beans.factory.xml.AutowireWithExclusionTests" time="0.012"/>
  <testcase name="byTypeAutowireWithPrimaryInParentFactory" classname="org.springframework.beans.factory.xml.AutowireWithExclusionTests" time="0.01"/>
  <testcase name="byTypeAutowireWithExclusion" classname="org.springframework.beans.factory.xml.AutowireWithExclusionTests" time="0.008"/>
  <testcase name="byTypeAutowireWithSelectiveInclusion" classname="org.springframework.beans.factory.xml.AutowireWithExclusionTests" time="0.012"/>
  <system-out><![CDATA[]]></system-out>
  <system-err><![CDATA[]]></system-err>
</testsuite>
