<?xml version="1.0" encoding="UTF-8"?>
<testsuite name="org.springframework.beans.factory.support.Spr8954Tests" tests="3" skipped="0" failures="0" errors="0" timestamp="2016-11-10T07:38:00" hostname="XB-20161010YVDY" time="0.019">
  <properties/>
  <testcase name="repro" classname="org.springframework.beans.factory.support.Spr8954Tests" time="0.017"/>
  <testcase name="findsFactoryBeanNameByTypeWithoutInstantiation" classname="org.springframework.beans.factory.support.Spr8954Tests" time="0.001"/>
  <testcase name="findsBeansByTypeIfNotInstantiated" classname="org.springframework.beans.factory.support.Spr8954Tests" time="0.001"/>
  <system-out><![CDATA[]]></system-out>
  <system-err><![CDATA[]]></system-err>
</testsuite>
