<?xml version="1.0" encoding="UTF-8"?>
<testsuite name="org.springframework.beans.factory.access.SingletonBeanFactoryLocatorTests" tests="2" skipped="0" failures="0" errors="0" timestamp="2016-11-10T07:37:56" hostname="XB-20161010YVDY" time="0.232">
  <properties/>
  <testcase name="testBasicFunctionality" classname="org.springframework.beans.factory.access.SingletonBeanFactoryLocatorTests" time="0.153"/>
  <testcase name="testGetInstance" classname="org.springframework.beans.factory.access.SingletonBeanFactoryLocatorTests" time="0.079"/>
  <system-out><![CDATA[]]></system-out>
  <system-err><![CDATA[]]></system-err>
</testsuite>
