<?xml version="1.0" encoding="UTF-8"?>
<testsuite name="org.springframework.beans.factory.config.ObjectFactoryCreatingFactoryBeanTests" tests="9" skipped="0" failures="0" errors="0" timestamp="2016-11-10T07:37:58" hostname="XB-20161010YVDY" time="0.159">
  <properties/>
  <testcase name="testWhenTargetBeanNameIsEmptyString" classname="org.springframework.beans.factory.config.ObjectFactoryCreatingFactoryBeanTests" time="0.006"/>
  <testcase name="testWhenTargetBeanNameIsNull" classname="org.springframework.beans.factory.config.ObjectFactoryCreatingFactoryBeanTests" time="0.004"/>
  <testcase name="testFactoryOperation" classname="org.springframework.beans.factory.config.ObjectFactoryCreatingFactoryBeanTests" time="0.012"/>
  <testcase name="testProviderSerialization" classname="org.springframework.beans.factory.config.ObjectFactoryCreatingFactoryBeanTests" time="0.013"/>
  <testcase name="testDoesNotComplainWhenTargetBeanNameRefersToSingleton" classname="org.springframework.beans.factory.config.ObjectFactoryCreatingFactoryBeanTests" time="0.106"/>
  <testcase name="testWhenTargetBeanNameIsWhitespacedString" classname="org.springframework.beans.factory.config.ObjectFactoryCreatingFactoryBeanTests" time="0.004"/>
  <testcase name="testFactorySerialization" classname="org.springframework.beans.factory.config.ObjectFactoryCreatingFactoryBeanTests" time="0.005"/>
  <testcase name="testEnsureOFBFBReportsThatItActuallyCreatesObjectFactoryInstances" classname="org.springframework.beans.factory.config.ObjectFactoryCreatingFactoryBeanTests" time="0.003"/>
  <testcase name="testProviderOperation" classname="org.springframework.beans.factory.config.ObjectFactoryCreatingFactoryBeanTests" time="0.005"/>
  <system-out><![CDATA[]]></system-out>
  <system-err><![CDATA[]]></system-err>
</testsuite>
