<?xml version="1.0" encoding="UTF-8"?>
<testsuite name="org.springframework.beans.factory.config.CustomScopeConfigurerTests" tests="7" skipped="0" failures="0" errors="0" timestamp="2016-11-10T07:37:58" hostname="XB-20161010YVDY" time="0.058">
  <properties/>
  <testcase name="testSunnyDayWithBonaFideScopeClass" classname="org.springframework.beans.factory.config.CustomScopeConfigurerTests" time="0.002"/>
  <testcase name="testWhereScopeMapHasNonStringTypedScopeNameInKeySet" classname="org.springframework.beans.factory.config.CustomScopeConfigurerTests" time="0.0"/>
  <testcase name="testWithNoScopes" classname="org.springframework.beans.factory.config.CustomScopeConfigurerTests" time="0.0"/>
  <testcase name="testSunnyDayWithBonaFideScopeClassname" classname="org.springframework.beans.factory.config.CustomScopeConfigurerTests" time="0.001"/>
  <testcase name="testWhereScopeMapHasNonScopeInstanceInEntrySet" classname="org.springframework.beans.factory.config.CustomScopeConfigurerTests" time="0.0"/>
  <testcase name="testSunnyDayWithBonaFideScopeInstance" classname="org.springframework.beans.factory.config.CustomScopeConfigurerTests" time="0.054"/>
  <testcase name="testWhereScopeMapHasNullScopeValueInEntrySet" classname="org.springframework.beans.factory.config.CustomScopeConfigurerTests" time="0.001"/>
  <system-out><![CDATA[]]></system-out>
  <system-err><![CDATA[]]></system-err>
</testsuite>
