<?xml version="1.0" encoding="UTF-8"?>
<testsuite name="org.springframework.beans.factory.parsing.NullSourceExtractorTests" tests="2" skipped="0" failures="0" errors="0" timestamp="2016-11-10T07:37:59" hostname="XB-20161010YVDY" time="0.0">
  <properties/>
  <testcase name="testPassThroughContractEvenWithNull" classname="org.springframework.beans.factory.parsing.NullSourceExtractorTests" time="0.0"/>
  <testcase name="testPassThroughContract" classname="org.springframework.beans.factory.parsing.NullSourceExtractorTests" time="0.0"/>
  <system-out><![CDATA[]]></system-out>
  <system-err><![CDATA[]]></system-err>
</testsuite>
