<?xml version="1.0" encoding="UTF-8"?>
<testsuite name="org.springframework.beans.factory.xml.SimpleConstructorNamespaceHandlerTests" tests="8" skipped="0" failures="0" errors="0" timestamp="2016-11-10T07:38:01" hostname="XB-20161010YVDY" time="0.087">
  <properties/>
  <testcase name="simpleRef" classname="org.springframework.beans.factory.xml.SimpleConstructorNamespaceHandlerTests" time="0.013"/>
  <testcase name="simpleValue" classname="org.springframework.beans.factory.xml.SimpleConstructorNamespaceHandlerTests" time="0.008"/>
  <testcase name="typeIndexedRef" classname="org.springframework.beans.factory.xml.SimpleConstructorNamespaceHandlerTests" time="0.011"/>
  <testcase name="constructorWithNameEndingInRef" classname="org.springframework.beans.factory.xml.SimpleConstructorNamespaceHandlerTests" time="0.008"/>
  <testcase name="ambiguousConstructor" classname="org.springframework.beans.factory.xml.SimpleConstructorNamespaceHandlerTests" time="0.022"/>
  <testcase name="typeIndexedValue" classname="org.springframework.beans.factory.xml.SimpleConstructorNamespaceHandlerTests" time="0.007"/>
  <testcase name="nameValue" classname="org.springframework.beans.factory.xml.SimpleConstructorNamespaceHandlerTests" time="0.008"/>
  <testcase name="nameRef" classname="org.springframework.beans.factory.xml.SimpleConstructorNamespaceHandlerTests" time="0.01"/>
  <system-out><![CDATA[]]></system-out>
  <system-err><![CDATA[]]></system-err>
</testsuite>
