<?xml version="1.0" encoding="UTF-8"?>
<testsuite name="org.springframework.beans.factory.annotation.LookupAnnotationTests" tests="6" skipped="0" failures="0" errors="0" timestamp="2016-11-10T07:37:58" hostname="XB-20161010YVDY" time="0.104">
  <properties/>
  <testcase name="testWithoutConstructorArg" classname="org.springframework.beans.factory.annotation.LookupAnnotationTests" time="0.092"/>
  <testcase name="testWithOverloadedArg" classname="org.springframework.beans.factory.annotation.LookupAnnotationTests" time="0.002"/>
  <testcase name="testWithThreeArgsShouldFail" classname="org.springframework.beans.factory.annotation.LookupAnnotationTests" time="0.001"/>
  <testcase name="testWithEarlyInjection" classname="org.springframework.beans.factory.annotation.LookupAnnotationTests" time="0.003"/>
  <testcase name="testWithOneConstructorArg" classname="org.springframework.beans.factory.annotation.LookupAnnotationTests" time="0.002"/>
  <testcase name="testWithTwoConstructorArg" classname="org.springframework.beans.factory.annotation.LookupAnnotationTests" time="0.002"/>
  <system-out><![CDATA[]]></system-out>
  <system-err><![CDATA[]]></system-err>
</testsuite>
