<?xml version="1.0" encoding="UTF-8"?>
<testsuite name="org.springframework.beans.factory.xml.XmlBeanDefinitionReaderTests" tests="12" skipped="0" failures="0" errors="0" timestamp="2016-11-10T07:38:02" hostname="XB-20161010YVDY" time="0.052">
  <properties/>
  <testcase name="withOpenInputStream" classname="org.springframework.beans.factory.xml.XmlBeanDefinitionReaderTests" time="0.006"/>
  <testcase name="dtdValidationAutodetect" classname="org.springframework.beans.factory.xml.XmlBeanDefinitionReaderTests" time="0.005"/>
  <testcase name="setParserClassToUnsupportedParserType" classname="org.springframework.beans.factory.xml.XmlBeanDefinitionReaderTests" time="0.0"/>
  <testcase name="withInputSource" classname="org.springframework.beans.factory.xml.XmlBeanDefinitionReaderTests" time="0.001"/>
  <testcase name="withOpenInputStreamAndExplicitValidationMode" classname="org.springframework.beans.factory.xml.XmlBeanDefinitionReaderTests" time="0.006"/>
  <testcase name="xsdValidationAutodetect" classname="org.springframework.beans.factory.xml.XmlBeanDefinitionReaderTests" time="0.006"/>
  <testcase name="setParserClassToNull" classname="org.springframework.beans.factory.xml.XmlBeanDefinitionReaderTests" time="0.001"/>
  <testcase name="withWildcardImport" classname="org.springframework.beans.factory.xml.XmlBeanDefinitionReaderTests" time="0.009"/>
  <testcase name="withFreshInputStream" classname="org.springframework.beans.factory.xml.XmlBeanDefinitionReaderTests" time="0.005"/>
  <testcase name="withInputSourceAndExplicitValidationMode" classname="org.springframework.beans.factory.xml.XmlBeanDefinitionReaderTests" time="0.004"/>
  <testcase name="setParserClassSunnyDay" classname="org.springframework.beans.factory.xml.XmlBeanDefinitionReaderTests" time="0.0"/>
  <testcase name="withImport" classname="org.springframework.beans.factory.xml.XmlBeanDefinitionReaderTests" time="0.008"/>
  <system-out><![CDATA[]]></system-out>
  <system-err><![CDATA[]]></system-err>
</testsuite>
