<?xml version="1.0" encoding="UTF-8"?>
<testsuite name="org.springframework.beans.BeanUtilsTests" tests="18" skipped="0" failures="0" errors="0" timestamp="2016-11-10T07:37:54" hostname="XB-20161010YVDY" time="0.564">
  <properties/>
  <testcase name="testCopyPropertiesWithDifferentTypes1" classname="org.springframework.beans.BeanUtilsTests" time="0.543"/>
  <testcase name="testCopyPropertiesWithDifferentTypes2" classname="org.springframework.beans.BeanUtilsTests" time="0.0"/>
  <testcase name="testResolveSignatureWithArray" classname="org.springframework.beans.BeanUtilsTests" time="0.001"/>
  <testcase name="testCopyPropertiesWithEditable" classname="org.springframework.beans.BeanUtilsTests" time="0.002"/>
  <testcase name="testFindEditorByConvention" classname="org.springframework.beans.BeanUtilsTests" time="0.002"/>
  <testcase name="testResolveSimpleSignature" classname="org.springframework.beans.BeanUtilsTests" time="0.0"/>
  <testcase name="testResolveWithAndWithoutArgList" classname="org.springframework.beans.BeanUtilsTests" time="0.0"/>
  <testcase name="testInstantiateClass" classname="org.springframework.beans.BeanUtilsTests" time="0.001"/>
  <testcase name="testCopyPropertiesWithIgnore" classname="org.springframework.beans.BeanUtilsTests" time="0.001"/>
  <testcase name="testCopyPropertiesWithIgnoredNonExistingProperty" classname="org.springframework.beans.BeanUtilsTests" time="0.001"/>
  <testcase name="testCopyPropertiesWithInvalidProperty" classname="org.springframework.beans.BeanUtilsTests" time="0.002"/>
  <testcase name="testResolveTypedSignature" classname="org.springframework.beans.BeanUtilsTests" time="0.0"/>
  <testcase name="testSPR6063" classname="org.springframework.beans.BeanUtilsTests" time="0.004"/>
  <testcase name="testGetPropertyDescriptors" classname="org.springframework.beans.BeanUtilsTests" time="0.001"/>
  <testcase name="testResolveOverloadedSignature" classname="org.springframework.beans.BeanUtilsTests" time="0.0"/>
  <testcase name="testResolveInvalidSignature" classname="org.springframework.beans.BeanUtilsTests" time="0.001"/>
  <testcase name="testCopyProperties" classname="org.springframework.beans.BeanUtilsTests" time="0.0"/>
  <testcase name="testBeanPropertyIsArray" classname="org.springframework.beans.BeanUtilsTests" time="0.002"/>
  <system-out><![CDATA[]]></system-out>
  <system-err><![CDATA[]]></system-err>
</testsuite>
