<?xml version="1.0" encoding="UTF-8"?>
<testsuite name="org.springframework.beans.MutablePropertyValuesTests" tests="4" skipped="0" failures="0" errors="0" timestamp="2016-11-10T07:38:02" hostname="XB-20161010YVDY" time="0.0">
  <properties/>
  <testcase name="testAddOrOverride" classname="org.springframework.beans.MutablePropertyValuesTests" time="0.0"/>
  <testcase name="testValid" classname="org.springframework.beans.MutablePropertyValuesTests" time="0.0"/>
  <testcase name="testChangesOnEquals" classname="org.springframework.beans.MutablePropertyValuesTests" time="0.0"/>
  <testcase name="testChangeOfOneField" classname="org.springframework.beans.MutablePropertyValuesTests" time="0.0"/>
  <system-out><![CDATA[]]></system-out>
  <system-err><![CDATA[]]></system-err>
</testsuite>
