<?xml version="1.0" encoding="UTF-8"?>
<testsuite name="org.springframework.beans.propertyeditors.PropertiesEditorTests" tests="10" skipped="0" failures="0" errors="0" timestamp="2016-11-10T07:38:02" hostname="XB-20161010YVDY" time="0.001">
  <properties/>
  <testcase name="handlesEmptyPropertyWithoutEquals" classname="org.springframework.beans.propertyeditors.PropertiesEditorTests" time="0.0"/>
  <testcase name="oneProperty" classname="org.springframework.beans.propertyeditors.PropertiesEditorTests" time="0.0"/>
  <testcase name="usingMapAsValueSource" classname="org.springframework.beans.propertyeditors.PropertiesEditorTests" time="0.0"/>
  <testcase name="ignoresLeadingSpacesAndTabs" classname="org.springframework.beans.propertyeditors.PropertiesEditorTests" time="0.0"/>
  <testcase name="ignoresCommentLinesAndEmptyLines" classname="org.springframework.beans.propertyeditors.PropertiesEditorTests" time="0.0"/>
  <testcase name="nullValue" classname="org.springframework.beans.propertyeditors.PropertiesEditorTests" time="0.0"/>
  <testcase name="emptyString" classname="org.springframework.beans.propertyeditors.PropertiesEditorTests" time="0.0"/>
  <testcase name="handlesEmptyProperty" classname="org.springframework.beans.propertyeditors.PropertiesEditorTests" time="0.0"/>
  <testcase name="handlesEqualsInValue" classname="org.springframework.beans.propertyeditors.PropertiesEditorTests" time="0.0"/>
  <testcase name="twoProperties" classname="org.springframework.beans.propertyeditors.PropertiesEditorTests" time="0.0"/>
  <system-out><![CDATA[]]></system-out>
  <system-err><![CDATA[]]></system-err>
</testsuite>
