<?xml version="1.0" encoding="UTF-8"?>
<testsuite name="org.springframework.beans.factory.wiring.BeanWiringInfoTests" tests="9" skipped="0" failures="0" errors="0" timestamp="2016-11-10T07:38:00" hostname="XB-20161010YVDY" time="0.001">
  <properties/>
  <testcase name="ctorWithEmptyBeanName" classname="org.springframework.beans.factory.wiring.BeanWiringInfoTests" time="0.0"/>
  <testcase name="usingAutowireCtorIndicatesAutowiring" classname="org.springframework.beans.factory.wiring.BeanWiringInfoTests" time="0.0"/>
  <testcase name="ctorWithPositiveOutOfRangeAutowiringValue" classname="org.springframework.beans.factory.wiring.BeanWiringInfoTests" time="0.0"/>
  <testcase name="noDependencyCheckValueIsPreserved" classname="org.springframework.beans.factory.wiring.BeanWiringInfoTests" time="0.0"/>
  <testcase name="ctorWithNullBeanName" classname="org.springframework.beans.factory.wiring.BeanWiringInfoTests" time="0.0"/>
  <testcase name="ctorWithWhitespacedBeanName" classname="org.springframework.beans.factory.wiring.BeanWiringInfoTests" time="0.0"/>
  <testcase name="ctorWithNegativeIllegalAutowiringValue" classname="org.springframework.beans.factory.wiring.BeanWiringInfoTests" time="0.0"/>
  <testcase name="dependencyCheckValueIsPreserved" classname="org.springframework.beans.factory.wiring.BeanWiringInfoTests" time="0.0"/>
  <testcase name="usingBeanNameCtorDoesNotIndicateAutowiring" classname="org.springframework.beans.factory.wiring.BeanWiringInfoTests" time="0.0"/>
  <system-out><![CDATA[]]></system-out>
  <system-err><![CDATA[]]></system-err>
</testsuite>
