<?xml version="1.0" encoding="UTF-8"?>
<testsuite name="org.springframework.beans.factory.xml.FactoryMethodTests" tests="18" skipped="0" failures="0" errors="0" timestamp="2016-11-10T07:38:00" hostname="XB-20161010YVDY" time="0.237">
  <properties/>
  <testcase name="testFactoryMethodForJavaMailSession" classname="org.springframework.beans.factory.xml.FactoryMethodTests" time="0.015"/>
  <testcase name="testCanSpecifyFactoryMethodArgumentsOnSingleton" classname="org.springframework.beans.factory.xml.FactoryMethodTests" time="0.015"/>
  <testcase name="testFactoryMethodWithDifferentReturnType" classname="org.springframework.beans.factory.xml.FactoryMethodTests" time="0.038"/>
  <testcase name="testFactoryMethodsOnExternalClass" classname="org.springframework.beans.factory.xml.FactoryMethodTests" time="0.021"/>
  <testcase name="testFactoryMethodsSingletonOnTargetClass" classname="org.springframework.beans.factory.xml.FactoryMethodTests" time="0.011"/>
  <testcase name="testFactoryMethodsPrototypeOnTargetClass" classname="org.springframework.beans.factory.xml.FactoryMethodTests" time="0.01"/>
  <testcase name="testFactoryMethodsWithAutowire" classname="org.springframework.beans.factory.xml.FactoryMethodTests" time="0.014"/>
  <testcase name="testFactoryMethodArgumentsForNonExistingMethod" classname="org.springframework.beans.factory.xml.FactoryMethodTests" time="0.009"/>
  <testcase name="testFactoryMethodsWithNullValue" classname="org.springframework.beans.factory.xml.FactoryMethodTests" time="0.011"/>
  <testcase name="testNonExistingFactoryMethod" classname="org.springframework.beans.factory.xml.FactoryMethodTests" time="0.008"/>
  <testcase name="testFactoryMethodsWithNullInstance" classname="org.springframework.beans.factory.xml.FactoryMethodTests" time="0.009"/>
  <testcase name="testInstanceFactoryMethodWithoutArgs" classname="org.springframework.beans.factory.xml.FactoryMethodTests" time="0.015"/>
  <testcase name="testPrivateFactoryMethod" classname="org.springframework.beans.factory.xml.FactoryMethodTests" time="0.012"/>
  <testcase name="testFactoryMethodsWithInvalidDestroyMethod" classname="org.springframework.beans.factory.xml.FactoryMethodTests" time="0.008"/>
  <testcase name="testProtectedFactoryMethod" classname="org.springframework.beans.factory.xml.FactoryMethodTests" time="0.009"/>
  <testcase name="testCannotSpecifyFactoryMethodArgumentsOnSingletonAfterCreation" classname="org.springframework.beans.factory.xml.FactoryMethodTests" time="0.009"/>
  <testcase name="testCanSpecifyFactoryMethodArgumentsOnFactoryMethodPrototype" classname="org.springframework.beans.factory.xml.FactoryMethodTests" time="0.011"/>
  <testcase name="testFactoryMethodNoMatchingStaticMethod" classname="org.springframework.beans.factory.xml.FactoryMethodTests" time="0.01"/>
  <system-out><![CDATA[]]></system-out>
  <system-err><![CDATA[]]></system-err>
</testsuite>
