<?xml version="1.0" encoding="UTF-8"?>
<testsuite name="org.springframework.beans.ConcurrentBeanWrapperTests" tests="2" skipped="0" failures="0" errors="0" timestamp="2016-11-10T07:37:55" hostname="XB-20161010YVDY" time="0.56">
  <properties/>
  <testcase name="testSingleThread" classname="org.springframework.beans.ConcurrentBeanWrapperTests" time="0.144"/>
  <testcase name="testConcurrent" classname="org.springframework.beans.ConcurrentBeanWrapperTests" time="0.416"/>
  <system-out><![CDATA[]]></system-out>
  <system-err><![CDATA[]]></system-err>
</testsuite>
