<?xml version="1.0" encoding="UTF-8"?>
<testsuite name="org.springframework.beans.factory.xml.SimplePropertyNamespaceHandlerTests" tests="4" skipped="0" failures="0" errors="0" timestamp="2016-11-10T07:38:01" hostname="XB-20161010YVDY" time="0.043">
  <properties/>
  <testcase name="simpleBeanConfigured" classname="org.springframework.beans.factory.xml.SimplePropertyNamespaceHandlerTests" time="0.007"/>
  <testcase name="propertyWithNameEndingInRef" classname="org.springframework.beans.factory.xml.SimplePropertyNamespaceHandlerTests" time="0.022"/>
  <testcase name="withPropertyDefinedTwice" classname="org.springframework.beans.factory.xml.SimplePropertyNamespaceHandlerTests" time="0.006"/>
  <testcase name="innerBeanConfigured" classname="org.springframework.beans.factory.xml.SimplePropertyNamespaceHandlerTests" time="0.008"/>
  <system-out><![CDATA[]]></system-out>
  <system-err><![CDATA[]]></system-err>
</testsuite>
