<?xml version="1.0" encoding="UTF-8"?>
<testsuite name="org.springframework.beans.factory.FactoryBeanTests" tests="6" skipped="0" failures="0" errors="0" timestamp="2016-11-10T07:37:59" hostname="XB-20161010YVDY" time="0.052">
  <properties/>
  <testcase name="testCircularReferenceWithPostProcessor" classname="org.springframework.beans.factory.FactoryBeanTests" time="0.018"/>
  <testcase name="testFactoryBeansWithIntermediateFactoryBeanAutowiringFailure" classname="org.springframework.beans.factory.FactoryBeanTests" time="0.02"/>
  <testcase name="testFactoryBeanReturnsNull" classname="org.springframework.beans.factory.FactoryBeanTests" time="0.003"/>
  <testcase name="testAbstractFactoryBeanViaType" classname="org.springframework.beans.factory.FactoryBeanTests" time="0.003"/>
  <testcase name="testAbstractFactoryBeanViaAnnotation" classname="org.springframework.beans.factory.FactoryBeanTests" time="0.003"/>
  <testcase name="testFactoryBeansWithAutowiring" classname="org.springframework.beans.factory.FactoryBeanTests" time="0.005"/>
  <system-out><![CDATA[]]></system-out>
  <system-err><![CDATA[]]></system-err>
</testsuite>
