<?xml version="1.0" encoding="UTF-8"?>
<testsuite name="org.springframework.beans.factory.support.LookupMethodTests" tests="6" skipped="0" failures="0" errors="0" timestamp="2016-11-10T07:37:59" hostname="XB-20161010YVDY" time="0.065">
  <properties/>
  <testcase name="testWithOverriddenLookupMethod" classname="org.springframework.beans.factory.support.LookupMethodTests" time="0.02"/>
  <testcase name="testWithoutConstructorArg" classname="org.springframework.beans.factory.support.LookupMethodTests" time="0.012"/>
  <testcase name="testWithOverloadedArg" classname="org.springframework.beans.factory.support.LookupMethodTests" time="0.008"/>
  <testcase name="testWithThreeArgsShouldFail" classname="org.springframework.beans.factory.support.LookupMethodTests" time="0.008"/>
  <testcase name="testWithOneConstructorArg" classname="org.springframework.beans.factory.support.LookupMethodTests" time="0.01"/>
  <testcase name="testWithTwoConstructorArg" classname="org.springframework.beans.factory.support.LookupMethodTests" time="0.007"/>
  <system-out><![CDATA[]]></system-out>
  <system-err><![CDATA[]]></system-err>
</testsuite>
