<?xml version="1.0" encoding="UTF-8"?>
<testsuite name="org.springframework.beans.propertyeditors.ReaderEditorTests" tests="4" skipped="0" failures="0" errors="0" timestamp="2016-11-10T07:38:02" hostname="XB-20161010YVDY" time="0.002">
  <properties/>
  <testcase name="testSunnyDay" classname="org.springframework.beans.propertyeditors.ReaderEditorTests" time="0.001"/>
  <testcase name="testWhenResourceDoesNotExist" classname="org.springframework.beans.propertyeditors.ReaderEditorTests" time="0.0"/>
  <testcase name="testCtorWithNullResourceEditor" classname="org.springframework.beans.propertyeditors.ReaderEditorTests" time="0.0"/>
  <testcase name="testGetAsTextReturnsNullByDefault" classname="org.springframework.beans.propertyeditors.ReaderEditorTests" time="0.001"/>
  <system-out><![CDATA[]]></system-out>
  <system-err><![CDATA[]]></system-err>
</testsuite>
