<?xml version="1.0" encoding="UTF-8"?>
<testsuite name="org.springframework.beans.factory.xml.UtilNamespaceHandlerTests" tests="29" skipped="0" failures="0" errors="0" timestamp="2016-11-10T07:38:01" hostname="XB-20161010YVDY" time="0.448">
  <properties/>
  <testcase name="testSimpleList" classname="org.springframework.beans.factory.xml.UtilNamespaceHandlerTests" time="0.016"/>
  <testcase name="testScopedProperties" classname="org.springframework.beans.factory.xml.UtilNamespaceHandlerTests" time="0.02"/>
  <testcase name="testCircularCollectionBeansStartingWithMap" classname="org.springframework.beans.factory.xml.UtilNamespaceHandlerTests" time="0.02"/>
  <testcase name="testCircularCollectionBeansStartingWithSet" classname="org.springframework.beans.factory.xml.UtilNamespaceHandlerTests" time="0.02"/>
  <testcase name="testScopedMap" classname="org.springframework.beans.factory.xml.UtilNamespaceHandlerTests" time="0.014"/>
  <testcase name="testScopedSet" classname="org.springframework.beans.factory.xml.UtilNamespaceHandlerTests" time="0.014"/>
  <testcase name="testSimpleMap" classname="org.springframework.beans.factory.xml.UtilNamespaceHandlerTests" time="0.015"/>
  <testcase name="testSimpleSet" classname="org.springframework.beans.factory.xml.UtilNamespaceHandlerTests" time="0.014"/>
  <testcase name="testConstantWithDefaultName" classname="org.springframework.beans.factory.xml.UtilNamespaceHandlerTests" time="0.014"/>
  <testcase name="testLocalOverrideFalse" classname="org.springframework.beans.factory.xml.UtilNamespaceHandlerTests" time="0.018"/>
  <testcase name="testLoadProperties" classname="org.springframework.beans.factory.xml.UtilNamespaceHandlerTests" time="0.014"/>
  <testcase name="testNestedCollections" classname="org.springframework.beans.factory.xml.UtilNamespaceHandlerTests" time="0.014"/>
  <testcase name="testScopedList" classname="org.springframework.beans.factory.xml.UtilNamespaceHandlerTests" time="0.026"/>
  <testcase name="testNestedInCollections" classname="org.springframework.beans.factory.xml.UtilNamespaceHandlerTests" time="0.021"/>
  <testcase name="testLocalOverrideDefault" classname="org.springframework.beans.factory.xml.UtilNamespaceHandlerTests" time="0.019"/>
  <testcase name="testCircularCollections" classname="org.springframework.beans.factory.xml.UtilNamespaceHandlerTests" time="0.014"/>
  <testcase name="testNestedInConstructor" classname="org.springframework.beans.factory.xml.UtilNamespaceHandlerTests" time="0.016"/>
  <testcase name="testLocalProperties" classname="org.springframework.beans.factory.xml.UtilNamespaceHandlerTests" time="0.01"/>
  <testcase name="testCircularCollectionBeansStartingWithList" classname="org.springframework.beans.factory.xml.UtilNamespaceHandlerTests" time="0.017"/>
  <testcase name="testConstant" classname="org.springframework.beans.factory.xml.UtilNamespaceHandlerTests" time="0.012"/>
  <testcase name="testPropertyPath" classname="org.springframework.beans.factory.xml.UtilNamespaceHandlerTests" time="0.011"/>
  <testcase name="testNestedPropertyPath" classname="org.springframework.beans.factory.xml.UtilNamespaceHandlerTests" time="0.012"/>
  <testcase name="testNestedShortcutCollections" classname="org.springframework.beans.factory.xml.UtilNamespaceHandlerTests" time="0.011"/>
  <testcase name="testNestedProperties" classname="org.springframework.beans.factory.xml.UtilNamespaceHandlerTests" time="0.013"/>
  <testcase name="testMapWithRef" classname="org.springframework.beans.factory.xml.UtilNamespaceHandlerTests" time="0.016"/>
  <testcase name="testMergedProperties" classname="org.springframework.beans.factory.xml.UtilNamespaceHandlerTests" time="0.013"/>
  <testcase name="testEvents" classname="org.springframework.beans.factory.xml.UtilNamespaceHandlerTests" time="0.011"/>
  <testcase name="testLocalOverrideTrue" classname="org.springframework.beans.factory.xml.UtilNamespaceHandlerTests" time="0.012"/>
  <testcase name="testMapWithTypes" classname="org.springframework.beans.factory.xml.UtilNamespaceHandlerTests" time="0.018"/>
  <system-out><![CDATA[15:38:01.510 [Test worker] WARN  org.springframework.beans.factory.config.PropertiesFactoryBean - Could not load properties from class path resource [override.properties]: class path resource [override.properties] cannot be opened because it does not exist
15:38:01.511 [Test worker] WARN  org.springframework.beans.factory.config.PropertiesFactoryBean - Could not load properties from class path resource [override.properties]: class path resource [override.properties] cannot be opened because it does not exist
]]></system-out>
  <system-err><![CDATA[]]></system-err>
</testsuite>
