<?xml version="1.0" encoding="UTF-8"?>
<testsuite name="org.springframework.beans.factory.support.ManagedPropertiesTests" tests="6" skipped="0" failures="0" errors="0" timestamp="2016-11-10T07:37:59" hostname="XB-20161010YVDY" time="0.0">
  <properties/>
  <testcase name="mergeEmptyChild" classname="org.springframework.beans.factory.support.ManagedPropertiesTests" time="0.0"/>
  <testcase name="mergeWithNullParent" classname="org.springframework.beans.factory.support.ManagedPropertiesTests" time="0.0"/>
  <testcase name="mergeNotAllowedWhenMergeNotEnabled" classname="org.springframework.beans.factory.support.ManagedPropertiesTests" time="0.0"/>
  <testcase name="mergeChildValuesOverrideTheParents" classname="org.springframework.beans.factory.support.ManagedPropertiesTests" time="0.0"/>
  <testcase name="mergeSunnyDay" classname="org.springframework.beans.factory.support.ManagedPropertiesTests" time="0.0"/>
  <testcase name="mergeWithNonCompatibleParentType" classname="org.springframework.beans.factory.support.ManagedPropertiesTests" time="0.0"/>
  <system-out><![CDATA[]]></system-out>
  <system-err><![CDATA[]]></system-err>
</testsuite>
