<?xml version="1.0" encoding="UTF-8"?>
<testsuite name="org.springframework.beans.factory.support.security.CallbacksSecurityTests" tests="15" skipped="0" failures="0" errors="0" timestamp="2016-11-10T07:37:59" hostname="XB-20161010YVDY" time="0.316">
  <properties/>
  <testcase name="testSecuritySanity" classname="org.springframework.beans.factory.support.security.CallbacksSecurityTests" time="0.037"/>
  <testcase name="testSpringDestroyBean" classname="org.springframework.beans.factory.support.security.CallbacksSecurityTests" time="0.024"/>
  <testcase name="testCustomFactoryType" classname="org.springframework.beans.factory.support.security.CallbacksSecurityTests" time="0.048"/>
  <testcase name="testTrustedFactoryMethod" classname="org.springframework.beans.factory.support.security.CallbacksSecurityTests" time="0.024"/>
  <testcase name="testCustomStaticFactoryMethod" classname="org.springframework.beans.factory.support.security.CallbacksSecurityTests" time="0.027"/>
  <testcase name="testCustomInstanceFactoryMethod" classname="org.springframework.beans.factory.support.security.CallbacksSecurityTests" time="0.01"/>
  <testcase name="testSpringInitBean" classname="org.springframework.beans.factory.support.security.CallbacksSecurityTests" time="0.014"/>
  <testcase name="testContainerPrivileges" classname="org.springframework.beans.factory.support.security.CallbacksSecurityTests" time="0.015"/>
  <testcase name="testPropertyInjection" classname="org.springframework.beans.factory.support.security.CallbacksSecurityTests" time="0.023"/>
  <testcase name="testCustomFactoryObject" classname="org.springframework.beans.factory.support.security.CallbacksSecurityTests" time="0.014"/>
  <testcase name="testCustomDestroyBean" classname="org.springframework.beans.factory.support.security.CallbacksSecurityTests" time="0.016"/>
  <testcase name="testCustomInitBean" classname="org.springframework.beans.factory.support.security.CallbacksSecurityTests" time="0.011"/>
  <testcase name="testTrustedExecution" classname="org.springframework.beans.factory.support.security.CallbacksSecurityTests" time="0.026"/>
  <testcase name="testInitSecurityAwarePrototypeBean" classname="org.springframework.beans.factory.support.security.CallbacksSecurityTests" time="0.012"/>
  <testcase name="testConstructor" classname="org.springframework.beans.factory.support.security.CallbacksSecurityTests" time="0.009"/>
  <system-out><![CDATA[15:37:59.975 [Test worker] WARN  org.springframework.beans.factory.support.DisposableBeanAdapter - Invocation of destroy method failed on bean with name 'spring-destroy': java.security.AccessControlException: access denied ("java.util.PropertyPermission" "security.destroy" "write")
15:37:59.990 [Test worker] WARN  org.springframework.beans.factory.support.DefaultListableBeanFactory - FactoryBean threw exception from getObjectType, despite the contract saying that it should return null if the type of its object cannot be determined yet
java.security.AccessControlException: access denied ("java.util.PropertyPermission" "factory.object.type" "write")
	at java.security.AccessControlContext.checkPermission(AccessControlContext.java:472) ~[?:1.8.0_101]
	at java.security.AccessController.checkPermission(AccessController.java:884) ~[?:1.8.0_101]
	at java.lang.SecurityManager.checkPermission(SecurityManager.java:549) ~[?:1.8.0_101]
	at java.lang.System.setProperty(System.java:792) ~[?:1.8.0_101]
	at org.springframework.beans.factory.support.security.support.CustomFactoryBean.getObjectType(CustomFactoryBean.java:34) ~[test/:?]
	at org.springframework.beans.factory.support.FactoryBeanRegistrySupport$1.run(FactoryBeanRegistrySupport.java:61) ~[main/:?]
	at org.springframework.beans.factory.support.FactoryBeanRegistrySupport$1.run(FactoryBeanRegistrySupport.java:58) ~[main/:?]
	at java.security.AccessController.doPrivileged(Native Method) ~[?:1.8.0_101]
	at org.springframework.beans.factory.support.FactoryBeanRegistrySupport.getTypeForFactoryBean(FactoryBeanRegistrySupport.java:58) [main/:?]
	at org.springframework.beans.factory.support.AbstractAutowireCapableBeanFactory.getTypeForFactoryBean(AbstractAutowireCapableBeanFactory.java:825) [main/:?]
	at org.springframework.beans.factory.support.AbstractBeanFactory.getType(AbstractBeanFactory.java:613) [main/:?]
	at org.springframework.beans.factory.support.security.CallbacksSecurityTests.testCustomFactoryType(CallbacksSecurityTests.java:416) [test/:?]
	at sun.reflect.NativeMethodAccessorImpl.invoke0(Native Method) ~[?:1.8.0_101]
	at sun.reflect.NativeMethodAccessorImpl.invoke(NativeMethodAccessorImpl.java:62) ~[?:1.8.0_101]
	at sun.reflect.DelegatingMethodAccessorImpl.invoke(DelegatingMethodAccessorImpl.java:43) ~[?:1.8.0_101]
	at java.lang.reflect.Method.invoke(Method.java:498) ~[?:1.8.0_101]
	at org.junit.runners.model.FrameworkMethod$1.runReflectiveCall(FrameworkMethod.java:50) [junit-4.12.jar:4.12]
	at org.junit.internal.runners.model.ReflectiveCallable.run(ReflectiveCallable.java:12) [junit-4.12.jar:4.12]
	at org.junit.runners.model.FrameworkMethod.invokeExplosively(FrameworkMethod.java:47) [junit-4.12.jar:4.12]
	at org.junit.internal.runners.statements.InvokeMethod.evaluate(InvokeMethod.java:17) [junit-4.12.jar:4.12]
	at org.junit.internal.runners.statements.RunBefores.evaluate(RunBefores.java:26) [junit-4.12.jar:4.12]
	at org.junit.runners.ParentRunner.runLeaf(ParentRunner.java:325) [junit-4.12.jar:4.12]
	at org.junit.runners.BlockJUnit4ClassRunner.runChild(BlockJUnit4ClassRunner.java:78) [junit-4.12.jar:4.12]
	at org.junit.runners.BlockJUnit4ClassRunner.runChild(BlockJUnit4ClassRunner.java:57) [junit-4.12.jar:4.12]
	at org.junit.runners.ParentRunner$3.run(ParentRunner.java:290) [junit-4.12.jar:4.12]
	at org.junit.runners.ParentRunner$1.schedule(ParentRunner.java:71) [junit-4.12.jar:4.12]
	at org.junit.runners.ParentRunner.runChildren(ParentRunner.java:288) [junit-4.12.jar:4.12]
	at org.junit.runners.ParentRunner.access$000(ParentRunner.java:58) [junit-4.12.jar:4.12]
	at org.junit.runners.ParentRunner$2.evaluate(ParentRunner.java:268) [junit-4.12.jar:4.12]
	at org.junit.runners.ParentRunner.run(ParentRunner.java:363) [junit-4.12.jar:4.12]
	at org.gradle.api.internal.tasks.testing.junit.JUnitTestClassExecuter.runTestClass(JUnitTestClassExecuter.java:114) [gradle-testing-jvm-3.1.jar:3.1]
	at org.gradle.api.internal.tasks.testing.junit.JUnitTestClassExecuter.execute(JUnitTestClassExecuter.java:57) [gradle-testing-jvm-3.1.jar:3.1]
	at org.gradle.api.internal.tasks.testing.junit.JUnitTestClassProcessor.processTestClass(JUnitTestClassProcessor.java:66) [gradle-testing-jvm-3.1.jar:3.1]
	at org.gradle.api.internal.tasks.testing.SuiteTestClassProcessor.processTestClass(SuiteTestClassProcessor.java:51) [gradle-testing-base-3.1.jar:3.1]
	at sun.reflect.GeneratedMethodAccessor23.invoke(Unknown Source) ~[?:?]
	at sun.reflect.DelegatingMethodAccessorImpl.invoke(DelegatingMethodAccessorImpl.java:43) ~[?:1.8.0_101]
	at java.lang.reflect.Method.invoke(Method.java:498) ~[?:1.8.0_101]
	at org.gradle.internal.dispatch.ReflectionDispatch.dispatch(ReflectionDispatch.java:35) [gradle-messaging-3.1.jar:3.1]
	at org.gradle.internal.dispatch.ReflectionDispatch.dispatch(ReflectionDispatch.java:24) [gradle-messaging-3.1.jar:3.1]
	at org.gradle.internal.dispatch.ContextClassLoaderDispatch.dispatch(ContextClassLoaderDispatch.java:32) [gradle-messaging-3.1.jar:3.1]
	at org.gradle.internal.dispatch.ProxyDispatchAdapter$DispatchingInvocationHandler.invoke(ProxyDispatchAdapter.java:93) [gradle-messaging-3.1.jar:3.1]
	at com.sun.proxy.$Proxy2.processTestClass(Unknown Source) [?:?]
	at org.gradle.api.internal.tasks.testing.worker.TestWorker.processTestClass(TestWorker.java:109) [gradle-testing-base-3.1.jar:3.1]
	at sun.reflect.GeneratedMethodAccessor22.invoke(Unknown Source) ~[?:?]
	at sun.reflect.DelegatingMethodAccessorImpl.invoke(DelegatingMethodAccessorImpl.java:43) ~[?:1.8.0_101]
	at java.lang.reflect.Method.invoke(Method.java:498) ~[?:1.8.0_101]
	at org.gradle.internal.dispatch.ReflectionDispatch.dispatch(ReflectionDispatch.java:35) [gradle-messaging-3.1.jar:3.1]
	at org.gradle.internal.dispatch.ReflectionDispatch.dispatch(ReflectionDispatch.java:24) [gradle-messaging-3.1.jar:3.1]
	at org.gradle.internal.remote.internal.hub.MessageHub$Handler.run(MessageHub.java:377) [gradle-messaging-3.1.jar:3.1]
	at org.gradle.internal.concurrent.ExecutorPolicy$CatchAndRecordFailures.onExecute(ExecutorPolicy.java:54) [gradle-base-services-3.1.jar:3.1]
	at org.gradle.internal.concurrent.StoppableExecutorImpl$1.run(StoppableExecutorImpl.java:40) [gradle-base-services-3.1.jar:3.1]
	at java.util.concurrent.ThreadPoolExecutor.runWorker(ThreadPoolExecutor.java:1142) [?:1.8.0_101]
	at java.util.concurrent.ThreadPoolExecutor$Worker.run(ThreadPoolExecutor.java:617) [?:1.8.0_101]
	at java.lang.Thread.run(Thread.java:745) [?:1.8.0_101]
15:38:00.016 [Test worker] WARN  org.springframework.beans.factory.support.DefaultListableBeanFactory - FactoryBean threw exception from getObjectType, despite the contract saying that it should return null if the type of its object cannot be determined yet
java.security.AccessControlException: access denied ("java.util.PropertyPermission" "factory.object.type" "write")
	at java.security.AccessControlContext.checkPermission(AccessControlContext.java:472) ~[?:1.8.0_101]
	at java.security.AccessController.checkPermission(AccessController.java:884) ~[?:1.8.0_101]
	at java.lang.SecurityManager.checkPermission(SecurityManager.java:549) ~[?:1.8.0_101]
	at java.lang.System.setProperty(System.java:792) ~[?:1.8.0_101]
	at org.springframework.beans.factory.support.security.support.CustomFactoryBean.getObjectType(CustomFactoryBean.java:34) ~[test/:?]
	at org.springframework.beans.factory.support.FactoryBeanRegistrySupport$1.run(FactoryBeanRegistrySupport.java:61) ~[main/:?]
	at org.springframework.beans.factory.support.FactoryBeanRegistrySupport$1.run(FactoryBeanRegistrySupport.java:58) ~[main/:?]
	at java.security.AccessController.doPrivileged(Native Method) ~[?:1.8.0_101]
	at org.springframework.beans.factory.support.FactoryBeanRegistrySupport.getTypeForFactoryBean(FactoryBeanRegistrySupport.java:58) [main/:?]
	at org.springframework.beans.factory.support.AbstractBeanFactory.getTypeForFactoryBean(AbstractBeanFactory.java:1479) [main/:?]
	at org.springframework.beans.factory.support.AbstractAutowireCapableBeanFactory.getTypeForFactoryBean(AbstractAutowireCapableBeanFactory.java:832) [main/:?]
	at org.springframework.beans.factory.support.AbstractBeanFactory.getType(AbstractBeanFactory.java:613) [main/:?]
	at org.springframework.beans.factory.support.security.CallbacksSecurityTests.testCustomFactoryType(CallbacksSecurityTests.java:416) [test/:?]
	at sun.reflect.NativeMethodAccessorImpl.invoke0(Native Method) ~[?:1.8.0_101]
	at sun.reflect.NativeMethodAccessorImpl.invoke(NativeMethodAccessorImpl.java:62) ~[?:1.8.0_101]
	at sun.reflect.DelegatingMethodAccessorImpl.invoke(DelegatingMethodAccessorImpl.java:43) ~[?:1.8.0_101]
	at java.lang.reflect.Method.invoke(Method.java:498) ~[?:1.8.0_101]
	at org.junit.runners.model.FrameworkMethod$1.runReflectiveCall(FrameworkMethod.java:50) [junit-4.12.jar:4.12]
	at org.junit.internal.runners.model.ReflectiveCallable.run(ReflectiveCallable.java:12) [junit-4.12.jar:4.12]
	at org.junit.runners.model.FrameworkMethod.invokeExplosively(FrameworkMethod.java:47) [junit-4.12.jar:4.12]
	at org.junit.internal.runners.statements.InvokeMethod.evaluate(InvokeMethod.java:17) [junit-4.12.jar:4.12]
	at org.junit.internal.runners.statements.RunBefores.evaluate(RunBefores.java:26) [junit-4.12.jar:4.12]
	at org.junit.runners.ParentRunner.runLeaf(ParentRunner.java:325) [junit-4.12.jar:4.12]
	at org.junit.runners.BlockJUnit4ClassRunner.runChild(BlockJUnit4ClassRunner.java:78) [junit-4.12.jar:4.12]
	at org.junit.runners.BlockJUnit4ClassRunner.runChild(BlockJUnit4ClassRunner.java:57) [junit-4.12.jar:4.12]
	at org.junit.runners.ParentRunner$3.run(ParentRunner.java:290) [junit-4.12.jar:4.12]
	at org.junit.runners.ParentRunner$1.schedule(ParentRunner.java:71) [junit-4.12.jar:4.12]
	at org.junit.runners.ParentRunner.runChildren(ParentRunner.java:288) [junit-4.12.jar:4.12]
	at org.junit.runners.ParentRunner.access$000(ParentRunner.java:58) [junit-4.12.jar:4.12]
	at org.junit.runners.ParentRunner$2.evaluate(ParentRunner.java:268) [junit-4.12.jar:4.12]
	at org.junit.runners.ParentRunner.run(ParentRunner.java:363) [junit-4.12.jar:4.12]
	at org.gradle.api.internal.tasks.testing.junit.JUnitTestClassExecuter.runTestClass(JUnitTestClassExecuter.java:114) [gradle-testing-jvm-3.1.jar:3.1]
	at org.gradle.api.internal.tasks.testing.junit.JUnitTestClassExecuter.execute(JUnitTestClassExecuter.java:57) [gradle-testing-jvm-3.1.jar:3.1]
	at org.gradle.api.internal.tasks.testing.junit.JUnitTestClassProcessor.processTestClass(JUnitTestClassProcessor.java:66) [gradle-testing-jvm-3.1.jar:3.1]
	at org.gradle.api.internal.tasks.testing.SuiteTestClassProcessor.processTestClass(SuiteTestClassProcessor.java:51) [gradle-testing-base-3.1.jar:3.1]
	at sun.reflect.GeneratedMethodAccessor23.invoke(Unknown Source) ~[?:?]
	at sun.reflect.DelegatingMethodAccessorImpl.invoke(DelegatingMethodAccessorImpl.java:43) ~[?:1.8.0_101]
	at java.lang.reflect.Method.invoke(Method.java:498) ~[?:1.8.0_101]
	at org.gradle.internal.dispatch.ReflectionDispatch.dispatch(ReflectionDispatch.java:35) [gradle-messaging-3.1.jar:3.1]
	at org.gradle.internal.dispatch.ReflectionDispatch.dispatch(ReflectionDispatch.java:24) [gradle-messaging-3.1.jar:3.1]
	at org.gradle.internal.dispatch.ContextClassLoaderDispatch.dispatch(ContextClassLoaderDispatch.java:32) [gradle-messaging-3.1.jar:3.1]
	at org.gradle.internal.dispatch.ProxyDispatchAdapter$DispatchingInvocationHandler.invoke(ProxyDispatchAdapter.java:93) [gradle-messaging-3.1.jar:3.1]
	at com.sun.proxy.$Proxy2.processTestClass(Unknown Source) [?:?]
	at org.gradle.api.internal.tasks.testing.worker.TestWorker.processTestClass(TestWorker.java:109) [gradle-testing-base-3.1.jar:3.1]
	at sun.reflect.GeneratedMethodAccessor22.invoke(Unknown Source) ~[?:?]
	at sun.reflect.DelegatingMethodAccessorImpl.invoke(DelegatingMethodAccessorImpl.java:43) ~[?:1.8.0_101]
	at java.lang.reflect.Method.invoke(Method.java:498) ~[?:1.8.0_101]
	at org.gradle.internal.dispatch.ReflectionDispatch.dispatch(ReflectionDispatch.java:35) [gradle-messaging-3.1.jar:3.1]
	at org.gradle.internal.dispatch.ReflectionDispatch.dispatch(ReflectionDispatch.java:24) [gradle-messaging-3.1.jar:3.1]
	at org.gradle.internal.remote.internal.hub.MessageHub$Handler.run(MessageHub.java:377) [gradle-messaging-3.1.jar:3.1]
	at org.gradle.internal.concurrent.ExecutorPolicy$CatchAndRecordFailures.onExecute(ExecutorPolicy.java:54) [gradle-base-services-3.1.jar:3.1]
	at org.gradle.internal.concurrent.StoppableExecutorImpl$1.run(StoppableExecutorImpl.java:40) [gradle-base-services-3.1.jar:3.1]
	at java.util.concurrent.ThreadPoolExecutor.runWorker(ThreadPoolExecutor.java:1142) [?:1.8.0_101]
	at java.util.concurrent.ThreadPoolExecutor$Worker.run(ThreadPoolExecutor.java:617) [?:1.8.0_101]
	at java.lang.Thread.run(Thread.java:745) [?:1.8.0_101]
15:38:00.171 [Test worker] WARN  org.springframework.beans.factory.support.DisposableBeanAdapter - Invocation of destroy method 'destroy' failed on bean with name 'custom-destroy': java.security.AccessControlException: access denied ("java.util.PropertyPermission" "security.destroy" "write")
]]></system-out>
  <system-err><![CDATA[]]></system-err>
</testsuite>
