<?xml version="1.0" encoding="UTF-8"?>
<testsuite name="org.springframework.web.method.support.CompositeUriComponentsContributorTests" tests="1" skipped="0" failures="0" errors="0" timestamp="2016-11-10T08:05:28" hostname="XB-20161010YVDY" time="0.002">
  <properties/>
  <testcase name="supportsParameter" classname="org.springframework.web.method.support.CompositeUriComponentsContributorTests" time="0.002"/>
  <system-out><![CDATA[]]></system-out>
  <system-err><![CDATA[]]></system-err>
</testsuite>
