<?xml version="1.0" encoding="UTF-8"?>
<testsuite name="org.springframework.http.client.OkHttpAsyncClientHttpRequestFactoryTests" tests="7" skipped="0" failures="0" errors="0" timestamp="2016-11-10T08:04:56" hostname="XB-20161010YVDY" time="0.111">
  <properties/>
  <testcase name="httpMethods" classname="org.springframework.http.client.OkHttpAsyncClientHttpRequestFactoryTests" time="0.092"/>
  <testcase name="cancel" classname="org.springframework.http.client.OkHttpAsyncClientHttpRequestFactoryTests" time="0.001"/>
  <testcase name="headersAfterExecute" classname="org.springframework.http.client.OkHttpAsyncClientHttpRequestFactoryTests" time="0.003"/>
  <testcase name="status" classname="org.springframework.http.client.OkHttpAsyncClientHttpRequestFactoryTests" time="0.002"/>
  <testcase name="echo" classname="org.springframework.http.client.OkHttpAsyncClientHttpRequestFactoryTests" time="0.005"/>
  <testcase name="statusCallback" classname="org.springframework.http.client.OkHttpAsyncClientHttpRequestFactoryTests" time="0.005"/>
  <testcase name="multipleWrites" classname="org.springframework.http.client.OkHttpAsyncClientHttpRequestFactoryTests" time="0.003"/>
  <system-out><![CDATA[]]></system-out>
  <system-err><![CDATA[]]></system-err>
</testsuite>
