<?xml version="1.0" encoding="UTF-8"?>
<testsuite name="org.springframework.web.util.HtmlCharacterEntityReferencesTests" tests="2" skipped="0" failures="0" errors="0" timestamp="2016-11-10T08:05:29" hostname="XB-20161010YVDY" time="0.017">
  <properties/>
  <testcase name="testSupportsAllCharacterEntityReferencesDefinedByHtml" classname="org.springframework.web.util.HtmlCharacterEntityReferencesTests" time="0.016"/>
  <testcase name="testConvertToReferenceUTF8" classname="org.springframework.web.util.HtmlCharacterEntityReferencesTests" time="0.001"/>
  <system-out><![CDATA[]]></system-out>
  <system-err><![CDATA[]]></system-err>
</testsuite>
