<?xml version="1.0" encoding="UTF-8"?>
<testsuite name="org.springframework.http.HttpHeadersTests" tests="42" skipped="0" failures="0" errors="0" timestamp="2016-11-10T08:05:02" hostname="XB-20161010YVDY" time="0.018">
  <properties/>
  <testcase name="accessControlAllowOrigin" classname="org.springframework.http.HttpHeadersTests" time="0.0"/>
  <testcase name="ifModifiedSince" classname="org.springframework.http.HttpHeadersTests" time="0.005"/>
  <testcase name="acceptWithMultipleCommaSeparatedHeaderValues" classname="org.springframework.http.HttpHeadersTests" time="0.0"/>
  <testcase name="accessControlAllowMethods" classname="org.springframework.http.HttpHeadersTests" time="0.001"/>
  <testcase name="illegalETag" classname="org.springframework.http.HttpHeadersTests" time="0.0"/>
  <testcase name="accessControlRequestMethod" classname="org.springframework.http.HttpHeadersTests" time="0.0"/>
  <testcase name="ifMatchIllegalHeader" classname="org.springframework.http.HttpHeadersTests" time="0.0"/>
  <testcase name="accept" classname="org.springframework.http.HttpHeadersTests" time="0.0"/>
  <testcase name="cacheControl" classname="org.springframework.http.HttpHeadersTests" time="0.0"/>
  <testcase name="expires" classname="org.springframework.http.HttpHeadersTests" time="0.0"/>
  <testcase name="hostNoPort" classname="org.springframework.http.HttpHeadersTests" time="0.0"/>
  <testcase name="acceptWithMultipleHeaderValues" classname="org.springframework.http.HttpHeadersTests" time="0.0"/>
  <testcase name="accessControlAllowHeadersMultipleValues" classname="org.springframework.http.HttpHeadersTests" time="0.001"/>
  <testcase name="dateInvalid" classname="org.springframework.http.HttpHeadersTests" time="0.0"/>
  <testcase name="dateOtherLocale" classname="org.springframework.http.HttpHeadersTests" time="0.001"/>
  <testcase name="pragma" classname="org.springframework.http.HttpHeadersTests" time="0.0"/>
  <testcase name="ifNoneMatchList" classname="org.springframework.http.HttpHeadersTests" time="0.003"/>
  <testcase name="contentLength" classname="org.springframework.http.HttpHeadersTests" time="0.0"/>
  <testcase name="invalidIfModifiedSinceHeader" classname="org.springframework.http.HttpHeadersTests" time="0.001"/>
  <testcase name="contentType" classname="org.springframework.http.HttpHeadersTests" time="0.0"/>
  <testcase name="acceptCharsets" classname="org.springframework.http.HttpHeadersTests" time="0.0"/>
  <testcase name="date" classname="org.springframework.http.HttpHeadersTests" time="0.001"/>
  <testcase name="eTag" classname="org.springframework.http.HttpHeadersTests" time="0.0"/>
  <testcase name="host" classname="org.springframework.http.HttpHeadersTests" time="0.0"/>
  <testcase name="allow" classname="org.springframework.http.HttpHeadersTests" time="0.0"/>
  <testcase name="ifNoneMatch" classname="org.springframework.http.HttpHeadersTests" time="0.0"/>
  <testcase name="accessControlRequestHeaders" classname="org.springframework.http.HttpHeadersTests" time="0.0"/>
  <testcase name="ifMatchMultipleHeaders" classname="org.springframework.http.HttpHeadersTests" time="0.0"/>
  <testcase name="accessControlAllowCredentials" classname="org.springframework.http.HttpHeadersTests" time="0.0"/>
  <testcase name="acceptCharsetWildcard" classname="org.springframework.http.HttpHeadersTests" time="0.0"/>
  <testcase name="expiresInvalidDate" classname="org.springframework.http.HttpHeadersTests" time="0.0"/>
  <testcase name="contentDisposition" classname="org.springframework.http.HttpHeadersTests" time="0.0"/>
  <testcase name="accessControlExposeHeaders" classname="org.springframework.http.HttpHeadersTests" time="0.0"/>
  <testcase name="accessControlMaxAge" classname="org.springframework.http.HttpHeadersTests" time="0.0"/>
  <testcase name="getAllowEmptySet" classname="org.springframework.http.HttpHeadersTests" time="0.0"/>
  <testcase name="ifNoneMatchWildCard" classname="org.springframework.http.HttpHeadersTests" time="0.0"/>
  <testcase name="ifMatch" classname="org.springframework.http.HttpHeadersTests" time="0.0"/>
  <testcase name="cacheControlAllValues" classname="org.springframework.http.HttpHeadersTests" time="0.0"/>
  <testcase name="location" classname="org.springframework.http.HttpHeadersTests" time="0.0"/>
  <testcase name="getFirst" classname="org.springframework.http.HttpHeadersTests" time="0.0"/>
  <testcase name="lastModified" classname="org.springframework.http.HttpHeadersTests" time="0.0"/>
  <testcase name="accessControlAllowHeaders" classname="org.springframework.http.HttpHeadersTests" time="0.0"/>
  <system-out><![CDATA[]]></system-out>
  <system-err><![CDATA[]]></system-err>
</testsuite>
