<?xml version="1.0" encoding="UTF-8"?>
<testsuite name="org.springframework.web.context.request.RequestScopeTests" tests="6" skipped="0" failures="0" errors="0" timestamp="2016-11-10T08:05:26" hostname="XB-20161010YVDY" time="0.164">
  <properties/>
  <testcase name="destructionAtRequestCompletion" classname="org.springframework.web.context.request.RequestScopeTests" time="0.015"/>
  <testcase name="circleLeadsToException" classname="org.springframework.web.context.request.RequestScopeTests" time="0.016"/>
  <testcase name="requestScopedInnerBeanDestroyedWhileContainedBySingleton" classname="org.springframework.web.context.request.RequestScopeTests" time="0.021"/>
  <testcase name="innerBeanInheritsContainingBeanScopeByDefault" classname="org.springframework.web.context.request.RequestScopeTests" time="0.014"/>
  <testcase name="getFromScope" classname="org.springframework.web.context.request.RequestScopeTests" time="0.079"/>
  <testcase name="getFromFactoryBeanInScope" classname="org.springframework.web.context.request.RequestScopeTests" time="0.019"/>
  <system-out><![CDATA[]]></system-out>
  <system-err><![CDATA[]]></system-err>
</testsuite>
