<?xml version="1.0" encoding="UTF-8"?>
<testsuite name="org.springframework.web.filter.RequestLoggingFilterTests" tests="6" skipped="0" failures="0" errors="0" timestamp="2016-11-10T08:05:27" hostname="XB-20161010YVDY" time="0.007">
  <properties/>
  <testcase name="payloadMaxLength" classname="org.springframework.web.filter.RequestLoggingFilterTests" time="0.002"/>
  <testcase name="payloadReader" classname="org.springframework.web.filter.RequestLoggingFilterTests" time="0.0"/>
  <testcase name="payloadInputStream" classname="org.springframework.web.filter.RequestLoggingFilterTests" time="0.0"/>
  <testcase name="queryStringIncluded" classname="org.springframework.web.filter.RequestLoggingFilterTests" time="0.0"/>
  <testcase name="uri" classname="org.springframework.web.filter.RequestLoggingFilterTests" time="0.0"/>
  <testcase name="noQueryStringAvailable" classname="org.springframework.web.filter.RequestLoggingFilterTests" time="0.0"/>
  <system-out><![CDATA[]]></system-out>
  <system-err><![CDATA[]]></system-err>
</testsuite>
