<?xml version="1.0" encoding="UTF-8"?>
<testsuite name="org.springframework.http.client.BufferingClientHttpRequestFactoryTests" tests="7" skipped="0" failures="0" errors="0" timestamp="2016-11-10T08:04:49" hostname="XB-20161010YVDY" time="0.456">
  <properties/>
  <testcase name="repeatableRead" classname="org.springframework.http.client.BufferingClientHttpRequestFactoryTests" time="0.423"/>
  <testcase name="headersAfterExecute" classname="org.springframework.http.client.BufferingClientHttpRequestFactoryTests" time="0.006"/>
  <testcase name="status" classname="org.springframework.http.client.BufferingClientHttpRequestFactoryTests" time="0.003"/>
  <testcase name="echo" classname="org.springframework.http.client.BufferingClientHttpRequestFactoryTests" time="0.003"/>
  <testcase name="multipleWrites" classname="org.springframework.http.client.BufferingClientHttpRequestFactoryTests" time="0.004"/>
  <testcase name="queryParameters" classname="org.springframework.http.client.BufferingClientHttpRequestFactoryTests" time="0.005"/>
  <testcase name="httpMethods" classname="org.springframework.http.client.BufferingClientHttpRequestFactoryTests" time="0.01"/>
  <system-out><![CDATA[]]></system-out>
  <system-err><![CDATA[]]></system-err>
</testsuite>
