<?xml version="1.0" encoding="UTF-8"?>
<testsuite name="org.springframework.web.multipart.support.ByteArrayMultipartFileEditorTests" tests="6" skipped="0" failures="0" errors="0" timestamp="2016-11-10T08:05:28" hostname="XB-20161010YVDY" time="0.022">
  <properties/>
  <testcase name="setValueAsCustomObjectInvokesToString" classname="org.springframework.web.multipart.support.ByteArrayMultipartFileEditorTests" time="0.001"/>
  <testcase name="setValueAsMultipartFile" classname="org.springframework.web.multipart.support.ByteArrayMultipartFileEditorTests" time="0.02"/>
  <testcase name="setValueAsString" classname="org.springframework.web.multipart.support.ByteArrayMultipartFileEditorTests" time="0.0"/>
  <testcase name="setValueAsByteArray" classname="org.springframework.web.multipart.support.ByteArrayMultipartFileEditorTests" time="0.0"/>
  <testcase name="setValueAsMultipartFileWithBadBytes" classname="org.springframework.web.multipart.support.ByteArrayMultipartFileEditorTests" time="0.0"/>
  <testcase name="setValueAsNullGetsBackEmptyString" classname="org.springframework.web.multipart.support.ByteArrayMultipartFileEditorTests" time="0.0"/>
  <system-out><![CDATA[]]></system-out>
  <system-err><![CDATA[]]></system-err>
</testsuite>
