<?xml version="1.0" encoding="UTF-8"?>
<testsuite name="org.springframework.http.server.reactive.CookieIntegrationTests" tests="5" skipped="0" failures="0" errors="0" timestamp="2016-11-10T08:05:07" hostname="XB-20161010YVDY" time="0.275">
  <properties/>
  <testcase name="basicTest[server [org.springframework.http.server.reactive.bootstrap.JettyHttpServer@1576fded]]" classname="org.springframework.http.server.reactive.CookieIntegrationTests" time="0.052"/>
  <testcase name="basicTest[server [org.springframework.http.server.reactive.bootstrap.RxNettyHttpServer@24f8d729]]" classname="org.springframework.http.server.reactive.CookieIntegrationTests" time="0.033"/>
  <testcase name="basicTest[server [org.springframework.http.server.reactive.bootstrap.ReactorHttpServer@25a11f4c]]" classname="org.springframework.http.server.reactive.CookieIntegrationTests" time="0.036"/>
  <testcase name="basicTest[server [org.springframework.http.server.reactive.bootstrap.TomcatHttpServer@509f0da4]]" classname="org.springframework.http.server.reactive.CookieIntegrationTests" time="0.118"/>
  <testcase name="basicTest[server [org.springframework.http.server.reactive.bootstrap.UndertowHttpServer@72a41bcf]]" classname="org.springframework.http.server.reactive.CookieIntegrationTests" time="0.036"/>
  <system-out><![CDATA[]]></system-out>
  <system-err><![CDATA[十一月 10, 2016 4:05:07 下午 org.apache.coyote.AbstractProtocol init
信息: Initializing ProtocolHandler ["http-nio-64265"]
十一月 10, 2016 4:05:07 下午 org.apache.tomcat.util.net.NioSelectorPool getSharedSelector
信息: Using a shared selector for servlet write/read
十一月 10, 2016 4:05:07 下午 org.apache.catalina.core.StandardService startInternal
信息: Starting service Tomcat
十一月 10, 2016 4:05:07 下午 org.apache.catalina.core.StandardEngine startInternal
信息: Starting Servlet Engine: Apache Tomcat/8.5.6
十一月 10, 2016 4:05:07 下午 org.apache.coyote.AbstractProtocol start
信息: Starting ProtocolHandler [http-nio-64265]
十一月 10, 2016 4:05:07 下午 org.apache.coyote.AbstractProtocol pause
信息: Pausing ProtocolHandler ["http-nio-64265"]
十一月 10, 2016 4:05:07 下午 org.apache.catalina.core.StandardService stopInternal
信息: Stopping service Tomcat
十一月 10, 2016 4:05:07 下午 org.apache.coyote.AbstractProtocol stop
信息: Stopping ProtocolHandler ["http-nio-64265"]
十一月 10, 2016 4:05:07 下午 org.apache.coyote.AbstractProtocol destroy
信息: Destroying ProtocolHandler ["http-nio-64265"]
]]></system-err>
</testsuite>
