<?xml version="1.0" encoding="UTF-8"?>
<testsuite name="org.springframework.http.client.HttpComponentsClientHttpRequestFactoryTests" tests="11" skipped="0" failures="0" errors="0" timestamp="2016-11-10T08:04:49" hostname="XB-20161010YVDY" time="0.796">
  <properties/>
  <testcase name="createHttpUriRequest" classname="org.springframework.http.client.HttpComponentsClientHttpRequestFactoryTests" time="0.002"/>
  <testcase name="mergeBasedOnCurrentHttpClient" classname="org.springframework.http.client.HttpComponentsClientHttpRequestFactoryTests" time="0.751"/>
  <testcase name="assertCustomConfig" classname="org.springframework.http.client.HttpComponentsClientHttpRequestFactoryTests" time="0.004"/>
  <testcase name="localSettingsOverrideClientDefaultSettings" classname="org.springframework.http.client.HttpComponentsClientHttpRequestFactoryTests" time="0.002"/>
  <testcase name="httpMethods" classname="org.springframework.http.client.HttpComponentsClientHttpRequestFactoryTests" time="0.01"/>
  <testcase name="defaultSettingsOfHttpClientMergedOnExecutorCustomization" classname="org.springframework.http.client.HttpComponentsClientHttpRequestFactoryTests" time="0.002"/>
  <testcase name="headersAfterExecute" classname="org.springframework.http.client.HttpComponentsClientHttpRequestFactoryTests" time="0.005"/>
  <testcase name="status" classname="org.springframework.http.client.HttpComponentsClientHttpRequestFactoryTests" time="0.005"/>
  <testcase name="echo" classname="org.springframework.http.client.HttpComponentsClientHttpRequestFactoryTests" time="0.006"/>
  <testcase name="multipleWrites" classname="org.springframework.http.client.HttpComponentsClientHttpRequestFactoryTests" time="0.004"/>
  <testcase name="queryParameters" classname="org.springframework.http.client.HttpComponentsClientHttpRequestFactoryTests" time="0.004"/>
  <system-out><![CDATA[]]></system-out>
  <system-err><![CDATA[]]></system-err>
</testsuite>
