<?xml version="1.0" encoding="UTF-8"?>
<testsuite name="org.springframework.http.codec.ServerSentEventHttpMessageWriterTests" tests="42" skipped="0" failures="0" errors="0" timestamp="2016-11-10T08:04:58" hostname="XB-20161010YVDY" time="0.122">
  <properties/>
  <testcase name="encodeMultiLineString[NettyDataBufferFactory (UnpooledByteBufAllocator(directByDefault: true))]" classname="org.springframework.http.codec.ServerSentEventHttpMessageWriterTests" time="0.002"/>
  <testcase name="nullMimeType[NettyDataBufferFactory (UnpooledByteBufAllocator(directByDefault: true))]" classname="org.springframework.http.codec.ServerSentEventHttpMessageWriterTests" time="0.0"/>
  <testcase name="supportedMimeType[NettyDataBufferFactory (UnpooledByteBufAllocator(directByDefault: true))]" classname="org.springframework.http.codec.ServerSentEventHttpMessageWriterTests" time="0.0"/>
  <testcase name="encodeString[NettyDataBufferFactory (UnpooledByteBufAllocator(directByDefault: true))]" classname="org.springframework.http.codec.ServerSentEventHttpMessageWriterTests" time="0.001"/>
  <testcase name="encodeServerSentEvent[NettyDataBufferFactory (UnpooledByteBufAllocator(directByDefault: true))]" classname="org.springframework.http.codec.ServerSentEventHttpMessageWriterTests" time="0.0"/>
  <testcase name="encodePojo[NettyDataBufferFactory (UnpooledByteBufAllocator(directByDefault: true))]" classname="org.springframework.http.codec.ServerSentEventHttpMessageWriterTests" time="0.002"/>
  <testcase name="unsupportedMimeType[NettyDataBufferFactory (UnpooledByteBufAllocator(directByDefault: true))]" classname="org.springframework.http.codec.ServerSentEventHttpMessageWriterTests" time="0.0"/>
  <testcase name="encodeMultiLineString[NettyDataBufferFactory (UnpooledByteBufAllocator(directByDefault: false))]" classname="org.springframework.http.codec.ServerSentEventHttpMessageWriterTests" time="0.0"/>
  <testcase name="nullMimeType[NettyDataBufferFactory (UnpooledByteBufAllocator(directByDefault: false))]" classname="org.springframework.http.codec.ServerSentEventHttpMessageWriterTests" time="0.0"/>
  <testcase name="supportedMimeType[NettyDataBufferFactory (UnpooledByteBufAllocator(directByDefault: false))]" classname="org.springframework.http.codec.ServerSentEventHttpMessageWriterTests" time="0.0"/>
  <testcase name="encodeString[NettyDataBufferFactory (UnpooledByteBufAllocator(directByDefault: false))]" classname="org.springframework.http.codec.ServerSentEventHttpMessageWriterTests" time="0.0"/>
  <testcase name="encodeServerSentEvent[NettyDataBufferFactory (UnpooledByteBufAllocator(directByDefault: false))]" classname="org.springframework.http.codec.ServerSentEventHttpMessageWriterTests" time="0.0"/>
  <testcase name="encodePojo[NettyDataBufferFactory (UnpooledByteBufAllocator(directByDefault: false))]" classname="org.springframework.http.codec.ServerSentEventHttpMessageWriterTests" time="0.002"/>
  <testcase name="unsupportedMimeType[NettyDataBufferFactory (UnpooledByteBufAllocator(directByDefault: false))]" classname="org.springframework.http.codec.ServerSentEventHttpMessageWriterTests" time="0.0"/>
  <testcase name="encodeMultiLineString[NettyDataBufferFactory (PooledByteBufAllocator(directByDefault: true))]" classname="org.springframework.http.codec.ServerSentEventHttpMessageWriterTests" time="0.001"/>
  <testcase name="nullMimeType[NettyDataBufferFactory (PooledByteBufAllocator(directByDefault: true))]" classname="org.springframework.http.codec.ServerSentEventHttpMessageWriterTests" time="0.0"/>
  <testcase name="supportedMimeType[NettyDataBufferFactory (PooledByteBufAllocator(directByDefault: true))]" classname="org.springframework.http.codec.ServerSentEventHttpMessageWriterTests" time="0.0"/>
  <testcase name="encodeString[NettyDataBufferFactory (PooledByteBufAllocator(directByDefault: true))]" classname="org.springframework.http.codec.ServerSentEventHttpMessageWriterTests" time="0.0"/>
  <testcase name="encodeServerSentEvent[NettyDataBufferFactory (PooledByteBufAllocator(directByDefault: true))]" classname="org.springframework.http.codec.ServerSentEventHttpMessageWriterTests" time="0.0"/>
  <testcase name="encodePojo[NettyDataBufferFactory (PooledByteBufAllocator(directByDefault: true))]" classname="org.springframework.http.codec.ServerSentEventHttpMessageWriterTests" time="0.002"/>
  <testcase name="unsupportedMimeType[NettyDataBufferFactory (PooledByteBufAllocator(directByDefault: true))]" classname="org.springframework.http.codec.ServerSentEventHttpMessageWriterTests" time="0.0"/>
  <testcase name="encodeMultiLineString[NettyDataBufferFactory (PooledByteBufAllocator(directByDefault: false))]" classname="org.springframework.http.codec.ServerSentEventHttpMessageWriterTests" time="0.0"/>
  <testcase name="nullMimeType[NettyDataBufferFactory (PooledByteBufAllocator(directByDefault: false))]" classname="org.springframework.http.codec.ServerSentEventHttpMessageWriterTests" time="0.0"/>
  <testcase name="supportedMimeType[NettyDataBufferFactory (PooledByteBufAllocator(directByDefault: false))]" classname="org.springframework.http.codec.ServerSentEventHttpMessageWriterTests" time="0.0"/>
  <testcase name="encodeString[NettyDataBufferFactory (PooledByteBufAllocator(directByDefault: false))]" classname="org.springframework.http.codec.ServerSentEventHttpMessageWriterTests" time="0.0"/>
  <testcase name="encodeServerSentEvent[NettyDataBufferFactory (PooledByteBufAllocator(directByDefault: false))]" classname="org.springframework.http.codec.ServerSentEventHttpMessageWriterTests" time="0.0"/>
  <testcase name="encodePojo[NettyDataBufferFactory (PooledByteBufAllocator(directByDefault: false))]" classname="org.springframework.http.codec.ServerSentEventHttpMessageWriterTests" time="0.001"/>
  <testcase name="unsupportedMimeType[NettyDataBufferFactory (PooledByteBufAllocator(directByDefault: false))]" classname="org.springframework.http.codec.ServerSentEventHttpMessageWriterTests" time="0.0"/>
  <testcase name="encodeMultiLineString[DefaultDataBufferFactory (preferDirect=true)]" classname="org.springframework.http.codec.ServerSentEventHttpMessageWriterTests" time="0.001"/>
  <testcase name="nullMimeType[DefaultDataBufferFactory (preferDirect=true)]" classname="org.springframework.http.codec.ServerSentEventHttpMessageWriterTests" time="0.0"/>
  <testcase name="supportedMimeType[DefaultDataBufferFactory (preferDirect=true)]" classname="org.springframework.http.codec.ServerSentEventHttpMessageWriterTests" time="0.0"/>
  <testcase name="encodeString[DefaultDataBufferFactory (preferDirect=true)]" classname="org.springframework.http.codec.ServerSentEventHttpMessageWriterTests" time="0.001"/>
  <testcase name="encodeServerSentEvent[DefaultDataBufferFactory (preferDirect=true)]" classname="org.springframework.http.codec.ServerSentEventHttpMessageWriterTests" time="0.0"/>
  <testcase name="encodePojo[DefaultDataBufferFactory (preferDirect=true)]" classname="org.springframework.http.codec.ServerSentEventHttpMessageWriterTests" time="0.002"/>
  <testcase name="unsupportedMimeType[DefaultDataBufferFactory (preferDirect=true)]" classname="org.springframework.http.codec.ServerSentEventHttpMessageWriterTests" time="0.0"/>
  <testcase name="encodeMultiLineString[DefaultDataBufferFactory (preferDirect=false)]" classname="org.springframework.http.codec.ServerSentEventHttpMessageWriterTests" time="0.0"/>
  <testcase name="nullMimeType[DefaultDataBufferFactory (preferDirect=false)]" classname="org.springframework.http.codec.ServerSentEventHttpMessageWriterTests" time="0.0"/>
  <testcase name="supportedMimeType[DefaultDataBufferFactory (preferDirect=false)]" classname="org.springframework.http.codec.ServerSentEventHttpMessageWriterTests" time="0.0"/>
  <testcase name="encodeString[DefaultDataBufferFactory (preferDirect=false)]" classname="org.springframework.http.codec.ServerSentEventHttpMessageWriterTests" time="0.0"/>
  <testcase name="encodeServerSentEvent[DefaultDataBufferFactory (preferDirect=false)]" classname="org.springframework.http.codec.ServerSentEventHttpMessageWriterTests" time="0.001"/>
  <testcase name="encodePojo[DefaultDataBufferFactory (preferDirect=false)]" classname="org.springframework.http.codec.ServerSentEventHttpMessageWriterTests" time="0.001"/>
  <testcase name="unsupportedMimeType[DefaultDataBufferFactory (preferDirect=false)]" classname="org.springframework.http.codec.ServerSentEventHttpMessageWriterTests" time="0.0"/>
  <system-out><![CDATA[]]></system-out>
  <system-err><![CDATA[]]></system-err>
</testsuite>
