<?xml version="1.0" encoding="UTF-8"?>
<testsuite name="org.springframework.http.server.reactive.HttpHandlerAdapterSupportTests" tests="5" skipped="0" failures="0" errors="0" timestamp="2016-11-10T08:05:08" hostname="XB-20161010YVDY" time="0.014">
  <properties/>
  <testcase name="invalidContextPath" classname="org.springframework.http.server.reactive.HttpHandlerAdapterSupportTests" time="0.003"/>
  <testcase name="match" classname="org.springframework.http.server.reactive.HttpHandlerAdapterSupportTests" time="0.01"/>
  <testcase name="matchWithContextPathEqualToPath" classname="org.springframework.http.server.reactive.HttpHandlerAdapterSupportTests" time="0.0"/>
  <testcase name="notFound" classname="org.springframework.http.server.reactive.HttpHandlerAdapterSupportTests" time="0.0"/>
  <testcase name="matchWithNativeContextPath" classname="org.springframework.http.server.reactive.HttpHandlerAdapterSupportTests" time="0.001"/>
  <system-out><![CDATA[]]></system-out>
  <system-err><![CDATA[]]></system-err>
</testsuite>
