<?xml version="1.0" encoding="UTF-8"?>
<testsuite name="org.springframework.web.context.ContextLoaderInitializerTests" tests="1" skipped="0" failures="0" errors="0" timestamp="2016-11-10T08:05:25" hostname="XB-20161010YVDY" time="0.022">
  <properties/>
  <testcase name="register" classname="org.springframework.web.context.ContextLoaderInitializerTests" time="0.022"/>
  <system-out><![CDATA[]]></system-out>
  <system-err><![CDATA[]]></system-err>
</testsuite>
