<?xml version="1.0" encoding="UTF-8"?>
<testsuite name="org.springframework.web.context.request.async.WebAsyncManagerTests" tests="16" skipped="0" failures="0" errors="0" timestamp="2016-11-10T08:05:25" hostname="XB-20161010YVDY" time="0.131">
  <properties/>
  <testcase name="startCallableProcessingNullInput" classname="org.springframework.web.context.request.async.WebAsyncManagerTests" time="0.053"/>
  <testcase name="startCallableProcessingPostProcessContinueAfterException" classname="org.springframework.web.context.request.async.WebAsyncManagerTests" time="0.023"/>
  <testcase name="startDeferredResultProcessingPreProcessException" classname="org.springframework.web.context.request.async.WebAsyncManagerTests" time="0.017"/>
  <testcase name="setAsyncWebRequestAfterAsyncStarted" classname="org.springframework.web.context.request.async.WebAsyncManagerTests" time="0.0"/>
  <testcase name="isConcurrentHandlingStarted" classname="org.springframework.web.context.request.async.WebAsyncManagerTests" time="0.001"/>
  <testcase name="startCallableProcessingPreProcessException" classname="org.springframework.web.context.request.async.WebAsyncManagerTests" time="0.001"/>
  <testcase name="startCallableProcessingWithAsyncTask" classname="org.springframework.web.context.request.async.WebAsyncManagerTests" time="0.022"/>
  <testcase name="startCallableProcessing" classname="org.springframework.web.context.request.async.WebAsyncManagerTests" time="0.001"/>
  <testcase name="startDeferredResultProcessingNullInput" classname="org.springframework.web.context.request.async.WebAsyncManagerTests" time="0.0"/>
  <testcase name="startAsyncProcessingWithoutAsyncWebRequest" classname="org.springframework.web.context.request.async.WebAsyncManagerTests" time="0.002"/>
  <testcase name="startDeferredResultProcessing" classname="org.springframework.web.context.request.async.WebAsyncManagerTests" time="0.002"/>
  <testcase name="startCallableProcessingBeforeConcurrentHandlingException" classname="org.springframework.web.context.request.async.WebAsyncManagerTests" time="0.001"/>
  <testcase name="startCallableProcessingCallableException" classname="org.springframework.web.context.request.async.WebAsyncManagerTests" time="0.001"/>
  <testcase name="startCallableProcessingPostProcessException" classname="org.springframework.web.context.request.async.WebAsyncManagerTests" time="0.003"/>
  <testcase name="startDeferredResultProcessingPostProcessException" classname="org.springframework.web.context.request.async.WebAsyncManagerTests" time="0.001"/>
  <testcase name="startDeferredResultProcessingBeforeConcurrentHandlingException" classname="org.springframework.web.context.request.async.WebAsyncManagerTests" time="0.002"/>
  <system-out><![CDATA[]]></system-out>
  <system-err><![CDATA[]]></system-err>
</testsuite>
