<?xml version="1.0" encoding="UTF-8"?>
<testsuite name="org.springframework.http.converter.xml.SourceHttpMessageConverterTests" tests="16" skipped="0" failures="0" errors="0" timestamp="2016-11-10T08:05:02" hostname="XB-20161010YVDY" time="0.04">
  <properties/>
  <testcase name="readStAXSourceWithXmlBomb" classname="org.springframework.http.converter.xml.SourceHttpMessageConverterTests" time="0.002"/>
  <testcase name="readDomSourceWithXmlBomb" classname="org.springframework.http.converter.xml.SourceHttpMessageConverterTests" time="0.004"/>
  <testcase name="readDOMSourceExternal" classname="org.springframework.http.converter.xml.SourceHttpMessageConverterTests" time="0.003"/>
  <testcase name="readSource" classname="org.springframework.http.converter.xml.SourceHttpMessageConverterTests" time="0.001"/>
  <testcase name="writeStreamSource" classname="org.springframework.http.converter.xml.SourceHttpMessageConverterTests" time="0.003"/>
  <testcase name="canWrite" classname="org.springframework.http.converter.xml.SourceHttpMessageConverterTests" time="0.001"/>
  <testcase name="readDOMSource" classname="org.springframework.http.converter.xml.SourceHttpMessageConverterTests" time="0.002"/>
  <testcase name="readSAXSourceExternal" classname="org.springframework.http.converter.xml.SourceHttpMessageConverterTests" time="0.002"/>
  <testcase name="canRead" classname="org.springframework.http.converter.xml.SourceHttpMessageConverterTests" time="0.001"/>
  <testcase name="writeDOMSource" classname="org.springframework.http.converter.xml.SourceHttpMessageConverterTests" time="0.007"/>
  <testcase name="readSAXSourceWithXmlBomb" classname="org.springframework.http.converter.xml.SourceHttpMessageConverterTests" time="0.002"/>
  <testcase name="readStAXSource" classname="org.springframework.http.converter.xml.SourceHttpMessageConverterTests" time="0.001"/>
  <testcase name="readSAXSource" classname="org.springframework.http.converter.xml.SourceHttpMessageConverterTests" time="0.002"/>
  <testcase name="readStreamSource" classname="org.springframework.http.converter.xml.SourceHttpMessageConverterTests" time="0.002"/>
  <testcase name="writeSAXSource" classname="org.springframework.http.converter.xml.SourceHttpMessageConverterTests" time="0.003"/>
  <testcase name="readStAXSourceExternal" classname="org.springframework.http.converter.xml.SourceHttpMessageConverterTests" time="0.003"/>
  <system-out><![CDATA[]]></system-out>
  <system-err><![CDATA[[Fatal Error] :2:10: 将功能 "http://apache.org/xml/features/disallow-doctype-decl" 设置为“真”时, 不允许使用 DOCTYPE。
[Fatal Error] :2:10: 将功能 "http://apache.org/xml/features/disallow-doctype-decl" 设置为“真”时, 不允许使用 DOCTYPE。
]]></system-err>
</testsuite>
