<?xml version="1.0" encoding="UTF-8"?>
<testsuite name="org.springframework.http.HttpRangeTests" tests="14" skipped="0" failures="0" errors="0" timestamp="2016-11-10T08:05:02" hostname="XB-20161010YVDY" time="0.115">
  <properties/>
  <testcase name="suffixRange" classname="org.springframework.http.HttpRangeTests" time="0.0"/>
  <testcase name="byteRange" classname="org.springframework.http.HttpRangeTests" time="0.0"/>
  <testcase name="invalidFirstPosition" classname="org.springframework.http.HttpRangeTests" time="0.0"/>
  <testcase name="toResourceRegionIllegalLength" classname="org.springframework.http.HttpRangeTests" time="0.055"/>
  <testcase name="byteRangeOfZeroLength" classname="org.springframework.http.HttpRangeTests" time="0.0"/>
  <testcase name="parseRanges" classname="org.springframework.http.HttpRangeTests" time="0.0"/>
  <testcase name="toResourceRegion" classname="org.springframework.http.HttpRangeTests" time="0.0"/>
  <testcase name="toResourceRegionInputStreamResource" classname="org.springframework.http.HttpRangeTests" time="0.058"/>
  <testcase name="toResourceRegionExceptionLength" classname="org.springframework.http.HttpRangeTests" time="0.0"/>
  <testcase name="invalidSuffixLength" classname="org.springframework.http.HttpRangeTests" time="0.0"/>
  <testcase name="invalidLastLessThanFirst" classname="org.springframework.http.HttpRangeTests" time="0.0"/>
  <testcase name="byteRangeWithoutLastPosition" classname="org.springframework.http.HttpRangeTests" time="0.0"/>
  <testcase name="suffixRangeShorterThanRepresentation" classname="org.springframework.http.HttpRangeTests" time="0.0"/>
  <testcase name="rangeToString" classname="org.springframework.http.HttpRangeTests" time="0.0"/>
  <system-out><![CDATA[]]></system-out>
  <system-err><![CDATA[]]></system-err>
</testsuite>
