<?xml version="1.0" encoding="UTF-8"?>
<testsuite name="org.springframework.http.client.BufferedSimpleHttpRequestFactoryTests" tests="8" skipped="0" failures="0" errors="0" timestamp="2016-11-10T08:04:49" hostname="XB-20161010YVDY" time="0.024">
  <properties/>
  <testcase name="prepareConnectionWithRequestBody" classname="org.springframework.http.client.BufferedSimpleHttpRequestFactoryTests" time="0.001"/>
  <testcase name="deleteWithoutBodyDoesNotRaiseException" classname="org.springframework.http.client.BufferedSimpleHttpRequestFactoryTests" time="0.001"/>
  <testcase name="httpMethods" classname="org.springframework.http.client.BufferedSimpleHttpRequestFactoryTests" time="0.0"/>
  <testcase name="headersAfterExecute" classname="org.springframework.http.client.BufferedSimpleHttpRequestFactoryTests" time="0.001"/>
  <testcase name="status" classname="org.springframework.http.client.BufferedSimpleHttpRequestFactoryTests" time="0.013"/>
  <testcase name="echo" classname="org.springframework.http.client.BufferedSimpleHttpRequestFactoryTests" time="0.001"/>
  <testcase name="multipleWrites" classname="org.springframework.http.client.BufferedSimpleHttpRequestFactoryTests" time="0.001"/>
  <testcase name="queryParameters" classname="org.springframework.http.client.BufferedSimpleHttpRequestFactoryTests" time="0.005"/>
  <system-out><![CDATA[]]></system-out>
  <system-err><![CDATA[]]></system-err>
</testsuite>
