<?xml version="1.0" encoding="UTF-8"?>
<testsuite name="org.springframework.web.filter.CorsFilterTests" tests="4" skipped="0" failures="0" errors="0" timestamp="2016-11-10T08:05:27" hostname="XB-20161010YVDY" time="0.005">
  <properties/>
  <testcase name="validActualRequest" classname="org.springframework.web.filter.CorsFilterTests" time="0.002"/>
  <testcase name="validPreFlightRequest" classname="org.springframework.web.filter.CorsFilterTests" time="0.001"/>
  <testcase name="invalidPreFlightRequest" classname="org.springframework.web.filter.CorsFilterTests" time="0.001"/>
  <testcase name="invalidActualRequest" classname="org.springframework.web.filter.CorsFilterTests" time="0.001"/>
  <system-out><![CDATA[]]></system-out>
  <system-err><![CDATA[]]></system-err>
</testsuite>
