<?xml version="1.0" encoding="UTF-8"?>
<testsuite name="org.springframework.http.codec.FormHttpMessageReaderTests" tests="3" skipped="0" failures="0" errors="0" timestamp="2016-11-10T08:04:58" hostname="XB-20161010YVDY" time="0.006">
  <properties/>
  <testcase name="readFormAsFlux" classname="org.springframework.http.codec.FormHttpMessageReaderTests" time="0.003"/>
  <testcase name="readFormAsMono" classname="org.springframework.http.codec.FormHttpMessageReaderTests" time="0.0"/>
  <testcase name="canRead" classname="org.springframework.http.codec.FormHttpMessageReaderTests" time="0.002"/>
  <system-out><![CDATA[]]></system-out>
  <system-err><![CDATA[]]></system-err>
</testsuite>
