<?xml version="1.0" encoding="UTF-8"?>
<testsuite name="org.springframework.remoting.httpinvoker.HttpInvokerFactoryBeanIntegrationTests" tests="3" skipped="0" failures="0" errors="0" timestamp="2016-11-10T08:05:21" hostname="XB-20161010YVDY" time="0.514">
  <properties/>
  <testcase name="testLoadedConfigClass" classname="org.springframework.remoting.httpinvoker.HttpInvokerFactoryBeanIntegrationTests" time="0.41"/>
  <testcase name="testNonLoadedConfigClass" classname="org.springframework.remoting.httpinvoker.HttpInvokerFactoryBeanIntegrationTests" time="0.077"/>
  <testcase name="withConfigurationClassWithPlainFactoryBean" classname="org.springframework.remoting.httpinvoker.HttpInvokerFactoryBeanIntegrationTests" time="0.026"/>
  <system-out><![CDATA[]]></system-out>
  <system-err><![CDATA[]]></system-err>
</testsuite>
