<?xml version="1.0" encoding="UTF-8"?>
<testsuite name="org.springframework.web.context.request.RequestScopedProxyTests" tests="6" skipped="0" failures="0" errors="0" timestamp="2016-11-10T08:05:26" hostname="XB-20161010YVDY" time="0.507">
  <properties/>
  <testcase name="testGetAnonymousInnerBeanFromScope" classname="org.springframework.web.context.request.RequestScopedProxyTests" time="0.296"/>
  <testcase name="testGetInnerBeanFromScope" classname="org.springframework.web.context.request.RequestScopedProxyTests" time="0.039"/>
  <testcase name="testGetFromFactoryBeanInScope" classname="org.springframework.web.context.request.RequestScopedProxyTests" time="0.041"/>
  <testcase name="testGetFromScopeThroughDynamicProxy" classname="org.springframework.web.context.request.RequestScopedProxyTests" time="0.037"/>
  <testcase name="testGetFromScope" classname="org.springframework.web.context.request.RequestScopedProxyTests" time="0.042"/>
  <testcase name="testDestructionAtRequestCompletion" classname="org.springframework.web.context.request.RequestScopedProxyTests" time="0.052"/>
  <system-out><![CDATA[]]></system-out>
  <system-err><![CDATA[]]></system-err>
</testsuite>
