<?xml version="1.0" encoding="UTF-8"?>
<testsuite name="org.springframework.web.context.request.RequestAndSessionScopedBeanTests" tests="2" skipped="0" failures="0" errors="0" timestamp="2016-11-10T08:05:26" hostname="XB-20161010YVDY" time="0.026">
  <properties/>
  <testcase name="testPutBeanInSession" classname="org.springframework.web.context.request.RequestAndSessionScopedBeanTests" time="0.015"/>
  <testcase name="testPutBeanInRequest" classname="org.springframework.web.context.request.RequestAndSessionScopedBeanTests" time="0.011"/>
  <system-out><![CDATA[]]></system-out>
  <system-err><![CDATA[]]></system-err>
</testsuite>
