<?xml version="1.0" encoding="UTF-8"?>
<testsuite name="org.springframework.http.converter.BufferedImageHttpMessageConverterTests" tests="5" skipped="0" failures="0" errors="0" timestamp="2016-11-10T08:04:59" hostname="XB-20161010YVDY" time="0.358">
  <properties/>
  <testcase name="canWrite" classname="org.springframework.http.converter.BufferedImageHttpMessageConverterTests" time="0.019"/>
  <testcase name="read" classname="org.springframework.http.converter.BufferedImageHttpMessageConverterTests" time="0.024"/>
  <testcase name="write" classname="org.springframework.http.converter.BufferedImageHttpMessageConverterTests" time="0.198"/>
  <testcase name="canRead" classname="org.springframework.http.converter.BufferedImageHttpMessageConverterTests" time="0.001"/>
  <testcase name="writeDefaultContentType" classname="org.springframework.http.converter.BufferedImageHttpMessageConverterTests" time="0.116"/>
  <system-out><![CDATA[]]></system-out>
  <system-err><![CDATA[]]></system-err>
</testsuite>
