<?xml version="1.0" encoding="UTF-8"?>
<testsuite name="org.springframework.web.util.WebUtilsTests" tests="4" skipped="0" failures="0" errors="0" timestamp="2016-11-10T08:05:29" hostname="XB-20161010YVDY" time="0.002">
  <properties/>
  <testcase name="parseMatrixVariablesString" classname="org.springframework.web.util.WebUtilsTests" time="0.0"/>
  <testcase name="isSameOrigin" classname="org.springframework.web.util.WebUtilsTests" time="0.001"/>
  <testcase name="isValidOrigin" classname="org.springframework.web.util.WebUtilsTests" time="0.001"/>
  <testcase name="findParameterValue" classname="org.springframework.web.util.WebUtilsTests" time="0.0"/>
  <system-out><![CDATA[]]></system-out>
  <system-err><![CDATA[]]></system-err>
</testsuite>
