<?xml version="1.0" encoding="UTF-8"?>
<testsuite name="org.springframework.web.server.session.DefaultWebSessionManagerTests" tests="6" skipped="0" failures="0" errors="0" timestamp="2016-11-10T08:05:28" hostname="XB-20161010YVDY" time="0.008">
  <properties/>
  <testcase name="startSessionExplicitly" classname="org.springframework.web.server.session.DefaultWebSessionManagerTests" time="0.006"/>
  <testcase name="existingSession" classname="org.springframework.web.server.session.DefaultWebSessionManagerTests" time="0.0"/>
  <testcase name="multipleSessions" classname="org.springframework.web.server.session.DefaultWebSessionManagerTests" time="0.001"/>
  <testcase name="getSessionWithoutStarting" classname="org.springframework.web.server.session.DefaultWebSessionManagerTests" time="0.0"/>
  <testcase name="startSessionImplicitly" classname="org.springframework.web.server.session.DefaultWebSessionManagerTests" time="0.0"/>
  <testcase name="existingSessionIsExpired" classname="org.springframework.web.server.session.DefaultWebSessionManagerTests" time="0.001"/>
  <system-out><![CDATA[]]></system-out>
  <system-err><![CDATA[]]></system-err>
</testsuite>
