<?xml version="1.0" encoding="UTF-8"?>
<testsuite name="org.springframework.web.filter.DelegatingFilterProxyTests" tests="13" skipped="0" failures="0" errors="0" timestamp="2016-11-10T08:05:27" hostname="XB-20161010YVDY" time="0.084">
  <properties/>
  <testcase name="testDelegatingFilterProxyNotInjectedWacServletAttrPreferred" classname="org.springframework.web.filter.DelegatingFilterProxyTests" time="0.005"/>
  <testcase name="testDelegatingFilterProxyAndCustomContextAttribute" classname="org.springframework.web.filter.DelegatingFilterProxyTests" time="0.015"/>
  <testcase name="testDelegatingFilterProxy" classname="org.springframework.web.filter.DelegatingFilterProxyTests" time="0.015"/>
  <testcase name="testDelegatingFilterProxyWithFilterDelegateInstance" classname="org.springframework.web.filter.DelegatingFilterProxyTests" time="0.001"/>
  <testcase name="testDelegatingFilterProxyWithTargetBeanNameAndNotYetRefreshedApplicationContext" classname="org.springframework.web.filter.DelegatingFilterProxyTests" time="0.001"/>
  <testcase name="testDelegatingFilterProxyInjectedPreferred" classname="org.springframework.web.filter.DelegatingFilterProxyTests" time="0.004"/>
  <testcase name="testDelegatingFilterProxyWithTargetBeanNameAndNoApplicationContext" classname="org.springframework.web.filter.DelegatingFilterProxyTests" time="0.001"/>
  <testcase name="testDelegatingFilterProxyWithTargetBeanName" classname="org.springframework.web.filter.DelegatingFilterProxyTests" time="0.001"/>
  <testcase name="testDelegatingFilterProxyWithFilterName" classname="org.springframework.web.filter.DelegatingFilterProxyTests" time="0.002"/>
  <testcase name="testDelegatingFilterProxyWithTargetFilterLifecycle" classname="org.springframework.web.filter.DelegatingFilterProxyTests" time="0.011"/>
  <testcase name="testDelegatingFilterProxyWithFrameworkServletContext" classname="org.springframework.web.filter.DelegatingFilterProxyTests" time="0.01"/>
  <testcase name="testDelegatingFilterProxyNotInjectedWithRootPreferred" classname="org.springframework.web.filter.DelegatingFilterProxyTests" time="0.003"/>
  <testcase name="testDelegatingFilterProxyWithLazyContextStartup" classname="org.springframework.web.filter.DelegatingFilterProxyTests" time="0.014"/>
  <system-out><![CDATA[]]></system-out>
  <system-err><![CDATA[]]></system-err>
</testsuite>
