<?xml version="1.0" encoding="UTF-8"?>
<testsuite name="org.springframework.http.codec.ResourceRegionHttpMessageWriterTests" tests="4" skipped="0" failures="0" errors="0" timestamp="2016-11-10T08:04:58" hostname="XB-20161010YVDY" time="0.006">
  <properties/>
  <testcase name="shouldWriteMultipleResourceRegions" classname="org.springframework.http.codec.ResourceRegionHttpMessageWriterTests" time="0.004"/>
  <testcase name="shouldWriteResourceRegion" classname="org.springframework.http.codec.ResourceRegionHttpMessageWriterTests" time="0.001"/>
  <testcase name="defaultContentType" classname="org.springframework.http.codec.ResourceRegionHttpMessageWriterTests" time="0.0"/>
  <testcase name="writableMediaTypes" classname="org.springframework.http.codec.ResourceRegionHttpMessageWriterTests" time="0.0"/>
  <system-out><![CDATA[]]></system-out>
  <system-err><![CDATA[]]></system-err>
</testsuite>
