<?xml version="1.0" encoding="UTF-8"?>
<testsuite name="org.springframework.web.method.annotation.ModelFactoryTests" tests="12" skipped="0" failures="0" errors="0" timestamp="2016-11-10T08:05:28" hostname="XB-20161010YVDY" time="0.017">
  <properties/>
  <testcase name="modelAttributeMethodWithNameByConvention" classname="org.springframework.web.method.annotation.ModelFactoryTests" time="0.007"/>
  <testcase name="sessionAttribute" classname="org.springframework.web.method.annotation.ModelFactoryTests" time="0.001"/>
  <testcase name="sessionAttributeNotPresent" classname="org.springframework.web.method.annotation.ModelFactoryTests" time="0.001"/>
  <testcase name="modelAttributeMethodWithNullReturnValue" classname="org.springframework.web.method.annotation.ModelFactoryTests" time="0.003"/>
  <testcase name="updateModelSessionAttributesSaved" classname="org.springframework.web.method.annotation.ModelFactoryTests" time="0.001"/>
  <testcase name="updateModelSessionAttributesRemoved" classname="org.springframework.web.method.annotation.ModelFactoryTests" time="0.001"/>
  <testcase name="modelAttributeFromSessionWithBindingDisabled" classname="org.springframework.web.method.annotation.ModelFactoryTests" time="0.0"/>
  <testcase name="modelAttributeMethod" classname="org.springframework.web.method.annotation.ModelFactoryTests" time="0.0"/>
  <testcase name="modelAttributeMethodWithExplicitName" classname="org.springframework.web.method.annotation.ModelFactoryTests" time="0.0"/>
  <testcase name="updateModelWhenRedirecting" classname="org.springframework.web.method.annotation.ModelFactoryTests" time="0.0"/>
  <testcase name="updateModelBindingResult" classname="org.springframework.web.method.annotation.ModelFactoryTests" time="0.0"/>
  <testcase name="modelAttributeWithBindingDisabled" classname="org.springframework.web.method.annotation.ModelFactoryTests" time="0.001"/>
  <system-out><![CDATA[]]></system-out>
  <system-err><![CDATA[]]></system-err>
</testsuite>
