<?xml version="1.0" encoding="UTF-8"?>
<testsuite name="org.springframework.http.codec.ResourceHttpMessageWriterTests" tests="4" skipped="0" failures="0" errors="0" timestamp="2016-11-10T08:04:58" hostname="XB-20161010YVDY" time="0.013">
  <properties/>
  <testcase name="shouldSetRangeNotSatisfiableStatus" classname="org.springframework.http.codec.ResourceHttpMessageWriterTests" time="0.003"/>
  <testcase name="shouldWriteResourceRange" classname="org.springframework.http.codec.ResourceHttpMessageWriterTests" time="0.009"/>
  <testcase name="shouldWriteResource" classname="org.springframework.http.codec.ResourceHttpMessageWriterTests" time="0.001"/>
  <testcase name="writableMediaTypes" classname="org.springframework.http.codec.ResourceHttpMessageWriterTests" time="0.0"/>
  <system-out><![CDATA[]]></system-out>
  <system-err><![CDATA[]]></system-err>
</testsuite>
