<?xml version="1.0" encoding="UTF-8"?>
<testsuite name="org.springframework.web.filter.CharacterEncodingFilterTests" tests="6" skipped="0" failures="0" errors="0" timestamp="2016-11-10T08:05:27" hostname="XB-20161010YVDY" time="0.086">
  <properties/>
  <testcase name="encodingIfEmptyAndNotForced" classname="org.springframework.web.filter.CharacterEncodingFilterTests" time="0.015"/>
  <testcase name="doesNotIfEncodingIsNotEmptyAndNotForced" classname="org.springframework.web.filter.CharacterEncodingFilterTests" time="0.001"/>
  <testcase name="withBeanInitialization" classname="org.springframework.web.filter.CharacterEncodingFilterTests" time="0.001"/>
  <testcase name="setForceEncodingOnRequestOnly" classname="org.springframework.web.filter.CharacterEncodingFilterTests" time="0.067"/>
  <testcase name="forceEncodingAlwaysSetsEncoding" classname="org.springframework.web.filter.CharacterEncodingFilterTests" time="0.001"/>
  <testcase name="withIncompleteInitialization" classname="org.springframework.web.filter.CharacterEncodingFilterTests" time="0.001"/>
  <system-out><![CDATA[]]></system-out>
  <system-err><![CDATA[]]></system-err>
</testsuite>
