<?xml version="1.0" encoding="UTF-8"?>
<testsuite name="org.springframework.web.client.HttpStatusCodeExceptionTests" tests="1" skipped="0" failures="0" errors="0" timestamp="2016-11-10T08:05:24" hostname="XB-20161010YVDY" time="0.002">
  <properties/>
  <testcase name="testSerializability" classname="org.springframework.web.client.HttpStatusCodeExceptionTests" time="0.002"/>
  <system-out><![CDATA[]]></system-out>
  <system-err><![CDATA[]]></system-err>
</testsuite>
