<?xml version="1.0" encoding="UTF-8"?>
<testsuite name="org.springframework.http.server.reactive.ServerHttpRequestIntegrationTests" tests="5" skipped="0" failures="0" errors="0" timestamp="2016-11-10T08:05:09" hostname="XB-20161010YVDY" time="0.246">
  <properties/>
  <testcase name="checkUri[server [org.springframework.http.server.reactive.bootstrap.JettyHttpServer@6fec906b]]" classname="org.springframework.http.server.reactive.ServerHttpRequestIntegrationTests" time="0.032"/>
  <testcase name="checkUri[server [org.springframework.http.server.reactive.bootstrap.RxNettyHttpServer@2fef2255]]" classname="org.springframework.http.server.reactive.ServerHttpRequestIntegrationTests" time="0.021"/>
  <testcase name="checkUri[server [org.springframework.http.server.reactive.bootstrap.ReactorHttpServer@2ad651d9]]" classname="org.springframework.http.server.reactive.ServerHttpRequestIntegrationTests" time="0.035"/>
  <testcase name="checkUri[server [org.springframework.http.server.reactive.bootstrap.TomcatHttpServer@4dd93dff]]" classname="org.springframework.http.server.reactive.ServerHttpRequestIntegrationTests" time="0.108"/>
  <testcase name="checkUri[server [org.springframework.http.server.reactive.bootstrap.UndertowHttpServer@463d93e7]]" classname="org.springframework.http.server.reactive.ServerHttpRequestIntegrationTests" time="0.048"/>
  <system-out><![CDATA[]]></system-out>
  <system-err><![CDATA[十一月 10, 2016 4:05:09 下午 org.apache.coyote.AbstractProtocol init
信息: Initializing ProtocolHandler ["http-nio-13524"]
十一月 10, 2016 4:05:09 下午 org.apache.tomcat.util.net.NioSelectorPool getSharedSelector
信息: Using a shared selector for servlet write/read
十一月 10, 2016 4:05:09 下午 org.apache.catalina.core.StandardService startInternal
信息: Starting service Tomcat
十一月 10, 2016 4:05:09 下午 org.apache.catalina.core.StandardEngine startInternal
信息: Starting Servlet Engine: Apache Tomcat/8.5.6
十一月 10, 2016 4:05:09 下午 org.apache.coyote.AbstractProtocol start
信息: Starting ProtocolHandler [http-nio-13524]
十一月 10, 2016 4:05:09 下午 org.apache.coyote.AbstractProtocol pause
信息: Pausing ProtocolHandler ["http-nio-13524"]
十一月 10, 2016 4:05:09 下午 org.apache.catalina.core.StandardService stopInternal
信息: Stopping service Tomcat
十一月 10, 2016 4:05:09 下午 org.apache.coyote.AbstractProtocol stop
信息: Stopping ProtocolHandler ["http-nio-13524"]
十一月 10, 2016 4:05:09 下午 org.apache.coyote.AbstractProtocol destroy
信息: Destroying ProtocolHandler ["http-nio-13524"]
]]></system-err>
</testsuite>
