<?xml version="1.0" encoding="UTF-8"?>
<testsuite name="org.springframework.web.method.ControllerAdviceBeanTests" tests="8" skipped="0" failures="0" errors="0" timestamp="2016-11-10T08:05:28" hostname="XB-20161010YVDY" time="0.018">
  <properties/>
  <testcase name="annotationSupport" classname="org.springframework.web.method.ControllerAdviceBeanTests" time="0.01"/>
  <testcase name="shouldMatchAll" classname="org.springframework.web.method.ControllerAdviceBeanTests" time="0.001"/>
  <testcase name="multipleMatch" classname="org.springframework.web.method.ControllerAdviceBeanTests" time="0.001"/>
  <testcase name="basePackageSupport" classname="org.springframework.web.method.ControllerAdviceBeanTests" time="0.0"/>
  <testcase name="assignableTypesSupport" classname="org.springframework.web.method.ControllerAdviceBeanTests" time="0.0"/>
  <testcase name="shouldNotMatch" classname="org.springframework.web.method.ControllerAdviceBeanTests" time="0.002"/>
  <testcase name="markerClassSupport" classname="org.springframework.web.method.ControllerAdviceBeanTests" time="0.002"/>
  <testcase name="basePackageValueSupport" classname="org.springframework.web.method.ControllerAdviceBeanTests" time="0.001"/>
  <system-out><![CDATA[]]></system-out>
  <system-err><![CDATA[]]></system-err>
</testsuite>
