<?xml version="1.0" encoding="UTF-8"?>
<testsuite name="org.springframework.web.util.ContentCachingRequestWrapperTests" tests="3" skipped="0" failures="0" errors="0" timestamp="2016-11-10T08:05:29" hostname="XB-20161010YVDY" time="0.001">
  <properties/>
  <testcase name="cachedContent" classname="org.springframework.web.util.ContentCachingRequestWrapperTests" time="0.001"/>
  <testcase name="inputStreamFormPostRequest" classname="org.springframework.web.util.ContentCachingRequestWrapperTests" time="0.0"/>
  <testcase name="requestParams" classname="org.springframework.web.util.ContentCachingRequestWrapperTests" time="0.0"/>
  <system-out><![CDATA[]]></system-out>
  <system-err><![CDATA[]]></system-err>
</testsuite>
