<?xml version="1.0" encoding="UTF-8"?>
<testsuite name="org.springframework.web.filter.RequestContextFilterTests" tests="2" skipped="0" failures="0" errors="0" timestamp="2016-11-10T08:05:27" hostname="XB-20161010YVDY" time="0.003">
  <properties/>
  <testcase name="happyPath" classname="org.springframework.web.filter.RequestContextFilterTests" time="0.002"/>
  <testcase name="withException" classname="org.springframework.web.filter.RequestContextFilterTests" time="0.001"/>
  <system-out><![CDATA[]]></system-out>
  <system-err><![CDATA[]]></system-err>
</testsuite>
