<?xml version="1.0" encoding="UTF-8"?>
<testsuite name="org.springframework.web.client.reactive.WebClientIntegrationTests" tests="13" skipped="0" failures="0" errors="0" timestamp="2016-11-10T08:05:24" hostname="XB-20161010YVDY" time="0.391">
  <properties/>
  <testcase name="filter" classname="org.springframework.web.client.reactive.WebClientIntegrationTests" time="0.054"/>
  <testcase name="retrieveNotFound" classname="org.springframework.web.client.reactive.WebClientIntegrationTests" time="0.026"/>
  <testcase name="jsonPojoFlux" classname="org.springframework.web.client.reactive.WebClientIntegrationTests" time="0.031"/>
  <testcase name="jsonPojoMono" classname="org.springframework.web.client.reactive.WebClientIntegrationTests" time="0.023"/>
  <testcase name="jsonString" classname="org.springframework.web.client.reactive.WebClientIntegrationTests" time="0.024"/>
  <testcase name="retrieveFlux" classname="org.springframework.web.client.reactive.WebClientIntegrationTests" time="0.021"/>
  <testcase name="retrieveMono" classname="org.springframework.web.client.reactive.WebClientIntegrationTests" time="0.019"/>
  <testcase name="headers" classname="org.springframework.web.client.reactive.WebClientIntegrationTests" time="0.052"/>
  <testcase name="cookies" classname="org.springframework.web.client.reactive.WebClientIntegrationTests" time="0.028"/>
  <testcase name="retrieveServerError" classname="org.springframework.web.client.reactive.WebClientIntegrationTests" time="0.029"/>
  <testcase name="notFound" classname="org.springframework.web.client.reactive.WebClientIntegrationTests" time="0.025"/>
  <testcase name="postJsonPojo" classname="org.springframework.web.client.reactive.WebClientIntegrationTests" time="0.036"/>
  <testcase name="plainText" classname="org.springframework.web.client.reactive.WebClientIntegrationTests" time="0.022"/>
  <system-out><![CDATA[]]></system-out>
  <system-err><![CDATA[十一月 10, 2016 4:05:25 下午 okhttp3.mockwebserver.MockWebServer$3 execute
信息: MockWebServer[65488] starting to accept connections
十一月 10, 2016 4:05:25 下午 okhttp3.mockwebserver.MockWebServer$4 processOneRequest
信息: MockWebServer[65488] received request: GET /greeting?name=Spring HTTP/1.1 and responded: HTTP/1.1 200 OK
十一月 10, 2016 4:05:25 下午 okhttp3.mockwebserver.MockWebServer$3 acceptConnections
信息: MockWebServer[65488] done accepting connections: socket closed
十一月 10, 2016 4:05:25 下午 okhttp3.mockwebserver.MockWebServer$3 execute
信息: MockWebServer[65498] starting to accept connections
十一月 10, 2016 4:05:25 下午 okhttp3.mockwebserver.MockWebServer$4 processOneRequest
信息: MockWebServer[65498] received request: GET /greeting?name=Spring HTTP/1.1 and responded: HTTP/1.1 404 Client Error
十一月 10, 2016 4:05:25 下午 okhttp3.mockwebserver.MockWebServer$3 acceptConnections
信息: MockWebServer[65498] done accepting connections: socket closed
十一月 10, 2016 4:05:25 下午 okhttp3.mockwebserver.MockWebServer$3 execute
信息: MockWebServer[65504] starting to accept connections
十一月 10, 2016 4:05:25 下午 okhttp3.mockwebserver.MockWebServer$4 processOneRequest
信息: MockWebServer[65504] received request: GET /pojos HTTP/1.1 and responded: HTTP/1.1 200 OK
十一月 10, 2016 4:05:25 下午 okhttp3.mockwebserver.MockWebServer$3 acceptConnections
信息: MockWebServer[65504] done accepting connections: socket closed
十一月 10, 2016 4:05:25 下午 okhttp3.mockwebserver.MockWebServer$3 execute
信息: MockWebServer[65510] starting to accept connections
十一月 10, 2016 4:05:25 下午 okhttp3.mockwebserver.MockWebServer$3 acceptConnections
信息: MockWebServer[65510] done accepting connections: socket closed
十一月 10, 2016 4:05:25 下午 okhttp3.mockwebserver.MockWebServer$4 processOneRequest
信息: MockWebServer[65510] received request: GET /pojo HTTP/1.1 and responded: HTTP/1.1 200 OK
十一月 10, 2016 4:05:25 下午 okhttp3.mockwebserver.MockWebServer$3 execute
信息: MockWebServer[65516] starting to accept connections
十一月 10, 2016 4:05:25 下午 okhttp3.mockwebserver.MockWebServer$4 processOneRequest
信息: MockWebServer[65516] received request: GET /json HTTP/1.1 and responded: HTTP/1.1 200 OK
十一月 10, 2016 4:05:25 下午 okhttp3.mockwebserver.MockWebServer$3 acceptConnections
信息: MockWebServer[65516] done accepting connections: socket closed
十一月 10, 2016 4:05:25 下午 okhttp3.mockwebserver.MockWebServer$3 execute
信息: MockWebServer[65522] starting to accept connections
十一月 10, 2016 4:05:25 下午 okhttp3.mockwebserver.MockWebServer$4 processOneRequest
信息: MockWebServer[65522] received request: GET /greeting?name=Spring HTTP/1.1 and responded: HTTP/1.1 200 OK
十一月 10, 2016 4:05:25 下午 okhttp3.mockwebserver.MockWebServer$3 acceptConnections
信息: MockWebServer[65522] done accepting connections: socket closed
十一月 10, 2016 4:05:25 下午 okhttp3.mockwebserver.MockWebServer$3 execute
信息: MockWebServer[65528] starting to accept connections
十一月 10, 2016 4:05:25 下午 okhttp3.mockwebserver.MockWebServer$4 processOneRequest
信息: MockWebServer[65528] received request: GET /greeting?name=Spring HTTP/1.1 and responded: HTTP/1.1 200 OK
十一月 10, 2016 4:05:25 下午 okhttp3.mockwebserver.MockWebServer$3 acceptConnections
信息: MockWebServer[65528] done accepting connections: socket closed
十一月 10, 2016 4:05:25 下午 okhttp3.mockwebserver.MockWebServer$3 execute
信息: MockWebServer[65534] starting to accept connections
十一月 10, 2016 4:05:25 下午 okhttp3.mockwebserver.MockWebServer$4 processOneRequest
信息: MockWebServer[65534] received request: GET /greeting?name=Spring HTTP/1.1 and responded: HTTP/1.1 200 OK
十一月 10, 2016 4:05:25 下午 okhttp3.mockwebserver.MockWebServer$3 acceptConnections
信息: MockWebServer[65534] done accepting connections: socket closed
十一月 10, 2016 4:05:25 下午 okhttp3.mockwebserver.MockWebServer$3 execute
信息: MockWebServer[49161] starting to accept connections
十一月 10, 2016 4:05:25 下午 okhttp3.mockwebserver.MockWebServer$4 processOneRequest
信息: MockWebServer[49161] received request: GET /test HTTP/1.1 and responded: HTTP/1.1 200 OK
十一月 10, 2016 4:05:25 下午 okhttp3.mockwebserver.MockWebServer$3 acceptConnections
信息: MockWebServer[49161] done accepting connections: socket closed
十一月 10, 2016 4:05:25 下午 okhttp3.mockwebserver.MockWebServer$3 execute
信息: MockWebServer[49169] starting to accept connections
十一月 10, 2016 4:05:25 下午 okhttp3.mockwebserver.MockWebServer$4 processOneRequest
信息: MockWebServer[49169] received request: GET /greeting?name=Spring HTTP/1.1 and responded: HTTP/1.1 500 Server Error
十一月 10, 2016 4:05:25 下午 okhttp3.mockwebserver.MockWebServer$3 acceptConnections
信息: MockWebServer[49169] done accepting connections: socket closed
十一月 10, 2016 4:05:25 下午 okhttp3.mockwebserver.MockWebServer$3 execute
信息: MockWebServer[49176] starting to accept connections
十一月 10, 2016 4:05:25 下午 okhttp3.mockwebserver.MockWebServer$4 processOneRequest
信息: MockWebServer[49176] received request: GET /greeting?name=Spring HTTP/1.1 and responded: HTTP/1.1 404 Client Error
十一月 10, 2016 4:05:25 下午 okhttp3.mockwebserver.MockWebServer$3 acceptConnections
信息: MockWebServer[49176] done accepting connections: socket closed
十一月 10, 2016 4:05:25 下午 okhttp3.mockwebserver.MockWebServer$3 execute
信息: MockWebServer[49182] starting to accept connections
十一月 10, 2016 4:05:25 下午 okhttp3.mockwebserver.MockWebServer$4 processOneRequest
信息: MockWebServer[49182] received request: POST /pojo/capitalize HTTP/1.1 and responded: HTTP/1.1 200 OK
十一月 10, 2016 4:05:25 下午 okhttp3.mockwebserver.MockWebServer$3 acceptConnections
信息: MockWebServer[49182] done accepting connections: socket closed
十一月 10, 2016 4:05:25 下午 okhttp3.mockwebserver.MockWebServer$3 execute
信息: MockWebServer[49188] starting to accept connections
十一月 10, 2016 4:05:25 下午 okhttp3.mockwebserver.MockWebServer$4 processOneRequest
信息: MockWebServer[49188] received request: GET /greeting?name=Spring HTTP/1.1 and responded: HTTP/1.1 200 OK
十一月 10, 2016 4:05:25 下午 okhttp3.mockwebserver.MockWebServer$3 acceptConnections
信息: MockWebServer[49188] done accepting connections: socket closed
]]></system-err>
</testsuite>
