<?xml version="1.0" encoding="UTF-8"?>
<testsuite name="org.springframework.web.bind.support.WebRequestDataBinderIntegrationTests" tests="2" skipped="0" failures="0" errors="0" timestamp="2016-11-10T08:05:23" hostname="XB-20161010YVDY" time="0.062">
  <properties/>
  <testcase name="partsBinding" classname="org.springframework.web.bind.support.WebRequestDataBinderIntegrationTests" time="0.029"/>
  <testcase name="partListBinding" classname="org.springframework.web.bind.support.WebRequestDataBinderIntegrationTests" time="0.015"/>
  <system-out><![CDATA[]]></system-out>
  <system-err><![CDATA[]]></system-err>
</testsuite>
