<?xml version="1.0" encoding="UTF-8"?>
<testsuite name="org.springframework.web.context.support.AnnotationConfigWebApplicationContextTests" tests="4" skipped="0" failures="0" errors="0" timestamp="2016-11-10T08:05:27" hostname="XB-20161010YVDY" time="0.141">
  <properties/>
  <testcase name="withBeanNameGenerator" classname="org.springframework.web.context.support.AnnotationConfigWebApplicationContextTests" time="0.053"/>
  <testcase name="configLocationWithBasePackage" classname="org.springframework.web.context.support.AnnotationConfigWebApplicationContextTests" time="0.038"/>
  <testcase name="registerSingleClass" classname="org.springframework.web.context.support.AnnotationConfigWebApplicationContextTests" time="0.028"/>
  <testcase name="configLocationWithSingleClass" classname="org.springframework.web.context.support.AnnotationConfigWebApplicationContextTests" time="0.022"/>
  <system-out><![CDATA[]]></system-out>
  <system-err><![CDATA[]]></system-err>
</testsuite>
