<?xml version="1.0" encoding="UTF-8"?>
<testsuite name="org.springframework.remoting.jaxws.JaxWsSupportTests" tests="2" skipped="0" failures="0" errors="0" timestamp="2016-11-10T08:05:22" hostname="XB-20161010YVDY" time="0.806">
  <properties/>
  <testcase name="testJaxWsPortAccessWithFeature" classname="org.springframework.remoting.jaxws.JaxWsSupportTests" time="0.626"/>
  <testcase name="testJaxWsPortAccess" classname="org.springframework.remoting.jaxws.JaxWsSupportTests" time="0.18"/>
  <system-out><![CDATA[]]></system-out>
  <system-err><![CDATA[十一月 10, 2016 4:05:22 下午 com.sun.xml.internal.ws.transport.http.HttpAdapter$HttpToolkit handle
严重: Unknown JAXBContext implementation: class com.sun.xml.bind.v2.runtime.JAXBContextImpl
com.sun.xml.internal.ws.spi.db.DatabindingException: Unknown JAXBContext implementation: class com.sun.xml.bind.v2.runtime.JAXBContextImpl
	at com.sun.xml.internal.ws.spi.db.BindingContextFactory.getJAXBFactory(BindingContextFactory.java:192)
	at com.sun.xml.internal.ws.spi.db.BindingContextFactory.create(BindingContextFactory.java:134)
	at com.sun.xml.internal.ws.message.jaxb.JAXBMessage.create(JAXBMessage.java:152)
	at com.sun.xml.internal.ws.fault.SOAPFaultBuilder.createSOAP11Fault(SOAPFaultBuilder.java:424)
	at com.sun.xml.internal.ws.fault.SOAPFaultBuilder.createSOAPFaultMessage(SOAPFaultBuilder.java:201)
	at com.sun.xml.internal.ws.fault.SOAPFaultBuilder.createSOAPFaultMessage(SOAPFaultBuilder.java:189)
	at com.sun.xml.internal.ws.server.WSEndpointImpl$2.process(WSEndpointImpl.java:411)
	at com.sun.xml.internal.ws.transport.http.HttpAdapter$HttpToolkit.handle(HttpAdapter.java:706)
	at com.sun.xml.internal.ws.transport.http.HttpAdapter.handle(HttpAdapter.java:260)
	at com.sun.xml.internal.ws.transport.http.server.WSHttpHandler.handleExchange(WSHttpHandler.java:98)
	at com.sun.xml.internal.ws.transport.http.server.WSHttpHandler.handle(WSHttpHandler.java:82)
	at com.sun.net.httpserver.Filter$Chain.doFilter(Filter.java:79)
	at sun.net.httpserver.AuthFilter.doFilter(AuthFilter.java:83)
	at com.sun.net.httpserver.Filter$Chain.doFilter(Filter.java:82)
	at sun.net.httpserver.ServerImpl$Exchange$LinkHandler.handle(ServerImpl.java:675)
	at com.sun.net.httpserver.Filter$Chain.doFilter(Filter.java:79)
	at sun.net.httpserver.ServerImpl$Exchange.run(ServerImpl.java:647)
	at java.util.concurrent.ThreadPoolExecutor.runWorker(ThreadPoolExecutor.java:1142)
	at java.util.concurrent.ThreadPoolExecutor$Worker.run(ThreadPoolExecutor.java:617)
	at java.lang.Thread.run(Thread.java:745)

十一月 10, 2016 4:05:22 下午 com.sun.xml.internal.ws.transport.http.HttpAdapter$HttpToolkit handle
严重: Unknown JAXBContext implementation: class com.sun.xml.bind.v2.runtime.JAXBContextImpl
com.sun.xml.internal.ws.spi.db.DatabindingException: Unknown JAXBContext implementation: class com.sun.xml.bind.v2.runtime.JAXBContextImpl
	at com.sun.xml.internal.ws.spi.db.BindingContextFactory.getJAXBFactory(BindingContextFactory.java:192)
	at com.sun.xml.internal.ws.spi.db.BindingContextFactory.create(BindingContextFactory.java:134)
	at com.sun.xml.internal.ws.message.jaxb.JAXBMessage.create(JAXBMessage.java:152)
	at com.sun.xml.internal.ws.fault.SOAPFaultBuilder.createSOAP11Fault(SOAPFaultBuilder.java:424)
	at com.sun.xml.internal.ws.fault.SOAPFaultBuilder.createSOAPFaultMessage(SOAPFaultBuilder.java:201)
	at com.sun.xml.internal.ws.fault.SOAPFaultBuilder.createSOAPFaultMessage(SOAPFaultBuilder.java:189)
	at com.sun.xml.internal.ws.server.WSEndpointImpl$2.process(WSEndpointImpl.java:411)
	at com.sun.xml.internal.ws.transport.http.HttpAdapter$HttpToolkit.handle(HttpAdapter.java:706)
	at com.sun.xml.internal.ws.transport.http.HttpAdapter.handle(HttpAdapter.java:260)
	at com.sun.xml.internal.ws.transport.http.server.WSHttpHandler.handleExchange(WSHttpHandler.java:98)
	at com.sun.xml.internal.ws.transport.http.server.WSHttpHandler.handle(WSHttpHandler.java:82)
	at com.sun.net.httpserver.Filter$Chain.doFilter(Filter.java:79)
	at sun.net.httpserver.AuthFilter.doFilter(AuthFilter.java:83)
	at com.sun.net.httpserver.Filter$Chain.doFilter(Filter.java:82)
	at sun.net.httpserver.ServerImpl$Exchange$LinkHandler.handle(ServerImpl.java:675)
	at com.sun.net.httpserver.Filter$Chain.doFilter(Filter.java:79)
	at sun.net.httpserver.ServerImpl$Exchange.run(ServerImpl.java:647)
	at java.util.concurrent.ThreadPoolExecutor.runWorker(ThreadPoolExecutor.java:1142)
	at java.util.concurrent.ThreadPoolExecutor$Worker.run(ThreadPoolExecutor.java:617)
	at java.lang.Thread.run(Thread.java:745)

十一月 10, 2016 4:05:22 下午 com.sun.xml.internal.ws.transport.http.HttpAdapter$HttpToolkit handle
严重: Unknown JAXBContext implementation: class com.sun.xml.bind.v2.runtime.JAXBContextImpl
com.sun.xml.internal.ws.spi.db.DatabindingException: Unknown JAXBContext implementation: class com.sun.xml.bind.v2.runtime.JAXBContextImpl
	at com.sun.xml.internal.ws.spi.db.BindingContextFactory.getJAXBFactory(BindingContextFactory.java:192)
	at com.sun.xml.internal.ws.spi.db.BindingContextFactory.create(BindingContextFactory.java:134)
	at com.sun.xml.internal.ws.message.jaxb.JAXBMessage.create(JAXBMessage.java:152)
	at com.sun.xml.internal.ws.fault.SOAPFaultBuilder.createSOAP11Fault(SOAPFaultBuilder.java:424)
	at com.sun.xml.internal.ws.fault.SOAPFaultBuilder.createSOAPFaultMessage(SOAPFaultBuilder.java:201)
	at com.sun.xml.internal.ws.fault.SOAPFaultBuilder.createSOAPFaultMessage(SOAPFaultBuilder.java:189)
	at com.sun.xml.internal.ws.server.WSEndpointImpl$2.process(WSEndpointImpl.java:411)
	at com.sun.xml.internal.ws.transport.http.HttpAdapter$HttpToolkit.handle(HttpAdapter.java:706)
	at com.sun.xml.internal.ws.transport.http.HttpAdapter.handle(HttpAdapter.java:260)
	at com.sun.xml.internal.ws.transport.http.server.WSHttpHandler.handleExchange(WSHttpHandler.java:98)
	at com.sun.xml.internal.ws.transport.http.server.WSHttpHandler.handle(WSHttpHandler.java:82)
	at com.sun.net.httpserver.Filter$Chain.doFilter(Filter.java:79)
	at sun.net.httpserver.AuthFilter.doFilter(AuthFilter.java:83)
	at com.sun.net.httpserver.Filter$Chain.doFilter(Filter.java:82)
	at sun.net.httpserver.ServerImpl$Exchange$LinkHandler.handle(ServerImpl.java:675)
	at com.sun.net.httpserver.Filter$Chain.doFilter(Filter.java:79)
	at sun.net.httpserver.ServerImpl$Exchange.run(ServerImpl.java:647)
	at java.util.concurrent.ThreadPoolExecutor.runWorker(ThreadPoolExecutor.java:1142)
	at java.util.concurrent.ThreadPoolExecutor$Worker.run(ThreadPoolExecutor.java:617)
	at java.lang.Thread.run(Thread.java:745)

十一月 10, 2016 4:05:22 下午 com.sun.xml.internal.ws.transport.http.HttpAdapter$HttpToolkit handle
严重: Unknown JAXBContext implementation: class com.sun.xml.bind.v2.runtime.JAXBContextImpl
com.sun.xml.internal.ws.spi.db.DatabindingException: Unknown JAXBContext implementation: class com.sun.xml.bind.v2.runtime.JAXBContextImpl
	at com.sun.xml.internal.ws.spi.db.BindingContextFactory.getJAXBFactory(BindingContextFactory.java:192)
	at com.sun.xml.internal.ws.spi.db.BindingContextFactory.create(BindingContextFactory.java:134)
	at com.sun.xml.internal.ws.message.jaxb.JAXBMessage.create(JAXBMessage.java:152)
	at com.sun.xml.internal.ws.fault.SOAPFaultBuilder.createSOAP11Fault(SOAPFaultBuilder.java:424)
	at com.sun.xml.internal.ws.fault.SOAPFaultBuilder.createSOAPFaultMessage(SOAPFaultBuilder.java:201)
	at com.sun.xml.internal.ws.fault.SOAPFaultBuilder.createSOAPFaultMessage(SOAPFaultBuilder.java:189)
	at com.sun.xml.internal.ws.server.WSEndpointImpl$2.process(WSEndpointImpl.java:411)
	at com.sun.xml.internal.ws.transport.http.HttpAdapter$HttpToolkit.handle(HttpAdapter.java:706)
	at com.sun.xml.internal.ws.transport.http.HttpAdapter.handle(HttpAdapter.java:260)
	at com.sun.xml.internal.ws.transport.http.server.WSHttpHandler.handleExchange(WSHttpHandler.java:98)
	at com.sun.xml.internal.ws.transport.http.server.WSHttpHandler.handle(WSHttpHandler.java:82)
	at com.sun.net.httpserver.Filter$Chain.doFilter(Filter.java:79)
	at sun.net.httpserver.AuthFilter.doFilter(AuthFilter.java:83)
	at com.sun.net.httpserver.Filter$Chain.doFilter(Filter.java:82)
	at sun.net.httpserver.ServerImpl$Exchange$LinkHandler.handle(ServerImpl.java:675)
	at com.sun.net.httpserver.Filter$Chain.doFilter(Filter.java:79)
	at sun.net.httpserver.ServerImpl$Exchange.run(ServerImpl.java:647)
	at java.util.concurrent.ThreadPoolExecutor.runWorker(ThreadPoolExecutor.java:1142)
	at java.util.concurrent.ThreadPoolExecutor$Worker.run(ThreadPoolExecutor.java:617)
	at java.lang.Thread.run(Thread.java:745)

]]></system-err>
</testsuite>
