<?xml version="1.0" encoding="UTF-8"?>
<testsuite name="org.springframework.http.converter.xml.MarshallingHttpMessageConverterTests" tests="8" skipped="0" failures="0" errors="0" timestamp="2016-11-10T08:05:02" hostname="XB-20161010YVDY" time="0.043">
  <properties/>
  <testcase name="supports" classname="org.springframework.http.converter.xml.MarshallingHttpMessageConverterTests" time="0.005"/>
  <testcase name="canWrite" classname="org.springframework.http.converter.xml.MarshallingHttpMessageConverterTests" time="0.014"/>
  <testcase name="read" classname="org.springframework.http.converter.xml.MarshallingHttpMessageConverterTests" time="0.014"/>
  <testcase name="writeWithMarshallingFailureException" classname="org.springframework.http.converter.xml.MarshallingHttpMessageConverterTests" time="0.004"/>
  <testcase name="write" classname="org.springframework.http.converter.xml.MarshallingHttpMessageConverterTests" time="0.001"/>
  <testcase name="canRead" classname="org.springframework.http.converter.xml.MarshallingHttpMessageConverterTests" time="0.001"/>
  <testcase name="readWithMarshallingFailureException" classname="org.springframework.http.converter.xml.MarshallingHttpMessageConverterTests" time="0.001"/>
  <testcase name="readWithTypeMismatchException" classname="org.springframework.http.converter.xml.MarshallingHttpMessageConverterTests" time="0.001"/>
  <system-out><![CDATA[]]></system-out>
  <system-err><![CDATA[]]></system-err>
</testsuite>
