<?xml version="1.0" encoding="UTF-8"?>
<testsuite name="org.springframework.http.converter.feed.RssChannelHttpMessageConverterTests" tests="5" skipped="0" failures="0" errors="0" timestamp="2016-11-10T08:04:59" hostname="XB-20161010YVDY" time="0.024">
  <properties/>
  <testcase name="writeOtherCharset" classname="org.springframework.http.converter.feed.RssChannelHttpMessageConverterTests" time="0.004"/>
  <testcase name="canWrite" classname="org.springframework.http.converter.feed.RssChannelHttpMessageConverterTests" time="0.0"/>
  <testcase name="read" classname="org.springframework.http.converter.feed.RssChannelHttpMessageConverterTests" time="0.003"/>
  <testcase name="write" classname="org.springframework.http.converter.feed.RssChannelHttpMessageConverterTests" time="0.016"/>
  <testcase name="canRead" classname="org.springframework.http.converter.feed.RssChannelHttpMessageConverterTests" time="0.0"/>
  <system-out><![CDATA[]]></system-out>
  <system-err><![CDATA[]]></system-err>
</testsuite>
