<?xml version="1.0" encoding="UTF-8"?>
<testsuite name="org.springframework.web.method.annotation.RequestHeaderMethodArgumentResolverTests" tests="11" skipped="0" failures="0" errors="0" timestamp="2016-11-10T08:05:28" hostname="XB-20161010YVDY" time="0.023">
  <properties/>
  <testcase name="resolveDefaultValueFromSystemProperty" classname="org.springframework.web.method.annotation.RequestHeaderMethodArgumentResolverTests" time="0.003"/>
  <testcase name="resolveStringArrayArgument" classname="org.springframework.web.method.annotation.RequestHeaderMethodArgumentResolverTests" time="0.002"/>
  <testcase name="resolveDefaultValueFromRequest" classname="org.springframework.web.method.annotation.RequestHeaderMethodArgumentResolverTests" time="0.002"/>
  <testcase name="resolveNameFromSystemPropertyThroughPlaceholder" classname="org.springframework.web.method.annotation.RequestHeaderMethodArgumentResolverTests" time="0.001"/>
  <testcase name="resolveNameFromSystemPropertyThroughExpression" classname="org.springframework.web.method.annotation.RequestHeaderMethodArgumentResolverTests" time="0.002"/>
  <testcase name="dateConversion" classname="org.springframework.web.method.annotation.RequestHeaderMethodArgumentResolverTests" time="0.003"/>
  <testcase name="instantConversion" classname="org.springframework.web.method.annotation.RequestHeaderMethodArgumentResolverTests" time="0.004"/>
  <testcase name="resolveStringArgument" classname="org.springframework.web.method.annotation.RequestHeaderMethodArgumentResolverTests" time="0.001"/>
  <testcase name="resolveDefaultValue" classname="org.springframework.web.method.annotation.RequestHeaderMethodArgumentResolverTests" time="0.002"/>
  <testcase name="notFound" classname="org.springframework.web.method.annotation.RequestHeaderMethodArgumentResolverTests" time="0.001"/>
  <testcase name="supportsParameter" classname="org.springframework.web.method.annotation.RequestHeaderMethodArgumentResolverTests" time="0.002"/>
  <system-out><![CDATA[]]></system-out>
  <system-err><![CDATA[]]></system-err>
</testsuite>
