<?xml version="1.0" encoding="UTF-8"?>
<testsuite name="org.springframework.http.client.SimpleClientHttpRequestFactoryTests" tests="1" skipped="0" failures="0" errors="0" timestamp="2016-11-10T08:04:56" hostname="XB-20161010YVDY" time="0.355">
  <properties/>
  <testcase name="headerWithNullValue" classname="org.springframework.http.client.SimpleClientHttpRequestFactoryTests" time="0.355"/>
  <system-out><![CDATA[]]></system-out>
  <system-err><![CDATA[]]></system-err>
</testsuite>
