<?xml version="1.0" encoding="UTF-8"?>
<testsuite name="org.springframework.http.converter.HttpMessageConverterTests" tests="4" skipped="0" failures="0" errors="0" timestamp="2016-11-10T08:05:00" hostname="XB-20161010YVDY" time="0.001">
  <properties/>
  <testcase name="canWrite" classname="org.springframework.http.converter.HttpMessageConverterTests" time="0.0"/>
  <testcase name="canRead" classname="org.springframework.http.converter.HttpMessageConverterTests" time="0.0"/>
  <testcase name="canWriteWithWildcardInSupportedSubtype" classname="org.springframework.http.converter.HttpMessageConverterTests" time="0.001"/>
  <testcase name="canReadWithWildcardSubtype" classname="org.springframework.http.converter.HttpMessageConverterTests" time="0.0"/>
  <system-out><![CDATA[]]></system-out>
  <system-err><![CDATA[]]></system-err>
</testsuite>
