<?xml version="1.0" encoding="UTF-8"?>
<testsuite name="org.springframework.web.util.UriComponentsBuilderTests" tests="55" skipped="0" failures="0" errors="0" timestamp="2016-11-10T08:05:29" hostname="XB-20161010YVDY" time="0.016">
  <properties/>
  <testcase name="fromUriStringIPv6Host" classname="org.springframework.web.util.UriComponentsBuilderTests" time="0.001"/>
  <testcase name="emptySegments" classname="org.springframework.web.util.UriComponentsBuilderTests" time="0.001"/>
  <testcase name="queryParamWithValueWithEquals" classname="org.springframework.web.util.UriComponentsBuilderTests" time="0.0"/>
  <testcase name="queryParams" classname="org.springframework.web.util.UriComponentsBuilderTests" time="0.0"/>
  <testcase name="fromUriEncodedQuery" classname="org.springframework.web.util.UriComponentsBuilderTests" time="0.0"/>
  <testcase name="fromHttpRequestWithForwardedProtoMultiValueHeader" classname="org.springframework.web.util.UriComponentsBuilderTests" time="0.0"/>
  <testcase name="pathSegmentsThenPath" classname="org.springframework.web.util.UriComponentsBuilderTests" time="0.0"/>
  <testcase name="fromPath" classname="org.springframework.web.util.UriComponentsBuilderTests" time="0.0"/>
  <testcase name="testClone" classname="org.springframework.web.util.UriComponentsBuilderTests" time="0.0"/>
  <testcase name="parsesEmptyFragment" classname="org.springframework.web.util.UriComponentsBuilderTests" time="0.0"/>
  <testcase name="pathSegmentsSomeEmpty" classname="org.springframework.web.util.UriComponentsBuilderTests" time="0.0"/>
  <testcase name="fromHttpRequestForwardedHeaderQuoted" classname="org.springframework.web.util.UriComponentsBuilderTests" time="0.0"/>
  <testcase name="parsesEmptyUri" classname="org.springframework.web.util.UriComponentsBuilderTests" time="0.0"/>
  <testcase name="fromHttpUrlStringCaseInsesitiveScheme" classname="org.springframework.web.util.UriComponentsBuilderTests" time="0.0"/>
  <testcase name="fromUriString" classname="org.springframework.web.util.UriComponentsBuilderTests" time="0.001"/>
  <testcase name="fromHttpRequestWithForwardedHostMultiValuedHeader" classname="org.springframework.web.util.UriComponentsBuilderTests" time="0.0"/>
  <testcase name="fromHttpRequestWithForwardedPortMultiValueHeader" classname="org.springframework.web.util.UriComponentsBuilderTests" time="0.001"/>
  <testcase name="fromHttpRequest" classname="org.springframework.web.util.UriComponentsBuilderTests" time="0.0"/>
  <testcase name="queryParamWithoutValueWithEquals" classname="org.springframework.web.util.UriComponentsBuilderTests" time="0.0"/>
  <testcase name="multipleFromSameBuilder" classname="org.springframework.web.util.UriComponentsBuilderTests" time="0.0"/>
  <testcase name="pathSegments" classname="org.springframework.web.util.UriComponentsBuilderTests" time="0.0"/>
  <testcase name="pathThenPath" classname="org.springframework.web.util.UriComponentsBuilderTests" time="0.0"/>
  <testcase name="relativeUrls" classname="org.springframework.web.util.UriComponentsBuilderTests" time="0.001"/>
  <testcase name="path" classname="org.springframework.web.util.UriComponentsBuilderTests" time="0.0"/>
  <testcase name="plain" classname="org.springframework.web.util.UriComponentsBuilderTests" time="0.0"/>
  <testcase name="replaceQueryParam" classname="org.springframework.web.util.UriComponentsBuilderTests" time="0.0"/>
  <testcase name="fromOpaqueUri" classname="org.springframework.web.util.UriComponentsBuilderTests" time="0.0"/>
  <testcase name="fromHierarchicalUri" classname="org.springframework.web.util.UriComponentsBuilderTests" time="0.0"/>
  <testcase name="fromUriStringQueryParamWithReservedCharInValue" classname="org.springframework.web.util.UriComponentsBuilderTests" time="0.001"/>
  <testcase name="fromHttpRequestWithForwardedHostWithForwardedScheme" classname="org.springframework.web.util.UriComponentsBuilderTests" time="0.0"/>
  <testcase name="fromHttpRequestMultipleForwardedHeaderComma" classname="org.springframework.web.util.UriComponentsBuilderTests" time="0.0"/>
  <testcase name="replacePath" classname="org.springframework.web.util.UriComponentsBuilderTests" time="0.0"/>
  <testcase name="fromHttpRequestWithTrailingSlash" classname="org.springframework.web.util.UriComponentsBuilderTests" time="0.0"/>
  <testcase name="replaceQuery" classname="org.springframework.web.util.UriComponentsBuilderTests" time="0.0"/>
  <testcase name="fromHttpRequestMultipleForwardedHeader" classname="org.springframework.web.util.UriComponentsBuilderTests" time="0.001"/>
  <testcase name="pathWithDuplicateSlashes" classname="org.springframework.web.util.UriComponentsBuilderTests" time="0.0"/>
  <testcase name="fromHttpRequestResetsPortBeforeSettingIt" classname="org.springframework.web.util.UriComponentsBuilderTests" time="0.0"/>
  <testcase name="pathThenPathSegments" classname="org.springframework.web.util.UriComponentsBuilderTests" time="0.0"/>
  <testcase name="buildAndExpandOpaque" classname="org.springframework.web.util.UriComponentsBuilderTests" time="0.0"/>
  <testcase name="emptyQueryParam" classname="org.springframework.web.util.UriComponentsBuilderTests" time="0.0"/>
  <testcase name="pathSegmentsThenPathSegments" classname="org.springframework.web.util.UriComponentsBuilderTests" time="0.0"/>
  <testcase name="fromHttpRequestWithForwardedProtoAndDefaultPort" classname="org.springframework.web.util.UriComponentsBuilderTests" time="0.0"/>
  <testcase name="queryParamWithoutValueWithoutEquals" classname="org.springframework.web.util.UriComponentsBuilderTests" time="0.001"/>
  <testcase name="fromUriStringNoPathWithReservedCharInQuery" classname="org.springframework.web.util.UriComponentsBuilderTests" time="0.0"/>
  <testcase name="fromHttpUrlStringInvalidIPv6Host" classname="org.springframework.web.util.UriComponentsBuilderTests" time="0.0"/>
  <testcase name="fromHttpRequestWithForwardedHostWithDefaultPort" classname="org.springframework.web.util.UriComponentsBuilderTests" time="0.0"/>
  <testcase name="buildAndExpandHierarchical" classname="org.springframework.web.util.UriComponentsBuilderTests" time="0.0"/>
  <testcase name="fromHttpRequestForwardedHeader" classname="org.springframework.web.util.UriComponentsBuilderTests" time="0.0"/>
  <testcase name="fromHttpRequestWithForwardedHost" classname="org.springframework.web.util.UriComponentsBuilderTests" time="0.0"/>
  <testcase name="fromHttpRequestWithForwardedIPv6" classname="org.springframework.web.util.UriComponentsBuilderTests" time="0.0"/>
  <testcase name="fromHttpRequestWithForwardedHostAndPort" classname="org.springframework.web.util.UriComponentsBuilderTests" time="0.0"/>
  <testcase name="fromHttpRequestWithForwardedIPv6HostAndPort" classname="org.springframework.web.util.UriComponentsBuilderTests" time="0.0"/>
  <testcase name="fromHttpRequestWithForwardedIPv4Host" classname="org.springframework.web.util.UriComponentsBuilderTests" time="0.0"/>
  <testcase name="fromHttpRequestWithForwardedIPv6Host" classname="org.springframework.web.util.UriComponentsBuilderTests" time="0.0"/>
  <testcase name="fromHttpRequestWithForwardedHostIncludingPort" classname="org.springframework.web.util.UriComponentsBuilderTests" time="0.001"/>
  <system-out><![CDATA[]]></system-out>
  <system-err><![CDATA[]]></system-err>
</testsuite>
