<?xml version="1.0" encoding="UTF-8"?>
<testsuite name="org.springframework.web.context.request.async.StandardServletAsyncWebRequestTests" tests="10" skipped="0" failures="0" errors="0" timestamp="2016-11-10T08:05:25" hostname="XB-20161010YVDY" time="0.013">
  <properties/>
  <testcase name="startAsync" classname="org.springframework.web.context.request.async.StandardServletAsyncWebRequestTests" time="0.001"/>
  <testcase name="onTimeoutHandler" classname="org.springframework.web.context.request.async.StandardServletAsyncWebRequestTests" time="0.011"/>
  <testcase name="onCompletionHandlerAfterOnErrorEvent" classname="org.springframework.web.context.request.async.StandardServletAsyncWebRequestTests" time="0.0"/>
  <testcase name="isAsyncStarted" classname="org.springframework.web.context.request.async.StandardServletAsyncWebRequestTests" time="0.0"/>
  <testcase name="onTimeoutDefaultBehavior" classname="org.springframework.web.context.request.async.StandardServletAsyncWebRequestTests" time="0.0"/>
  <testcase name="startAsyncMultipleTimes" classname="org.springframework.web.context.request.async.StandardServletAsyncWebRequestTests" time="0.0"/>
  <testcase name="startAsyncNotSupported" classname="org.springframework.web.context.request.async.StandardServletAsyncWebRequestTests" time="0.0"/>
  <testcase name="setTimeoutDuringConcurrentHandling" classname="org.springframework.web.context.request.async.StandardServletAsyncWebRequestTests" time="0.001"/>
  <testcase name="startAsyncAfterCompleted" classname="org.springframework.web.context.request.async.StandardServletAsyncWebRequestTests" time="0.0"/>
  <testcase name="onCompletionHandler" classname="org.springframework.web.context.request.async.StandardServletAsyncWebRequestTests" time="0.0"/>
  <system-out><![CDATA[]]></system-out>
  <system-err><![CDATA[]]></system-err>
</testsuite>
