<?xml version="1.0" encoding="UTF-8"?>
<testsuite name="org.springframework.web.client.reactive.WebClientStrategiesTests" tests="3" skipped="0" failures="0" errors="0" timestamp="2016-11-10T08:05:25" hostname="XB-20161010YVDY" time="0.01">
  <properties/>
  <testcase name="empty" classname="org.springframework.web.client.reactive.WebClientStrategiesTests" time="0.0"/>
  <testcase name="toConfiguration" classname="org.springframework.web.client.reactive.WebClientStrategiesTests" time="0.007"/>
  <testcase name="ofSuppliers" classname="org.springframework.web.client.reactive.WebClientStrategiesTests" time="0.003"/>
  <system-out><![CDATA[]]></system-out>
  <system-err><![CDATA[]]></system-err>
</testsuite>
