<?xml version="1.0" encoding="UTF-8"?>
<testsuite name="org.springframework.web.client.DefaultResponseErrorHandlerTests" tests="6" skipped="0" failures="0" errors="0" timestamp="2016-11-10T08:05:24" hostname="XB-20161010YVDY" time="0.017">
  <properties/>
  <testcase name="hasErrorFalse" classname="org.springframework.web.client.DefaultResponseErrorHandlerTests" time="0.014"/>
  <testcase name="handleErrorNullResponse" classname="org.springframework.web.client.DefaultResponseErrorHandlerTests" time="0.001"/>
  <testcase name="hasErrorTrue" classname="org.springframework.web.client.DefaultResponseErrorHandlerTests" time="0.0"/>
  <testcase name="unknownStatusCode" classname="org.springframework.web.client.DefaultResponseErrorHandlerTests" time="0.0"/>
  <testcase name="handleErrorIOException" classname="org.springframework.web.client.DefaultResponseErrorHandlerTests" time="0.0"/>
  <testcase name="handleError" classname="org.springframework.web.client.DefaultResponseErrorHandlerTests" time="0.001"/>
  <system-out><![CDATA[]]></system-out>
  <system-err><![CDATA[]]></system-err>
</testsuite>
