<?xml version="1.0" encoding="UTF-8"?>
<testsuite name="org.springframework.http.converter.protobuf.ProtobufHttpMessageConverterTests" tests="9" skipped="0" failures="0" errors="0" timestamp="2016-11-10T08:05:01" hostname="XB-20161010YVDY" time="0.133">
  <properties/>
  <testcase name="getContentLength" classname="org.springframework.http.converter.protobuf.ProtobufHttpMessageConverterTests" time="0.127"/>
  <testcase name="canWrite" classname="org.springframework.http.converter.protobuf.ProtobufHttpMessageConverterTests" time="0.001"/>
  <testcase name="read" classname="org.springframework.http.converter.protobuf.ProtobufHttpMessageConverterTests" time="0.001"/>
  <testcase name="write" classname="org.springframework.http.converter.protobuf.ProtobufHttpMessageConverterTests" time="0.001"/>
  <testcase name="canRead" classname="org.springframework.http.converter.protobuf.ProtobufHttpMessageConverterTests" time="0.0"/>
  <testcase name="defaultContentType" classname="org.springframework.http.converter.protobuf.ProtobufHttpMessageConverterTests" time="0.0"/>
  <testcase name="extensionRegistryInitialized" classname="org.springframework.http.converter.protobuf.ProtobufHttpMessageConverterTests" time="0.002"/>
  <testcase name="extensionRegistryNull" classname="org.springframework.http.converter.protobuf.ProtobufHttpMessageConverterTests" time="0.0"/>
  <testcase name="readNoContentType" classname="org.springframework.http.converter.protobuf.ProtobufHttpMessageConverterTests" time="0.0"/>
  <system-out><![CDATA[]]></system-out>
  <system-err><![CDATA[]]></system-err>
</testsuite>
