<?xml version="1.0" encoding="UTF-8"?>
<testsuite name="org.springframework.http.converter.json.SpringHandlerInstantiatorTests" tests="5" skipped="0" failures="0" errors="0" timestamp="2016-11-10T08:05:01" hostname="XB-20161010YVDY" time="0.187">
  <properties/>
  <testcase name="applicationContextAwareTypeIdResolver" classname="org.springframework.http.converter.json.SpringHandlerInstantiatorTests" time="0.137"/>
  <testcase name="autowiredDeserializer" classname="org.springframework.http.converter.json.SpringHandlerInstantiatorTests" time="0.027"/>
  <testcase name="autowiredKeyDeserializer" classname="org.springframework.http.converter.json.SpringHandlerInstantiatorTests" time="0.008"/>
  <testcase name="autowiredSerializer" classname="org.springframework.http.converter.json.SpringHandlerInstantiatorTests" time="0.011"/>
  <testcase name="applicationContextAwaretypeResolverBuilder" classname="org.springframework.http.converter.json.SpringHandlerInstantiatorTests" time="0.003"/>
  <system-out><![CDATA[]]></system-out>
  <system-err><![CDATA[]]></system-err>
</testsuite>
