<?xml version="1.0" encoding="UTF-8"?>
<testsuite name="org.springframework.http.client.support.InterceptingHttpAccessorTests" tests="1" skipped="0" failures="0" errors="0" timestamp="2016-11-10T08:04:57" hostname="XB-20161010YVDY" time="0.014">
  <properties/>
  <testcase name="getInterceptors" classname="org.springframework.http.client.support.InterceptingHttpAccessorTests" time="0.014"/>
  <system-out><![CDATA[]]></system-out>
  <system-err><![CDATA[]]></system-err>
</testsuite>
