<?xml version="1.0" encoding="UTF-8"?>
<testsuite name="org.springframework.http.server.reactive.ZeroCopyIntegrationTests" tests="5" skipped="3" failures="0" errors="0" timestamp="2016-11-10T08:05:09" hostname="XB-20161010YVDY" time="0.188">
  <properties/>
  <testcase name="zeroCopy[server [org.springframework.http.server.reactive.bootstrap.JettyHttpServer@318a5cb2]]" classname="org.springframework.http.server.reactive.ZeroCopyIntegrationTests" time="0.01">
    <skipped/>
  </testcase>
  <testcase name="zeroCopy[server [org.springframework.http.server.reactive.bootstrap.RxNettyHttpServer@7374af6d]]" classname="org.springframework.http.server.reactive.ZeroCopyIntegrationTests" time="0.004">
    <skipped/>
  </testcase>
  <testcase name="zeroCopy[server [org.springframework.http.server.reactive.bootstrap.ReactorHttpServer@56fa19af]]" classname="org.springframework.http.server.reactive.ZeroCopyIntegrationTests" time="0.042"/>
  <testcase name="zeroCopy[server [org.springframework.http.server.reactive.bootstrap.TomcatHttpServer@75aafc0f]]" classname="org.springframework.http.server.reactive.ZeroCopyIntegrationTests" time="0.094">
    <skipped/>
  </testcase>
  <testcase name="zeroCopy[server [org.springframework.http.server.reactive.bootstrap.UndertowHttpServer@16a651c4]]" classname="org.springframework.http.server.reactive.ZeroCopyIntegrationTests" time="0.038"/>
  <system-out><![CDATA[]]></system-out>
  <system-err><![CDATA[十一月 10, 2016 4:05:09 下午 org.apache.coyote.AbstractProtocol init
信息: Initializing ProtocolHandler ["http-nio-52885"]
十一月 10, 2016 4:05:09 下午 org.apache.tomcat.util.net.NioSelectorPool getSharedSelector
信息: Using a shared selector for servlet write/read
十一月 10, 2016 4:05:09 下午 org.apache.catalina.core.StandardService startInternal
信息: Starting service Tomcat
十一月 10, 2016 4:05:09 下午 org.apache.catalina.core.StandardEngine startInternal
信息: Starting Servlet Engine: Apache Tomcat/8.5.6
十一月 10, 2016 4:05:09 下午 org.apache.coyote.AbstractProtocol start
信息: Starting ProtocolHandler [http-nio-52885]
十一月 10, 2016 4:05:09 下午 org.apache.coyote.AbstractProtocol pause
信息: Pausing ProtocolHandler ["http-nio-52885"]
十一月 10, 2016 4:05:09 下午 org.apache.catalina.core.StandardService stopInternal
信息: Stopping service Tomcat
十一月 10, 2016 4:05:09 下午 org.apache.coyote.AbstractProtocol stop
信息: Stopping ProtocolHandler ["http-nio-52885"]
十一月 10, 2016 4:05:09 下午 org.apache.coyote.AbstractProtocol destroy
信息: Destroying ProtocolHandler ["http-nio-52885"]
]]></system-err>
</testsuite>
