<?xml version="1.0" encoding="UTF-8"?>
<testsuite name="org.springframework.web.method.annotation.RequestParamMethodArgumentResolverTests" tests="29" skipped="0" failures="0" errors="0" timestamp="2016-11-10T08:05:28" hostname="XB-20161010YVDY" time="0.042">
  <properties/>
  <testcase name="resolveEmptyValueWithoutDefault" classname="org.springframework.web.method.annotation.RequestParamMethodArgumentResolverTests" time="0.004"/>
  <testcase name="missingRequestParamEmptyValueNotRequired" classname="org.springframework.web.method.annotation.RequestParamMethodArgumentResolverTests" time="0.002"/>
  <testcase name="resolveMultipartFileListNotAnnotated" classname="org.springframework.web.method.annotation.RequestParamMethodArgumentResolverTests" time="0.003"/>
  <testcase name="resolveMultipartFileNotAnnot" classname="org.springframework.web.method.annotation.RequestParamMethodArgumentResolverTests" time="0.001"/>
  <testcase name="resolveSimpleTypeParam" classname="org.springframework.web.method.annotation.RequestParamMethodArgumentResolverTests" time="0.001"/>
  <testcase name="resolveOptionalMultipartFile" classname="org.springframework.web.method.annotation.RequestParamMethodArgumentResolverTests" time="0.002"/>
  <testcase name="isMultipartRequest" classname="org.springframework.web.method.annotation.RequestParamMethodArgumentResolverTests" time="0.001"/>
  <testcase name="missingOptionalMultipartFile" classname="org.springframework.web.method.annotation.RequestParamMethodArgumentResolverTests" time="0.003"/>
  <testcase name="resolveEmptyValueToDefault" classname="org.springframework.web.method.annotation.RequestParamMethodArgumentResolverTests" time="0.0"/>
  <testcase name="resolvePartList" classname="org.springframework.web.method.annotation.RequestParamMethodArgumentResolverTests" time="0.003"/>
  <testcase name="resolveOptionalParamValue" classname="org.springframework.web.method.annotation.RequestParamMethodArgumentResolverTests" time="0.002"/>
  <testcase name="resolveString" classname="org.springframework.web.method.annotation.RequestParamMethodArgumentResolverTests" time="0.001"/>
  <testcase name="resolveStringArray" classname="org.springframework.web.method.annotation.RequestParamMethodArgumentResolverTests" time="0.0"/>
  <testcase name="missingRequestParam" classname="org.springframework.web.method.annotation.RequestParamMethodArgumentResolverTests" time="0.001"/>
  <testcase name="resolveEmptyValueRequiredWithoutDefault" classname="org.springframework.web.method.annotation.RequestParamMethodArgumentResolverTests" time="0.0"/>
  <testcase name="optionalMultipartFileWithoutMultipartRequest" classname="org.springframework.web.method.annotation.RequestParamMethodArgumentResolverTests" time="0.002"/>
  <testcase name="resolvePartArray" classname="org.springframework.web.method.annotation.RequestParamMethodArgumentResolverTests" time="0.001"/>
  <testcase name="resolveMultipartFileArray" classname="org.springframework.web.method.annotation.RequestParamMethodArgumentResolverTests" time="0.0"/>
  <testcase name="resolveMultipartFile" classname="org.springframework.web.method.annotation.RequestParamMethodArgumentResolverTests" time="0.001"/>
  <testcase name="resolveDefaultValue" classname="org.springframework.web.method.annotation.RequestParamMethodArgumentResolverTests" time="0.0"/>
  <testcase name="isMultipartRequestHttpPut" classname="org.springframework.web.method.annotation.RequestParamMethodArgumentResolverTests" time="0.003"/>
  <testcase name="noMultipartContent" classname="org.springframework.web.method.annotation.RequestParamMethodArgumentResolverTests" time="0.001"/>
  <testcase name="missingMultipartFile" classname="org.springframework.web.method.annotation.RequestParamMethodArgumentResolverTests" time="0.0"/>
  <testcase name="supportsParameter" classname="org.springframework.web.method.annotation.RequestParamMethodArgumentResolverTests" time="0.004"/>
  <testcase name="missingRequestParamEmptyValueConvertedToNull" classname="org.springframework.web.method.annotation.RequestParamMethodArgumentResolverTests" time="0.002"/>
  <testcase name="resolvePart" classname="org.springframework.web.method.annotation.RequestParamMethodArgumentResolverTests" time="0.0"/>
  <testcase name="resolvePartNotAnnot" classname="org.springframework.web.method.annotation.RequestParamMethodArgumentResolverTests" time="0.001"/>
  <testcase name="resolveSimpleTypeParamToNull" classname="org.springframework.web.method.annotation.RequestParamMethodArgumentResolverTests" time="0.001"/>
  <testcase name="resolveMultipartFileList" classname="org.springframework.web.method.annotation.RequestParamMethodArgumentResolverTests" time="0.001"/>
  <system-out><![CDATA[]]></system-out>
  <system-err><![CDATA[]]></system-err>
</testsuite>
