<?xml version="1.0" encoding="UTF-8"?>
<testsuite name="org.springframework.http.server.reactive.ServerHttpRequestTests" tests="5" skipped="0" failures="0" errors="0" timestamp="2016-11-10T08:05:09" hostname="XB-20161010YVDY" time="0.0">
  <properties/>
  <testcase name="queryParams" classname="org.springframework.http.server.reactive.ServerHttpRequestTests" time="0.0"/>
  <testcase name="queryParamsWithEmptyValue" classname="org.springframework.http.server.reactive.ServerHttpRequestTests" time="0.0"/>
  <testcase name="queryParamsWithNoValue" classname="org.springframework.http.server.reactive.ServerHttpRequestTests" time="0.0"/>
  <testcase name="queryParamsNone" classname="org.springframework.http.server.reactive.ServerHttpRequestTests" time="0.0"/>
  <testcase name="queryParamsWithMulitpleValues" classname="org.springframework.http.server.reactive.ServerHttpRequestTests" time="0.0"/>
  <system-out><![CDATA[]]></system-out>
  <system-err><![CDATA[]]></system-err>
</testsuite>
