<?xml version="1.0" encoding="UTF-8"?>
<testsuite name="org.springframework.http.client.StreamingSimpleHttpRequestFactoryTests" tests="8" skipped="1" failures="0" errors="0" timestamp="2016-11-10T08:04:57" hostname="XB-20161010YVDY" time="0.017">
  <properties/>
  <testcase name="largeFileUpload" classname="org.springframework.http.client.StreamingSimpleHttpRequestFactoryTests" time="0.0">
    <skipped/>
  </testcase>
  <testcase name="interceptor" classname="org.springframework.http.client.StreamingSimpleHttpRequestFactoryTests" time="0.004"/>
  <testcase name="headersAfterExecute" classname="org.springframework.http.client.StreamingSimpleHttpRequestFactoryTests" time="0.001"/>
  <testcase name="status" classname="org.springframework.http.client.StreamingSimpleHttpRequestFactoryTests" time="0.002"/>
  <testcase name="echo" classname="org.springframework.http.client.StreamingSimpleHttpRequestFactoryTests" time="0.001"/>
  <testcase name="multipleWrites" classname="org.springframework.http.client.StreamingSimpleHttpRequestFactoryTests" time="0.002"/>
  <testcase name="queryParameters" classname="org.springframework.http.client.StreamingSimpleHttpRequestFactoryTests" time="0.002"/>
  <testcase name="httpMethods" classname="org.springframework.http.client.StreamingSimpleHttpRequestFactoryTests" time="0.004"/>
  <system-out><![CDATA[]]></system-out>
  <system-err><![CDATA[]]></system-err>
</testsuite>
