<?xml version="1.0" encoding="UTF-8"?>
<testsuite name="org.springframework.http.client.BufferedSimpleAsyncHttpRequestFactoryTests" tests="7" skipped="0" failures="0" errors="0" timestamp="2016-11-10T08:04:48" hostname="XB-20161010YVDY" time="0.195">
  <properties/>
  <testcase name="httpMethods" classname="org.springframework.http.client.BufferedSimpleAsyncHttpRequestFactoryTests" time="0.175"/>
  <testcase name="cancel" classname="org.springframework.http.client.BufferedSimpleAsyncHttpRequestFactoryTests" time="0.0"/>
  <testcase name="headersAfterExecute" classname="org.springframework.http.client.BufferedSimpleAsyncHttpRequestFactoryTests" time="0.002"/>
  <testcase name="status" classname="org.springframework.http.client.BufferedSimpleAsyncHttpRequestFactoryTests" time="0.007"/>
  <testcase name="echo" classname="org.springframework.http.client.BufferedSimpleAsyncHttpRequestFactoryTests" time="0.004"/>
  <testcase name="statusCallback" classname="org.springframework.http.client.BufferedSimpleAsyncHttpRequestFactoryTests" time="0.002"/>
  <testcase name="multipleWrites" classname="org.springframework.http.client.BufferedSimpleAsyncHttpRequestFactoryTests" time="0.002"/>
  <system-out><![CDATA[]]></system-out>
  <system-err><![CDATA[]]></system-err>
</testsuite>
