<?xml version="1.0" encoding="UTF-8"?>
<testsuite name="org.springframework.http.client.SimpleClientHttpResponseTests" tests="3" skipped="0" failures="0" errors="0" timestamp="2016-11-10T08:04:57" hostname="XB-20161010YVDY" time="0.005">
  <properties/>
  <testcase name="shouldDrainStreamWhenResponseClosed" classname="org.springframework.http.client.SimpleClientHttpResponseTests" time="0.004"/>
  <testcase name="shouldDrainErrorStreamWhenResponseClosed" classname="org.springframework.http.client.SimpleClientHttpResponseTests" time="0.001"/>
  <testcase name="shouldNotCloseConnectionWhenResponseClosed" classname="org.springframework.http.client.SimpleClientHttpResponseTests" time="0.0"/>
  <system-out><![CDATA[]]></system-out>
  <system-err><![CDATA[]]></system-err>
</testsuite>
