<?xml version="1.0" encoding="UTF-8"?>
<testsuite name="org.springframework.web.server.session.WebSessionIntegrationTests" tests="10" skipped="0" failures="0" errors="0" timestamp="2016-11-10T08:05:28" hostname="XB-20161010YVDY" time="0.904">
  <properties/>
  <testcase name="createSession[server [org.springframework.http.server.reactive.bootstrap.JettyHttpServer@6cb5dc9d]]" classname="org.springframework.web.server.session.WebSessionIntegrationTests" time="0.053"/>
  <testcase name="expiredSession[server [org.springframework.http.server.reactive.bootstrap.JettyHttpServer@6cb5dc9d]]" classname="org.springframework.web.server.session.WebSessionIntegrationTests" time="0.07"/>
  <testcase name="createSession[server [org.springframework.http.server.reactive.bootstrap.RxNettyHttpServer@12048776]]" classname="org.springframework.web.server.session.WebSessionIntegrationTests" time="0.049"/>
  <testcase name="expiredSession[server [org.springframework.http.server.reactive.bootstrap.RxNettyHttpServer@12048776]]" classname="org.springframework.web.server.session.WebSessionIntegrationTests" time="0.064"/>
  <testcase name="createSession[server [org.springframework.http.server.reactive.bootstrap.ReactorHttpServer@4e332232]]" classname="org.springframework.web.server.session.WebSessionIntegrationTests" time="0.078"/>
  <testcase name="expiredSession[server [org.springframework.http.server.reactive.bootstrap.ReactorHttpServer@4e332232]]" classname="org.springframework.web.server.session.WebSessionIntegrationTests" time="0.084"/>
  <testcase name="createSession[server [org.springframework.http.server.reactive.bootstrap.TomcatHttpServer@2ba4ad26]]" classname="org.springframework.web.server.session.WebSessionIntegrationTests" time="0.216"/>
  <testcase name="expiredSession[server [org.springframework.http.server.reactive.bootstrap.TomcatHttpServer@2ba4ad26]]" classname="org.springframework.web.server.session.WebSessionIntegrationTests" time="0.158"/>
  <testcase name="createSession[server [org.springframework.http.server.reactive.bootstrap.UndertowHttpServer@6937cdfb]]" classname="org.springframework.web.server.session.WebSessionIntegrationTests" time="0.057"/>
  <testcase name="expiredSession[server [org.springframework.http.server.reactive.bootstrap.UndertowHttpServer@6937cdfb]]" classname="org.springframework.web.server.session.WebSessionIntegrationTests" time="0.075"/>
  <system-out><![CDATA[]]></system-out>
  <system-err><![CDATA[十一月 10, 2016 4:05:29 下午 org.apache.coyote.AbstractProtocol init
信息: Initializing ProtocolHandler ["http-nio-51877"]
十一月 10, 2016 4:05:29 下午 org.apache.tomcat.util.net.NioSelectorPool getSharedSelector
信息: Using a shared selector for servlet write/read
十一月 10, 2016 4:05:29 下午 org.apache.catalina.core.StandardService startInternal
信息: Starting service Tomcat
十一月 10, 2016 4:05:29 下午 org.apache.catalina.core.StandardEngine startInternal
信息: Starting Servlet Engine: Apache Tomcat/8.5.6
十一月 10, 2016 4:05:29 下午 org.apache.coyote.AbstractProtocol start
信息: Starting ProtocolHandler [http-nio-51877]
十一月 10, 2016 4:05:29 下午 org.apache.coyote.AbstractProtocol pause
信息: Pausing ProtocolHandler ["http-nio-51877"]
十一月 10, 2016 4:05:29 下午 org.apache.catalina.core.StandardService stopInternal
信息: Stopping service Tomcat
十一月 10, 2016 4:05:29 下午 org.apache.coyote.AbstractProtocol stop
信息: Stopping ProtocolHandler ["http-nio-51877"]
十一月 10, 2016 4:05:29 下午 org.apache.coyote.AbstractProtocol destroy
信息: Destroying ProtocolHandler ["http-nio-51877"]
十一月 10, 2016 4:05:29 下午 org.apache.coyote.AbstractProtocol init
信息: Initializing ProtocolHandler ["http-nio-10714"]
十一月 10, 2016 4:05:29 下午 org.apache.tomcat.util.net.NioSelectorPool getSharedSelector
信息: Using a shared selector for servlet write/read
十一月 10, 2016 4:05:29 下午 org.apache.catalina.core.StandardService startInternal
信息: Starting service Tomcat
十一月 10, 2016 4:05:29 下午 org.apache.catalina.core.StandardEngine startInternal
信息: Starting Servlet Engine: Apache Tomcat/8.5.6
十一月 10, 2016 4:05:29 下午 org.apache.coyote.AbstractProtocol start
信息: Starting ProtocolHandler [http-nio-10714]
十一月 10, 2016 4:05:29 下午 org.apache.coyote.AbstractProtocol pause
信息: Pausing ProtocolHandler ["http-nio-10714"]
十一月 10, 2016 4:05:29 下午 org.apache.catalina.core.StandardService stopInternal
信息: Stopping service Tomcat
十一月 10, 2016 4:05:29 下午 org.apache.coyote.AbstractProtocol stop
信息: Stopping ProtocolHandler ["http-nio-10714"]
十一月 10, 2016 4:05:29 下午 org.apache.coyote.AbstractProtocol destroy
信息: Destroying ProtocolHandler ["http-nio-10714"]
]]></system-err>
</testsuite>
