<?xml version="1.0" encoding="UTF-8"?>
<testsuite name="org.springframework.web.method.annotation.ErrorsMethodHandlerArgumentResolverTests" tests="4" skipped="0" failures="0" errors="0" timestamp="2016-11-10T08:05:28" hostname="XB-20161010YVDY" time="0.012">
  <properties/>
  <testcase name="supports" classname="org.springframework.web.method.annotation.ErrorsMethodHandlerArgumentResolverTests" time="0.0"/>
  <testcase name="bindingResultNotFound" classname="org.springframework.web.method.annotation.ErrorsMethodHandlerArgumentResolverTests" time="0.009"/>
  <testcase name="noBindingResult" classname="org.springframework.web.method.annotation.ErrorsMethodHandlerArgumentResolverTests" time="0.001"/>
  <testcase name="bindingResult" classname="org.springframework.web.method.annotation.ErrorsMethodHandlerArgumentResolverTests" time="0.0"/>
  <system-out><![CDATA[]]></system-out>
  <system-err><![CDATA[]]></system-err>
</testsuite>
