<?xml version="1.0" encoding="UTF-8"?>
<testsuite name="org.springframework.http.client.Netty4AsyncClientHttpRequestFactoryTests" tests="7" skipped="0" failures="0" errors="0" timestamp="2016-11-10T08:04:50" hostname="XB-20161010YVDY" time="0.831">
  <properties/>
  <testcase name="httpMethods" classname="org.springframework.http.client.Netty4AsyncClientHttpRequestFactoryTests" time="0.786"/>
  <testcase name="cancel" classname="org.springframework.http.client.Netty4AsyncClientHttpRequestFactoryTests" time="0.003"/>
  <testcase name="headersAfterExecute" classname="org.springframework.http.client.Netty4AsyncClientHttpRequestFactoryTests" time="0.01"/>
  <testcase name="status" classname="org.springframework.http.client.Netty4AsyncClientHttpRequestFactoryTests" time="0.006"/>
  <testcase name="echo" classname="org.springframework.http.client.Netty4AsyncClientHttpRequestFactoryTests" time="0.015"/>
  <testcase name="statusCallback" classname="org.springframework.http.client.Netty4AsyncClientHttpRequestFactoryTests" time="0.004"/>
  <testcase name="multipleWrites" classname="org.springframework.http.client.Netty4AsyncClientHttpRequestFactoryTests" time="0.005"/>
  <system-out><![CDATA[]]></system-out>
  <system-err><![CDATA[]]></system-err>
</testsuite>
