<?xml version="1.0" encoding="UTF-8"?>
<testsuite name="org.springframework.http.codec.EncoderHttpMessageWriterTest" tests="3" skipped="0" failures="0" errors="0" timestamp="2016-11-10T08:04:58" hostname="XB-20161010YVDY" time="0.01">
  <properties/>
  <testcase name="encodeByteBuffer" classname="org.springframework.http.codec.EncoderHttpMessageWriterTest" time="0.007"/>
  <testcase name="supportedMediaTypes" classname="org.springframework.http.codec.EncoderHttpMessageWriterTest" time="0.0"/>
  <testcase name="writableMediaTypes" classname="org.springframework.http.codec.EncoderHttpMessageWriterTest" time="0.002"/>
  <system-out><![CDATA[]]></system-out>
  <system-err><![CDATA[]]></system-err>
</testsuite>
