<?xml version="1.0" encoding="UTF-8"?>
<testsuite name="org.springframework.web.client.reactive.DefaultClientResponseTests" tests="5" skipped="0" failures="0" errors="0" timestamp="2016-11-10T08:05:24" hostname="XB-20161010YVDY" time="0.019">
  <properties/>
  <testcase name="header" classname="org.springframework.web.client.reactive.DefaultClientResponseTests" time="0.015"/>
  <testcase name="bodyToFlux" classname="org.springframework.web.client.reactive.DefaultClientResponseTests" time="0.002"/>
  <testcase name="bodyToMono" classname="org.springframework.web.client.reactive.DefaultClientResponseTests" time="0.001"/>
  <testcase name="body" classname="org.springframework.web.client.reactive.DefaultClientResponseTests" time="0.001"/>
  <testcase name="statusCode" classname="org.springframework.web.client.reactive.DefaultClientResponseTests" time="0.0"/>
  <system-out><![CDATA[]]></system-out>
  <system-err><![CDATA[]]></system-err>
</testsuite>
