<?xml version="1.0" encoding="UTF-8"?>
<testsuite name="org.springframework.web.multipart.support.RequestPartServletServerHttpRequestTests" tests="7" skipped="0" failures="0" errors="0" timestamp="2016-11-10T08:05:28" hostname="XB-20161010YVDY" time="0.003">
  <properties/>
  <testcase name="getURI" classname="org.springframework.web.multipart.support.RequestPartServletServerHttpRequestTests" time="0.001"/>
  <testcase name="getContentType" classname="org.springframework.web.multipart.support.RequestPartServletServerHttpRequestTests" time="0.0"/>
  <testcase name="getBodyViaRequestParameterWithRequestEncoding" classname="org.springframework.web.multipart.support.RequestPartServletServerHttpRequestTests" time="0.0"/>
  <testcase name="getBody" classname="org.springframework.web.multipart.support.RequestPartServletServerHttpRequestTests" time="0.0"/>
  <testcase name="getMethod" classname="org.springframework.web.multipart.support.RequestPartServletServerHttpRequestTests" time="0.0"/>
  <testcase name="getBodyViaRequestParameter" classname="org.springframework.web.multipart.support.RequestPartServletServerHttpRequestTests" time="0.0"/>
  <testcase name="getBodyWithWrappedRequest" classname="org.springframework.web.multipart.support.RequestPartServletServerHttpRequestTests" time="0.0"/>
  <system-out><![CDATA[]]></system-out>
  <system-err><![CDATA[]]></system-err>
</testsuite>
