<?xml version="1.0" encoding="UTF-8"?>
<testsuite name="org.springframework.http.codec.FormHttpMessageWriterTests" tests="2" skipped="0" failures="0" errors="0" timestamp="2016-11-10T08:04:58" hostname="XB-20161010YVDY" time="0.004">
  <properties/>
  <testcase name="writeForm" classname="org.springframework.http.codec.FormHttpMessageWriterTests" time="0.004"/>
  <testcase name="canWrite" classname="org.springframework.http.codec.FormHttpMessageWriterTests" time="0.0"/>
  <system-out><![CDATA[]]></system-out>
  <system-err><![CDATA[]]></system-err>
</testsuite>
