<?xml version="1.0" encoding="UTF-8"?>
<testsuite name="org.springframework.http.HttpEntityTests" tests="6" skipped="0" failures="0" errors="0" timestamp="2016-11-10T08:05:02" hostname="XB-20161010YVDY" time="0.003">
  <properties/>
  <testcase name="responseEntity" classname="org.springframework.http.HttpEntityTests" time="0.001"/>
  <testcase name="multiValueMap" classname="org.springframework.http.HttpEntityTests" time="0.0"/>
  <testcase name="requestEntity" classname="org.springframework.http.HttpEntityTests" time="0.001"/>
  <testcase name="testEquals" classname="org.springframework.http.HttpEntityTests" time="0.0"/>
  <testcase name="noHeaders" classname="org.springframework.http.HttpEntityTests" time="0.0"/>
  <testcase name="httpHeaders" classname="org.springframework.http.HttpEntityTests" time="0.0"/>
  <system-out><![CDATA[]]></system-out>
  <system-err><![CDATA[]]></system-err>
</testsuite>
