<?xml version="1.0" encoding="UTF-8"?>
<testsuite name="org.springframework.web.accept.MappingMediaTypeFileExtensionResolverTests" tests="3" skipped="0" failures="0" errors="0" timestamp="2016-11-10T08:05:22" hostname="XB-20161010YVDY" time="0.0">
  <properties/>
  <testcase name="resolveExtensionsNoMatch" classname="org.springframework.web.accept.MappingMediaTypeFileExtensionResolverTests" time="0.0"/>
  <testcase name="resolveExtensions" classname="org.springframework.web.accept.MappingMediaTypeFileExtensionResolverTests" time="0.0"/>
  <testcase name="lookupMediaTypeCaseInsensitive" classname="org.springframework.web.accept.MappingMediaTypeFileExtensionResolverTests" time="0.0"/>
  <system-out><![CDATA[]]></system-out>
  <system-err><![CDATA[]]></system-err>
</testsuite>
