<?xml version="1.0" encoding="UTF-8"?>
<testsuite name="org.springframework.web.method.annotation.ExceptionHandlerMethodResolverTests" tests="8" skipped="0" failures="0" errors="0" timestamp="2016-11-10T08:05:28" hostname="XB-20161010YVDY" time="0.009">
  <properties/>
  <testcase name="resolveMethodFromAnnotation" classname="org.springframework.web.method.annotation.ExceptionHandlerMethodResolverTests" time="0.006"/>
  <testcase name="resolveMethodInherited" classname="org.springframework.web.method.annotation.ExceptionHandlerMethodResolverTests" time="0.001"/>
  <testcase name="resolveMethodFromArgument" classname="org.springframework.web.method.annotation.ExceptionHandlerMethodResolverTests" time="0.0"/>
  <testcase name="ambiguousExceptionMapping" classname="org.springframework.web.method.annotation.ExceptionHandlerMethodResolverTests" time="0.001"/>
  <testcase name="resolveMethodExceptionSubType" classname="org.springframework.web.method.annotation.ExceptionHandlerMethodResolverTests" time="0.0"/>
  <testcase name="resolveMethodBestMatch" classname="org.springframework.web.method.annotation.ExceptionHandlerMethodResolverTests" time="0.0"/>
  <testcase name="noExceptionMapping" classname="org.springframework.web.method.annotation.ExceptionHandlerMethodResolverTests" time="0.001"/>
  <testcase name="resolveMethodNoMatch" classname="org.springframework.web.method.annotation.ExceptionHandlerMethodResolverTests" time="0.0"/>
  <system-out><![CDATA[]]></system-out>
  <system-err><![CDATA[]]></system-err>
</testsuite>
