<?xml version="1.0" encoding="UTF-8"?>
<testsuite name="org.springframework.web.context.request.RequestContextListenerTests" tests="3" skipped="0" failures="0" errors="0" timestamp="2016-11-10T08:05:26" hostname="XB-20161010YVDY" time="0.004">
  <properties/>
  <testcase name="requestContextListenerWithSameThread" classname="org.springframework.web.context.request.RequestContextListenerTests" time="0.002"/>
  <testcase name="requestContextListenerWithDifferentThread" classname="org.springframework.web.context.request.RequestContextListenerTests" time="0.002"/>
  <testcase name="requestContextListenerWithSameThreadAndAttributesGone" classname="org.springframework.web.context.request.RequestContextListenerTests" time="0.0"/>
  <system-out><![CDATA[]]></system-out>
  <system-err><![CDATA[]]></system-err>
</testsuite>
