<?xml version="1.0" encoding="UTF-8"?>
<testsuite name="org.springframework.http.client.support.BasicAuthorizationInterceptorTests" tests="4" skipped="0" failures="0" errors="0" timestamp="2016-11-10T08:04:57" hostname="XB-20161010YVDY" time="0.066">
  <properties/>
  <testcase name="createWhenUsernameIsNullShouldThrowException" classname="org.springframework.http.client.support.BasicAuthorizationInterceptorTests" time="0.011"/>
  <testcase name="createWhenUsernameIsEmptyShouldThrowException" classname="org.springframework.http.client.support.BasicAuthorizationInterceptorTests" time="0.0"/>
  <testcase name="createWhenPasswordIsNullShouldUseEmptyPassword" classname="org.springframework.http.client.support.BasicAuthorizationInterceptorTests" time="0.033"/>
  <testcase name="interceptShouldAddHeader" classname="org.springframework.http.client.support.BasicAuthorizationInterceptorTests" time="0.022"/>
  <system-out><![CDATA[]]></system-out>
  <system-err><![CDATA[]]></system-err>
</testsuite>
