<?xml version="1.0" encoding="UTF-8"?>
<testsuite name="org.springframework.http.client.NoOutputStreamingStreamingSimpleHttpRequestFactoryTests" tests="6" skipped="0" failures="0" errors="0" timestamp="2016-11-10T08:04:56" hostname="XB-20161010YVDY" time="0.02">
  <properties/>
  <testcase name="headersAfterExecute" classname="org.springframework.http.client.NoOutputStreamingStreamingSimpleHttpRequestFactoryTests" time="0.002"/>
  <testcase name="status" classname="org.springframework.http.client.NoOutputStreamingStreamingSimpleHttpRequestFactoryTests" time="0.008"/>
  <testcase name="echo" classname="org.springframework.http.client.NoOutputStreamingStreamingSimpleHttpRequestFactoryTests" time="0.002"/>
  <testcase name="multipleWrites" classname="org.springframework.http.client.NoOutputStreamingStreamingSimpleHttpRequestFactoryTests" time="0.0"/>
  <testcase name="queryParameters" classname="org.springframework.http.client.NoOutputStreamingStreamingSimpleHttpRequestFactoryTests" time="0.004"/>
  <testcase name="httpMethods" classname="org.springframework.http.client.NoOutputStreamingStreamingSimpleHttpRequestFactoryTests" time="0.004"/>
  <system-out><![CDATA[]]></system-out>
  <system-err><![CDATA[]]></system-err>
</testsuite>
