<?xml version="1.0" encoding="UTF-8"?>
<testsuite name="org.springframework.http.converter.feed.AtomFeedHttpMessageConverterTests" tests="5" skipped="0" failures="0" errors="0" timestamp="2016-11-10T08:04:59" hostname="XB-20161010YVDY" time="0.143">
  <properties/>
  <testcase name="writeOtherCharset" classname="org.springframework.http.converter.feed.AtomFeedHttpMessageConverterTests" time="0.076"/>
  <testcase name="canWrite" classname="org.springframework.http.converter.feed.AtomFeedHttpMessageConverterTests" time="0.001"/>
  <testcase name="read" classname="org.springframework.http.converter.feed.AtomFeedHttpMessageConverterTests" time="0.053"/>
  <testcase name="write" classname="org.springframework.http.converter.feed.AtomFeedHttpMessageConverterTests" time="0.012"/>
  <testcase name="canRead" classname="org.springframework.http.converter.feed.AtomFeedHttpMessageConverterTests" time="0.0"/>
  <system-out><![CDATA[]]></system-out>
  <system-err><![CDATA[]]></system-err>
</testsuite>
