<?xml version="1.0" encoding="UTF-8"?>
<testsuite name="org.springframework.web.util.UriComponentsTests" tests="16" skipped="0" failures="0" errors="0" timestamp="2016-11-10T08:05:29" hostname="XB-20161010YVDY" time="0.014">
  <properties/>
  <testcase name="encode" classname="org.springframework.web.util.UriComponentsTests" time="0.0"/>
  <testcase name="expand" classname="org.springframework.web.util.UriComponentsTests" time="0.0"/>
  <testcase name="invalidCharacters" classname="org.springframework.web.util.UriComponentsTests" time="0.001"/>
  <testcase name="expandEncoded" classname="org.springframework.web.util.UriComponentsTests" time="0.0"/>
  <testcase name="expandWithRegexVar" classname="org.springframework.web.util.UriComponentsTests" time="0.0"/>
  <testcase name="copyToUriComponentsBuilder" classname="org.springframework.web.util.UriComponentsTests" time="0.0"/>
  <testcase name="toUriEncoded" classname="org.springframework.web.util.UriComponentsTests" time="0.004"/>
  <testcase name="port" classname="org.springframework.web.util.UriComponentsTests" time="0.001"/>
  <testcase name="invalidEncodedSequence" classname="org.springframework.web.util.UriComponentsTests" time="0.0"/>
  <testcase name="normalize" classname="org.springframework.web.util.UriComponentsTests" time="0.0"/>
  <testcase name="toUriNotEncoded" classname="org.springframework.web.util.UriComponentsTests" time="0.0"/>
  <testcase name="serializable" classname="org.springframework.web.util.UriComponentsTests" time="0.006"/>
  <testcase name="toUriAlreadyEncoded" classname="org.springframework.web.util.UriComponentsTests" time="0.0"/>
  <testcase name="equalsHierarchicalUriComponents" classname="org.springframework.web.util.UriComponentsTests" time="0.0"/>
  <testcase name="equalsOpaqueUriComponents" classname="org.springframework.web.util.UriComponentsTests" time="0.001"/>
  <testcase name="toUriWithIpv6HostAlreadyEncoded" classname="org.springframework.web.util.UriComponentsTests" time="0.0"/>
  <system-out><![CDATA[]]></system-out>
  <system-err><![CDATA[]]></system-err>
</testsuite>
