<?xml version="1.0" encoding="UTF-8"?>
<testsuite name="org.springframework.http.client.support.ProxyFactoryBeanTests" tests="4" skipped="0" failures="0" errors="0" timestamp="2016-11-10T08:04:57" hostname="XB-20161010YVDY" time="0.001">
  <properties/>
  <testcase name="noPort" classname="org.springframework.http.client.support.ProxyFactoryBeanTests" time="0.0"/>
  <testcase name="noType" classname="org.springframework.http.client.support.ProxyFactoryBeanTests" time="0.0"/>
  <testcase name="normal" classname="org.springframework.http.client.support.ProxyFactoryBeanTests" time="0.0"/>
  <testcase name="noHostname" classname="org.springframework.http.client.support.ProxyFactoryBeanTests" time="0.001"/>
  <system-out><![CDATA[]]></system-out>
  <system-err><![CDATA[]]></system-err>
</testsuite>
