<?xml version="1.0" encoding="UTF-8"?>
<testsuite name="org.springframework.http.converter.FormHttpMessageConverterTests" tests="6" skipped="0" failures="0" errors="0" timestamp="2016-11-10T08:04:59" hostname="XB-20161010YVDY" time="0.157">
  <properties/>
  <testcase name="writeForm" classname="org.springframework.http.converter.FormHttpMessageConverterTests" time="0.001"/>
  <testcase name="readForm" classname="org.springframework.http.converter.FormHttpMessageConverterTests" time="0.0"/>
  <testcase name="canWrite" classname="org.springframework.http.converter.FormHttpMessageConverterTests" time="0.0"/>
  <testcase name="canRead" classname="org.springframework.http.converter.FormHttpMessageConverterTests" time="0.001"/>
  <testcase name="writeMultipartOrder" classname="org.springframework.http.converter.FormHttpMessageConverterTests" time="0.058"/>
  <testcase name="writeMultipart" classname="org.springframework.http.converter.FormHttpMessageConverterTests" time="0.048"/>
  <system-out><![CDATA[]]></system-out>
  <system-err><![CDATA[]]></system-err>
</testsuite>
