<?xml version="1.0" encoding="UTF-8"?>
<testsuite name="org.springframework.web.method.annotation.SessionAttributesHandlerTests" tests="4" skipped="0" failures="0" errors="0" timestamp="2016-11-10T08:05:28" hostname="XB-20161010YVDY" time="0.002">
  <properties/>
  <testcase name="storeAttributes" classname="org.springframework.web.method.annotation.SessionAttributesHandlerTests" time="0.0"/>
  <testcase name="cleanupAttributes" classname="org.springframework.web.method.annotation.SessionAttributesHandlerTests" time="0.0"/>
  <testcase name="retrieveAttributes" classname="org.springframework.web.method.annotation.SessionAttributesHandlerTests" time="0.0"/>
  <testcase name="isSessionAttribute" classname="org.springframework.web.method.annotation.SessionAttributesHandlerTests" time="0.0"/>
  <system-out><![CDATA[]]></system-out>
  <system-err><![CDATA[]]></system-err>
</testsuite>
