<?xml version="1.0" encoding="UTF-8"?>
<testsuite name="org.springframework.remoting.httpinvoker.HttpComponentsHttpInvokerRequestExecutorTests" tests="7" skipped="0" failures="0" errors="0" timestamp="2016-11-10T08:05:21" hostname="XB-20161010YVDY" time="0.033">
  <properties/>
  <testcase name="ignoreFactorySettings" classname="org.springframework.remoting.httpinvoker.HttpComponentsHttpInvokerRequestExecutorTests" time="0.02"/>
  <testcase name="customizeConnectionTimeout" classname="org.springframework.remoting.httpinvoker.HttpComponentsHttpInvokerRequestExecutorTests" time="0.003"/>
  <testcase name="customizeReadTimeout" classname="org.springframework.remoting.httpinvoker.HttpComponentsHttpInvokerRequestExecutorTests" time="0.002"/>
  <testcase name="mergeBasedOnCurrentHttpClient" classname="org.springframework.remoting.httpinvoker.HttpComponentsHttpInvokerRequestExecutorTests" time="0.003"/>
  <testcase name="localSettingsOverrideClientDefaultSettings" classname="org.springframework.remoting.httpinvoker.HttpComponentsHttpInvokerRequestExecutorTests" time="0.0"/>
  <testcase name="customizeConnectionRequestTimeout" classname="org.springframework.remoting.httpinvoker.HttpComponentsHttpInvokerRequestExecutorTests" time="0.004"/>
  <testcase name="defaultSettingsOfHttpClientMergedOnExecutorCustomization" classname="org.springframework.remoting.httpinvoker.HttpComponentsHttpInvokerRequestExecutorTests" time="0.0"/>
  <system-out><![CDATA[]]></system-out>
  <system-err><![CDATA[]]></system-err>
</testsuite>
