<?xml version="1.0" encoding="UTF-8"?>
<testsuite name="org.springframework.http.client.InterceptingClientHttpRequestFactoryTests" tests="6" skipped="0" failures="0" errors="0" timestamp="2016-11-10T08:04:50" hostname="XB-20161010YVDY" time="0.006">
  <properties/>
  <testcase name="changeBody" classname="org.springframework.http.client.InterceptingClientHttpRequestFactoryTests" time="0.002"/>
  <testcase name="changeMethod" classname="org.springframework.http.client.InterceptingClientHttpRequestFactoryTests" time="0.001"/>
  <testcase name="changeHeaders" classname="org.springframework.http.client.InterceptingClientHttpRequestFactoryTests" time="0.0"/>
  <testcase name="basic" classname="org.springframework.http.client.InterceptingClientHttpRequestFactoryTests" time="0.001"/>
  <testcase name="noExecution" classname="org.springframework.http.client.InterceptingClientHttpRequestFactoryTests" time="0.0"/>
  <testcase name="changeURI" classname="org.springframework.http.client.InterceptingClientHttpRequestFactoryTests" time="0.001"/>
  <system-out><![CDATA[]]></system-out>
  <system-err><![CDATA[]]></system-err>
</testsuite>
