<?xml version="1.0" encoding="UTF-8"?>
<testsuite name="org.springframework.web.context.request.async.DeferredResultTests" tests="6" skipped="0" failures="0" errors="0" timestamp="2016-11-10T08:05:25" hostname="XB-20161010YVDY" time="0.012">
  <properties/>
  <testcase name="onCompletion" classname="org.springframework.web.context.request.async.DeferredResultTests" time="0.002"/>
  <testcase name="isSetOrExpired" classname="org.springframework.web.context.request.async.DeferredResultTests" time="0.008"/>
  <testcase name="hasResult" classname="org.springframework.web.context.request.async.DeferredResultTests" time="0.0"/>
  <testcase name="onTimeout" classname="org.springframework.web.context.request.async.DeferredResultTests" time="0.001"/>
  <testcase name="setResult" classname="org.springframework.web.context.request.async.DeferredResultTests" time="0.0"/>
  <testcase name="setResultTwice" classname="org.springframework.web.context.request.async.DeferredResultTests" time="0.001"/>
  <system-out><![CDATA[]]></system-out>
  <system-err><![CDATA[]]></system-err>
</testsuite>
