<?xml version="1.0" encoding="UTF-8"?>
<testsuite name="org.springframework.http.converter.ResourceRegionHttpMessageConverterTests" tests="6" skipped="0" failures="0" errors="0" timestamp="2016-11-10T08:05:01" hostname="XB-20161010YVDY" time="0.005">
  <properties/>
  <testcase name="partialContentMultipleByteRanges" classname="org.springframework.http.converter.ResourceRegionHttpMessageConverterTests" time="0.002"/>
  <testcase name="canWriteResourceCollection" classname="org.springframework.http.converter.ResourceRegionHttpMessageConverterTests" time="0.0"/>
  <testcase name="canWriteResource" classname="org.springframework.http.converter.ResourceRegionHttpMessageConverterTests" time="0.0"/>
  <testcase name="shouldWritePartialContentByteRangeNoEnd" classname="org.springframework.http.converter.ResourceRegionHttpMessageConverterTests" time="0.001"/>
  <testcase name="canReadResource" classname="org.springframework.http.converter.ResourceRegionHttpMessageConverterTests" time="0.0"/>
  <testcase name="shouldWritePartialContentByteRange" classname="org.springframework.http.converter.ResourceRegionHttpMessageConverterTests" time="0.001"/>
  <system-out><![CDATA[]]></system-out>
  <system-err><![CDATA[]]></system-err>
</testsuite>
