<?xml version="1.0" encoding="UTF-8"?>
<testsuite name="org.springframework.http.converter.ResourceHttpMessageConverterTests" tests="9" skipped="0" failures="0" errors="0" timestamp="2016-11-10T08:05:01" hostname="XB-20161010YVDY" time="0.091">
  <properties/>
  <testcase name="shouldReadInputStreamResource" classname="org.springframework.http.converter.ResourceHttpMessageConverterTests" time="0.001"/>
  <testcase name="writeContentNotClosingInputStream" classname="org.springframework.http.converter.ResourceHttpMessageConverterTests" time="0.079"/>
  <testcase name="shouldWriteImageResource" classname="org.springframework.http.converter.ResourceHttpMessageConverterTests" time="0.0"/>
  <testcase name="writeByteArrayNullMediaType" classname="org.springframework.http.converter.ResourceHttpMessageConverterTests" time="0.001"/>
  <testcase name="canWriteResource" classname="org.springframework.http.converter.ResourceHttpMessageConverterTests" time="0.0"/>
  <testcase name="writeContentInputStreamThrowingNullPointerException" classname="org.springframework.http.converter.ResourceHttpMessageConverterTests" time="0.003"/>
  <testcase name="shouldReadImageResource" classname="org.springframework.http.converter.ResourceHttpMessageConverterTests" time="0.006"/>
  <testcase name="writeContentNotGettingInputStream" classname="org.springframework.http.converter.ResourceHttpMessageConverterTests" time="0.0"/>
  <testcase name="canReadResource" classname="org.springframework.http.converter.ResourceHttpMessageConverterTests" time="0.0"/>
  <system-out><![CDATA[]]></system-out>
  <system-err><![CDATA[]]></system-err>
</testsuite>
