<?xml version="1.0" encoding="UTF-8"?>
<testsuite name="org.springframework.scheduling.aspectj.AnnotationDrivenBeanDefinitionParserTests" tests="3" skipped="0" failures="0" errors="0" timestamp="2016-11-10T07:37:53" hostname="XB-20161010YVDY" time="0.1">
  <properties/>
  <testcase name="asyncPostProcessorExceptionHandlerReference" classname="org.springframework.scheduling.aspectj.AnnotationDrivenBeanDefinitionParserTests" time="0.069"/>
  <testcase name="asyncAspectRegistered" classname="org.springframework.scheduling.aspectj.AnnotationDrivenBeanDefinitionParserTests" time="0.016"/>
  <testcase name="asyncPostProcessorExecutorReference" classname="org.springframework.scheduling.aspectj.AnnotationDrivenBeanDefinitionParserTests" time="0.014"/>
  <system-out><![CDATA[]]></system-out>
  <system-err><![CDATA[]]></system-err>
</testsuite>
