<?xml version="1.0" encoding="UTF-8"?>
<testsuite name="org.springframework.cache.aspectj.JCacheAspectJNamespaceConfigTests" tests="28" skipped="0" failures="0" errors="0" timestamp="2016-11-10T07:37:52" hostname="XB-20161010YVDY" time="1.072">
  <properties/>
  <testcase name="earlyPutWithExceptionVetoPut" classname="org.springframework.cache.aspectj.JCacheAspectJNamespaceConfigTests" time="0.048"/>
  <testcase name="removeWithException" classname="org.springframework.cache.aspectj.JCacheAspectJNamespaceConfigTests" time="0.045"/>
  <testcase name="cacheExceptionVetoed" classname="org.springframework.cache.aspectj.JCacheAspectJNamespaceConfigTests" time="0.032"/>
  <testcase name="cacheWithCustomCacheResolver" classname="org.springframework.cache.aspectj.JCacheAspectJNamespaceConfigTests" time="0.035"/>
  <testcase name="earlyRemove" classname="org.springframework.cache.aspectj.JCacheAspectJNamespaceConfigTests" time="0.036"/>
  <testcase name="remove" classname="org.springframework.cache.aspectj.JCacheAspectJNamespaceConfigTests" time="0.039"/>
  <testcase name="earlyPut" classname="org.springframework.cache.aspectj.JCacheAspectJNamespaceConfigTests" time="0.027"/>
  <testcase name="putWithException" classname="org.springframework.cache.aspectj.JCacheAspectJNamespaceConfigTests" time="0.031"/>
  <testcase name="removeWithExceptionVetoRemove" classname="org.springframework.cache.aspectj.JCacheAspectJNamespaceConfigTests" time="0.031"/>
  <testcase name="cacheWithCustomKeyGenerator" classname="org.springframework.cache.aspectj.JCacheAspectJNamespaceConfigTests" time="0.035"/>
  <testcase name="cacheNull" classname="org.springframework.cache.aspectj.JCacheAspectJNamespaceConfigTests" time="0.037"/>
  <testcase name="cacheCheckedException" classname="org.springframework.cache.aspectj.JCacheAspectJNamespaceConfigTests" time="0.037"/>
  <testcase name="earlyRemoveAll" classname="org.springframework.cache.aspectj.JCacheAspectJNamespaceConfigTests" time="0.039"/>
  <testcase name="put" classname="org.springframework.cache.aspectj.JCacheAspectJNamespaceConfigTests" time="0.037"/>
  <testcase name="earlyRemoveAllWithExceptionVetoRemove" classname="org.springframework.cache.aspectj.JCacheAspectJNamespaceConfigTests" time="0.03"/>
  <testcase name="earlyPutWithException" classname="org.springframework.cache.aspectj.JCacheAspectJNamespaceConfigTests" time="0.101"/>
  <testcase name="cache" classname="org.springframework.cache.aspectj.JCacheAspectJNamespaceConfigTests" time="0.037"/>
  <testcase name="earlyRemoveAllWithException" classname="org.springframework.cache.aspectj.JCacheAspectJNamespaceConfigTests" time="0.037"/>
  <testcase name="earlyRemoveWithException" classname="org.springframework.cache.aspectj.JCacheAspectJNamespaceConfigTests" time="0.031"/>
  <testcase name="cacheAlwaysInvoke" classname="org.springframework.cache.aspectj.JCacheAspectJNamespaceConfigTests" time="0.043"/>
  <testcase name="removeAllWithExceptionVetoRemove" classname="org.springframework.cache.aspectj.JCacheAspectJNamespaceConfigTests" time="0.041"/>
  <testcase name="earlyRemoveWithExceptionVetoRemove" classname="org.springframework.cache.aspectj.JCacheAspectJNamespaceConfigTests" time="0.034"/>
  <testcase name="removeAll" classname="org.springframework.cache.aspectj.JCacheAspectJNamespaceConfigTests" time="0.03"/>
  <testcase name="removeAllWithException" classname="org.springframework.cache.aspectj.JCacheAspectJNamespaceConfigTests" time="0.033"/>
  <testcase name="cacheWithPartialKey" classname="org.springframework.cache.aspectj.JCacheAspectJNamespaceConfigTests" time="0.032"/>
  <testcase name="putWithExceptionVetoPut" classname="org.springframework.cache.aspectj.JCacheAspectJNamespaceConfigTests" time="0.027"/>
  <testcase name="cacheException" classname="org.springframework.cache.aspectj.JCacheAspectJNamespaceConfigTests" time="0.042"/>
  <testcase name="cacheExceptionRewriteCallStack" classname="org.springframework.cache.aspectj.JCacheAspectJNamespaceConfigTests" time="0.038"/>
  <system-out><![CDATA[]]></system-out>
  <system-err><![CDATA[]]></system-err>
</testsuite>
