<?xml version="1.0" encoding="UTF-8"?>
<testsuite name="org.springframework.oxm.castor.CastorUnmarshallerTests" tests="22" skipped="2" failures="0" errors="0" timestamp="2016-11-10T07:41:54" hostname="XB-20161010YVDY" time="0.334">
  <properties/>
  <testcase name="unmarshalSaxSourceWithXmlOptions" classname="org.springframework.oxm.castor.CastorUnmarshallerTests" time="0.018"/>
  <testcase name="ignoreExtraElementsFalse" classname="org.springframework.oxm.castor.CastorUnmarshallerTests" time="0.015"/>
  <testcase name="unmarshalTargetClass" classname="org.springframework.oxm.castor.CastorUnmarshallerTests" time="0.015"/>
  <testcase name="ignoreExtraElementsTrue" classname="org.springframework.oxm.castor.CastorUnmarshallerTests" time="0.0">
    <skipped/>
  </testcase>
  <testcase name="whitespacePreserveFalse" classname="org.springframework.oxm.castor.CastorUnmarshallerTests" time="0.012"/>
  <testcase name="rootObject" classname="org.springframework.oxm.castor.CastorUnmarshallerTests" time="0.013"/>
  <testcase name="setBothTargetClassesAndMapping" classname="org.springframework.oxm.castor.CastorUnmarshallerTests" time="0.027"/>
  <testcase name="clearCollectionsFalse" classname="org.springframework.oxm.castor.CastorUnmarshallerTests" time="0.0">
    <skipped/>
  </testcase>
  <testcase name="ignoreExtraAttributesTrue" classname="org.springframework.oxm.castor.CastorUnmarshallerTests" time="0.016"/>
  <testcase name="whitespacePreserveTrue" classname="org.springframework.oxm.castor.CastorUnmarshallerTests" time="0.018"/>
  <testcase name="unmarshalStreamSourceWithXmlOptions" classname="org.springframework.oxm.castor.CastorUnmarshallerTests" time="0.015"/>
  <testcase name="clearCollectionsTrue" classname="org.springframework.oxm.castor.CastorUnmarshallerTests" time="0.011"/>
  <testcase name="ignoreExtraAttributesFalse" classname="org.springframework.oxm.castor.CastorUnmarshallerTests" time="0.014"/>
  <testcase name="unmarshalStreamSourceReader" classname="org.springframework.oxm.castor.CastorUnmarshallerTests" time="0.019"/>
  <testcase name="unmarshalJaxp14StaxSourceXmlEventReader" classname="org.springframework.oxm.castor.CastorUnmarshallerTests" time="0.034"/>
  <testcase name="unmarshalPartialStaxSourceXmlStreamReader" classname="org.springframework.oxm.castor.CastorUnmarshallerTests" time="0.015"/>
  <testcase name="unmarshalStaxSourceXmlStreamReader" classname="org.springframework.oxm.castor.CastorUnmarshallerTests" time="0.015"/>
  <testcase name="unmarshalSAXSource" classname="org.springframework.oxm.castor.CastorUnmarshallerTests" time="0.013"/>
  <testcase name="unmarshalStreamSourceInputStream" classname="org.springframework.oxm.castor.CastorUnmarshallerTests" time="0.015"/>
  <testcase name="unmarshalJaxp14StaxSourceXmlStreamReader" classname="org.springframework.oxm.castor.CastorUnmarshallerTests" time="0.015"/>
  <testcase name="unmarshalStaxSourceXmlEventReader" classname="org.springframework.oxm.castor.CastorUnmarshallerTests" time="0.015"/>
  <testcase name="unmarshalDomSource" classname="org.springframework.oxm.castor.CastorUnmarshallerTests" time="0.016"/>
  <system-out><![CDATA[]]></system-out>
  <system-err><![CDATA[]]></system-err>
</testsuite>
