<?xml version="1.0" encoding="UTF-8"?>
<testsuite name="org.springframework.oxm.xstream.XStreamUnmarshallerTests" tests="4" skipped="0" failures="0" errors="0" timestamp="2016-11-10T07:41:56" hostname="XB-20161010YVDY" time="0.012">
  <properties/>
  <testcase name="unmarshalStreamSourceReader" classname="org.springframework.oxm.xstream.XStreamUnmarshallerTests" time="0.002"/>
  <testcase name="unmarshalStaxSourceXmlStreamReader" classname="org.springframework.oxm.xstream.XStreamUnmarshallerTests" time="0.002"/>
  <testcase name="unmarshalStreamSourceInputStream" classname="org.springframework.oxm.xstream.XStreamUnmarshallerTests" time="0.002"/>
  <testcase name="unmarshalDomSource" classname="org.springframework.oxm.xstream.XStreamUnmarshallerTests" time="0.006"/>
  <system-out><![CDATA[]]></system-out>
  <system-err><![CDATA[]]></system-err>
</testsuite>
