<?xml version="1.0" encoding="UTF-8"?>
<testsuite name="org.springframework.jms.listener.endpoint.DefaultJmsActivationSpecFactoryTests" tests="2" skipped="0" failures="0" errors="0" timestamp="2016-11-10T07:40:53" hostname="XB-20161010YVDY" time="0.018">
  <properties/>
  <testcase name="webSphereResourceAdapterSetup" classname="org.springframework.jms.listener.endpoint.DefaultJmsActivationSpecFactoryTests" time="0.014"/>
  <testcase name="activeMQResourceAdapterSetup" classname="org.springframework.jms.listener.endpoint.DefaultJmsActivationSpecFactoryTests" time="0.004"/>
  <system-out><![CDATA[]]></system-out>
  <system-err><![CDATA[]]></system-err>
</testsuite>
