<?xml version="1.0" encoding="UTF-8"?>
<testsuite name="org.springframework.jms.annotation.EnableJmsTests" tests="14" skipped="0" failures="0" errors="0" timestamp="2016-11-10T07:40:48" hostname="XB-20161010YVDY" time="1.097">
  <properties/>
  <testcase name="jmsListeners" classname="org.springframework.jms.annotation.EnableJmsTests" time="0.408"/>
  <testcase name="unknownFactory" classname="org.springframework.jms.annotation.EnableJmsTests" time="0.045"/>
  <testcase name="sampleConfiguration" classname="org.springframework.jms.annotation.EnableJmsTests" time="0.054"/>
  <testcase name="customConfiguration" classname="org.springframework.jms.annotation.EnableJmsTests" time="0.076"/>
  <testcase name="composedJmsListeners" classname="org.springframework.jms.annotation.EnableJmsTests" time="0.045"/>
  <testcase name="containerCanBeStarterViaTheRegistry" classname="org.springframework.jms.annotation.EnableJmsTests" time="0.059"/>
  <testcase name="jmsHandlerMethodFactoryConfiguration" classname="org.springframework.jms.annotation.EnableJmsTests" time="0.078"/>
  <testcase name="explicitContainerFactory" classname="org.springframework.jms.annotation.EnableJmsTests" time="0.05"/>
  <testcase name="fullConfiguration" classname="org.springframework.jms.annotation.EnableJmsTests" time="0.062"/>
  <testcase name="lazyComponent" classname="org.springframework.jms.annotation.EnableJmsTests" time="0.055"/>
  <testcase name="defaultContainerFactory" classname="org.springframework.jms.annotation.EnableJmsTests" time="0.04"/>
  <testcase name="jmsListenerIsRepeatable" classname="org.springframework.jms.annotation.EnableJmsTests" time="0.039"/>
  <testcase name="containerAreStartedByDefault" classname="org.springframework.jms.annotation.EnableJmsTests" time="0.034"/>
  <testcase name="fullConfigurableConfiguration" classname="org.springframework.jms.annotation.EnableJmsTests" time="0.05"/>
  <system-out><![CDATA[]]></system-out>
  <system-err><![CDATA[]]></system-err>
</testsuite>
