<?xml version="1.0" encoding="UTF-8"?>
<testsuite name="org.springframework.jms.config.SimpleJmsListenerEndpointTests" tests="1" skipped="0" failures="0" errors="0" timestamp="2016-11-10T07:40:51" hostname="XB-20161010YVDY" time="0.0">
  <properties/>
  <testcase name="createListener" classname="org.springframework.jms.config.SimpleJmsListenerEndpointTests" time="0.0"/>
  <system-out><![CDATA[]]></system-out>
  <system-err><![CDATA[]]></system-err>
</testsuite>
