<?xml version="1.0" encoding="UTF-8"?>
<testsuite name="org.springframework.jms.listener.adapter.MessagingMessageListenerAdapterTests" tests="14" skipped="0" failures="0" errors="0" timestamp="2016-11-10T07:40:52" hostname="XB-20161010YVDY" time="0.252">
  <properties/>
  <testcase name="replyJacksonMessageAndJsonView" classname="org.springframework.jms.listener.adapter.MessagingMessageListenerAdapterTests" time="0.233"/>
  <testcase name="replyJackson" classname="org.springframework.jms.listener.adapter.MessagingMessageListenerAdapterTests" time="0.003"/>
  <testcase name="buildMessageWithStandardMessage" classname="org.springframework.jms.listener.adapter.MessagingMessageListenerAdapterTests" time="0.001"/>
  <testcase name="replyPayloadNoDestination" classname="org.springframework.jms.listener.adapter.MessagingMessageListenerAdapterTests" time="0.001"/>
  <testcase name="exceptionInListener" classname="org.springframework.jms.listener.adapter.MessagingMessageListenerAdapterTests" time="0.0"/>
  <testcase name="payloadConversionLazilyInvoked" classname="org.springframework.jms.listener.adapter.MessagingMessageListenerAdapterTests" time="0.0"/>
  <testcase name="replyUsesMessageConverterForPayload" classname="org.springframework.jms.listener.adapter.MessagingMessageListenerAdapterTests" time="0.0"/>
  <testcase name="replyJacksonPojoAndJsonView" classname="org.springframework.jms.listener.adapter.MessagingMessageListenerAdapterTests" time="0.001"/>
  <testcase name="replyPayloadToQueue" classname="org.springframework.jms.listener.adapter.MessagingMessageListenerAdapterTests" time="0.001"/>
  <testcase name="replyPayloadToTopic" classname="org.springframework.jms.listener.adapter.MessagingMessageListenerAdapterTests" time="0.006"/>
  <testcase name="incomingMessageUsesMessageConverter" classname="org.springframework.jms.listener.adapter.MessagingMessageListenerAdapterTests" time="0.0"/>
  <testcase name="headerConversionLazilyInvoked" classname="org.springframework.jms.listener.adapter.MessagingMessageListenerAdapterTests" time="0.001"/>
  <testcase name="replyPayloadToDestination" classname="org.springframework.jms.listener.adapter.MessagingMessageListenerAdapterTests" time="0.0"/>
  <testcase name="exceptionInInvocation" classname="org.springframework.jms.listener.adapter.MessagingMessageListenerAdapterTests" time="0.001"/>
  <system-out><![CDATA[]]></system-out>
  <system-err><![CDATA[]]></system-err>
</testsuite>
