<?xml version="1.0" encoding="UTF-8"?>
<testsuite name="org.springframework.jms.listener.DefaultMessageListenerContainerTests" tests="4" skipped="0" failures="0" errors="0" timestamp="2016-11-10T07:40:53" hostname="XB-20161010YVDY" time="0.129">
  <properties/>
  <testcase name="runnableIsInvokedEvenIfContainerIsNotRunning" classname="org.springframework.jms.listener.DefaultMessageListenerContainerTests" time="0.007"/>
  <testcase name="recoverResetBackOff" classname="org.springframework.jms.listener.DefaultMessageListenerContainerTests" time="0.068"/>
  <testcase name="applyBackOff" classname="org.springframework.jms.listener.DefaultMessageListenerContainerTests" time="0.001"/>
  <testcase name="applyBackOffRetry" classname="org.springframework.jms.listener.DefaultMessageListenerContainerTests" time="0.051"/>
  <system-out><![CDATA[15:40:53.120 [Test worker] ERROR org.springframework.jms.listener.DefaultMessageListenerContainer - Could not refresh JMS Connection for destination 'org.springframework.jms.listener.DefaultMessageListenerContainerTests$1@367e9381' - retrying using Mock for BackOffExecution, hashCode: 2099240310. Cause: Test exception (attempt 1)
15:40:53.171 [Test worker] ERROR org.springframework.jms.listener.DefaultMessageListenerContainer - Could not refresh JMS Connection for destination 'org.springframework.jms.listener.DefaultMessageListenerContainerTests$1@30c81117' - retrying using Mock for BackOffExecution, hashCode: 1957454113. Cause: Test exception
15:40:53.171 [Test worker] ERROR org.springframework.jms.listener.DefaultMessageListenerContainer - Stopping container for destination 'org.springframework.jms.listener.DefaultMessageListenerContainerTests$1@30c81117': back-off policy does not allow for further attempts.
15:40:53.172 [Test worker] ERROR org.springframework.jms.listener.DefaultMessageListenerContainer - Could not refresh JMS Connection for destination 'org.springframework.jms.listener.DefaultMessageListenerContainerTests$1@368c16ae' - retrying using Mock for BackOffExecution, hashCode: 897292644. Cause: Test exception
15:40:53.222 [Test worker] ERROR org.springframework.jms.listener.DefaultMessageListenerContainer - Could not refresh JMS Connection for destination 'org.springframework.jms.listener.DefaultMessageListenerContainerTests$1@368c16ae' - retrying using Mock for BackOffExecution, hashCode: 897292644. Cause: Test exception
15:40:53.222 [Test worker] ERROR org.springframework.jms.listener.DefaultMessageListenerContainer - Stopping container for destination 'org.springframework.jms.listener.DefaultMessageListenerContainerTests$1@368c16ae': back-off policy does not allow for further attempts.
]]></system-out>
  <system-err><![CDATA[]]></system-err>
</testsuite>
