<?xml version="1.0" encoding="UTF-8"?>
<testsuite name="org.springframework.jms.annotation.JmsListenerAnnotationBeanPostProcessorTests" tests="4" skipped="0" failures="0" errors="0" timestamp="2016-11-10T07:40:49" hostname="XB-20161010YVDY" time="0.496">
  <properties/>
  <testcase name="simpleMessageListener" classname="org.springframework.jms.annotation.JmsListenerAnnotationBeanPostProcessorTests" time="0.053"/>
  <testcase name="invalidProxy" classname="org.springframework.jms.annotation.JmsListenerAnnotationBeanPostProcessorTests" time="0.251"/>
  <testcase name="sendToAnnotationFoundOnProxy" classname="org.springframework.jms.annotation.JmsListenerAnnotationBeanPostProcessorTests" time="0.145"/>
  <testcase name="metaAnnotationIsDiscovered" classname="org.springframework.jms.annotation.JmsListenerAnnotationBeanPostProcessorTests" time="0.046"/>
  <system-out><![CDATA[]]></system-out>
  <system-err><![CDATA[]]></system-err>
</testsuite>
