<?xml version="1.0" encoding="UTF-8"?>
<testsuite name="org.springframework.jms.listener.adapter.JmsResponseTests" tests="6" skipped="0" failures="0" errors="0" timestamp="2016-11-10T07:40:52" hostname="XB-20161010YVDY" time="0.008">
  <properties/>
  <testcase name="resolveDestinationForQueue" classname="org.springframework.jms.listener.adapter.JmsResponseTests" time="0.007"/>
  <testcase name="createWithNullQueueName" classname="org.springframework.jms.listener.adapter.JmsResponseTests" time="0.0"/>
  <testcase name="destinationDoesNotUseDestinationResolver" classname="org.springframework.jms.listener.adapter.JmsResponseTests" time="0.0"/>
  <testcase name="createWithNulResponse" classname="org.springframework.jms.listener.adapter.JmsResponseTests" time="0.0"/>
  <testcase name="createWithNullTopicName" classname="org.springframework.jms.listener.adapter.JmsResponseTests" time="0.0"/>
  <testcase name="createWithNulDestination" classname="org.springframework.jms.listener.adapter.JmsResponseTests" time="0.001"/>
  <system-out><![CDATA[]]></system-out>
  <system-err><![CDATA[]]></system-err>
</testsuite>
