<?xml version="1.0" encoding="UTF-8"?>
<testsuite name="org.springframework.jms.config.JmsListenerContainerFactoryIntegrationTests" tests="4" skipped="0" failures="0" errors="0" timestamp="2016-11-10T07:40:50" hostname="XB-20161010YVDY" time="0.072">
  <properties/>
  <testcase name="messagingMessageConverterCanBeUsed" classname="org.springframework.jms.config.JmsListenerContainerFactoryIntegrationTests" time="0.02"/>
  <testcase name="parameterAnnotationWithJdkProxy" classname="org.springframework.jms.config.JmsListenerContainerFactoryIntegrationTests" time="0.006"/>
  <testcase name="messageConverterUsedIfSet" classname="org.springframework.jms.config.JmsListenerContainerFactoryIntegrationTests" time="0.001"/>
  <testcase name="parameterAnnotationWithCglibProxy" classname="org.springframework.jms.config.JmsListenerContainerFactoryIntegrationTests" time="0.043"/>
  <system-out><![CDATA[]]></system-out>
  <system-err><![CDATA[]]></system-err>
</testsuite>
