<?xml version="1.0" encoding="UTF-8"?>
<testsuite name="org.springframework.jms.support.converter.MappingJackson2MessageConverterTests" tests="14" skipped="0" failures="0" errors="0" timestamp="2016-11-10T07:40:53" hostname="XB-20161010YVDY" time="0.121">
  <properties/>
  <testcase name="toTextMessageWithAnotherJsonViewClass" classname="org.springframework.jms.support.converter.MappingJackson2MessageConverterTests" time="0.001"/>
  <testcase name="toBytesMessage" classname="org.springframework.jms.support.converter.MappingJackson2MessageConverterTests" time="0.003"/>
  <testcase name="fromTextMessageWithUnknownProperty" classname="org.springframework.jms.support.converter.MappingJackson2MessageConverterTests" time="0.086"/>
  <testcase name="fromTextMessageAsMap" classname="org.springframework.jms.support.converter.MappingJackson2MessageConverterTests" time="0.016"/>
  <testcase name="toTextMessageWithReturnTypeAndNoJsonView" classname="org.springframework.jms.support.converter.MappingJackson2MessageConverterTests" time="0.001"/>
  <testcase name="toTextMessageWithObject" classname="org.springframework.jms.support.converter.MappingJackson2MessageConverterTests" time="0.001"/>
  <testcase name="toTextMessageWithMap" classname="org.springframework.jms.support.converter.MappingJackson2MessageConverterTests" time="0.006"/>
  <testcase name="fromBytesMessage" classname="org.springframework.jms.support.converter.MappingJackson2MessageConverterTests" time="0.001"/>
  <testcase name="fromTextMessageAsObject" classname="org.springframework.jms.support.converter.MappingJackson2MessageConverterTests" time="0.001"/>
  <testcase name="toTextMessageWithJsonViewClass" classname="org.springframework.jms.support.converter.MappingJackson2MessageConverterTests" time="0.001"/>
  <testcase name="toTextMessageWithReturnType" classname="org.springframework.jms.support.converter.MappingJackson2MessageConverterTests" time="0.001"/>
  <testcase name="toTextMessageWithNullReturnType" classname="org.springframework.jms.support.converter.MappingJackson2MessageConverterTests" time="0.0"/>
  <testcase name="toTextMessageWithReturnTypeAndMultipleJsonViews" classname="org.springframework.jms.support.converter.MappingJackson2MessageConverterTests" time="0.0"/>
  <testcase name="fromTextMessage" classname="org.springframework.jms.support.converter.MappingJackson2MessageConverterTests" time="0.0"/>
  <system-out><![CDATA[]]></system-out>
  <system-err><![CDATA[]]></system-err>
</testsuite>
