<?xml version="1.0" encoding="UTF-8"?>
<testsuite name="org.springframework.jms.listener.endpoint.JmsMessageEndpointManagerTests" tests="7" skipped="0" failures="0" errors="0" timestamp="2016-11-10T07:40:53" hostname="XB-20161010YVDY" time="0.001">
  <properties/>
  <testcase name="getMessageConverterNoConfig" classname="org.springframework.jms.listener.endpoint.JmsMessageEndpointManagerTests" time="0.0"/>
  <testcase name="isPubSubDomainWithNoConfig" classname="org.springframework.jms.listener.endpoint.JmsMessageEndpointManagerTests" time="0.0"/>
  <testcase name="isPubSubDomainWithQueue" classname="org.springframework.jms.listener.endpoint.JmsMessageEndpointManagerTests" time="0.0"/>
  <testcase name="isPubSubDomainWithTopic" classname="org.springframework.jms.listener.endpoint.JmsMessageEndpointManagerTests" time="0.0"/>
  <testcase name="getDestinationResolverNoConfig" classname="org.springframework.jms.listener.endpoint.JmsMessageEndpointManagerTests" time="0.0"/>
  <testcase name="pubSubDomainCustomForReply" classname="org.springframework.jms.listener.endpoint.JmsMessageEndpointManagerTests" time="0.0"/>
  <testcase name="isReplyPubSubDomainWithNoConfig" classname="org.springframework.jms.listener.endpoint.JmsMessageEndpointManagerTests" time="0.0"/>
  <system-out><![CDATA[]]></system-out>
  <system-err><![CDATA[]]></system-err>
</testsuite>
