<?xml version="1.0" encoding="UTF-8"?>
<testsuite name="org.springframework.jms.support.JmsMessageHeaderAccessorTests" tests="1" skipped="0" failures="0" errors="0" timestamp="2016-11-10T07:40:53" hostname="XB-20161010YVDY" time="0.001">
  <properties/>
  <testcase name="validateJmsHeaders" classname="org.springframework.jms.support.JmsMessageHeaderAccessorTests" time="0.001"/>
  <system-out><![CDATA[]]></system-out>
  <system-err><![CDATA[]]></system-err>
</testsuite>
