<?xml version="1.0" encoding="UTF-8"?>
<testsuite name="org.springframework.jms.connection.JmsTransactionManagerTests" tests="7" skipped="0" failures="0" errors="0" timestamp="2016-11-10T07:40:51" hostname="XB-20161010YVDY" time="0.176">
  <properties/>
  <testcase name="testTransactionSuspension" classname="org.springframework.jms.connection.JmsTransactionManagerTests" time="0.07"/>
  <testcase name="testTransactionCommit" classname="org.springframework.jms.connection.JmsTransactionManagerTests" time="0.001"/>
  <testcase name="testSuspendedTransaction" classname="org.springframework.jms.connection.JmsTransactionManagerTests" time="0.002"/>
  <testcase name="testParticipatingTransactionWithCommit" classname="org.springframework.jms.connection.JmsTransactionManagerTests" time="0.001"/>
  <testcase name="testTransactionRollback" classname="org.springframework.jms.connection.JmsTransactionManagerTests" time="0.0"/>
  <testcase name="testParticipatingTransactionWithRollbackOnly" classname="org.springframework.jms.connection.JmsTransactionManagerTests" time="0.002"/>
  <testcase name="testTransactionCommitWithMessageProducer" classname="org.springframework.jms.connection.JmsTransactionManagerTests" time="0.099"/>
  <system-out><![CDATA[]]></system-out>
  <system-err><![CDATA[]]></system-err>
</testsuite>
