<?xml version="1.0" encoding="UTF-8"?>
<testsuite name="org.springframework.jms.support.destination.DynamicDestinationResolverTests" tests="4" skipped="0" failures="0" errors="0" timestamp="2016-11-10T07:40:53" hostname="XB-20161010YVDY" time="0.001">
  <properties/>
  <testcase name="resolveWithPubSubVanillaSession" classname="org.springframework.jms.support.destination.DynamicDestinationResolverTests" time="0.0"/>
  <testcase name="resolveWithPubSubTopicSession" classname="org.springframework.jms.support.destination.DynamicDestinationResolverTests" time="0.0"/>
  <testcase name="resolveWithPointToPointVanillaSession" classname="org.springframework.jms.support.destination.DynamicDestinationResolverTests" time="0.0"/>
  <testcase name="resolveWithPointToPointQueueSession" classname="org.springframework.jms.support.destination.DynamicDestinationResolverTests" time="0.0"/>
  <system-out><![CDATA[]]></system-out>
  <system-err><![CDATA[]]></system-err>
</testsuite>
