<?xml version="1.0" encoding="UTF-8"?>
<testsuite name="org.springframework.jms.support.converter.MarshallingMessageConverterTests" tests="4" skipped="0" failures="0" errors="0" timestamp="2016-11-10T07:40:53" hostname="XB-20161010YVDY" time="0.024">
  <properties/>
  <testcase name="toBytesMessage" classname="org.springframework.jms.support.converter.MarshallingMessageConverterTests" time="0.022"/>
  <testcase name="toTextMessage" classname="org.springframework.jms.support.converter.MarshallingMessageConverterTests" time="0.001"/>
  <testcase name="fromBytesMessage" classname="org.springframework.jms.support.converter.MarshallingMessageConverterTests" time="0.0"/>
  <testcase name="fromTextMessage" classname="org.springframework.jms.support.converter.MarshallingMessageConverterTests" time="0.001"/>
  <system-out><![CDATA[]]></system-out>
  <system-err><![CDATA[]]></system-err>
</testsuite>
