<?xml version="1.0" encoding="UTF-8"?>
<testsuite name="org.springframework.jms.core.JmsTemplateTransactedTests" tests="48" skipped="0" failures="0" errors="0" timestamp="2016-11-10T07:40:52" hostname="XB-20161010YVDY" time="0.046">
  <properties/>
  <testcase name="testMessageNotWriteableException" classname="org.springframework.jms.core.JmsTemplateTransactedTests" time="0.0"/>
  <testcase name="testReceiveAndConvertDefaultDestination" classname="org.springframework.jms.core.JmsTemplateTransactedTests" time="0.0"/>
  <testcase name="testMessageFormatException" classname="org.springframework.jms.core.JmsTemplateTransactedTests" time="0.001"/>
  <testcase name="testTransactionRolledBackException" classname="org.springframework.jms.core.JmsTemplateTransactedTests" time="0.001"/>
  <testcase name="testReceiveDestinationWithSelector" classname="org.springframework.jms.core.JmsTemplateTransactedTests" time="0.001"/>
  <testcase name="testReceiveAndConvertDefaultDestinationName" classname="org.springframework.jms.core.JmsTemplateTransactedTests" time="0.001"/>
  <testcase name="testReceiveDefaultDestinationName" classname="org.springframework.jms.core.JmsTemplateTransactedTests" time="0.001"/>
  <testcase name="testSendDefaultDestination" classname="org.springframework.jms.core.JmsTemplateTransactedTests" time="0.001"/>
  <testcase name="testReceiveAndConvertDefaultDestinationWithSelector" classname="org.springframework.jms.core.JmsTemplateTransactedTests" time="0.001"/>
  <testcase name="testReceiveDestinationWithClientAcknowledge" classname="org.springframework.jms.core.JmsTemplateTransactedTests" time="0.0"/>
  <testcase name="testJmsSecurityException" classname="org.springframework.jms.core.JmsTemplateTransactedTests" time="0.001"/>
  <testcase name="testSendDestinationName" classname="org.springframework.jms.core.JmsTemplateTransactedTests" time="0.001"/>
  <testcase name="testSendDestinationWithQOS" classname="org.springframework.jms.core.JmsTemplateTransactedTests" time="0.001"/>
  <testcase name="testReceiveDefaultDestinationNameWithSelector" classname="org.springframework.jms.core.JmsTemplateTransactedTests" time="0.0"/>
  <testcase name="testSessionCallback" classname="org.springframework.jms.core.JmsTemplateTransactedTests" time="0.0"/>
  <testcase name="testReceiveDestinationName" classname="org.springframework.jms.core.JmsTemplateTransactedTests" time="0.001"/>
  <testcase name="testExceptionStackTrace" classname="org.springframework.jms.core.JmsTemplateTransactedTests" time="0.001"/>
  <testcase name="testReceiveDestinationNameWithSelector" classname="org.springframework.jms.core.JmsTemplateTransactedTests" time="0.0"/>
  <testcase name="testSendDefaultDestinationNameWithQOS" classname="org.springframework.jms.core.JmsTemplateTransactedTests" time="0.001"/>
  <testcase name="testInvalidSelectorException" classname="org.springframework.jms.core.JmsTemplateTransactedTests" time="0.001"/>
  <testcase name="testReceiveAndConvertDestination" classname="org.springframework.jms.core.JmsTemplateTransactedTests" time="0.001"/>
  <testcase name="testTransactionInProgressException" classname="org.springframework.jms.core.JmsTemplateTransactedTests" time="0.002"/>
  <testcase name="testUncategorizedJmsException" classname="org.springframework.jms.core.JmsTemplateTransactedTests" time="0.001"/>
  <testcase name="testMessageEOFException" classname="org.springframework.jms.core.JmsTemplateTransactedTests" time="0.001"/>
  <testcase name="testIllegalStateException" classname="org.springframework.jms.core.JmsTemplateTransactedTests" time="0.002"/>
  <testcase name="testReceiveAndConvertDestinationName" classname="org.springframework.jms.core.JmsTemplateTransactedTests" time="0.001"/>
  <testcase name="testSendAndReceiveDestinationName" classname="org.springframework.jms.core.JmsTemplateTransactedTests" time="0.001"/>
  <testcase name="testSendDestination" classname="org.springframework.jms.core.JmsTemplateTransactedTests" time="0.001"/>
  <testcase name="testSendAndReceiveDefaultDestination" classname="org.springframework.jms.core.JmsTemplateTransactedTests" time="0.001"/>
  <testcase name="testProducerCallback" classname="org.springframework.jms.core.JmsTemplateTransactedTests" time="0.0"/>
  <testcase name="testSendAndReceiveDefaultDestinationName" classname="org.springframework.jms.core.JmsTemplateTransactedTests" time="0.001"/>
  <testcase name="testConverter" classname="org.springframework.jms.core.JmsTemplateTransactedTests" time="0.001"/>
  <testcase name="testResourceAllocationException" classname="org.springframework.jms.core.JmsTemplateTransactedTests" time="0.0"/>
  <testcase name="testSendDefaultDestinationName" classname="org.springframework.jms.core.JmsTemplateTransactedTests" time="0.0"/>
  <testcase name="testInvalidDestinationException" classname="org.springframework.jms.core.JmsTemplateTransactedTests" time="0.002"/>
  <testcase name="testReceiveAndConvertDestinationWithSelector" classname="org.springframework.jms.core.JmsTemplateTransactedTests" time="0.001"/>
  <testcase name="testProducerCallbackWithIdAndTimestampDisabled" classname="org.springframework.jms.core.JmsTemplateTransactedTests" time="0.001"/>
  <testcase name="testInvalidClientIDException" classname="org.springframework.jms.core.JmsTemplateTransactedTests" time="0.001"/>
  <testcase name="testReceiveAndConvertDestinationNameWithSelector" classname="org.springframework.jms.core.JmsTemplateTransactedTests" time="0.0"/>
  <testcase name="testSendAndReceiveDestination" classname="org.springframework.jms.core.JmsTemplateTransactedTests" time="0.001"/>
  <testcase name="testReceiveDefaultDestination" classname="org.springframework.jms.core.JmsTemplateTransactedTests" time="0.0"/>
  <testcase name="testReceiveDefaultDestinationWithSelector" classname="org.springframework.jms.core.JmsTemplateTransactedTests" time="0.001"/>
  <testcase name="testSendDestinationNameWithQOS" classname="org.springframework.jms.core.JmsTemplateTransactedTests" time="0.001"/>
  <testcase name="testReceiveDestination" classname="org.springframework.jms.core.JmsTemplateTransactedTests" time="0.001"/>
  <testcase name="testSendDefaultDestinationWithQOS" classname="org.springframework.jms.core.JmsTemplateTransactedTests" time="0.001"/>
  <testcase name="testSessionCallbackWithinSynchronizedTransaction" classname="org.springframework.jms.core.JmsTemplateTransactedTests" time="0.001"/>
  <testcase name="testReceiveDestinationWithClientAcknowledgeWithSelector" classname="org.springframework.jms.core.JmsTemplateTransactedTests" time="0.001"/>
  <testcase name="testMessageNotReadableException" classname="org.springframework.jms.core.JmsTemplateTransactedTests" time="0.001"/>
  <system-out><![CDATA[]]></system-out>
  <system-err><![CDATA[]]></system-err>
</testsuite>
