<?xml version="1.0" encoding="UTF-8"?>
<testsuite name="org.springframework.jms.support.destination.JmsDestinationAccessorTests" tests="2" skipped="0" failures="0" errors="0" timestamp="2016-11-10T07:40:53" hostname="XB-20161010YVDY" time="0.0">
  <properties/>
  <testcase name="testChokesIfDestinationResolverIsetToNullExplcitly" classname="org.springframework.jms.support.destination.JmsDestinationAccessorTests" time="0.0"/>
  <testcase name="testSessionTransactedModeReallyDoesDefaultToFalse" classname="org.springframework.jms.support.destination.JmsDestinationAccessorTests" time="0.0"/>
  <system-out><![CDATA[]]></system-out>
  <system-err><![CDATA[]]></system-err>
</testsuite>
