<?xml version="1.0" encoding="UTF-8"?>
<testsuite name="org.springframework.expression.spel.standard.PropertiesConversionSpelTests" tests="4" skipped="0" failures="0" errors="0" timestamp="2016-11-10T07:40:32" hostname="XB-20161010YVDY" time="0.003">
  <properties/>
  <testcase name="customMapWithNonStringValue" classname="org.springframework.expression.spel.standard.PropertiesConversionSpelTests" time="0.002"/>
  <testcase name="mapWithAllStringValues" classname="org.springframework.expression.spel.standard.PropertiesConversionSpelTests" time="0.0"/>
  <testcase name="props" classname="org.springframework.expression.spel.standard.PropertiesConversionSpelTests" time="0.001"/>
  <testcase name="mapWithNonStringValue" classname="org.springframework.expression.spel.standard.PropertiesConversionSpelTests" time="0.0"/>
  <system-out><![CDATA[]]></system-out>
  <system-err><![CDATA[]]></system-err>
</testsuite>
