<?xml version="1.0" encoding="UTF-8"?>
<testsuite name="org.springframework.expression.spel.CachedMethodExecutorTests" tests="2" skipped="0" failures="0" errors="0" timestamp="2016-11-10T07:40:30" hostname="XB-20161010YVDY" time="0.004">
  <properties/>
  <testcase name="testCachedExecutionForTarget" classname="org.springframework.expression.spel.CachedMethodExecutorTests" time="0.003"/>
  <testcase name="testCachedExecutionForParameters" classname="org.springframework.expression.spel.CachedMethodExecutorTests" time="0.0"/>
  <system-out><![CDATA[]]></system-out>
  <system-err><![CDATA[]]></system-err>
</testsuite>
