<?xml version="1.0" encoding="UTF-8"?>
<testsuite name="org.springframework.expression.spel.SetValueTests" tests="20" skipped="0" failures="0" errors="0" timestamp="2016-11-10T07:40:31" hostname="XB-20161010YVDY" time="0.016">
  <properties/>
  <testcase name="testSetPropertyTypeCoersionThroughSetter" classname="org.springframework.expression.spel.SetValueTests" time="0.001"/>
  <testcase name="testIsWritableForInvalidExpressions_SPR10610" classname="org.springframework.expression.spel.SetValueTests" time="0.001"/>
  <testcase name="testSetGenericMapElementRequiresCoercion" classname="org.springframework.expression.spel.SetValueTests" time="0.002"/>
  <testcase name="testSetGenericListElementValueTypeCoersionOK" classname="org.springframework.expression.spel.SetValueTests" time="0.001"/>
  <testcase name="testSetArrayElementInvalidIndex" classname="org.springframework.expression.spel.SetValueTests" time="0.001"/>
  <testcase name="testSetPropertyTypeCoersion" classname="org.springframework.expression.spel.SetValueTests" time="0.0"/>
  <testcase name="testSetElementOfNull" classname="org.springframework.expression.spel.SetValueTests" time="0.001"/>
  <testcase name="testSetListElementNestedValue" classname="org.springframework.expression.spel.SetValueTests" time="0.0"/>
  <testcase name="testSetMapElements" classname="org.springframework.expression.spel.SetValueTests" time="0.001"/>
  <testcase name="testSetArrayElementValue" classname="org.springframework.expression.spel.SetValueTests" time="0.0"/>
  <testcase name="testSetProperty" classname="org.springframework.expression.spel.SetValueTests" time="0.001"/>
  <testcase name="testSetArrayElementValueAllPrimitiveTypes" classname="org.springframework.expression.spel.SetValueTests" time="0.002"/>
  <testcase name="testSetGenericListElementValueTypeCoersion" classname="org.springframework.expression.spel.SetValueTests" time="0.0"/>
  <testcase name="testErrorCase" classname="org.springframework.expression.spel.SetValueTests" time="0.0"/>
  <testcase name="testSetArrayElementValueAllPrimitiveTypesErrors" classname="org.springframework.expression.spel.SetValueTests" time="0.001"/>
  <testcase name="testAssign" classname="org.springframework.expression.spel.SetValueTests" time="0.0"/>
  <testcase name="testSetNestedProperty" classname="org.springframework.expression.spel.SetValueTests" time="0.0"/>
  <testcase name="testSetArrayElementNestedValue" classname="org.springframework.expression.spel.SetValueTests" time="0.0"/>
  <testcase name="testSetListElementValue" classname="org.springframework.expression.spel.SetValueTests" time="0.0"/>
  <testcase name="testIndexingIntoUnsupportedType" classname="org.springframework.expression.spel.SetValueTests" time="0.0"/>
  <system-out><![CDATA[]]></system-out>
  <system-err><![CDATA[]]></system-err>
</testsuite>
