<?xml version="1.0" encoding="UTF-8"?>
<testsuite name="org.springframework.expression.spel.OperatorTests" tests="30" skipped="0" failures="0" errors="0" timestamp="2016-11-10T07:40:31" hostname="XB-20161010YVDY" time="0.042">
  <properties/>
  <testcase name="testNotEqual" classname="org.springframework.expression.spel.OperatorTests" time="0.007"/>
  <testcase name="testGreaterThanOrEqual" classname="org.springframework.expression.spel.OperatorTests" time="0.004"/>
  <testcase name="testIntegerLiteral" classname="org.springframework.expression.spel.OperatorTests" time="0.0"/>
  <testcase name="testMultiplyDoubleDoubleGivesDouble" classname="org.springframework.expression.spel.OperatorTests" time="0.0"/>
  <testcase name="testLessThanOrEqual" classname="org.springframework.expression.spel.OperatorTests" time="0.004"/>
  <testcase name="testMixedOperandsBigDecimal" classname="org.springframework.expression.spel.OperatorTests" time="0.003"/>
  <testcase name="testLessThan" classname="org.springframework.expression.spel.OperatorTests" time="0.004"/>
  <testcase name="testOperatorOverloading" classname="org.springframework.expression.spel.OperatorTests" time="0.0"/>
  <testcase name="testMathOperatorDivide_ConvertToDouble" classname="org.springframework.expression.spel.OperatorTests" time="0.0"/>
  <testcase name="testOperatorNames" classname="org.springframework.expression.spel.OperatorTests" time="0.0"/>
  <testcase name="testEqual" classname="org.springframework.expression.spel.OperatorTests" time="0.003"/>
  <testcase name="testLongs" classname="org.springframework.expression.spel.OperatorTests" time="0.0"/>
  <testcase name="testMinus" classname="org.springframework.expression.spel.OperatorTests" time="0.001"/>
  <testcase name="testPower" classname="org.springframework.expression.spel.OperatorTests" time="0.0"/>
  <testcase name="testMathOperatorDivide04_ConvertToFloat" classname="org.springframework.expression.spel.OperatorTests" time="0.0"/>
  <testcase name="testPlus" classname="org.springframework.expression.spel.OperatorTests" time="0.001"/>
  <testcase name="testBigDecimals" classname="org.springframework.expression.spel.OperatorTests" time="0.001"/>
  <testcase name="testBigIntegers" classname="org.springframework.expression.spel.OperatorTests" time="0.001"/>
  <testcase name="testMixedOperands_FloatsAndDoubles" classname="org.springframework.expression.spel.OperatorTests" time="0.0"/>
  <testcase name="testIntegerArithmetic" classname="org.springframework.expression.spel.OperatorTests" time="0.0"/>
  <testcase name="testRealLiteral" classname="org.springframework.expression.spel.OperatorTests" time="0.0"/>
  <testcase name="testMultiplyStringInt" classname="org.springframework.expression.spel.OperatorTests" time="0.0"/>
  <testcase name="testGreaterThan" classname="org.springframework.expression.spel.OperatorTests" time="0.003"/>
  <testcase name="testMixedOperands_DoublesAndInts" classname="org.springframework.expression.spel.OperatorTests" time="0.001"/>
  <testcase name="testModulus" classname="org.springframework.expression.spel.OperatorTests" time="0.0"/>
  <testcase name="testMathOperatorAdd02" classname="org.springframework.expression.spel.OperatorTests" time="0.0"/>
  <testcase name="testDivide" classname="org.springframework.expression.spel.OperatorTests" time="0.0"/>
  <testcase name="testDoubles" classname="org.springframework.expression.spel.OperatorTests" time="0.0"/>
  <testcase name="testMathOperatorsInChains" classname="org.springframework.expression.spel.OperatorTests" time="0.0"/>
  <testcase name="testStrings" classname="org.springframework.expression.spel.OperatorTests" time="0.0"/>
  <system-out><![CDATA[]]></system-out>
  <system-err><![CDATA[]]></system-err>
</testsuite>
