<?xml version="1.0" encoding="UTF-8"?>
<testsuite name="org.springframework.expression.spel.MethodInvocationTests" tests="15" skipped="0" failures="0" errors="0" timestamp="2016-11-10T07:40:31" hostname="XB-20161010YVDY" time="0.019">
  <properties/>
  <testcase name="testNonExistentMethods" classname="org.springframework.expression.spel.MethodInvocationTests" time="0.0"/>
  <testcase name="testMethodOfClass" classname="org.springframework.expression.spel.MethodInvocationTests" time="0.001"/>
  <testcase name="testMethodFiltering_SPR6764" classname="org.springframework.expression.spel.MethodInvocationTests" time="0.004"/>
  <testcase name="testArgumentConversion01" classname="org.springframework.expression.spel.MethodInvocationTests" time="0.001"/>
  <testcase name="testAddingMethodResolvers" classname="org.springframework.expression.spel.MethodInvocationTests" time="0.0"/>
  <testcase name="testMethodThrowingException_SPR6941_2" classname="org.springframework.expression.spel.MethodInvocationTests" time="0.001"/>
  <testcase name="testMethodThrowingException_SPR6760" classname="org.springframework.expression.spel.MethodInvocationTests" time="0.001"/>
  <testcase name="testMethodThrowingException_SPR6941" classname="org.springframework.expression.spel.MethodInvocationTests" time="0.001"/>
  <testcase name="invokeMethodWithoutConversion" classname="org.springframework.expression.spel.MethodInvocationTests" time="0.001"/>
  <testcase name="testInvocationOnNullContextObject" classname="org.springframework.expression.spel.MethodInvocationTests" time="0.0"/>
  <testcase name="testVarargsInvocation01" classname="org.springframework.expression.spel.MethodInvocationTests" time="0.001"/>
  <testcase name="testVarargsInvocation02" classname="org.springframework.expression.spel.MethodInvocationTests" time="0.002"/>
  <testcase name="testWidening01" classname="org.springframework.expression.spel.MethodInvocationTests" time="0.001"/>
  <testcase name="testSimpleAccess01" classname="org.springframework.expression.spel.MethodInvocationTests" time="0.0"/>
  <testcase name="testStringClass" classname="org.springframework.expression.spel.MethodInvocationTests" time="0.003"/>
  <system-out><![CDATA[]]></system-out>
  <system-err><![CDATA[]]></system-err>
</testsuite>
