<?xml version="1.0" encoding="UTF-8"?>
<testsuite name="org.springframework.expression.spel.SpelCompilationCoverageTests" tests="72" skipped="0" failures="0" errors="0" timestamp="2016-11-10T07:40:31" hostname="XB-20161010YVDY" time="0.548">
  <properties/>
  <testcase name="operatorInstanceOf" classname="org.springframework.expression.spel.SpelCompilationCoverageTests" time="0.019"/>
  <testcase name="opDivide_mixedNumberTypes" classname="org.springframework.expression.spel.SpelCompilationCoverageTests" time="0.075"/>
  <testcase name="opEq_SPR14863" classname="org.springframework.expression.spel.SpelCompilationCoverageTests" time="0.002"/>
  <testcase name="variableReference_userDefined" classname="org.springframework.expression.spel.SpelCompilationCoverageTests" time="0.001"/>
  <testcase name="plusNeedingCheckcast_SPR12426" classname="org.springframework.expression.spel.SpelCompilationCoverageTests" time="0.002"/>
  <testcase name="opMinus_mixedNumberTypes" classname="org.springframework.expression.spel.SpelCompilationCoverageTests" time="0.072"/>
  <testcase name="methodReference_simpleInstanceMethodNoArgReturnPrimitive" classname="org.springframework.expression.spel.SpelCompilationCoverageTests" time="0.0"/>
  <testcase name="variableReference_root" classname="org.springframework.expression.spel.SpelCompilationCoverageTests" time="0.0"/>
  <testcase name="compilerWithGenerics_12040_2" classname="org.springframework.expression.spel.SpelCompilationCoverageTests" time="0.003"/>
  <testcase name="compilerWithGenerics_12040_3" classname="org.springframework.expression.spel.SpelCompilationCoverageTests" time="0.004"/>
  <testcase name="compiledExpressionShouldWorkWhenUsingCustomFunctionWithVarargs" classname="org.springframework.expression.spel.SpelCompilationCoverageTests" time="0.003"/>
  <testcase name="variantGetter" classname="org.springframework.expression.spel.SpelCompilationCoverageTests" time="0.002"/>
  <testcase name="propertyReferenceVisibility" classname="org.springframework.expression.spel.SpelCompilationCoverageTests" time="0.003"/>
  <testcase name="booleanLiteral" classname="org.springframework.expression.spel.SpelCompilationCoverageTests" time="0.0"/>
  <testcase name="opDivide" classname="org.springframework.expression.spel.SpelCompilationCoverageTests" time="0.009"/>
  <testcase name="ternary" classname="org.springframework.expression.spel.SpelCompilationCoverageTests" time="0.004"/>
  <testcase name="longLiteral" classname="org.springframework.expression.spel.SpelCompilationCoverageTests" time="0.001"/>
  <testcase name="opMinus" classname="org.springframework.expression.spel.SpelCompilationCoverageTests" time="0.01"/>
  <testcase name="operatorInstanceOf_SPR14250" classname="org.springframework.expression.spel.SpelCompilationCoverageTests" time="0.002"/>
  <testcase name="methodReferenceMissingCastAndRootObjectAccessing_SPR12326" classname="org.springframework.expression.spel.SpelCompilationCoverageTests" time="0.004"/>
  <testcase name="opPlus" classname="org.springframework.expression.spel.SpelCompilationCoverageTests" time="0.011"/>
  <testcase name="functionReferenceVisibility_SPR12359" classname="org.springframework.expression.spel.SpelCompilationCoverageTests" time="0.001"/>
  <testcase name="errorHandling" classname="org.springframework.expression.spel.SpelCompilationCoverageTests" time="0.003"/>
  <testcase name="compoundExpression" classname="org.springframework.expression.spel.SpelCompilationCoverageTests" time="0.002"/>
  <testcase name="methodReference" classname="org.springframework.expression.spel.SpelCompilationCoverageTests" time="0.006"/>
  <testcase name="methodReference_literalArguments_int" classname="org.springframework.expression.spel.SpelCompilationCoverageTests" time="0.001"/>
  <testcase name="compilerWithGenerics_12040" classname="org.springframework.expression.spel.SpelCompilationCoverageTests" time="0.009"/>
  <testcase name="failsWhenSettingContextForExpression_SPR12326" classname="org.springframework.expression.spel.SpelCompilationCoverageTests" time="0.001"/>
  <testcase name="functionReferenceVarargs" classname="org.springframework.expression.spel.SpelCompilationCoverageTests" time="0.001"/>
  <testcase name="indexerMapAccessor_12045" classname="org.springframework.expression.spel.SpelCompilationCoverageTests" time="0.003"/>
  <testcase name="opMultiply" classname="org.springframework.expression.spel.SpelCompilationCoverageTests" time="0.01"/>
  <testcase name="opEq" classname="org.springframework.expression.spel.SpelCompilationCoverageTests" time="0.018"/>
  <testcase name="opGe" classname="org.springframework.expression.spel.SpelCompilationCoverageTests" time="0.007"/>
  <testcase name="opGt" classname="org.springframework.expression.spel.SpelCompilationCoverageTests" time="0.005"/>
  <testcase name="opLe" classname="org.springframework.expression.spel.SpelCompilationCoverageTests" time="0.007"/>
  <testcase name="opLt" classname="org.springframework.expression.spel.SpelCompilationCoverageTests" time="0.008"/>
  <testcase name="opNe" classname="org.springframework.expression.spel.SpelCompilationCoverageTests" time="0.015"/>
  <testcase name="opOr" classname="org.springframework.expression.spel.SpelCompilationCoverageTests" time="0.003"/>
  <testcase name="functionReferenceVarargs_SPR12359" classname="org.springframework.expression.spel.SpelCompilationCoverageTests" time="0.01"/>
  <testcase name="elvis" classname="org.springframework.expression.spel.SpelCompilationCoverageTests" time="0.001"/>
  <testcase name="opAnd" classname="org.springframework.expression.spel.SpelCompilationCoverageTests" time="0.001"/>
  <testcase name="operatorNot" classname="org.springframework.expression.spel.SpelCompilationCoverageTests" time="0.001"/>
  <testcase name="mixingItUp_propertyAccessIndexerOpLtTernaryRootNull" classname="org.springframework.expression.spel.SpelCompilationCoverageTests" time="0.001"/>
  <testcase name="ternaryWithBooleanReturn" classname="org.springframework.expression.spel.SpelCompilationCoverageTests" time="0.002"/>
  <testcase name="stringLiteral" classname="org.springframework.expression.spel.SpelCompilationCoverageTests" time="0.001"/>
  <testcase name="mixingItUp_indexerOpEqTernary" classname="org.springframework.expression.spel.SpelCompilationCoverageTests" time="0.0"/>
  <testcase name="opModulus_12041" classname="org.springframework.expression.spel.SpelCompilationCoverageTests" time="0.01"/>
  <testcase name="realLiteral" classname="org.springframework.expression.spel.SpelCompilationCoverageTests" time="0.001"/>
  <testcase name="inlineList" classname="org.springframework.expression.spel.SpelCompilationCoverageTests" time="0.004"/>
  <testcase name="opPlusString" classname="org.springframework.expression.spel.SpelCompilationCoverageTests" time="0.006"/>
  <testcase name="methodReferenceVarargs" classname="org.springframework.expression.spel.SpelCompilationCoverageTests" time="0.012"/>
  <testcase name="functionReference" classname="org.springframework.expression.spel.SpelCompilationCoverageTests" time="0.002"/>
  <testcase name="constructorReference" classname="org.springframework.expression.spel.SpelCompilationCoverageTests" time="0.002"/>
  <testcase name="propertyReference" classname="org.springframework.expression.spel.SpelCompilationCoverageTests" time="0.002"/>
  <testcase name="opModulus_mixedNumberTypes" classname="org.springframework.expression.spel.SpelCompilationCoverageTests" time="0.036"/>
  <testcase name="opNe_SPR14863" classname="org.springframework.expression.spel.SpelCompilationCoverageTests" time="0.002"/>
  <testcase name="opPlus_mixedNumberTypes" classname="org.springframework.expression.spel.SpelCompilationCoverageTests" time="0.04"/>
  <testcase name="methodReference_staticMethod" classname="org.springframework.expression.spel.SpelCompilationCoverageTests" time="0.001"/>
  <testcase name="methodReferenceReflectiveMethodSelectionWithVarargs" classname="org.springframework.expression.spel.SpelCompilationCoverageTests" time="0.002"/>
  <testcase name="functionReferenceNonCompilableArguments_SPR12359" classname="org.springframework.expression.spel.SpelCompilationCoverageTests" time="0.0"/>
  <testcase name="opMultiply_mixedNumberTypes" classname="org.springframework.expression.spel.SpelCompilationCoverageTests" time="0.028"/>
  <testcase name="intLiteral" classname="org.springframework.expression.spel.SpelCompilationCoverageTests" time="0.001"/>
  <testcase name="nullLiteral" classname="org.springframework.expression.spel.SpelCompilationCoverageTests" time="0.0"/>
  <testcase name="indexer" classname="org.springframework.expression.spel.SpelCompilationCoverageTests" time="0.01"/>
  <testcase name="methodReference_simpleInstanceMethodNoArg" classname="org.springframework.expression.spel.SpelCompilationCoverageTests" time="0.0"/>
  <testcase name="nestedInlineLists" classname="org.springframework.expression.spel.SpelCompilationCoverageTests" time="0.007"/>
  <testcase name="constructorReference_SPR12326" classname="org.springframework.expression.spel.SpelCompilationCoverageTests" time="0.009"/>
  <testcase name="constructorReference_SPR13781" classname="org.springframework.expression.spel.SpelCompilationCoverageTests" time="0.013"/>
  <testcase name="floatLiteral" classname="org.springframework.expression.spel.SpelCompilationCoverageTests" time="0.001"/>
  <testcase name="typeReference" classname="org.springframework.expression.spel.SpelCompilationCoverageTests" time="0.003"/>
  <testcase name="methodReference_simpleInstanceMethodOneArgReturnPrimitive1" classname="org.springframework.expression.spel.SpelCompilationCoverageTests" time="0.001"/>
  <testcase name="methodReference_simpleInstanceMethodOneArgReturnPrimitive2" classname="org.springframework.expression.spel.SpelCompilationCoverageTests" time="0.0"/>
  <system-out><![CDATA[]]></system-out>
  <system-err><![CDATA[]]></system-err>
</testsuite>
