<?xml version="1.0" encoding="UTF-8"?>
<testsuite name="org.springframework.expression.spel.ArrayConstructorTests" tests="10" skipped="0" failures="0" errors="0" timestamp="2016-11-10T07:40:30" hostname="XB-20161010YVDY" time="0.111">
  <properties/>
  <testcase name="typeArrayConstructors" classname="org.springframework.expression.spel.ArrayConstructorTests" time="0.087"/>
  <testcase name="simpleArrayWithInitializer" classname="org.springframework.expression.spel.ArrayConstructorTests" time="0.001"/>
  <testcase name="basicArray" classname="org.springframework.expression.spel.ArrayConstructorTests" time="0.001"/>
  <testcase name="multidimensionalArrays" classname="org.springframework.expression.spel.ArrayConstructorTests" time="0.001"/>
  <testcase name="primitiveTypeArrayConstructors" classname="org.springframework.expression.spel.ArrayConstructorTests" time="0.004"/>
  <testcase name="primitiveTypeArrayConstructorsElements" classname="org.springframework.expression.spel.ArrayConstructorTests" time="0.01"/>
  <testcase name="constructorInvocation03" classname="org.springframework.expression.spel.ArrayConstructorTests" time="0.0"/>
  <testcase name="multiDimensionalArray" classname="org.springframework.expression.spel.ArrayConstructorTests" time="0.001"/>
  <testcase name="errorCases" classname="org.springframework.expression.spel.ArrayConstructorTests" time="0.003"/>
  <testcase name="conversion" classname="org.springframework.expression.spel.ArrayConstructorTests" time="0.001"/>
  <system-out><![CDATA[]]></system-out>
  <system-err><![CDATA[]]></system-err>
</testsuite>
