<?xml version="1.0" encoding="UTF-8"?>
<testsuite name="org.springframework.expression.spel.BooleanExpressionTests" tests="9" skipped="0" failures="0" errors="0" timestamp="2016-11-10T07:40:30" hostname="XB-20161010YVDY" time="0.008">
  <properties/>
  <testcase name="testAnd" classname="org.springframework.expression.spel.BooleanExpressionTests" time="0.001"/>
  <testcase name="testNot" classname="org.springframework.expression.spel.BooleanExpressionTests" time="0.001"/>
  <testcase name="testCombinations01" classname="org.springframework.expression.spel.BooleanExpressionTests" time="0.0"/>
  <testcase name="testOr" classname="org.springframework.expression.spel.BooleanExpressionTests" time="0.0"/>
  <testcase name="testBooleanFalse" classname="org.springframework.expression.spel.BooleanExpressionTests" time="0.0"/>
  <testcase name="testBooleanErrors01" classname="org.springframework.expression.spel.BooleanExpressionTests" time="0.001"/>
  <testcase name="testConvertAndHandleNull" classname="org.springframework.expression.spel.BooleanExpressionTests" time="0.001"/>
  <testcase name="testBooleanTrue" classname="org.springframework.expression.spel.BooleanExpressionTests" time="0.0"/>
  <testcase name="testWritability" classname="org.springframework.expression.spel.BooleanExpressionTests" time="0.0"/>
  <system-out><![CDATA[]]></system-out>
  <system-err><![CDATA[]]></system-err>
</testsuite>
