<?xml version="1.0" encoding="UTF-8"?>
<testsuite name="org.springframework.expression.spel.SpelReproTests" tests="94" skipped="0" failures="0" errors="0" timestamp="2016-11-10T07:40:31" hostname="XB-20161010YVDY" time="0.092">
  <properties/>
  <testcase name="SPR5905_InnerTypeReferences" classname="org.springframework.expression.spel.SpelReproTests" time="0.001"/>
  <testcase name="SPR13055_maps" classname="org.springframework.expression.spel.SpelReproTests" time="0.001"/>
  <testcase name="doubleCoercion" classname="org.springframework.expression.spel.SpelReproTests" time="0.0"/>
  <testcase name="greaterThanWithNulls_SPR7840" classname="org.springframework.expression.spel.SpelReproTests" time="0.001"/>
  <testcase name="beanResolution" classname="org.springframework.expression.spel.SpelReproTests" time="0.002"/>
  <testcase name="doubleArrayCoercion" classname="org.springframework.expression.spel.SpelReproTests" time="0.0"/>
  <testcase name="SPR10162_onlyBridgeMethod" classname="org.springframework.expression.spel.SpelReproTests" time="0.0"/>
  <testcase name="SPR9486_floatEqDoubleUnaryMinus" classname="org.springframework.expression.spel.SpelReproTests" time="0.0"/>
  <testcase name="SPR9486_floatGreaterThanDouble" classname="org.springframework.expression.spel.SpelReproTests" time="0.0"/>
  <testcase name="SPR10091_simpleTestValueType" classname="org.springframework.expression.spel.SpelReproTests" time="0.0"/>
  <testcase name="SPR10417_maps" classname="org.springframework.expression.spel.SpelReproTests" time="0.0"/>
  <testcase name="SPR10091_simpleTestValue" classname="org.springframework.expression.spel.SpelReproTests" time="0.001"/>
  <testcase name="SPR9486_subtractFloatWithFloat" classname="org.springframework.expression.spel.SpelReproTests" time="0.0"/>
  <testcase name="SPR9486_floatGreaterThanFloat" classname="org.springframework.expression.spel.SpelReproTests" time="0.0"/>
  <testcase name="SPR9486_floatModulusFloat" classname="org.springframework.expression.spel.SpelReproTests" time="0.0"/>
  <testcase name="SPR10146_malformedExpressions" classname="org.springframework.expression.spel.SpelReproTests" time="0.008"/>
  <testcase name="wideningPrimitiveConversion_8224" classname="org.springframework.expression.spel.SpelReproTests" time="0.001"/>
  <testcase name="SPR9486_floatPowerFloat" classname="org.springframework.expression.spel.SpelReproTests" time="0.0"/>
  <testcase name="SPR9486_floatDivideByFloat" classname="org.springframework.expression.spel.SpelReproTests" time="0.0"/>
  <testcase name="SPR5804" classname="org.springframework.expression.spel.SpelReproTests" time="0.001"/>
  <testcase name="SPR5847" classname="org.springframework.expression.spel.SpelReproTests" time="0.001"/>
  <testcase name="SPR5899" classname="org.springframework.expression.spel.SpelReproTests" time="0.002"/>
  <testcase name="SPR9194" classname="org.springframework.expression.spel.SpelReproTests" time="0.001"/>
  <testcase name="SPR9495" classname="org.springframework.expression.spel.SpelReproTests" time="0.002"/>
  <testcase name="SPR9735" classname="org.springframework.expression.spel.SpelReproTests" time="0.002"/>
  <testcase name="SWF1086" classname="org.springframework.expression.spel.SpelReproTests" time="0.001"/>
  <testcase name="SPR11445_simple" classname="org.springframework.expression.spel.SpelReproTests" time="0.001"/>
  <testcase name="SPR10125" classname="org.springframework.expression.spel.SpelReproTests" time="0.002"/>
  <testcase name="SPR10210" classname="org.springframework.expression.spel.SpelReproTests" time="0.001"/>
  <testcase name="SPR10328" classname="org.springframework.expression.spel.SpelReproTests" time="0.001"/>
  <testcase name="SPR10417" classname="org.springframework.expression.spel.SpelReproTests" time="0.001"/>
  <testcase name="SPR10452" classname="org.springframework.expression.spel.SpelReproTests" time="0.0"/>
  <testcase name="SPR10486" classname="org.springframework.expression.spel.SpelReproTests" time="0.0"/>
  <testcase name="SPR11142" classname="org.springframework.expression.spel.SpelReproTests" time="0.001"/>
  <testcase name="SPR11348" classname="org.springframework.expression.spel.SpelReproTests" time="0.001"/>
  <testcase name="SPR11494" classname="org.springframework.expression.spel.SpelReproTests" time="0.005"/>
  <testcase name="SPR11609" classname="org.springframework.expression.spel.SpelReproTests" time="0.001"/>
  <testcase name="SPR12035" classname="org.springframework.expression.spel.SpelReproTests" time="0.002"/>
  <testcase name="SPR12502" classname="org.springframework.expression.spel.SpelReproTests" time="0.001"/>
  <testcase name="SPR12522" classname="org.springframework.expression.spel.SpelReproTests" time="0.001"/>
  <testcase name="SPR12803" classname="org.springframework.expression.spel.SpelReproTests" time="0.002"/>
  <testcase name="SPR12808" classname="org.springframework.expression.spel.SpelReproTests" time="0.001"/>
  <testcase name="SPR13055" classname="org.springframework.expression.spel.SpelReproTests" time="0.003"/>
  <testcase name="SPR13918" classname="org.springframework.expression.spel.SpelReproTests" time="0.0"/>
  <testcase name="accessingNullPropertyViaReflection_SPR5663" classname="org.springframework.expression.spel.SpelReproTests" time="0.0"/>
  <testcase name="SPR9994_bridgeMethods" classname="org.springframework.expression.spel.SpelReproTests" time="0.001"/>
  <testcase name="reservedWords_8228" classname="org.springframework.expression.spel.SpelReproTests" time="0.001"/>
  <testcase name="SPR9486_subtractFloatWithDouble" classname="org.springframework.expression.spel.SpelReproTests" time="0.0"/>
  <testcase name="SPR9486_floatEqFloatUnaryMinus" classname="org.springframework.expression.spel.SpelReproTests" time="0.0"/>
  <testcase name="SPR9486_floatNotEqFloat" classname="org.springframework.expression.spel.SpelReproTests" time="0.0"/>
  <testcase name="NPE_SPR5661" classname="org.springframework.expression.spel.SpelReproTests" time="0.0"/>
  <testcase name="NPE_SPR5673" classname="org.springframework.expression.spel.SpelReproTests" time="0.004"/>
  <testcase name="propertyAccessorOrder_8211" classname="org.springframework.expression.spel.SpelReproTests" time="0.002"/>
  <testcase name="SPR9486_floatGreaterThanEqualDouble" classname="org.springframework.expression.spel.SpelReproTests" time="0.0"/>
  <testcase name="AccessingFactoryBean_spr9511" classname="org.springframework.expression.spel.SpelReproTests" time="0.0"/>
  <testcase name="nestedProperties_SPR6923" classname="org.springframework.expression.spel.SpelReproTests" time="0.001"/>
  <testcase name="SPR9486_floatEqFloat" classname="org.springframework.expression.spel.SpelReproTests" time="0.0"/>
  <testcase name="SPR9486_multiplyFloatWithFloat" classname="org.springframework.expression.spel.SpelReproTests" time="0.0"/>
  <testcase name="array" classname="org.springframework.expression.spel.SpelReproTests" time="0.001"/>
  <testcase name="SPR9486_floatEqDouble" classname="org.springframework.expression.spel.SpelReproTests" time="0.0"/>
  <testcase name="conversionPriority_8224" classname="org.springframework.expression.spel.SpelReproTests" time="0.001"/>
  <testcase name="SPR10091_primitiveTestValueType" classname="org.springframework.expression.spel.SpelReproTests" time="0.0"/>
  <testcase name="projectionTypeDescriptors_1" classname="org.springframework.expression.spel.SpelReproTests" time="0.001"/>
  <testcase name="projectionTypeDescriptors_2" classname="org.springframework.expression.spel.SpelReproTests" time="0.001"/>
  <testcase name="projectionTypeDescriptors_3" classname="org.springframework.expression.spel.SpelReproTests" time="0.0"/>
  <testcase name="mapOfMap_SPR7244" classname="org.springframework.expression.spel.SpelReproTests" time="0.001"/>
  <testcase name="SPR9486_floatGreaterThanOrEqualFloat" classname="org.springframework.expression.spel.SpelReproTests" time="0.0"/>
  <testcase name="SPR9486_addFloatWithDouble" classname="org.springframework.expression.spel.SpelReproTests" time="0.0"/>
  <testcase name="varargsAndPrimitives_SPR8174" classname="org.springframework.expression.spel.SpelReproTests" time="0.006"/>
  <testcase name="SPR9486_floatFunctionResolver" classname="org.springframework.expression.spel.SpelReproTests" time="0.001"/>
  <testcase name="customStaticFunctions_SPR9038" classname="org.springframework.expression.spel.SpelReproTests" time="0.001"/>
  <testcase name="SPR9486_floatLessThanFloat" classname="org.springframework.expression.spel.SpelReproTests" time="0.0"/>
  <testcase name="SPR9486_floatNotEqDouble" classname="org.springframework.expression.spel.SpelReproTests" time="0.0"/>
  <testcase name="SPR10091_primitiveTestValue" classname="org.springframework.expression.spel.SpelReproTests" time="0.0"/>
  <testcase name="SPR9486_floatModulusDouble" classname="org.springframework.expression.spel.SpelReproTests" time="0.0"/>
  <testcase name="dollarPrefixedIdentifier_SPR7100" classname="org.springframework.expression.spel.SpelReproTests" time="0.001"/>
  <testcase name="indexingAsAPropertyAccess_SPR6968_1" classname="org.springframework.expression.spel.SpelReproTests" time="0.001"/>
  <testcase name="indexingAsAPropertyAccess_SPR6968_2" classname="org.springframework.expression.spel.SpelReproTests" time="0.0"/>
  <testcase name="indexingAsAPropertyAccess_SPR6968_3" classname="org.springframework.expression.spel.SpelReproTests" time="0.0"/>
  <testcase name="indexingAsAPropertyAccess_SPR6968_4" classname="org.springframework.expression.spel.SpelReproTests" time="0.0"/>
  <testcase name="indexingAsAPropertyAccess_SPR6968_5" classname="org.springframework.expression.spel.SpelReproTests" time="0.001"/>
  <testcase name="reservedWordProperties_9862" classname="org.springframework.expression.spel.SpelReproTests" time="0.001"/>
  <testcase name="SPR9486_floatLessThanOrEqualFloat" classname="org.springframework.expression.spel.SpelReproTests" time="0.0"/>
  <testcase name="SPR9486_addFloatWithFloat" classname="org.springframework.expression.spel.SpelReproTests" time="0.0"/>
  <testcase name="SPR9486_multiplyFloatWithDouble" classname="org.springframework.expression.spel.SpelReproTests" time="0.0"/>
  <testcase name="SPR9486_floatPowerDouble" classname="org.springframework.expression.spel.SpelReproTests" time="0.0"/>
  <testcase name="SPR9486_floatLessThanDouble" classname="org.springframework.expression.spel.SpelReproTests" time="0.0"/>
  <testcase name="elvis_SPR7209_1" classname="org.springframework.expression.spel.SpelReproTests" time="0.0"/>
  <testcase name="elvis_SPR7209_2" classname="org.springframework.expression.spel.SpelReproTests" time="0.0"/>
  <testcase name="dollars2" classname="org.springframework.expression.spel.SpelReproTests" time="0.001"/>
  <testcase name="SPR11445_beanReference" classname="org.springframework.expression.spel.SpelReproTests" time="0.0"/>
  <testcase name="SPR9486_floatDivideByDouble" classname="org.springframework.expression.spel.SpelReproTests" time="0.0"/>
  <testcase name="dollars" classname="org.springframework.expression.spel.SpelReproTests" time="0.0"/>
  <testcase name="SPR9486_floatLessThanOrEqualDouble" classname="org.springframework.expression.spel.SpelReproTests" time="0.0"/>
  <system-out><![CDATA[]]></system-out>
  <system-err><![CDATA[]]></system-err>
</testsuite>
