<?xml version="1.0" encoding="UTF-8"?>
<testsuite name="org.springframework.expression.spel.InProgressTests" tests="18" skipped="0" failures="0" errors="0" timestamp="2016-11-10T07:40:31" hostname="XB-20161010YVDY" time="0.022">
  <properties/>
  <testcase name="testSetConstruction01" classname="org.springframework.expression.spel.InProgressTests" time="0.006"/>
  <testcase name="testSelectionFirst01" classname="org.springframework.expression.spel.InProgressTests" time="0.0"/>
  <testcase name="testSelectionFirst02" classname="org.springframework.expression.spel.InProgressTests" time="0.002"/>
  <testcase name="testRelOperatorsBetweenErrors01" classname="org.springframework.expression.spel.InProgressTests" time="0.001"/>
  <testcase name="testRelOperatorsBetweenErrors03" classname="org.springframework.expression.spel.InProgressTests" time="0.0"/>
  <testcase name="testRelOperatorsBetween01" classname="org.springframework.expression.spel.InProgressTests" time="0.0"/>
  <testcase name="testSelectionAST" classname="org.springframework.expression.spel.InProgressTests" time="0.001"/>
  <testcase name="testSelection02" classname="org.springframework.expression.spel.InProgressTests" time="0.002"/>
  <testcase name="testSelection03" classname="org.springframework.expression.spel.InProgressTests" time="0.001"/>
  <testcase name="testSelection04" classname="org.springframework.expression.spel.InProgressTests" time="0.001"/>
  <testcase name="testSelection05" classname="org.springframework.expression.spel.InProgressTests" time="0.002"/>
  <testcase name="testSelectionError_NonBooleanSelectionCriteria" classname="org.springframework.expression.spel.InProgressTests" time="0.001"/>
  <testcase name="testProjection01" classname="org.springframework.expression.spel.InProgressTests" time="0.0"/>
  <testcase name="testProjection02" classname="org.springframework.expression.spel.InProgressTests" time="0.001"/>
  <testcase name="testProjection05" classname="org.springframework.expression.spel.InProgressTests" time="0.0"/>
  <testcase name="testProjection06" classname="org.springframework.expression.spel.InProgressTests" time="0.0"/>
  <testcase name="testSelectionLast01" classname="org.springframework.expression.spel.InProgressTests" time="0.0"/>
  <testcase name="testSelectionLast02" classname="org.springframework.expression.spel.InProgressTests" time="0.001"/>
  <system-out><![CDATA[]]></system-out>
  <system-err><![CDATA[]]></system-err>
</testsuite>
