<?xml version="1.0" encoding="UTF-8"?>
<testsuite name="org.springframework.expression.spel.ExpressionWithConversionTests" tests="4" skipped="0" failures="0" errors="0" timestamp="2016-11-10T07:40:31" hostname="XB-20161010YVDY" time="0.013">
  <properties/>
  <testcase name="testConversionsAvailable" classname="org.springframework.expression.spel.ExpressionWithConversionTests" time="0.005"/>
  <testcase name="testConvert" classname="org.springframework.expression.spel.ExpressionWithConversionTests" time="0.003"/>
  <testcase name="testSetParameterizedList" classname="org.springframework.expression.spel.ExpressionWithConversionTests" time="0.002"/>
  <testcase name="testCoercionToCollectionOfPrimitive" classname="org.springframework.expression.spel.ExpressionWithConversionTests" time="0.002"/>
  <system-out><![CDATA[]]></system-out>
  <system-err><![CDATA[]]></system-err>
</testsuite>
