<?xml version="1.0" encoding="UTF-8"?>
<testsuite name="org.springframework.expression.spel.ExpressionLanguageScenarioTests" tests="6" skipped="0" failures="0" errors="0" timestamp="2016-11-10T07:40:31" hostname="XB-20161010YVDY" time="0.007">
  <properties/>
  <testcase name="testScenario_UsingADifferentRootContextObject" classname="org.springframework.expression.spel.ExpressionLanguageScenarioTests" time="0.001"/>
  <testcase name="testScenario_DefiningVariablesThatWillBeAccessibleInExpressions" classname="org.springframework.expression.spel.ExpressionLanguageScenarioTests" time="0.002"/>
  <testcase name="testScenario_RegisteringJavaMethodsAsFunctionsAndCallingThem" classname="org.springframework.expression.spel.ExpressionLanguageScenarioTests" time="0.0"/>
  <testcase name="testScenario_AddingYourOwnPropertyResolvers_1" classname="org.springframework.expression.spel.ExpressionLanguageScenarioTests" time="0.0"/>
  <testcase name="testScenario_AddingYourOwnPropertyResolvers_2" classname="org.springframework.expression.spel.ExpressionLanguageScenarioTests" time="0.001"/>
  <testcase name="testScenario_UsingStandardInfrastructure" classname="org.springframework.expression.spel.ExpressionLanguageScenarioTests" time="0.001"/>
  <system-out><![CDATA[]]></system-out>
  <system-err><![CDATA[]]></system-err>
</testsuite>
