<?xml version="1.0" encoding="UTF-8"?>
<testsuite name="org.springframework.expression.spel.ListTests" tests="18" skipped="0" failures="0" errors="0" timestamp="2016-11-10T07:40:31" hostname="XB-20161010YVDY" time="0.011">
  <properties/>
  <testcase name="testSetConstruction01" classname="org.springframework.expression.spel.ListTests" time="0.001"/>
  <testcase name="testRelOperatorsBetweenErrors02" classname="org.springframework.expression.spel.ListTests" time="0.0"/>
  <testcase name="testRelOperatorsBetween01" classname="org.springframework.expression.spel.ListTests" time="0.0"/>
  <testcase name="testRelOperatorsBetween02" classname="org.springframework.expression.spel.ListTests" time="0.0"/>
  <testcase name="testRelOperatorsBetween03" classname="org.springframework.expression.spel.ListTests" time="0.001"/>
  <testcase name="testRelOperatorsBetween04" classname="org.springframework.expression.spel.ListTests" time="0.002"/>
  <testcase name="testConstantRepresentation1" classname="org.springframework.expression.spel.ListTests" time="0.0"/>
  <testcase name="testInlineListCreation01" classname="org.springframework.expression.spel.ListTests" time="0.0"/>
  <testcase name="testInlineListCreation02" classname="org.springframework.expression.spel.ListTests" time="0.0"/>
  <testcase name="testInlineListCreation03" classname="org.springframework.expression.spel.ListTests" time="0.001"/>
  <testcase name="testInlineListCreation04" classname="org.springframework.expression.spel.ListTests" time="0.0"/>
  <testcase name="testInlineListCreation05" classname="org.springframework.expression.spel.ListTests" time="0.0"/>
  <testcase name="testInlineListCreation06" classname="org.springframework.expression.spel.ListTests" time="0.0"/>
  <testcase name="testInlineListError" classname="org.springframework.expression.spel.ListTests" time="0.001"/>
  <testcase name="testInlineListAndProjectionSelection" classname="org.springframework.expression.spel.ListTests" time="0.001"/>
  <testcase name="testInlineListAndNesting" classname="org.springframework.expression.spel.ListTests" time="0.001"/>
  <testcase name="testInlineListWriting" classname="org.springframework.expression.spel.ListTests" time="0.0"/>
  <testcase name="testRelOperatorsIs02" classname="org.springframework.expression.spel.ListTests" time="0.001"/>
  <system-out><![CDATA[]]></system-out>
  <system-err><![CDATA[]]></system-err>
</testsuite>
