<?xml version="1.0" encoding="UTF-8"?>
<testsuite name="org.springframework.expression.spel.ParserErrorMessagesTests" tests="5" skipped="0" failures="0" errors="0" timestamp="2016-11-10T07:40:31" hostname="XB-20161010YVDY" time="0.001">
  <properties/>
  <testcase name="testBrokenExpression01" classname="org.springframework.expression.spel.ParserErrorMessagesTests" time="0.0"/>
  <testcase name="testBrokenExpression02" classname="org.springframework.expression.spel.ParserErrorMessagesTests" time="0.0"/>
  <testcase name="testBrokenExpression04" classname="org.springframework.expression.spel.ParserErrorMessagesTests" time="0.0"/>
  <testcase name="testBrokenExpression05" classname="org.springframework.expression.spel.ParserErrorMessagesTests" time="0.0"/>
  <testcase name="testBrokenExpression07" classname="org.springframework.expression.spel.ParserErrorMessagesTests" time="0.0"/>
  <system-out><![CDATA[]]></system-out>
  <system-err><![CDATA[]]></system-err>
</testsuite>
