<?xml version="1.0" encoding="UTF-8"?>
<testsuite name="org.springframework.expression.spel.support.ReflectionHelperTests" tests="13" skipped="0" failures="0" errors="0" timestamp="2016-11-10T07:40:32" hostname="XB-20161010YVDY" time="0.009">
  <properties/>
  <testcase name="testFormatHelperForClassName" classname="org.springframework.expression.spel.support.ReflectionHelperTests" time="0.0"/>
  <testcase name="testTypedValue" classname="org.springframework.expression.spel.support.ReflectionHelperTests" time="0.0"/>
  <testcase name="testReflectionHelperCompareArguments_RequiresConversionMatching" classname="org.springframework.expression.spel.support.ReflectionHelperTests" time="0.001"/>
  <testcase name="testSetupArguments" classname="org.springframework.expression.spel.support.ReflectionHelperTests" time="0.0"/>
  <testcase name="testReflectivePropertyResolver" classname="org.springframework.expression.spel.support.ReflectionHelperTests" time="0.002"/>
  <testcase name="testOptimalReflectivePropertyResolver" classname="org.springframework.expression.spel.support.ReflectionHelperTests" time="0.001"/>
  <testcase name="testReflectionHelperCompareArguments_ExactMatching" classname="org.springframework.expression.spel.support.ReflectionHelperTests" time="0.0"/>
  <testcase name="testConvertArguments2" classname="org.springframework.expression.spel.support.ReflectionHelperTests" time="0.001"/>
  <testcase name="testConvertArguments" classname="org.springframework.expression.spel.support.ReflectionHelperTests" time="0.0"/>
  <testcase name="testReflectionHelperCompareArguments_Varargs_ExactMatching" classname="org.springframework.expression.spel.support.ReflectionHelperTests" time="0.002"/>
  <testcase name="testReflectionHelperCompareArguments_NotAMatch" classname="org.springframework.expression.spel.support.ReflectionHelperTests" time="0.0"/>
  <testcase name="testReflectionHelperCompareArguments_CloseMatching" classname="org.springframework.expression.spel.support.ReflectionHelperTests" time="0.0"/>
  <testcase name="testUtilities" classname="org.springframework.expression.spel.support.ReflectionHelperTests" time="0.002"/>
  <system-out><![CDATA[]]></system-out>
  <system-err><![CDATA[]]></system-err>
</testsuite>
