<?xml version="1.0" encoding="UTF-8"?>
<testsuite name="org.springframework.expression.spel.ExpressionStateTests" tests="15" skipped="0" failures="0" errors="0" timestamp="2016-11-10T07:40:31" hostname="XB-20161010YVDY" time="0.004">
  <properties/>
  <testcase name="testPopulatedNestedScopes" classname="org.springframework.expression.spel.ExpressionStateTests" time="0.0"/>
  <testcase name="testOperators" classname="org.springframework.expression.spel.ExpressionStateTests" time="0.0"/>
  <testcase name="testRootObjectConstructor" classname="org.springframework.expression.spel.ExpressionStateTests" time="0.0"/>
  <testcase name="testComparator" classname="org.springframework.expression.spel.ExpressionStateTests" time="0.0"/>
  <testcase name="testRootContextObject" classname="org.springframework.expression.spel.ExpressionStateTests" time="0.0"/>
  <testcase name="testLocalVariableNestedScopes" classname="org.springframework.expression.spel.ExpressionStateTests" time="0.0"/>
  <testcase name="testConstruction" classname="org.springframework.expression.spel.ExpressionStateTests" time="0.0"/>
  <testcase name="testTypeConversion" classname="org.springframework.expression.spel.ExpressionStateTests" time="0.0"/>
  <testcase name="testPopulatedNestedScopesMap" classname="org.springframework.expression.spel.ExpressionStateTests" time="0.001"/>
  <testcase name="testTypeLocator" classname="org.springframework.expression.spel.ExpressionStateTests" time="0.0"/>
  <testcase name="testVariables" classname="org.springframework.expression.spel.ExpressionStateTests" time="0.0"/>
  <testcase name="testActiveContextObject" classname="org.springframework.expression.spel.ExpressionStateTests" time="0.0"/>
  <testcase name="testLocalVariables" classname="org.springframework.expression.spel.ExpressionStateTests" time="0.0"/>
  <testcase name="testPropertyAccessors" classname="org.springframework.expression.spel.ExpressionStateTests" time="0.0"/>
  <testcase name="testNoVariableInteference" classname="org.springframework.expression.spel.ExpressionStateTests" time="0.0"/>
  <system-out><![CDATA[]]></system-out>
  <system-err><![CDATA[]]></system-err>
</testsuite>
