<?xml version="1.0" encoding="UTF-8"?>
<testsuite name="org.springframework.transaction.support.SimpleTransactionScopeTests" tests="2" skipped="0" failures="0" errors="0" timestamp="2016-11-10T07:44:21" hostname="XB-20161010YVDY" time="0.02">
  <properties/>
  <testcase name="getFromScope" classname="org.springframework.transaction.support.SimpleTransactionScopeTests" time="0.017"/>
  <testcase name="getWithTransactionManager" classname="org.springframework.transaction.support.SimpleTransactionScopeTests" time="0.003"/>
  <system-out><![CDATA[]]></system-out>
  <system-err><![CDATA[]]></system-err>
</testsuite>
