<?xml version="1.0" encoding="UTF-8"?>
<testsuite name="org.springframework.transaction.config.AnnotationDrivenTests" tests="5" skipped="0" failures="0" errors="0" timestamp="2016-11-10T07:44:18" hostname="XB-20161010YVDY" time="0.695">
  <properties/>
  <testcase name="withProxyTargetClass" classname="org.springframework.transaction.config.AnnotationDrivenTests" time="0.178"/>
  <testcase name="serializableWithoutPreviousUsage" classname="org.springframework.transaction.config.AnnotationDrivenTests" time="0.133"/>
  <testcase name="withConfigurationClass" classname="org.springframework.transaction.config.AnnotationDrivenTests" time="0.183"/>
  <testcase name="serializableWithPreviousUsage" classname="org.springframework.transaction.config.AnnotationDrivenTests" time="0.081"/>
  <testcase name="withAnnotatedTransactionManagers" classname="org.springframework.transaction.config.AnnotationDrivenTests" time="0.12"/>
  <system-out><![CDATA[]]></system-out>
  <system-err><![CDATA[]]></system-err>
</testsuite>
