<?xml version="1.0" encoding="UTF-8"?>
<testsuite name="org.springframework.jca.cci.EisOperationTests" tests="5" skipped="0" failures="0" errors="0" timestamp="2016-11-10T07:44:16" hostname="XB-20161010YVDY" time="0.026">
  <properties/>
  <testcase name="testSimpleRecordOperationWithInputOutputRecord" classname="org.springframework.jca.cci.EisOperationTests" time="0.001"/>
  <testcase name="testMappingRecordOperationWithOutputRecordCreator" classname="org.springframework.jca.cci.EisOperationTests" time="0.018"/>
  <testcase name="testSimpleRecordOperation" classname="org.springframework.jca.cci.EisOperationTests" time="0.003"/>
  <testcase name="testSimpleRecordOperationWithExplicitOutputRecord" classname="org.springframework.jca.cci.EisOperationTests" time="0.002"/>
  <testcase name="testMappingRecordOperation" classname="org.springframework.jca.cci.EisOperationTests" time="0.001"/>
  <system-out><![CDATA[]]></system-out>
  <system-err><![CDATA[]]></system-err>
</testsuite>
