<?xml version="1.0" encoding="UTF-8"?>
<testsuite name="org.springframework.transaction.event.ApplicationListenerMethodTransactionalAdapterTests" tests="4" skipped="0" failures="0" errors="0" timestamp="2016-11-10T07:44:19" hostname="XB-20161010YVDY" time="0.018">
  <properties/>
  <testcase name="phaseSet" classname="org.springframework.transaction.event.ApplicationListenerMethodTransactionalAdapterTests" time="0.005"/>
  <testcase name="valueSet" classname="org.springframework.transaction.event.ApplicationListenerMethodTransactionalAdapterTests" time="0.012"/>
  <testcase name="defaultPhase" classname="org.springframework.transaction.event.ApplicationListenerMethodTransactionalAdapterTests" time="0.0"/>
  <testcase name="phaseAndClassesSet" classname="org.springframework.transaction.event.ApplicationListenerMethodTransactionalAdapterTests" time="0.001"/>
  <system-out><![CDATA[]]></system-out>
  <system-err><![CDATA[]]></system-err>
</testsuite>
