<?xml version="1.0" encoding="UTF-8"?>
<testsuite name="org.springframework.jca.support.LocalConnectionFactoryBeanTests" tests="5" skipped="0" failures="0" errors="0" timestamp="2016-11-10T07:44:16" hostname="XB-20161010YVDY" time="0.039">
  <properties/>
  <testcase name="testIsSingleton" classname="org.springframework.jca.support.LocalConnectionFactoryBeanTests" time="0.001"/>
  <testcase name="testGetObjectTypeIsNullIfConnectionFactoryHasNotBeenConfigured" classname="org.springframework.jca.support.LocalConnectionFactoryBeanTests" time="0.0"/>
  <testcase name="testCreatesVanillaConnectionFactoryIfNoConnectionManagerHasBeenConfigured" classname="org.springframework.jca.support.LocalConnectionFactoryBeanTests" time="0.028"/>
  <testcase name="testCreatesManagedConnectionFactoryIfAConnectionManagerHasBeenConfigured" classname="org.springframework.jca.support.LocalConnectionFactoryBeanTests" time="0.01"/>
  <testcase name="testManagedConnectionFactoryIsRequired" classname="org.springframework.jca.support.LocalConnectionFactoryBeanTests" time="0.0"/>
  <system-out><![CDATA[]]></system-out>
  <system-err><![CDATA[]]></system-err>
</testsuite>
