<?xml version="1.0" encoding="UTF-8"?>
<testsuite name="org.springframework.transaction.TxNamespaceHandlerEventTests" tests="1" skipped="0" failures="0" errors="0" timestamp="2016-11-10T07:44:21" hostname="XB-20161010YVDY" time="0.037">
  <properties/>
  <testcase name="componentEventReceived" classname="org.springframework.transaction.TxNamespaceHandlerEventTests" time="0.037"/>
  <system-out><![CDATA[]]></system-out>
  <system-err><![CDATA[]]></system-err>
</testsuite>
