<?xml version="1.0" encoding="UTF-8"?>
<testsuite name="org.springframework.transaction.event.TransactionalEventListenerTests" tests="15" skipped="0" failures="0" errors="0" timestamp="2016-11-10T07:44:19" hostname="XB-20161010YVDY" time="0.576">
  <properties/>
  <testcase name="immediately" classname="org.springframework.transaction.event.TransactionalEventListenerTests" time="0.079"/>
  <testcase name="afterCompletionRollback" classname="org.springframework.transaction.event.TransactionalEventListenerTests" time="0.03"/>
  <testcase name="noTransaction" classname="org.springframework.transaction.event.TransactionalEventListenerTests" time="0.048"/>
  <testcase name="noTransactionWithFallbackExecution" classname="org.springframework.transaction.event.TransactionalEventListenerTests" time="0.051"/>
  <testcase name="beforeCommit" classname="org.springframework.transaction.event.TransactionalEventListenerTests" time="0.029"/>
  <testcase name="afterCommitMetaAnnotation" classname="org.springframework.transaction.event.TransactionalEventListenerTests" time="0.038"/>
  <testcase name="afterCommit" classname="org.springframework.transaction.event.TransactionalEventListenerTests" time="0.022"/>
  <testcase name="afterCompletionCommit" classname="org.springframework.transaction.event.TransactionalEventListenerTests" time="0.024"/>
  <testcase name="conditionFoundOnMetaAnnotation" classname="org.springframework.transaction.event.TransactionalEventListenerTests" time="0.025"/>
  <testcase name="regularTransaction" classname="org.springframework.transaction.event.TransactionalEventListenerTests" time="0.025"/>
  <testcase name="conditionFoundOnTransactionalEventListener" classname="org.springframework.transaction.event.TransactionalEventListenerTests" time="0.029"/>
  <testcase name="afterRollback" classname="org.springframework.transaction.event.TransactionalEventListenerTests" time="0.025"/>
  <testcase name="beforeCommitWithException" classname="org.springframework.transaction.event.TransactionalEventListenerTests" time="0.024"/>
  <testcase name="immediatelyImpactsCurrentTransaction" classname="org.springframework.transaction.event.TransactionalEventListenerTests" time="0.03"/>
  <testcase name="afterCommitWithTransactionalComponentListenerProxiedViaDynamicProxy" classname="org.springframework.transaction.event.TransactionalEventListenerTests" time="0.092"/>
  <system-out><![CDATA[15:44:19.704 [Test worker] WARN  org.springframework.transaction.event.ApplicationListenerMethodTransactionalAdapter - Processing org.springframework.context.PayloadApplicationEvent[source=org.springframework.context.annotation.AnnotationConfigApplicationContext@8985b5d: startup date [Thu Nov 10 15:44:19 GMT+08:00 2016]; root of context hierarchy] as a fallback execution on AFTER_ROLLBACK phase
]]></system-out>
  <system-err><![CDATA[]]></system-err>
</testsuite>
