<?xml version="1.0" encoding="UTF-8"?>
<testsuite name="org.springframework.jca.cci.CciLocalTransactionTests" tests="2" skipped="0" failures="0" errors="0" timestamp="2016-11-10T07:44:15" hostname="XB-20161010YVDY" time="0.847">
  <properties/>
  <testcase name="testLocalTransactionRollback" classname="org.springframework.jca.cci.CciLocalTransactionTests" time="0.842"/>
  <testcase name="testLocalTransactionCommit" classname="org.springframework.jca.cci.CciLocalTransactionTests" time="0.004"/>
  <system-out><![CDATA[]]></system-out>
  <system-err><![CDATA[]]></system-err>
</testsuite>
