<?xml version="1.0" encoding="UTF-8"?>
<testsuite name="org.springframework.transaction.jta.WebSphereUowTransactionManagerTests" tests="34" skipped="0" failures="0" errors="0" timestamp="2016-11-10T07:44:20" hostname="XB-20161010YVDY" time="0.019">
  <properties/>
  <testcase name="newTransactionSynchronizationUsingPropagationNotSupportedAndSynchOnActual" classname="org.springframework.transaction.jta.WebSphereUowTransactionManagerTests" time="0.004"/>
  <testcase name="uowManagerAndUserTransactionFoundInJndi" classname="org.springframework.transaction.jta.WebSphereUowTransactionManagerTests" time="0.002"/>
  <testcase name="newTransactionWithCommitUsingPropagationRequiredAndSynchOnActual" classname="org.springframework.transaction.jta.WebSphereUowTransactionManagerTests" time="0.0"/>
  <testcase name="newTransactionWithCommitUsingPropagationNested" classname="org.springframework.transaction.jta.WebSphereUowTransactionManagerTests" time="0.0"/>
  <testcase name="newTransactionSynchronizationUsingPropagationSupportsAndSynchOnActual" classname="org.springframework.transaction.jta.WebSphereUowTransactionManagerTests" time="0.0"/>
  <testcase name="newTransactionWithCommitUsingPropagationRequiresNewAndSynchNever" classname="org.springframework.transaction.jta.WebSphereUowTransactionManagerTests" time="0.0"/>
  <testcase name="newTransactionWithCommitUsingPropagationRequired" classname="org.springframework.transaction.jta.WebSphereUowTransactionManagerTests" time="0.0"/>
  <testcase name="newTransactionSynchronizationUsingPropagationSupportsAndSynchNever" classname="org.springframework.transaction.jta.WebSphereUowTransactionManagerTests" time="0.0"/>
  <testcase name="existingNonSpringTransaction" classname="org.springframework.transaction.jta.WebSphereUowTransactionManagerTests" time="0.001"/>
  <testcase name="newTransactionWithCommitException" classname="org.springframework.transaction.jta.WebSphereUowTransactionManagerTests" time="0.0"/>
  <testcase name="newTransactionSynchronizationUsingPropagationNotSupportedAndSynchNever" classname="org.springframework.transaction.jta.WebSphereUowTransactionManagerTests" time="0.0"/>
  <testcase name="existingTransactionWithSuspensionUsingPropagationRequiresNew" classname="org.springframework.transaction.jta.WebSphereUowTransactionManagerTests" time="0.001"/>
  <testcase name="newTransactionWithRollback" classname="org.springframework.transaction.jta.WebSphereUowTransactionManagerTests" time="0.0"/>
  <testcase name="newTransactionSynchronizationUsingPropagationNeverAndSynchNever" classname="org.springframework.transaction.jta.WebSphereUowTransactionManagerTests" time="0.0"/>
  <testcase name="newTransactionWithRollbackOnly" classname="org.springframework.transaction.jta.WebSphereUowTransactionManagerTests" time="0.001"/>
  <testcase name="newTransactionWithCommitUsingPropagationNestedAndSynchOnActual" classname="org.springframework.transaction.jta.WebSphereUowTransactionManagerTests" time="0.0"/>
  <testcase name="newTransactionSynchronizationUsingPropagationNever" classname="org.springframework.transaction.jta.WebSphereUowTransactionManagerTests" time="0.0"/>
  <testcase name="propagationNestedFailsInCaseOfExistingTransaction" classname="org.springframework.transaction.jta.WebSphereUowTransactionManagerTests" time="0.001"/>
  <testcase name="existingTransactionWithSuspensionUsingPropagationNotSupported" classname="org.springframework.transaction.jta.WebSphereUowTransactionManagerTests" time="0.0"/>
  <testcase name="newTransactionSynchronizationUsingPropagationNotSupported" classname="org.springframework.transaction.jta.WebSphereUowTransactionManagerTests" time="0.0"/>
  <testcase name="existingTransactionWithParticipationUsingPropagationSupports" classname="org.springframework.transaction.jta.WebSphereUowTransactionManagerTests" time="0.001"/>
  <testcase name="newTransactionWithCommitUsingPropagationNestedAndSynchNever" classname="org.springframework.transaction.jta.WebSphereUowTransactionManagerTests" time="0.0"/>
  <testcase name="newTransactionSynchronizationUsingPropagationSupports" classname="org.springframework.transaction.jta.WebSphereUowTransactionManagerTests" time="0.0"/>
  <testcase name="existingTransactionWithParticipationUsingPropagationMandatory" classname="org.springframework.transaction.jta.WebSphereUowTransactionManagerTests" time="0.0"/>
  <testcase name="uowManagerFoundInJndi" classname="org.springframework.transaction.jta.WebSphereUowTransactionManagerTests" time="0.001"/>
  <testcase name="propagationNeverFailsInCaseOfExistingTransaction" classname="org.springframework.transaction.jta.WebSphereUowTransactionManagerTests" time="0.0"/>
  <testcase name="newTransactionWithCommitAndTimeout" classname="org.springframework.transaction.jta.WebSphereUowTransactionManagerTests" time="0.001"/>
  <testcase name="newTransactionWithCommitUsingPropagationRequiresNew" classname="org.springframework.transaction.jta.WebSphereUowTransactionManagerTests" time="0.0"/>
  <testcase name="propagationMandatoryFailsInCaseOfNoExistingTransaction" classname="org.springframework.transaction.jta.WebSphereUowTransactionManagerTests" time="0.0"/>
  <testcase name="existingTransactionWithParticipationUsingPropagationRequired" classname="org.springframework.transaction.jta.WebSphereUowTransactionManagerTests" time="0.0"/>
  <testcase name="newTransactionWithCommitUsingPropagationRequiresNewAndSynchOnActual" classname="org.springframework.transaction.jta.WebSphereUowTransactionManagerTests" time="0.0"/>
  <testcase name="existingTransactionUsingPropagationNotSupported" classname="org.springframework.transaction.jta.WebSphereUowTransactionManagerTests" time="0.001"/>
  <testcase name="newTransactionWithCommitUsingPropagationRequiredAndSynchNever" classname="org.springframework.transaction.jta.WebSphereUowTransactionManagerTests" time="0.0"/>
  <testcase name="newTransactionSynchronizationUsingPropagationNeverAndSynchOnActual" classname="org.springframework.transaction.jta.WebSphereUowTransactionManagerTests" time="0.0"/>
  <system-out><![CDATA[]]></system-out>
  <system-err><![CDATA[]]></system-err>
</testsuite>
