<?xml version="1.0" encoding="UTF-8"?>
<testsuite name="org.springframework.transaction.annotation.EnableTransactionManagementTests" tests="7" skipped="0" failures="0" errors="0" timestamp="2016-11-10T07:44:17" hostname="XB-20161010YVDY" time="0.814">
  <properties/>
  <testcase name="transactionProxyIsCreated" classname="org.springframework.transaction.annotation.EnableTransactionManagementTests" time="0.318"/>
  <testcase name="transactionProxyIsCreatedWithEnableOnSuperclass" classname="org.springframework.transaction.annotation.EnableTransactionManagementTests" time="0.123"/>
  <testcase name="spr11915" classname="org.springframework.transaction.annotation.EnableTransactionManagementTests" time="0.088"/>
  <testcase name="proxyTypeAspectJCausesRegistrationOfAnnotationTransactionAspect" classname="org.springframework.transaction.annotation.EnableTransactionManagementTests" time="0.017"/>
  <testcase name="txManagerIsResolvedOnInvocationOfTransactionalMethod" classname="org.springframework.transaction.annotation.EnableTransactionManagementTests" time="0.084"/>
  <testcase name="transactionalEventListenerRegisteredProperly" classname="org.springframework.transaction.annotation.EnableTransactionManagementTests" time="0.072"/>
  <testcase name="txManagerIsResolvedCorrectlyWhenMultipleManagersArePresent" classname="org.springframework.transaction.annotation.EnableTransactionManagementTests" time="0.11"/>
  <system-out><![CDATA[]]></system-out>
  <system-err><![CDATA[]]></system-err>
</testsuite>
