<?xml version="1.0" encoding="UTF-8"?>
<testsuite name="org.springframework.dao.annotation.PersistenceExceptionTranslationInterceptorTests" tests="7" skipped="0" failures="0" errors="0" timestamp="2016-11-10T07:44:14" hostname="XB-20161010YVDY" time="0.086">
  <properties/>
  <testcase name="translationNeededForTheseExceptionsWithCustomStereotype" classname="org.springframework.dao.annotation.PersistenceExceptionTranslationInterceptorTests" time="0.074"/>
  <testcase name="translationNotNeededForTheseExceptions" classname="org.springframework.dao.annotation.PersistenceExceptionTranslationInterceptorTests" time="0.0"/>
  <testcase name="translationNeededForTheseExceptions" classname="org.springframework.dao.annotation.PersistenceExceptionTranslationInterceptorTests" time="0.001"/>
  <testcase name="noTranslationNeeded" classname="org.springframework.dao.annotation.PersistenceExceptionTranslationInterceptorTests" time="0.0"/>
  <testcase name="translationNeededForTheseExceptionsOnInheritedInterface" classname="org.springframework.dao.annotation.PersistenceExceptionTranslationInterceptorTests" time="0.001"/>
  <testcase name="translationNeededForTheseExceptionsOnSuperclass" classname="org.springframework.dao.annotation.PersistenceExceptionTranslationInterceptorTests" time="0.003"/>
  <testcase name="translationNeededForTheseExceptionsOnInterface" classname="org.springframework.dao.annotation.PersistenceExceptionTranslationInterceptorTests" time="0.003"/>
  <system-out><![CDATA[]]></system-out>
  <system-err><![CDATA[]]></system-err>
</testsuite>
