<?xml version="1.0" encoding="UTF-8"?>
<testsuite name="org.springframework.transaction.support.JtaTransactionManagerSerializationTests" tests="1" skipped="0" failures="0" errors="0" timestamp="2016-11-10T07:44:21" hostname="XB-20161010YVDY" time="0.007">
  <properties/>
  <testcase name="serializable" classname="org.springframework.transaction.support.JtaTransactionManagerSerializationTests" time="0.007"/>
  <system-out><![CDATA[15:44:21.015 [Test worker] INFO  org.springframework.transaction.jta.JtaTransactionManager - Using JTA UserTransaction: Mock for UserTransaction, hashCode: 1498907289
15:44:21.015 [Test worker] INFO  org.springframework.transaction.jta.JtaTransactionManager - Using JTA TransactionManager: Mock for TransactionManager, hashCode: 112109802
]]></system-out>
  <system-err><![CDATA[]]></system-err>
</testsuite>
