<?xml version="1.0" encoding="UTF-8"?>
<testsuite name="org.springframework.transaction.interceptor.BeanFactoryTransactionTests" tests="9" skipped="0" failures="0" errors="0" timestamp="2016-11-10T07:44:20" hostname="XB-20161010YVDY" time="0.568">
  <properties/>
  <testcase name="testGetsAreNotTransactionalWithProxyFactory2Cglib" classname="org.springframework.transaction.interceptor.BeanFactoryTransactionTests" time="0.174"/>
  <testcase name="testGetsAreNotTransactionalWithProxyFactory1" classname="org.springframework.transaction.interceptor.BeanFactoryTransactionTests" time="0.049"/>
  <testcase name="testGetsAreNotTransactionalWithProxyFactory3" classname="org.springframework.transaction.interceptor.BeanFactoryTransactionTests" time="0.053"/>
  <testcase name="testGetBeansOfTypeWithAbstract" classname="org.springframework.transaction.interceptor.BeanFactoryTransactionTests" time="0.116"/>
  <testcase name="testGetsAreNotTransactionalWithProxyFactory2DynamicProxy" classname="org.springframework.transaction.interceptor.BeanFactoryTransactionTests" time="0.051"/>
  <testcase name="testDynamicTargetSource" classname="org.springframework.transaction.interceptor.BeanFactoryTransactionTests" time="0.068"/>
  <testcase name="testNoTransactionAttributeSource" classname="org.springframework.transaction.interceptor.BeanFactoryTransactionTests" time="0.029"/>
  <testcase name="testCglibTransactionProxyImplementsNoInterfaces" classname="org.springframework.transaction.interceptor.BeanFactoryTransactionTests" time="0.017"/>
  <testcase name="testProxyFactory2Lazy" classname="org.springframework.transaction.interceptor.BeanFactoryTransactionTests" time="0.009"/>
  <system-out><![CDATA[]]></system-out>
  <system-err><![CDATA[]]></system-err>
</testsuite>
