<?xml version="1.0" encoding="UTF-8"?>
<!-- Generated by org.testng.reporters.JUnitReportReporter -->
<testsuite hostname="XB-20161010YVDY" name="org.springframework.test.context.junit4.FailingBeforeAndAfterMethodsTestNGTests$AlwaysFailingAfterTestClassTestCase" tests="1" failures="0" timestamp="10 Nov 2016 08:56:01 GMT" time="0.000" errors="0">
  <testcase name="testNothing" time="0.000" classname="org.springframework.test.context.junit4.FailingBeforeAndAfterMethodsTestNGTests$AlwaysFailingAfterTestClassTestCase"/>
</testsuite> <!-- org.springframework.test.context.junit4.FailingBeforeAndAfterMethodsTestNGTests$AlwaysFailingAfterTestClassTestCase -->
