<?xml version="1.0" encoding="UTF-8"?>
<!-- Generated by org.testng.reporters.JUnitReportReporter -->
<testsuite hostname="XB-20161010YVDY" name="org.springframework.test.context.cache.ClassLevelDirtiesContextTestNGTests$ClassLevelDirtiesContextWithCleanMethodsAndAfterClassModeTestCase" tests="1" failures="0" timestamp="10 Nov 2016 08:55:45 GMT" time="0.000" errors="0">
  <testcase name="verifyContextWasAutowired" time="0.000" classname="org.springframework.test.context.cache.ClassLevelDirtiesContextTestNGTests$ClassLevelDirtiesContextWithCleanMethodsAndAfterClassModeTestCase"/>
</testsuite> <!-- org.springframework.test.context.cache.ClassLevelDirtiesContextTestNGTests$ClassLevelDirtiesContextWithCleanMethodsAndAfterClassModeTestCase -->
