<?xml version="1.0" encoding="UTF-8"?>
<!-- Generated by org.testng.reporters.JUnitReportReporter -->
<testsuite hostname="XB-20161010YVDY" name="org.springframework.test.context.cache.ClassLevelDirtiesContextTestNGTests$InheritedClassLevelDirtiesContextWithAfterEachTestMethodModeTestCase" tests="3" failures="0" timestamp="10 Nov 2016 08:55:45 GMT" time="0.056" errors="0">
  <testcase name="verifyContextWasAutowired1" time="0.027" classname="org.springframework.test.context.cache.ClassLevelDirtiesContextTestNGTests$InheritedClassLevelDirtiesContextWithAfterEachTestMethodModeTestCase"/>
  <testcase name="verifyContextWasAutowired3" time="0.002" classname="org.springframework.test.context.cache.ClassLevelDirtiesContextTestNGTests$InheritedClassLevelDirtiesContextWithAfterEachTestMethodModeTestCase"/>
  <testcase name="verifyContextWasAutowired2" time="0.027" classname="org.springframework.test.context.cache.ClassLevelDirtiesContextTestNGTests$InheritedClassLevelDirtiesContextWithAfterEachTestMethodModeTestCase"/>
</testsuite> <!-- org.springframework.test.context.cache.ClassLevelDirtiesContextTestNGTests$InheritedClassLevelDirtiesContextWithAfterEachTestMethodModeTestCase -->
