<?xml version="1.0" encoding="UTF-8"?>
<testsuite name="org.springframework.test.web.servlet.htmlunit.DelegatingWebConnectionTests" tests="4" skipped="1" failures="0" errors="0" timestamp="2016-11-10T08:56:19" hostname="XB-20161010YVDY" time="0.021">
  <properties/>
  <testcase name="getResponseSecondMatches" classname="org.springframework.test.web.servlet.htmlunit.DelegatingWebConnectionTests" time="0.019"/>
  <testcase name="getResponseAllMatches" classname="org.springframework.test.web.servlet.htmlunit.DelegatingWebConnectionTests" time="0.0"/>
  <testcase name="verifyExampleInClassLevelJavadoc" classname="org.springframework.test.web.servlet.htmlunit.DelegatingWebConnectionTests" time="0.0">
    <skipped/>
  </testcase>
  <testcase name="getResponseDefault" classname="org.springframework.test.web.servlet.htmlunit.DelegatingWebConnectionTests" time="0.0"/>
  <system-out><![CDATA[]]></system-out>
  <system-err><![CDATA[]]></system-err>
</testsuite>
