<?xml version="1.0" encoding="UTF-8"?>
<testsuite name="org.springframework.test.web.servlet.samples.spr.RequestContextHolderTests" tests="4" skipped="0" failures="0" errors="0" timestamp="2016-11-10T08:56:25" hostname="XB-20161010YVDY" time="0.039">
  <properties/>
  <testcase name="requestScopedController" classname="org.springframework.test.web.servlet.samples.spr.RequestContextHolderTests" time="0.026"/>
  <testcase name="sessionScopedService" classname="org.springframework.test.web.servlet.samples.spr.RequestContextHolderTests" time="0.003"/>
  <testcase name="requestScopedService" classname="org.springframework.test.web.servlet.samples.spr.RequestContextHolderTests" time="0.005"/>
  <testcase name="singletonController" classname="org.springframework.test.web.servlet.samples.spr.RequestContextHolderTests" time="0.002"/>
  <system-out><![CDATA[]]></system-out>
  <system-err><![CDATA[]]></system-err>
</testsuite>
