<?xml version="1.0" encoding="UTF-8"?>
<testsuite name="org.springframework.test.web.client.UnorderedRequestExpectationManagerTests" tests="6" skipped="0" failures="0" errors="0" timestamp="2016-11-10T08:56:19" hostname="XB-20161010YVDY" time="0.002">
  <properties/>
  <testcase name="zeroExpectedRequests" classname="org.springframework.test.web.client.UnorderedRequestExpectationManagerTests" time="0.0"/>
  <testcase name="repeatedRequestsTooFew" classname="org.springframework.test.web.client.UnorderedRequestExpectationManagerTests" time="0.001"/>
  <testcase name="repeatedRequestsTooMany" classname="org.springframework.test.web.client.UnorderedRequestExpectationManagerTests" time="0.0"/>
  <testcase name="multipleRequests" classname="org.springframework.test.web.client.UnorderedRequestExpectationManagerTests" time="0.0"/>
  <testcase name="repeatedRequests" classname="org.springframework.test.web.client.UnorderedRequestExpectationManagerTests" time="0.0"/>
  <testcase name="unexpectedRequest" classname="org.springframework.test.web.client.UnorderedRequestExpectationManagerTests" time="0.001"/>
  <system-out><![CDATA[]]></system-out>
  <system-err><![CDATA[]]></system-err>
</testsuite>
