<?xml version="1.0" encoding="UTF-8"?>
<testsuite name="org.springframework.mock.web.MockHttpServletRequestTests" tests="50" skipped="0" failures="0" errors="0" timestamp="2016-11-10T08:55:43" hostname="XB-20161010YVDY" time="0.065">
  <properties/>
  <testcase name="setContentTypeUTF8" classname="org.springframework.mock.web.MockHttpServletRequestTests" time="0.011"/>
  <testcase name="getServerPortViaHostHeaderWithoutPort" classname="org.springframework.mock.web.MockHttpServletRequestTests" time="0.0"/>
  <testcase name="getServerPortWithCustomPort" classname="org.springframework.mock.web.MockHttpServletRequestTests" time="0.0"/>
  <testcase name="httpHeaderFormatedDateError" classname="org.springframework.mock.web.MockHttpServletRequestTests" time="0.002"/>
  <testcase name="httpHeaderTimestamp" classname="org.springframework.mock.web.MockHttpServletRequestTests" time="0.0"/>
  <testcase name="getServerNameViaHostHeaderWithPort" classname="org.springframework.mock.web.MockHttpServletRequestTests" time="0.0"/>
  <testcase name="getServerNameViaHostHeaderAsIpv6AddressWithPort" classname="org.springframework.mock.web.MockHttpServletRequestTests" time="0.0"/>
  <testcase name="setMultipleParameters" classname="org.springframework.mock.web.MockHttpServletRequestTests" time="0.0"/>
  <testcase name="setPreferredLocalesWithNullList" classname="org.springframework.mock.web.MockHttpServletRequestTests" time="0.0"/>
  <testcase name="getRequestURLWithDefaultsAndHttps" classname="org.springframework.mock.web.MockHttpServletRequestTests" time="0.0"/>
  <testcase name="getServerNameViaHostHeaderAsIpv6AddressWithoutPort" classname="org.springframework.mock.web.MockHttpServletRequestTests" time="0.0"/>
  <testcase name="getServerNameViaHostHeaderWithoutPort" classname="org.springframework.mock.web.MockHttpServletRequestTests" time="0.0"/>
  <testcase name="httpHeaderNameCasingIsPreserved" classname="org.springframework.mock.web.MockHttpServletRequestTests" time="0.0"/>
  <testcase name="getServerPortViaHostHeaderWithPort" classname="org.springframework.mock.web.MockHttpServletRequestTests" time="0.0"/>
  <testcase name="getServerPortViaHostHeaderAsIpv6AddressWithPort" classname="org.springframework.mock.web.MockHttpServletRequestTests" time="0.0"/>
  <testcase name="setPreferredLocales" classname="org.springframework.mock.web.MockHttpServletRequestTests" time="0.001"/>
  <testcase name="contentTypeHeader" classname="org.springframework.mock.web.MockHttpServletRequestTests" time="0.0"/>
  <testcase name="setContentAndGetInputStream" classname="org.springframework.mock.web.MockHttpServletRequestTests" time="0.0"/>
  <testcase name="httpHeaderRfcFormatedDate" classname="org.springframework.mock.web.MockHttpServletRequestTests" time="0.003"/>
  <testcase name="setContentAndGetContentAsByteArray" classname="org.springframework.mock.web.MockHttpServletRequestTests" time="0.0"/>
  <testcase name="setContentAndGetContentAsStringWithExplicitCharacterEncoding" classname="org.springframework.mock.web.MockHttpServletRequestTests" time="0.002"/>
  <testcase name="getRequestURL" classname="org.springframework.mock.web.MockHttpServletRequestTests" time="0.0"/>
  <testcase name="getServerNameWithDefaultName" classname="org.springframework.mock.web.MockHttpServletRequestTests" time="0.001"/>
  <testcase name="getServerNameWithCustomName" classname="org.springframework.mock.web.MockHttpServletRequestTests" time="0.0"/>
  <testcase name="isSecureWithHttpSchemeAndSecureFlagIsFalse" classname="org.springframework.mock.web.MockHttpServletRequestTests" time="0.0"/>
  <testcase name="isSecureWithHttpSchemeAndSecureFlagIsTrue" classname="org.springframework.mock.web.MockHttpServletRequestTests" time="0.001"/>
  <testcase name="removeAllParameters" classname="org.springframework.mock.web.MockHttpServletRequestTests" time="0.0"/>
  <testcase name="addMultipleParameters" classname="org.springframework.mock.web.MockHttpServletRequestTests" time="0.0"/>
  <testcase name="setContentTypeHeaderWithMoreComplexCharsetSyntax" classname="org.springframework.mock.web.MockHttpServletRequestTests" time="0.0"/>
  <testcase name="nullParameterName" classname="org.springframework.mock.web.MockHttpServletRequestTests" time="0.0"/>
  <testcase name="getContentAsStringWithoutSettingCharacterEncoding" classname="org.springframework.mock.web.MockHttpServletRequestTests" time="0.014"/>
  <testcase name="httpHeaderFirstVariantFormatedDate" classname="org.springframework.mock.web.MockHttpServletRequestTests" time="0.001"/>
  <testcase name="getServerPortWithDefaultPort" classname="org.springframework.mock.web.MockHttpServletRequestTests" time="0.0"/>
  <testcase name="contentTypeHeaderUTF8" classname="org.springframework.mock.web.MockHttpServletRequestTests" time="0.0"/>
  <testcase name="isSecureWithHttpsSchemeAndSecureFlagIsFalse" classname="org.springframework.mock.web.MockHttpServletRequestTests" time="0.001"/>
  <testcase name="getServerPortViaHostHeaderAsIpv6AddressWithoutPort" classname="org.springframework.mock.web.MockHttpServletRequestTests" time="0.0"/>
  <testcase name="defaultLocale" classname="org.springframework.mock.web.MockHttpServletRequestTests" time="0.0"/>
  <testcase name="setCharacterEncodingThenContentType" classname="org.springframework.mock.web.MockHttpServletRequestTests" time="0.0"/>
  <testcase name="cookies" classname="org.springframework.mock.web.MockHttpServletRequestTests" time="0.015"/>
  <testcase name="getRequestURLWithNegativePort" classname="org.springframework.mock.web.MockHttpServletRequestTests" time="0.001"/>
  <testcase name="getRequestURLWithDefaults" classname="org.springframework.mock.web.MockHttpServletRequestTests" time="0.0"/>
  <testcase name="setPreferredLocalesWithEmptyList" classname="org.springframework.mock.web.MockHttpServletRequestTests" time="0.001"/>
  <testcase name="isSecureWithHttpsSchemeAndSecureFlagIsTrue" classname="org.springframework.mock.web.MockHttpServletRequestTests" time="0.0"/>
  <testcase name="setContentType" classname="org.springframework.mock.web.MockHttpServletRequestTests" time="0.0"/>
  <testcase name="noContent" classname="org.springframework.mock.web.MockHttpServletRequestTests" time="0.0"/>
  <testcase name="noCookies" classname="org.springframework.mock.web.MockHttpServletRequestTests" time="0.001"/>
  <testcase name="httpHeaderSecondVariantFormatedDate" classname="org.springframework.mock.web.MockHttpServletRequestTests" time="0.001"/>
  <testcase name="httpHeaderDate" classname="org.springframework.mock.web.MockHttpServletRequestTests" time="0.0"/>
  <testcase name="setContentTypeThenCharacterEncoding" classname="org.springframework.mock.web.MockHttpServletRequestTests" time="0.0"/>
  <testcase name="getRequestURLWithNullRequestUri" classname="org.springframework.mock.web.MockHttpServletRequestTests" time="0.0"/>
  <system-out><![CDATA[]]></system-out>
  <system-err><![CDATA[]]></system-err>
</testsuite>
