<?xml version="1.0" encoding="UTF-8"?>
<testsuite name="org.springframework.test.context.support.BootstrapTestUtilsContextInitializerTests" tests="5" skipped="0" failures="0" errors="0" timestamp="2016-11-10T08:56:13" hostname="XB-20161010YVDY" time="0.019">
  <properties/>
  <testcase name="buildMergedConfigWithOverriddenInitializers" classname="org.springframework.test.context.support.BootstrapTestUtilsContextInitializerTests" time="0.006"/>
  <testcase name="buildMergedConfigWithLocalAndInheritedInitializer" classname="org.springframework.test.context.support.BootstrapTestUtilsContextInitializerTests" time="0.003"/>
  <testcase name="buildMergedConfigWithOverriddenInitializersAndClasses" classname="org.springframework.test.context.support.BootstrapTestUtilsContextInitializerTests" time="0.003"/>
  <testcase name="buildMergedConfigWithSingleLocalInitializer" classname="org.springframework.test.context.support.BootstrapTestUtilsContextInitializerTests" time="0.005"/>
  <testcase name="buildMergedConfigWithLocalInitializerAndConfigClass" classname="org.springframework.test.context.support.BootstrapTestUtilsContextInitializerTests" time="0.002"/>
  <system-out><![CDATA[]]></system-out>
  <system-err><![CDATA[]]></system-err>
</testsuite>
