<?xml version="1.0" encoding="UTF-8"?>
<testsuite name="org.springframework.test.context.support.CustomizedGenericXmlContextLoaderTests" tests="1" skipped="0" failures="0" errors="0" timestamp="2016-11-10T08:56:13" hostname="XB-20161010YVDY" time="0.025">
  <properties/>
  <testcase name="customizeContext" classname="org.springframework.test.context.support.CustomizedGenericXmlContextLoaderTests" time="0.025"/>
  <system-out><![CDATA[]]></system-out>
  <system-err><![CDATA[]]></system-err>
</testsuite>
