<?xml version="1.0" encoding="UTF-8"?>
<testsuite name="org.springframework.test.web.servlet.result.FlashAttributeResultMatchersTests" tests="4" skipped="0" failures="0" errors="0" timestamp="2016-11-10T08:56:23" hostname="XB-20161010YVDY" time="0.003">
  <properties/>
  <testcase name="attributeExists" classname="org.springframework.test.web.servlet.result.FlashAttributeResultMatchersTests" time="0.002"/>
  <testcase name="attribute_incorrectValue" classname="org.springframework.test.web.servlet.result.FlashAttributeResultMatchersTests" time="0.001"/>
  <testcase name="attribute" classname="org.springframework.test.web.servlet.result.FlashAttributeResultMatchersTests" time="0.0"/>
  <testcase name="attributeExists_doesntExist" classname="org.springframework.test.web.servlet.result.FlashAttributeResultMatchersTests" time="0.0"/>
  <system-out><![CDATA[]]></system-out>
  <system-err><![CDATA[]]></system-err>
</testsuite>
