<?xml version="1.0" encoding="UTF-8"?>
<testsuite name="org.springframework.test.web.servlet.setup.ConditionalDelegatingFilterProxyTests" tests="32" skipped="0" failures="0" errors="0" timestamp="2016-11-10T08:56:31" hostname="XB-20161010YVDY" time="0.009">
  <properties/>
  <testcase name="matchPathMappingMissingSlash" classname="org.springframework.test.web.servlet.setup.ConditionalDelegatingFilterProxyTests" time="0.0"/>
  <testcase name="noMatchPathMappingMissingSlash" classname="org.springframework.test.web.servlet.setup.ConditionalDelegatingFilterProxyTests" time="0.0"/>
  <testcase name="specPathMappingMultiFolderPatternAlternate" classname="org.springframework.test.web.servlet.setup.ConditionalDelegatingFilterProxyTests" time="0.0"/>
  <testcase name="noMatchExtensionSlashEnd" classname="org.springframework.test.web.servlet.setup.ConditionalDelegatingFilterProxyTests" time="0.0"/>
  <testcase name="specExtensionMappingSingleFolder" classname="org.springframework.test.web.servlet.setup.ConditionalDelegatingFilterProxyTests" time="0.0"/>
  <testcase name="specPathMappingMultiFolderPattern" classname="org.springframework.test.web.servlet.setup.ConditionalDelegatingFilterProxyTests" time="0.0"/>
  <testcase name="matchPathMappingContextRootAndSlash" classname="org.springframework.test.web.servlet.setup.ConditionalDelegatingFilterProxyTests" time="0.0"/>
  <testcase name="noMatchExtensionLarger" classname="org.springframework.test.web.servlet.setup.ConditionalDelegatingFilterProxyTests" time="0.0"/>
  <testcase name="matchPathMappingFolderPattern" classname="org.springframework.test.web.servlet.setup.ConditionalDelegatingFilterProxyTests" time="0.0"/>
  <testcase name="noMatchPathMappingEndSuffix" classname="org.springframework.test.web.servlet.setup.ConditionalDelegatingFilterProxyTests" time="0.0"/>
  <testcase name="matchPathMappingFolderPatternWithMultiFolderPath" classname="org.springframework.test.web.servlet.setup.ConditionalDelegatingFilterProxyTests" time="0.0"/>
  <testcase name="specPathMappingNoSlash" classname="org.springframework.test.web.servlet.setup.ConditionalDelegatingFilterProxyTests" time="0.0"/>
  <testcase name="noMatchInvalidPattern" classname="org.springframework.test.web.servlet.setup.ConditionalDelegatingFilterProxyTests" time="0.0"/>
  <testcase name="init" classname="org.springframework.test.web.servlet.setup.ConditionalDelegatingFilterProxyTests" time="0.006"/>
  <testcase name="noMatchPathMappingMulti" classname="org.springframework.test.web.servlet.setup.ConditionalDelegatingFilterProxyTests" time="0.0"/>
  <testcase name="specExtensionMapping" classname="org.springframework.test.web.servlet.setup.ConditionalDelegatingFilterProxyTests" time="0.001"/>
  <testcase name="matchExtensionMulti" classname="org.springframework.test.web.servlet.setup.ConditionalDelegatingFilterProxyTests" time="0.0"/>
  <testcase name="noMatchExtensionPeriodEnd" classname="org.springframework.test.web.servlet.setup.ConditionalDelegatingFilterProxyTests" time="0.0"/>
  <testcase name="matchExtension" classname="org.springframework.test.web.servlet.setup.ConditionalDelegatingFilterProxyTests" time="0.0"/>
  <testcase name="matchPathMappingAll" classname="org.springframework.test.web.servlet.setup.ConditionalDelegatingFilterProxyTests" time="0.0"/>
  <testcase name="noMatchExtensionNoSlash" classname="org.springframework.test.web.servlet.setup.ConditionalDelegatingFilterProxyTests" time="0.0"/>
  <testcase name="specPathMapping" classname="org.springframework.test.web.servlet.setup.ConditionalDelegatingFilterProxyTests" time="0.0"/>
  <testcase name="matchPathMappingAllContextRoot" classname="org.springframework.test.web.servlet.setup.ConditionalDelegatingFilterProxyTests" time="0.0"/>
  <testcase name="matchExactEmpty" classname="org.springframework.test.web.servlet.setup.ConditionalDelegatingFilterProxyTests" time="0.0"/>
  <testcase name="destroy" classname="org.springframework.test.web.servlet.setup.ConditionalDelegatingFilterProxyTests" time="0.0"/>
  <testcase name="noMatchPathMappingEnd" classname="org.springframework.test.web.servlet.setup.ConditionalDelegatingFilterProxyTests" time="0.0"/>
  <testcase name="specExactMatch" classname="org.springframework.test.web.servlet.setup.ConditionalDelegatingFilterProxyTests" time="0.0"/>
  <testcase name="matchExtensionNoFolder" classname="org.springframework.test.web.servlet.setup.ConditionalDelegatingFilterProxyTests" time="0.0"/>
  <testcase name="matchExact" classname="org.springframework.test.web.servlet.setup.ConditionalDelegatingFilterProxyTests" time="0.0"/>
  <testcase name="matchPathMappingAllFolder" classname="org.springframework.test.web.servlet.setup.ConditionalDelegatingFilterProxyTests" time="0.0"/>
  <testcase name="matchPathMappingNoSuffix" classname="org.springframework.test.web.servlet.setup.ConditionalDelegatingFilterProxyTests" time="0.0"/>
  <testcase name="matchExtensionNoPrefix" classname="org.springframework.test.web.servlet.setup.ConditionalDelegatingFilterProxyTests" time="0.001"/>
  <system-out><![CDATA[]]></system-out>
  <system-err><![CDATA[]]></system-err>
</testsuite>
