<?xml version="1.0" encoding="UTF-8"?>
<testsuite name="org.springframework.test.web.client.samples.SampleTests" tests="4" skipped="0" failures="0" errors="0" timestamp="2016-11-10T08:56:19" hostname="XB-20161010YVDY" time="0.065">
  <properties/>
  <testcase name="performGetManyTimes" classname="org.springframework.test.web.client.samples.SampleTests" time="0.015"/>
  <testcase name="verify" classname="org.springframework.test.web.client.samples.SampleTests" time="0.014"/>
  <testcase name="performGetWithResponseBodyFromFile" classname="org.springframework.test.web.client.samples.SampleTests" time="0.02"/>
  <testcase name="performGet" classname="org.springframework.test.web.client.samples.SampleTests" time="0.015"/>
  <system-out><![CDATA[]]></system-out>
  <system-err><![CDATA[]]></system-err>
</testsuite>
