<?xml version="1.0" encoding="UTF-8"?>
<testsuite name="org.springframework.test.web.servlet.samples.standalone.resultmatchers.SessionAttributeAssertionTests" tests="2" skipped="0" failures="0" errors="0" timestamp="2016-11-10T08:56:30" hostname="XB-20161010YVDY" time="0.072">
  <properties/>
  <testcase name="testSessionAttributeEqualTo" classname="org.springframework.test.web.servlet.samples.standalone.resultmatchers.SessionAttributeAssertionTests" time="0.038"/>
  <testcase name="testSessionAttributeMatcher" classname="org.springframework.test.web.servlet.samples.standalone.resultmatchers.SessionAttributeAssertionTests" time="0.034"/>
  <system-out><![CDATA[]]></system-out>
  <system-err><![CDATA[]]></system-err>
</testsuite>
