<?xml version="1.0" encoding="UTF-8"?>
<testsuite name="org.springframework.test.context.jdbc.ComposedAnnotationSqlScriptsTests" tests="1" skipped="0" failures="0" errors="0" timestamp="2016-11-10T08:55:53" hostname="XB-20161010YVDY" time="0.006">
  <properties/>
  <testcase name="composedSqlAnnotation" classname="org.springframework.test.context.jdbc.ComposedAnnotationSqlScriptsTests" time="0.006"/>
  <system-out><![CDATA[]]></system-out>
  <system-err><![CDATA[]]></system-err>
</testsuite>
