<?xml version="1.0" encoding="UTF-8"?>
<testsuite name="org.springframework.test.web.servlet.samples.standalone.resultmatchers.StatusAssertionTests" tests="5" skipped="0" failures="0" errors="0" timestamp="2016-11-10T08:56:30" hostname="XB-20161010YVDY" time="0.15">
  <properties/>
  <testcase name="testStatusInt" classname="org.springframework.test.web.servlet.samples.standalone.resultmatchers.StatusAssertionTests" time="0.003"/>
  <testcase name="testReasonEqualTo" classname="org.springframework.test.web.servlet.samples.standalone.resultmatchers.StatusAssertionTests" time="0.003"/>
  <testcase name="testHttpStatus" classname="org.springframework.test.web.servlet.samples.standalone.resultmatchers.StatusAssertionTests" time="0.001"/>
  <testcase name="testMatcher" classname="org.springframework.test.web.servlet.samples.standalone.resultmatchers.StatusAssertionTests" time="0.002"/>
  <testcase name="testReasonMatcher" classname="org.springframework.test.web.servlet.samples.standalone.resultmatchers.StatusAssertionTests" time="0.001"/>
  <system-out><![CDATA[]]></system-out>
  <system-err><![CDATA[]]></system-err>
</testsuite>
