<?xml version="1.0" encoding="UTF-8"?>
<testsuite name="org.springframework.test.web.servlet.samples.standalone.resultmatchers.XpathAssertionTests" tests="7" skipped="0" failures="0" errors="0" timestamp="2016-11-10T08:56:30" hostname="XB-20161010YVDY" time="0.437">
  <properties/>
  <testcase name="testFeedWithLinefeedChars" classname="org.springframework.test.web.servlet.samples.standalone.resultmatchers.XpathAssertionTests" time="0.082"/>
  <testcase name="testBoolean" classname="org.springframework.test.web.servlet.samples.standalone.resultmatchers.XpathAssertionTests" time="0.051"/>
  <testcase name="testDoesNotExist" classname="org.springframework.test.web.servlet.samples.standalone.resultmatchers.XpathAssertionTests" time="0.057"/>
  <testcase name="testNodeCount" classname="org.springframework.test.web.servlet.samples.standalone.resultmatchers.XpathAssertionTests" time="0.055"/>
  <testcase name="testExists" classname="org.springframework.test.web.servlet.samples.standalone.resultmatchers.XpathAssertionTests" time="0.064"/>
  <testcase name="testNumber" classname="org.springframework.test.web.servlet.samples.standalone.resultmatchers.XpathAssertionTests" time="0.06"/>
  <testcase name="testString" classname="org.springframework.test.web.servlet.samples.standalone.resultmatchers.XpathAssertionTests" time="0.067"/>
  <system-out><![CDATA[]]></system-out>
  <system-err><![CDATA[]]></system-err>
</testsuite>
