<?xml version="1.0" encoding="UTF-8"?>
<testsuite name="org.springframework.test.web.servlet.samples.standalone.FrameworkExtensionTests" tests="2" skipped="0" failures="0" errors="0" timestamp="2016-11-10T08:56:27" hostname="XB-20161010YVDY" time="0.088">
  <properties/>
  <testcase name="fooHeader" classname="org.springframework.test.web.servlet.samples.standalone.FrameworkExtensionTests" time="0.05"/>
  <testcase name="barHeader" classname="org.springframework.test.web.servlet.samples.standalone.FrameworkExtensionTests" time="0.038"/>
  <system-out><![CDATA[]]></system-out>
  <system-err><![CDATA[]]></system-err>
</testsuite>
