<?xml version="1.0" encoding="UTF-8"?>
<testsuite name="org.springframework.test.context.web.AnnotationConfigWebContextLoaderTests" tests="1" skipped="0" failures="0" errors="0" timestamp="2016-11-10T08:56:16" hostname="XB-20161010YVDY" time="0.001">
  <properties/>
  <testcase name="configMustNotContainLocations" classname="org.springframework.test.context.web.AnnotationConfigWebContextLoaderTests" time="0.001"/>
  <system-out><![CDATA[16:56:16.119 [Test worker] ERROR org.springframework.test.context.web.AnnotationConfigWebContextLoader - Test class [org.springframework.test.context.web.AnnotationConfigWebContextLoaderTests] has been configured with @ContextConfiguration's 'locations' (or 'value') attribute {config.xml}, but AnnotationConfigWebContextLoader does not support resource locations.
]]></system-out>
  <system-err><![CDATA[]]></system-err>
</testsuite>
