<?xml version="1.0" encoding="UTF-8"?>
<testsuite name="org.springframework.test.web.servlet.samples.standalone.AsyncTests" tests="10" skipped="0" failures="0" errors="0" timestamp="2016-11-10T08:56:25" hostname="XB-20161010YVDY" time="1.319">
  <properties/>
  <testcase name="printAsyncResult" classname="org.springframework.test.web.servlet.samples.standalone.AsyncTests" time="0.012"/>
  <testcase name="streaming" classname="org.springframework.test.web.servlet.samples.standalone.AsyncTests" time="0.005"/>
  <testcase name="callable" classname="org.springframework.test.web.servlet.samples.standalone.AsyncTests" time="0.103"/>
  <testcase name="completableFutureWithImmediateValue" classname="org.springframework.test.web.servlet.samples.standalone.AsyncTests" time="0.01"/>
  <testcase name="listenableFuture" classname="org.springframework.test.web.servlet.samples.standalone.AsyncTests" time="0.006"/>
  <testcase name="deferredResultWithImmediateValue" classname="org.springframework.test.web.servlet.samples.standalone.AsyncTests" time="0.003"/>
  <testcase name="deferredResult" classname="org.springframework.test.web.servlet.samples.standalone.AsyncTests" time="0.004"/>
  <testcase name="streamingJson" classname="org.springframework.test.web.servlet.samples.standalone.AsyncTests" time="0.106"/>
  <testcase name="streamingSlow" classname="org.springframework.test.web.servlet.samples.standalone.AsyncTests" time="0.302"/>
  <testcase name="deferredResultWithDelayedError" classname="org.springframework.test.web.servlet.samples.standalone.AsyncTests" time="0.207"/>
  <system-out><![CDATA[]]></system-out>
  <system-err><![CDATA[]]></system-err>
</testsuite>
