<?xml version="1.0" encoding="UTF-8"?>
<testsuite name="org.springframework.test.web.servlet.samples.standalone.FileUploadControllerTests" tests="2" skipped="0" failures="0" errors="0" timestamp="2016-11-10T08:56:27" hostname="XB-20161010YVDY" time="0.114">
  <properties/>
  <testcase name="multipartRequest" classname="org.springframework.test.web.servlet.samples.standalone.FileUploadControllerTests" time="0.07"/>
  <testcase name="multipartRequestWrapped" classname="org.springframework.test.web.servlet.samples.standalone.FileUploadControllerTests" time="0.044"/>
  <system-out><![CDATA[]]></system-out>
  <system-err><![CDATA[]]></system-err>
</testsuite>
