<?xml version="1.0" encoding="UTF-8"?>
<testsuite name="org.springframework.mock.web.MockMultipartHttpServletRequestTests" tests="2" skipped="0" failures="0" errors="0" timestamp="2016-11-10T08:55:43" hostname="XB-20161010YVDY" time="0.005">
  <properties/>
  <testcase name="mockMultipartHttpServletRequestWithByteArray" classname="org.springframework.mock.web.MockMultipartHttpServletRequestTests" time="0.005"/>
  <testcase name="mockMultipartHttpServletRequestWithInputStream" classname="org.springframework.mock.web.MockMultipartHttpServletRequestTests" time="0.0"/>
  <system-out><![CDATA[]]></system-out>
  <system-err><![CDATA[]]></system-err>
</testsuite>
