<?xml version="1.0" encoding="UTF-8"?>
<testsuite name="org.springframework.test.context.testng.transaction.ejb.CommitForRequiredEjbTxDaoTestNGTests" tests="3" skipped="0" failures="0" errors="0" timestamp="2016-11-10T07:43:13" hostname="XB-20161010YVDY" time="0.01">
  <properties/>
  <testcase name="test1InitialState" classname="org.springframework.test.context.testng.transaction.ejb.CommitForRequiredEjbTxDaoTestNGTests" time="0.001"/>
  <testcase name="test2IncrementCount1" classname="org.springframework.test.context.testng.transaction.ejb.CommitForRequiredEjbTxDaoTestNGTests" time="0.001"/>
  <testcase name="test3IncrementCount2" classname="org.springframework.test.context.testng.transaction.ejb.CommitForRequiredEjbTxDaoTestNGTests" time="0.001"/>
  <system-out><![CDATA[]]></system-out>
  <system-err><![CDATA[]]></system-err>
</testsuite>
