<?xml version="1.0" encoding="UTF-8"?>
<testsuite name="org.springframework.test.util.MetaAnnotationUtilsTests" tests="33" skipped="0" failures="0" errors="0" timestamp="2016-11-10T08:56:17" hostname="XB-20161010YVDY" time="0.026">
  <properties/>
  <testcase name="findAnnotationDescriptorForTypesWithLocalAndMetaComponentAnnotation" classname="org.springframework.test.util.MetaAnnotationUtilsTests" time="0.003"/>
  <testcase name="findAnnotationDescriptorOnMetaCycleAnnotatedClassWithMissingTargetMetaAnnotation" classname="org.springframework.test.util.MetaAnnotationUtilsTests" time="0.005"/>
  <testcase name="findAnnotationDescriptorForClassWithLocalMetaAnnotationAndAnnotatedSuperclass" classname="org.springframework.test.util.MetaAnnotationUtilsTests" time="0.002"/>
  <testcase name="findAnnotationDescriptorForTypesOnMetaMetaAnnotatedClass" classname="org.springframework.test.util.MetaAnnotationUtilsTests" time="0.002"/>
  <testcase name="findAnnotationDescriptorForTypesForInterfaceWithMetaAnnotation" classname="org.springframework.test.util.MetaAnnotationUtilsTests" time="0.001"/>
  <testcase name="findAnnotationDescriptorOnMetaMetaAnnotatedClass" classname="org.springframework.test.util.MetaAnnotationUtilsTests" time="0.0"/>
  <testcase name="findAnnotationDescriptorForTypesWithMetaComponentAnnotation" classname="org.springframework.test.util.MetaAnnotationUtilsTests" time="0.0"/>
  <testcase name="findAnnotationDescriptorForTypesOnMetaCycleAnnotatedClassWithMissingTargetMetaAnnotation" classname="org.springframework.test.util.MetaAnnotationUtilsTests" time="0.0"/>
  <testcase name="findAnnotationDescriptorForTypesWithMetaAnnotationWithDefaultAttributes" classname="org.springframework.test.util.MetaAnnotationUtilsTests" time="0.0"/>
  <testcase name="findAnnotationDescriptorOnAnnotatedClassWithMissingTargetMetaAnnotation" classname="org.springframework.test.util.MetaAnnotationUtilsTests" time="0.001"/>
  <testcase name="findAnnotationDescriptorForTypesForNonInheritedAnnotationOnClass" classname="org.springframework.test.util.MetaAnnotationUtilsTests" time="0.0"/>
  <testcase name="findAnnotationDescriptorOnMetaMetaMetaAnnotatedClass" classname="org.springframework.test.util.MetaAnnotationUtilsTests" time="0.002"/>
  <testcase name="findAnnotationDescriptorForTypesOnMetaMetaMetaAnnotatedClass" classname="org.springframework.test.util.MetaAnnotationUtilsTests" time="0.0"/>
  <testcase name="findAnnotationDescriptorForTypesForNonInheritedAnnotationOnInterface" classname="org.springframework.test.util.MetaAnnotationUtilsTests" time="0.001"/>
  <testcase name="findAnnotationDescriptorForNonInheritedAnnotationOnClass" classname="org.springframework.test.util.MetaAnnotationUtilsTests" time="0.0"/>
  <testcase name="findAnnotationDescriptorWithNoAnnotationPresent" classname="org.springframework.test.util.MetaAnnotationUtilsTests" time="0.0"/>
  <testcase name="findAnnotationDescriptorWithMetaComponentAnnotation" classname="org.springframework.test.util.MetaAnnotationUtilsTests" time="0.0"/>
  <testcase name="findAnnotationDescriptorWithInheritedAnnotationOnInterface" classname="org.springframework.test.util.MetaAnnotationUtilsTests" time="0.001"/>
  <testcase name="findAnnotationDescriptorWithInheritedAnnotationOnClass" classname="org.springframework.test.util.MetaAnnotationUtilsTests" time="0.0"/>
  <testcase name="findAnnotationDescriptorWithLocalAndMetaComponentAnnotation" classname="org.springframework.test.util.MetaAnnotationUtilsTests" time="0.0"/>
  <testcase name="findAnnotationDescriptorForTypesForSubClassWithLocalMetaAnnotationAndMetaAnnotatedInterface" classname="org.springframework.test.util.MetaAnnotationUtilsTests" time="0.001"/>
  <testcase name="findAnnotationDescriptorForClassWithMetaAnnotatedInterface" classname="org.springframework.test.util.MetaAnnotationUtilsTests" time="0.001"/>
  <testcase name="findAnnotationDescriptorForTypesWithInheritedAnnotationOnClass" classname="org.springframework.test.util.MetaAnnotationUtilsTests" time="0.0"/>
  <testcase name="findAnnotationDescriptorForTypesWithInheritedAnnotationOnInterface" classname="org.springframework.test.util.MetaAnnotationUtilsTests" time="0.0"/>
  <testcase name="findAnnotationDescriptorForTypesOnAnnotatedClassWithMissingTargetMetaAnnotation" classname="org.springframework.test.util.MetaAnnotationUtilsTests" time="0.0"/>
  <testcase name="findAnnotationDescriptorForNonInheritedAnnotationOnInterface" classname="org.springframework.test.util.MetaAnnotationUtilsTests" time="0.0"/>
  <testcase name="findAnnotationDescriptorForClassWithLocalMetaAnnotationAndMetaAnnotatedInterface" classname="org.springframework.test.util.MetaAnnotationUtilsTests" time="0.0"/>
  <testcase name="findAnnotationDescriptorForTypesWithNoAnnotationPresent" classname="org.springframework.test.util.MetaAnnotationUtilsTests" time="0.0"/>
  <testcase name="findAnnotationDescriptorForTypesForClassWithMetaAnnotatedInterface" classname="org.springframework.test.util.MetaAnnotationUtilsTests" time="0.0"/>
  <testcase name="findAnnotationDescriptorForTypesForClassWithLocalMetaAnnotationAndMetaAnnotatedInterface" classname="org.springframework.test.util.MetaAnnotationUtilsTests" time="0.001"/>
  <testcase name="findAnnotationDescriptorForInterfaceWithMetaAnnotation" classname="org.springframework.test.util.MetaAnnotationUtilsTests" time="0.0"/>
  <testcase name="findAnnotationDescriptorForSubClassWithLocalMetaAnnotationAndMetaAnnotatedInterface" classname="org.springframework.test.util.MetaAnnotationUtilsTests" time="0.0"/>
  <testcase name="findAnnotationDescriptorForTypesWithMetaAnnotationWithOverriddenAttributes" classname="org.springframework.test.util.MetaAnnotationUtilsTests" time="0.001"/>
  <system-out><![CDATA[]]></system-out>
  <system-err><![CDATA[]]></system-err>
</testsuite>
