<?xml version="1.0" encoding="UTF-8"?>
<testsuite name="org.springframework.test.web.servlet.samples.standalone.resulthandlers.PrintingResultHandlerSmokeTests" tests="1" skipped="1" failures="0" errors="0" timestamp="2016-11-10T08:56:28" hostname="XB-20161010YVDY" time="0.0">
  <properties/>
  <testcase name="testPrint" classname="org.springframework.test.web.servlet.samples.standalone.resulthandlers.PrintingResultHandlerSmokeTests" time="0.0">
    <skipped/>
  </testcase>
  <system-out><![CDATA[]]></system-out>
  <system-err><![CDATA[]]></system-err>
</testsuite>
