<?xml version="1.0" encoding="UTF-8"?>
<testsuite name="org.springframework.test.web.servlet.result.StatusResultMatchersTests" tests="2" skipped="0" failures="0" errors="0" timestamp="2016-11-10T08:56:23" hostname="XB-20161010YVDY" time="0.007">
  <properties/>
  <testcase name="testHttpStatusCodeResultMatchers" classname="org.springframework.test.web.servlet.result.StatusResultMatchersTests" time="0.002"/>
  <testcase name="statusRanges" classname="org.springframework.test.web.servlet.result.StatusResultMatchersTests" time="0.005"/>
  <system-out><![CDATA[]]></system-out>
  <system-err><![CDATA[]]></system-err>
</testsuite>
