<?xml version="1.0" encoding="UTF-8"?>
<testsuite name="org.springframework.test.context.MergedContextConfigurationTests" tests="35" skipped="0" failures="0" errors="0" timestamp="2016-11-10T08:56:13" hostname="XB-20161010YVDY" time="0.025">
  <properties/>
  <testcase name="equalsWithSameProfilesReversed" classname="org.springframework.test.context.MergedContextConfigurationTests" time="0.0"/>
  <testcase name="equalsWithSameDuplicateProfiles" classname="org.springframework.test.context.MergedContextConfigurationTests" time="0.0"/>
  <testcase name="equalsWithSameProfiles" classname="org.springframework.test.context.MergedContextConfigurationTests" time="0.0"/>
  <testcase name="hashCodeWithSameDuplicateProfiles" classname="org.springframework.test.context.MergedContextConfigurationTests" time="0.0"/>
  <testcase name="equalsWithEmptyArraysAndDifferentLoaders" classname="org.springframework.test.context.MergedContextConfigurationTests" time="0.0"/>
  <testcase name="hashCodeWithSameParent" classname="org.springframework.test.context.MergedContextConfigurationTests" time="0.0"/>
  <testcase name="equalsBasics" classname="org.springframework.test.context.MergedContextConfigurationTests" time="0.0"/>
  <testcase name="equalsWithSameConfigClasses" classname="org.springframework.test.context.MergedContextConfigurationTests" time="0.0"/>
  <testcase name="equalsWithDifferentInitializers" classname="org.springframework.test.context.MergedContextConfigurationTests" time="0.002"/>
  <testcase name="equalsWithSameParent" classname="org.springframework.test.context.MergedContextConfigurationTests" time="0.0"/>
  <testcase name="hashCodeWithDifferentInitializers" classname="org.springframework.test.context.MergedContextConfigurationTests" time="0.0"/>
  <testcase name="hashCodeWithDifferentProfiles" classname="org.springframework.test.context.MergedContextConfigurationTests" time="0.0"/>
  <testcase name="equalsWithDifferentContextCustomizers" classname="org.springframework.test.context.MergedContextConfigurationTests" time="0.022"/>
  <testcase name="equalsWithSameLocations" classname="org.springframework.test.context.MergedContextConfigurationTests" time="0.0"/>
  <testcase name="hashCodeWithDifferentConfigClasses" classname="org.springframework.test.context.MergedContextConfigurationTests" time="0.0"/>
  <testcase name="equalsWithEmptyArrays" classname="org.springframework.test.context.MergedContextConfigurationTests" time="0.0"/>
  <testcase name="hashCodeWithSameInitializers" classname="org.springframework.test.context.MergedContextConfigurationTests" time="0.0"/>
  <testcase name="equalsWithSameContextCustomizers" classname="org.springframework.test.context.MergedContextConfigurationTests" time="0.0"/>
  <testcase name="hashCodeWithSameConfigClasses" classname="org.springframework.test.context.MergedContextConfigurationTests" time="0.0"/>
  <testcase name="equalsWithSameInitializers" classname="org.springframework.test.context.MergedContextConfigurationTests" time="0.0"/>
  <testcase name="hashCodeWithDifferentParents" classname="org.springframework.test.context.MergedContextConfigurationTests" time="0.0"/>
  <testcase name="hashCodeWithSameProfilesReversed" classname="org.springframework.test.context.MergedContextConfigurationTests" time="0.0"/>
  <testcase name="equalsWithDifferentParents" classname="org.springframework.test.context.MergedContextConfigurationTests" time="0.0"/>
  <testcase name="equalsWithDifferentConfigClasses" classname="org.springframework.test.context.MergedContextConfigurationTests" time="0.0"/>
  <testcase name="equalsWithNulls" classname="org.springframework.test.context.MergedContextConfigurationTests" time="0.0"/>
  <testcase name="hashCodeWithNulls" classname="org.springframework.test.context.MergedContextConfigurationTests" time="0.0"/>
  <testcase name="equalsWithDifferentProfiles" classname="org.springframework.test.context.MergedContextConfigurationTests" time="0.0"/>
  <testcase name="hashCodeWithEmptyArrays" classname="org.springframework.test.context.MergedContextConfigurationTests" time="0.0"/>
  <testcase name="hashCodeWithNullArrays" classname="org.springframework.test.context.MergedContextConfigurationTests" time="0.0"/>
  <testcase name="hashCodeWithEmptyArraysAndDifferentLoaders" classname="org.springframework.test.context.MergedContextConfigurationTests" time="0.0"/>
  <testcase name="hashCodeWithSameProfiles" classname="org.springframework.test.context.MergedContextConfigurationTests" time="0.0"/>
  <testcase name="hashCodeWithSameLocations" classname="org.springframework.test.context.MergedContextConfigurationTests" time="0.0"/>
  <testcase name="equalsWithNullArrays" classname="org.springframework.test.context.MergedContextConfigurationTests" time="0.0"/>
  <testcase name="equalsWithDifferentLocations" classname="org.springframework.test.context.MergedContextConfigurationTests" time="0.0"/>
  <testcase name="hashCodeWithDifferentLocations" classname="org.springframework.test.context.MergedContextConfigurationTests" time="0.0"/>
  <system-out><![CDATA[]]></system-out>
  <system-err><![CDATA[]]></system-err>
</testsuite>
