<?xml version="1.0" encoding="UTF-8"?>
<testsuite name="org.springframework.test.context.junit4.annotation.meta.ConfigClassesAndProfilesWithCustomDefaultsMetaConfigWithOverridesTests" tests="3" skipped="0" failures="0" errors="0" timestamp="2016-11-10T08:56:00" hostname="XB-20161010YVDY" time="0.001">
  <properties/>
  <testcase name="verifyFoo" classname="org.springframework.test.context.junit4.annotation.meta.ConfigClassesAndProfilesWithCustomDefaultsMetaConfigWithOverridesTests" time="0.001"/>
  <testcase name="verifyPet" classname="org.springframework.test.context.junit4.annotation.meta.ConfigClassesAndProfilesWithCustomDefaultsMetaConfigWithOverridesTests" time="0.0"/>
  <testcase name="verifyEmployee" classname="org.springframework.test.context.junit4.annotation.meta.ConfigClassesAndProfilesWithCustomDefaultsMetaConfigWithOverridesTests" time="0.0"/>
  <system-out><![CDATA[]]></system-out>
  <system-err><![CDATA[]]></system-err>
</testsuite>
