<?xml version="1.0" encoding="UTF-8"?>
<testsuite name="org.springframework.test.context.junit.jupiter.generics.DogTestCase" tests="2" skipped="0" failures="0" errors="0" timestamp="2016-11-10T08:55:56" hostname="XB-20161010YVDY" time="0.004">
  <properties/>
  <testcase name="autowiredParameterByTypeForSingleGenericBean(org.springframework.test.context.junit.jupiter.comics.Character)" classname="org.springframework.test.context.junit.jupiter.generics.DogTestCase" time="0.001"/>
  <testcase name="autowiredFields" classname="org.springframework.test.context.junit.jupiter.generics.DogTestCase" time="0.002"/>
  <system-out><![CDATA[]]></system-out>
  <system-err><![CDATA[]]></system-err>
</testsuite>
