<?xml version="1.0" encoding="UTF-8"?>
<testsuite name="org.springframework.test.annotation.ProfileValueUtilsTests" tests="3" skipped="0" failures="0" errors="0" timestamp="2016-11-10T08:55:43" hostname="XB-20161010YVDY" time="0.022">
  <properties/>
  <testcase name="isTestEnabledInThisEnvironmentForProvidedClass" classname="org.springframework.test.annotation.ProfileValueUtilsTests" time="0.016"/>
  <testcase name="isTestEnabledInThisEnvironmentForProvidedMethodAndClass" classname="org.springframework.test.annotation.ProfileValueUtilsTests" time="0.004"/>
  <testcase name="isTestEnabledInThisEnvironmentForProvidedProfileValueSourceMethodAndClass" classname="org.springframework.test.annotation.ProfileValueUtilsTests" time="0.001"/>
  <system-out><![CDATA[]]></system-out>
  <system-err><![CDATA[]]></system-err>
</testsuite>
