<?xml version="1.0" encoding="UTF-8"?>
<testsuite name="org.springframework.test.web.servlet.MockMvcReuseTests" tests="2" skipped="0" failures="0" errors="0" timestamp="2016-11-10T08:56:23" hostname="XB-20161010YVDY" time="0.023">
  <properties/>
  <testcase name="requestParametersAreClearedBetweenInvocations" classname="org.springframework.test.web.servlet.MockMvcReuseTests" time="0.017"/>
  <testcase name="sessionAttributesAreClearedBetweenInvocations" classname="org.springframework.test.web.servlet.MockMvcReuseTests" time="0.006"/>
  <system-out><![CDATA[]]></system-out>
  <system-err><![CDATA[]]></system-err>
</testsuite>
