<?xml version="1.0" encoding="UTF-8"?>
<testsuite name="org.springframework.test.context.junit.jupiter.SpringJUnit5ConstructorInjectionTestCase" tests="4" skipped="0" failures="0" errors="0" timestamp="2016-11-10T08:55:56" hostname="XB-20161010YVDY" time="0.006">
  <properties/>
  <testcase name="applicationContextInjected" classname="org.springframework.test.context.junit.jupiter.SpringJUnit5ConstructorInjectionTestCase" time="0.0"/>
  <testcase name="propertyPlaceholderInjected" classname="org.springframework.test.context.junit.jupiter.SpringJUnit5ConstructorInjectionTestCase" time="0.0"/>
  <testcase name="testInfoInjected" classname="org.springframework.test.context.junit.jupiter.SpringJUnit5ConstructorInjectionTestCase" time="0.0"/>
  <testcase name="beansInjected" classname="org.springframework.test.context.junit.jupiter.SpringJUnit5ConstructorInjectionTestCase" time="0.0"/>
  <system-out><![CDATA[]]></system-out>
  <system-err><![CDATA[]]></system-err>
</testsuite>
