<?xml version="1.0" encoding="UTF-8"?>
<testsuite name="org.springframework.test.util.OverriddenMetaAnnotationAttributesTests" tests="4" skipped="0" failures="0" errors="0" timestamp="2016-11-10T08:56:17" hostname="XB-20161010YVDY" time="0.005">
  <properties/>
  <testcase name="overriddenContextConfigurationLocationsAndInheritLocations" classname="org.springframework.test.util.OverriddenMetaAnnotationAttributesTests" time="0.002"/>
  <testcase name="contextConfigurationValue" classname="org.springframework.test.util.OverriddenMetaAnnotationAttributesTests" time="0.002"/>
  <testcase name="overriddenContextConfigurationValue" classname="org.springframework.test.util.OverriddenMetaAnnotationAttributesTests" time="0.001"/>
  <testcase name="contextConfigurationLocationsAndInheritLocations" classname="org.springframework.test.util.OverriddenMetaAnnotationAttributesTests" time="0.0"/>
  <system-out><![CDATA[]]></system-out>
  <system-err><![CDATA[]]></system-err>
</testsuite>
