<?xml version="1.0" encoding="UTF-8"?>
<testsuite name="org.springframework.test.context.junit4.InheritedConfigSpringJUnit4ClassRunnerAppCtxTests" tests="9" skipped="0" failures="0" errors="0" timestamp="2016-11-10T08:56:02" hostname="XB-20161010YVDY" time="0.004">
  <properties/>
  <testcase name="verifyAutowiredAtValueMethods" classname="org.springframework.test.context.junit4.InheritedConfigSpringJUnit4ClassRunnerAppCtxTests" time="0.0"/>
  <testcase name="verifyResourceAnnotationInjectedMethods" classname="org.springframework.test.context.junit4.InheritedConfigSpringJUnit4ClassRunnerAppCtxTests" time="0.0"/>
  <testcase name="verifyAutowiredAtValueFields" classname="org.springframework.test.context.junit4.InheritedConfigSpringJUnit4ClassRunnerAppCtxTests" time="0.0"/>
  <testcase name="verifyBeanInitialized" classname="org.springframework.test.context.junit4.InheritedConfigSpringJUnit4ClassRunnerAppCtxTests" time="0.001"/>
  <testcase name="verifyAnnotationAutowiredAndInjectedFields" classname="org.springframework.test.context.junit4.InheritedConfigSpringJUnit4ClassRunnerAppCtxTests" time="0.0"/>
  <testcase name="verifyBeanNameSet" classname="org.springframework.test.context.junit4.InheritedConfigSpringJUnit4ClassRunnerAppCtxTests" time="0.001"/>
  <testcase name="verifyResourceAnnotationInjectedFields" classname="org.springframework.test.context.junit4.InheritedConfigSpringJUnit4ClassRunnerAppCtxTests" time="0.0"/>
  <testcase name="verifyAnnotationAutowiredMethods" classname="org.springframework.test.context.junit4.InheritedConfigSpringJUnit4ClassRunnerAppCtxTests" time="0.0"/>
  <testcase name="verifyApplicationContextSet" classname="org.springframework.test.context.junit4.InheritedConfigSpringJUnit4ClassRunnerAppCtxTests" time="0.0"/>
  <system-out><![CDATA[]]></system-out>
  <system-err><![CDATA[]]></system-err>
</testsuite>
