<?xml version="1.0" encoding="UTF-8"?>
<testsuite name="org.springframework.test.context.configuration.interfaces.SqlConfigInterfaceTests" tests="1" skipped="0" failures="0" errors="0" timestamp="2016-11-10T08:55:49" hostname="XB-20161010YVDY" time="0.081">
  <properties/>
  <testcase name="methodLevelScripts" classname="org.springframework.test.context.configuration.interfaces.SqlConfigInterfaceTests" time="0.081"/>
  <system-out><![CDATA[]]></system-out>
  <system-err><![CDATA[]]></system-err>
</testsuite>
