<?xml version="1.0" encoding="UTF-8"?>
<testsuite name="org.springframework.test.web.client.samples.matchers.HeaderRequestMatchersIntegrationTests" tests="2" skipped="0" failures="0" errors="0" timestamp="2016-11-10T08:56:18" hostname="XB-20161010YVDY" time="0.07">
  <properties/>
  <testcase name="testStringContains" classname="org.springframework.test.web.client.samples.matchers.HeaderRequestMatchersIntegrationTests" time="0.042"/>
  <testcase name="testString" classname="org.springframework.test.web.client.samples.matchers.HeaderRequestMatchersIntegrationTests" time="0.028"/>
  <system-out><![CDATA[]]></system-out>
  <system-err><![CDATA[]]></system-err>
</testsuite>
