<?xml version="1.0" encoding="UTF-8"?>
<testsuite name="org.springframework.test.web.servlet.htmlunit.HostRequestMatcherTests" tests="5" skipped="0" failures="0" errors="0" timestamp="2016-11-10T08:56:19" hostname="XB-20161010YVDY" time="0.023">
  <properties/>
  <testcase name="specificPort" classname="org.springframework.test.web.servlet.htmlunit.HostRequestMatcherTests" time="0.023"/>
  <testcase name="localhost" classname="org.springframework.test.web.servlet.htmlunit.HostRequestMatcherTests" time="0.0"/>
  <testcase name="multipleHosts" classname="org.springframework.test.web.servlet.htmlunit.HostRequestMatcherTests" time="0.0"/>
  <testcase name="defaultHttpPort" classname="org.springframework.test.web.servlet.htmlunit.HostRequestMatcherTests" time="0.0"/>
  <testcase name="defaultHttpsPort" classname="org.springframework.test.web.servlet.htmlunit.HostRequestMatcherTests" time="0.0"/>
  <system-out><![CDATA[]]></system-out>
  <system-err><![CDATA[]]></system-err>
</testsuite>
