<?xml version="1.0" encoding="UTF-8"?>
<testsuite name="org.springframework.test.context.junit.jupiter.EnabledIfTestCase$EnabledIfOnMethodTestCase" tests="13" skipped="13" failures="0" errors="0" timestamp="2016-11-10T08:55:56" hostname="XB-20161010YVDY" time="0.016">
  <properties/>
  <testcase name="enabledIfWithStringFalseWithSurroundingWhitespace" classname="org.springframework.test.context.junit.jupiter.EnabledIfTestCase$EnabledIfOnMethodTestCase" time="0.0">
    <skipped/>
  </testcase>
  <testcase name="enabledIfWithPropertyPlaceholderWithSurroundingWhitespace" classname="org.springframework.test.context.junit.jupiter.EnabledIfTestCase$EnabledIfOnMethodTestCase" time="0.0">
    <skipped/>
  </testcase>
  <testcase name="enabledIfWithSpelBooleanWithSurroundingWhitespace" classname="org.springframework.test.context.junit.jupiter.EnabledIfTestCase$EnabledIfOnMethodTestCase" time="0.0">
    <skipped/>
  </testcase>
  <testcase name="enabledIfWithSpelOsCheckInCustomComposedAnnotation" classname="org.springframework.test.context.junit.jupiter.EnabledIfTestCase$EnabledIfOnMethodTestCase" time="0.0">
    <skipped/>
  </testcase>
  <testcase name="enabledIfWithStringFalseIgnoreCase" classname="org.springframework.test.context.junit.jupiter.EnabledIfTestCase$EnabledIfOnMethodTestCase" time="0.0">
    <skipped/>
  </testcase>
  <testcase name="enabledIfWithSpelStringConcatenation" classname="org.springframework.test.context.junit.jupiter.EnabledIfTestCase$EnabledIfOnMethodTestCase" time="0.0">
    <skipped/>
  </testcase>
  <testcase name="enabledIfWithSpelArithmeticComparison" classname="org.springframework.test.context.junit.jupiter.EnabledIfTestCase$EnabledIfOnMethodTestCase" time="0.0">
    <skipped/>
  </testcase>
  <testcase name="enabledIfWithSpelBooleanFalseBean" classname="org.springframework.test.context.junit.jupiter.EnabledIfTestCase$EnabledIfOnMethodTestCase" time="0.0">
    <skipped/>
  </testcase>
  <testcase name="enabledIfWithSpelStringFalseBean" classname="org.springframework.test.context.junit.jupiter.EnabledIfTestCase$EnabledIfOnMethodTestCase" time="0.0">
    <skipped/>
  </testcase>
  <testcase name="enabledIfWithSpelBoolean" classname="org.springframework.test.context.junit.jupiter.EnabledIfTestCase$EnabledIfOnMethodTestCase" time="0.0">
    <skipped/>
  </testcase>
  <testcase name="enabledIfWithStringFalse" classname="org.springframework.test.context.junit.jupiter.EnabledIfTestCase$EnabledIfOnMethodTestCase" time="0.0">
    <skipped/>
  </testcase>
  <testcase name="enabledIfWithPropertyPlaceholder" classname="org.springframework.test.context.junit.jupiter.EnabledIfTestCase$EnabledIfOnMethodTestCase" time="0.0">
    <skipped/>
  </testcase>
  <testcase name="enabledIfWithPropertyPlaceholderForNonexistentPropertyWithDefaultValue" classname="org.springframework.test.context.junit.jupiter.EnabledIfTestCase$EnabledIfOnMethodTestCase" time="0.0">
    <skipped/>
  </testcase>
  <system-out><![CDATA[]]></system-out>
  <system-err><![CDATA[]]></system-err>
</testsuite>
