<?xml version="1.0" encoding="UTF-8"?>
<testsuite name="org.springframework.test.context.junit4.spr3896.ExplicitLocationsInheritedTests" tests="4" skipped="0" failures="0" errors="0" timestamp="2016-11-10T08:56:10" hostname="XB-20161010YVDY" time="0.042">
  <properties/>
  <testcase name="verifyPetSetFromExtendedContextConfig" classname="org.springframework.test.context.junit4.spr3896.ExplicitLocationsInheritedTests" time="0.0"/>
  <testcase name="verifyEmployeeSetFromBaseContextConfig" classname="org.springframework.test.context.junit4.spr3896.ExplicitLocationsInheritedTests" time="0.0"/>
  <testcase name="verifyPetSetFromExtendedContextConfig" classname="org.springframework.test.context.junit4.spr3896.ExplicitLocationsInheritedTests" time="0.001"/>
  <testcase name="verifyEmployeeSetFromBaseContextConfig" classname="org.springframework.test.context.junit4.spr3896.ExplicitLocationsInheritedTests" time="0.0"/>
  <system-out><![CDATA[]]></system-out>
  <system-err><![CDATA[]]></system-err>
</testsuite>
