<?xml version="1.0" encoding="UTF-8"?>
<testsuite name="org.springframework.test.context.cache.SpringRunnerContextCacheTests" tests="3" skipped="0" failures="0" errors="0" timestamp="2016-11-10T08:55:48" hostname="XB-20161010YVDY" time="0.072">
  <properties/>
  <testcase name="dirtyContext" classname="org.springframework.test.context.cache.SpringRunnerContextCacheTests" time="0.0"/>
  <testcase name="verifyContextDirty" classname="org.springframework.test.context.cache.SpringRunnerContextCacheTests" time="0.001"/>
  <testcase name="verifyContextNotDirty" classname="org.springframework.test.context.cache.SpringRunnerContextCacheTests" time="0.0"/>
  <system-out><![CDATA[]]></system-out>
  <system-err><![CDATA[]]></system-err>
</testsuite>
