<?xml version="1.0" encoding="UTF-8"?>
<testsuite name="org.springframework.test.web.servlet.samples.standalone.resultmatchers.HeaderAssertionTests" tests="15" skipped="0" failures="0" errors="0" timestamp="2016-11-10T08:56:29" hostname="XB-20161010YVDY" time="0.605">
  <properties/>
  <testcase name="longValueWithMissingResponseHeader" classname="org.springframework.test.web.servlet.samples.standalone.resultmatchers.HeaderAssertionTests" time="0.041"/>
  <testcase name="dateValueWithIncorrectResponseHeaderValue" classname="org.springframework.test.web.servlet.samples.standalone.resultmatchers.HeaderAssertionTests" time="0.042"/>
  <testcase name="stringWithMatcherAndMissingResponseHeader" classname="org.springframework.test.web.servlet.samples.standalone.resultmatchers.HeaderAssertionTests" time="0.037"/>
  <testcase name="stringWithMatcherAndCorrectResponseHeaderValue" classname="org.springframework.test.web.servlet.samples.standalone.resultmatchers.HeaderAssertionTests" time="0.038"/>
  <testcase name="multiStringHeaderValue" classname="org.springframework.test.web.servlet.samples.standalone.resultmatchers.HeaderAssertionTests" time="0.04"/>
  <testcase name="longValueWithIncorrectResponseHeaderValue" classname="org.springframework.test.web.servlet.samples.standalone.resultmatchers.HeaderAssertionTests" time="0.041"/>
  <testcase name="doesNotExist" classname="org.springframework.test.web.servlet.samples.standalone.resultmatchers.HeaderAssertionTests" time="0.042"/>
  <testcase name="doesNotExistFail" classname="org.springframework.test.web.servlet.samples.standalone.resultmatchers.HeaderAssertionTests" time="0.037"/>
  <testcase name="multiStringHeaderValueWithMatchers" classname="org.springframework.test.web.servlet.samples.standalone.resultmatchers.HeaderAssertionTests" time="0.042"/>
  <testcase name="stringWithIncorrectResponseHeaderValue" classname="org.springframework.test.web.servlet.samples.standalone.resultmatchers.HeaderAssertionTests" time="0.044"/>
  <testcase name="stringWithMissingResponseHeader" classname="org.springframework.test.web.servlet.samples.standalone.resultmatchers.HeaderAssertionTests" time="0.045"/>
  <testcase name="dateValueWithCorrectResponseHeaderValue" classname="org.springframework.test.web.servlet.samples.standalone.resultmatchers.HeaderAssertionTests" time="0.042"/>
  <testcase name="longValueWithCorrectResponseHeaderValue" classname="org.springframework.test.web.servlet.samples.standalone.resultmatchers.HeaderAssertionTests" time="0.037"/>
  <testcase name="stringWithMatcherAndIncorrectResponseHeaderValue" classname="org.springframework.test.web.servlet.samples.standalone.resultmatchers.HeaderAssertionTests" time="0.038"/>
  <testcase name="stringWithCorrectResponseHeaderValue" classname="org.springframework.test.web.servlet.samples.standalone.resultmatchers.HeaderAssertionTests" time="0.037"/>
  <system-out><![CDATA[]]></system-out>
  <system-err><![CDATA[]]></system-err>
</testsuite>
