<?xml version="1.0" encoding="UTF-8"?>
<testsuite name="org.springframework.test.context.cache.ContextCacheTests" tests="9" skipped="0" failures="0" errors="0" timestamp="2016-11-10T08:55:46" hostname="XB-20161010YVDY" time="0.946">
  <properties/>
  <testcase name="removeContextHierarchyCacheLevel3Then2" classname="org.springframework.test.context.cache.ContextCacheTests" time="0.208"/>
  <testcase name="verifyCacheKeyIsBasedOnActiveProfiles" classname="org.springframework.test.context.cache.ContextCacheTests" time="0.073"/>
  <testcase name="removeContextHierarchyCacheLevel1WithExhaustiveMode" classname="org.springframework.test.context.cache.ContextCacheTests" time="0.102"/>
  <testcase name="removeContextHierarchyCacheLevel3Then2WithExhaustiveMode" classname="org.springframework.test.context.cache.ContextCacheTests" time="0.091"/>
  <testcase name="removeContextHierarchyCacheLevel1" classname="org.springframework.test.context.cache.ContextCacheTests" time="0.086"/>
  <testcase name="removeContextHierarchyCacheLevel2" classname="org.springframework.test.context.cache.ContextCacheTests" time="0.082"/>
  <testcase name="verifyCacheKeyIsBasedOnContextLoader" classname="org.springframework.test.context.cache.ContextCacheTests" time="0.046"/>
  <testcase name="removeContextHierarchyCacheLevel2WithExhaustiveMode" classname="org.springframework.test.context.cache.ContextCacheTests" time="0.1"/>
  <testcase name="verifyCacheBehaviorForContextHierarchies" classname="org.springframework.test.context.cache.ContextCacheTests" time="0.156"/>
  <system-out><![CDATA[16:55:46.778 [Test worker] DEBUG org.springframework.test.util.ReflectionTestUtils - Getting field 'mergedContextConfiguration' from target object [[DefaultTestContext@75407665 testClass = ContextCacheTests.ClassHierarchyContextHierarchyLevel3aTestCase, testInstance = [null], testMethod = [null], testException = [null], mergedContextConfiguration = [MergedContextConfiguration@67f9dcaa testClass = ContextCacheTests.ClassHierarchyContextHierarchyLevel3aTestCase, locations = '{}', classes = '{class org.springframework.test.context.cache.ContextCacheTests$ClassHierarchyContextHierarchyLevel3aTestCase$Level3aConfig}', contextInitializerClasses = '[]', activeProfiles = '{}', propertySourceLocations = '{}', propertySourceProperties = '{}', contextCustomizers = set[[empty]], contextLoader = 'org.springframework.test.context.support.DelegatingSmartContextLoader', parent = [MergedContextConfiguration@1556ca5e testClass = ContextCacheTests.ClassHierarchyContextHierarchyLevel2TestCase, locations = '{}', classes = '{class org.springframework.test.context.cache.ContextCacheTests$ClassHierarchyContextHierarchyLevel2TestCase$Level2Config}', contextInitializerClasses = '[]', activeProfiles = '{}', propertySourceLocations = '{}', propertySourceProperties = '{}', contextCustomizers = set[[empty]], contextLoader = 'org.springframework.test.context.support.DelegatingSmartContextLoader', parent = [MergedContextConfiguration@33389362 testClass = ContextCacheTests.ClassHierarchyContextHierarchyLevel1TestCase, locations = '{}', classes = '{class org.springframework.test.context.cache.ContextCacheTests$ClassHierarchyContextHierarchyLevel1TestCase$Level1Config}', contextInitializerClasses = '[]', activeProfiles = '{}', propertySourceLocations = '{}', propertySourceProperties = '{}', contextCustomizers = set[[empty]], contextLoader = 'org.springframework.test.context.support.DelegatingSmartContextLoader', parent = [null]]]], attributes = map[[empty]]]] or target class [class org.springframework.test.context.support.DefaultTestContext]
16:55:46.793 [Test worker] DEBUG org.springframework.test.util.ReflectionTestUtils - Getting field 'mergedContextConfiguration' from target object [[DefaultTestContext@5963eab9 testClass = ContextCacheTests.ClassHierarchyContextHierarchyLevel3bTestCase, testInstance = [null], testMethod = [null], testException = [null], mergedContextConfiguration = [MergedContextConfiguration@6e8c7823 testClass = ContextCacheTests.ClassHierarchyContextHierarchyLevel3bTestCase, locations = '{}', classes = '{class org.springframework.test.context.cache.ContextCacheTests$ClassHierarchyContextHierarchyLevel3bTestCase$Level3bConfig}', contextInitializerClasses = '[]', activeProfiles = '{}', propertySourceLocations = '{}', propertySourceProperties = '{}', contextCustomizers = set[[empty]], contextLoader = 'org.springframework.test.context.support.DelegatingSmartContextLoader', parent = [MergedContextConfiguration@3c6e374c testClass = ContextCacheTests.ClassHierarchyContextHierarchyLevel2TestCase, locations = '{}', classes = '{class org.springframework.test.context.cache.ContextCacheTests$ClassHierarchyContextHierarchyLevel2TestCase$Level2Config}', contextInitializerClasses = '[]', activeProfiles = '{}', propertySourceLocations = '{}', propertySourceProperties = '{}', contextCustomizers = set[[empty]], contextLoader = 'org.springframework.test.context.support.DelegatingSmartContextLoader', parent = [MergedContextConfiguration@7e21ab07 testClass = ContextCacheTests.ClassHierarchyContextHierarchyLevel1TestCase, locations = '{}', classes = '{class org.springframework.test.context.cache.ContextCacheTests$ClassHierarchyContextHierarchyLevel1TestCase$Level1Config}', contextInitializerClasses = '[]', activeProfiles = '{}', propertySourceLocations = '{}', propertySourceProperties = '{}', contextCustomizers = set[[empty]], contextLoader = 'org.springframework.test.context.support.DelegatingSmartContextLoader', parent = [null]]]], attributes = map[[empty]]]] or target class [class org.springframework.test.context.support.DefaultTestContext]
16:55:46.969 [Test worker] DEBUG org.springframework.test.util.ReflectionTestUtils - Getting field 'mergedContextConfiguration' from target object [[DefaultTestContext@45f007df testClass = ContextCacheTests.ClassHierarchyContextHierarchyLevel3aTestCase, testInstance = [null], testMethod = [null], testException = [null], mergedContextConfiguration = [MergedContextConfiguration@3f9a4c6d testClass = ContextCacheTests.ClassHierarchyContextHierarchyLevel3aTestCase, locations = '{}', classes = '{class org.springframework.test.context.cache.ContextCacheTests$ClassHierarchyContextHierarchyLevel3aTestCase$Level3aConfig}', contextInitializerClasses = '[]', activeProfiles = '{}', propertySourceLocations = '{}', propertySourceProperties = '{}', contextCustomizers = set[[empty]], contextLoader = 'org.springframework.test.context.support.DelegatingSmartContextLoader', parent = [MergedContextConfiguration@4e10ca60 testClass = ContextCacheTests.ClassHierarchyContextHierarchyLevel2TestCase, locations = '{}', classes = '{class org.springframework.test.context.cache.ContextCacheTests$ClassHierarchyContextHierarchyLevel2TestCase$Level2Config}', contextInitializerClasses = '[]', activeProfiles = '{}', propertySourceLocations = '{}', propertySourceProperties = '{}', contextCustomizers = set[[empty]], contextLoader = 'org.springframework.test.context.support.DelegatingSmartContextLoader', parent = [MergedContextConfiguration@2a43fc45 testClass = ContextCacheTests.ClassHierarchyContextHierarchyLevel1TestCase, locations = '{}', classes = '{class org.springframework.test.context.cache.ContextCacheTests$ClassHierarchyContextHierarchyLevel1TestCase$Level1Config}', contextInitializerClasses = '[]', activeProfiles = '{}', propertySourceLocations = '{}', propertySourceProperties = '{}', contextCustomizers = set[[empty]], contextLoader = 'org.springframework.test.context.support.DelegatingSmartContextLoader', parent = [null]]]], attributes = map[[empty]]]] or target class [class org.springframework.test.context.support.DefaultTestContext]
16:55:47.060 [Test worker] DEBUG org.springframework.test.util.ReflectionTestUtils - Getting field 'mergedContextConfiguration' from target object [[DefaultTestContext@4a5c7898 testClass = ContextCacheTests.ClassHierarchyContextHierarchyLevel3aTestCase, testInstance = [null], testMethod = [null], testException = [null], mergedContextConfiguration = [MergedContextConfiguration@7481a025 testClass = ContextCacheTests.ClassHierarchyContextHierarchyLevel3aTestCase, locations = '{}', classes = '{class org.springframework.test.context.cache.ContextCacheTests$ClassHierarchyContextHierarchyLevel3aTestCase$Level3aConfig}', contextInitializerClasses = '[]', activeProfiles = '{}', propertySourceLocations = '{}', propertySourceProperties = '{}', contextCustomizers = set[[empty]], contextLoader = 'org.springframework.test.context.support.DelegatingSmartContextLoader', parent = [MergedContextConfiguration@391fffcc testClass = ContextCacheTests.ClassHierarchyContextHierarchyLevel2TestCase, locations = '{}', classes = '{class org.springframework.test.context.cache.ContextCacheTests$ClassHierarchyContextHierarchyLevel2TestCase$Level2Config}', contextInitializerClasses = '[]', activeProfiles = '{}', propertySourceLocations = '{}', propertySourceProperties = '{}', contextCustomizers = set[[empty]], contextLoader = 'org.springframework.test.context.support.DelegatingSmartContextLoader', parent = [MergedContextConfiguration@20b0c227 testClass = ContextCacheTests.ClassHierarchyContextHierarchyLevel1TestCase, locations = '{}', classes = '{class org.springframework.test.context.cache.ContextCacheTests$ClassHierarchyContextHierarchyLevel1TestCase$Level1Config}', contextInitializerClasses = '[]', activeProfiles = '{}', propertySourceLocations = '{}', propertySourceProperties = '{}', contextCustomizers = set[[empty]], contextLoader = 'org.springframework.test.context.support.DelegatingSmartContextLoader', parent = [null]]]], attributes = map[[empty]]]] or target class [class org.springframework.test.context.support.DefaultTestContext]
16:55:47.061 [Test worker] DEBUG org.springframework.test.util.ReflectionTestUtils - Getting field 'mergedContextConfiguration' from target object [[DefaultTestContext@981e611 testClass = ContextCacheTests.ClassHierarchyContextHierarchyLevel3bTestCase, testInstance = [null], testMethod = [null], testException = [null], mergedContextConfiguration = [MergedContextConfiguration@70f8ff8c testClass = ContextCacheTests.ClassHierarchyContextHierarchyLevel3bTestCase, locations = '{}', classes = '{class org.springframework.test.context.cache.ContextCacheTests$ClassHierarchyContextHierarchyLevel3bTestCase$Level3bConfig}', contextInitializerClasses = '[]', activeProfiles = '{}', propertySourceLocations = '{}', propertySourceProperties = '{}', contextCustomizers = set[[empty]], contextLoader = 'org.springframework.test.context.support.DelegatingSmartContextLoader', parent = [MergedContextConfiguration@36df8fc0 testClass = ContextCacheTests.ClassHierarchyContextHierarchyLevel2TestCase, locations = '{}', classes = '{class org.springframework.test.context.cache.ContextCacheTests$ClassHierarchyContextHierarchyLevel2TestCase$Level2Config}', contextInitializerClasses = '[]', activeProfiles = '{}', propertySourceLocations = '{}', propertySourceProperties = '{}', contextCustomizers = set[[empty]], contextLoader = 'org.springframework.test.context.support.DelegatingSmartContextLoader', parent = [MergedContextConfiguration@10d8c2c6 testClass = ContextCacheTests.ClassHierarchyContextHierarchyLevel1TestCase, locations = '{}', classes = '{class org.springframework.test.context.cache.ContextCacheTests$ClassHierarchyContextHierarchyLevel1TestCase$Level1Config}', contextInitializerClasses = '[]', activeProfiles = '{}', propertySourceLocations = '{}', propertySourceProperties = '{}', contextCustomizers = set[[empty]], contextLoader = 'org.springframework.test.context.support.DelegatingSmartContextLoader', parent = [null]]]], attributes = map[[empty]]]] or target class [class org.springframework.test.context.support.DefaultTestContext]
16:55:47.147 [Test worker] DEBUG org.springframework.test.util.ReflectionTestUtils - Getting field 'mergedContextConfiguration' from target object [[DefaultTestContext@4d857a39 testClass = ContextCacheTests.ClassHierarchyContextHierarchyLevel3aTestCase, testInstance = [null], testMethod = [null], testException = [null], mergedContextConfiguration = [MergedContextConfiguration@36a78f30 testClass = ContextCacheTests.ClassHierarchyContextHierarchyLevel3aTestCase, locations = '{}', classes = '{class org.springframework.test.context.cache.ContextCacheTests$ClassHierarchyContextHierarchyLevel3aTestCase$Level3aConfig}', contextInitializerClasses = '[]', activeProfiles = '{}', propertySourceLocations = '{}', propertySourceProperties = '{}', contextCustomizers = set[[empty]], contextLoader = 'org.springframework.test.context.support.DelegatingSmartContextLoader', parent = [MergedContextConfiguration@4279ce01 testClass = ContextCacheTests.ClassHierarchyContextHierarchyLevel2TestCase, locations = '{}', classes = '{class org.springframework.test.context.cache.ContextCacheTests$ClassHierarchyContextHierarchyLevel2TestCase$Level2Config}', contextInitializerClasses = '[]', activeProfiles = '{}', propertySourceLocations = '{}', propertySourceProperties = '{}', contextCustomizers = set[[empty]], contextLoader = 'org.springframework.test.context.support.DelegatingSmartContextLoader', parent = [MergedContextConfiguration@a6d3610 testClass = ContextCacheTests.ClassHierarchyContextHierarchyLevel1TestCase, locations = '{}', classes = '{class org.springframework.test.context.cache.ContextCacheTests$ClassHierarchyContextHierarchyLevel1TestCase$Level1Config}', contextInitializerClasses = '[]', activeProfiles = '{}', propertySourceLocations = '{}', propertySourceProperties = '{}', contextCustomizers = set[[empty]], contextLoader = 'org.springframework.test.context.support.DelegatingSmartContextLoader', parent = [null]]]], attributes = map[[empty]]]] or target class [class org.springframework.test.context.support.DefaultTestContext]
16:55:47.229 [Test worker] DEBUG org.springframework.test.util.ReflectionTestUtils - Getting field 'mergedContextConfiguration' from target object [[DefaultTestContext@4b64bea8 testClass = ContextCacheTests.ClassHierarchyContextHierarchyLevel3aTestCase, testInstance = [null], testMethod = [null], testException = [null], mergedContextConfiguration = [MergedContextConfiguration@5f3c3585 testClass = ContextCacheTests.ClassHierarchyContextHierarchyLevel3aTestCase, locations = '{}', classes = '{class org.springframework.test.context.cache.ContextCacheTests$ClassHierarchyContextHierarchyLevel3aTestCase$Level3aConfig}', contextInitializerClasses = '[]', activeProfiles = '{}', propertySourceLocations = '{}', propertySourceProperties = '{}', contextCustomizers = set[[empty]], contextLoader = 'org.springframework.test.context.support.DelegatingSmartContextLoader', parent = [MergedContextConfiguration@6a7388e3 testClass = ContextCacheTests.ClassHierarchyContextHierarchyLevel2TestCase, locations = '{}', classes = '{class org.springframework.test.context.cache.ContextCacheTests$ClassHierarchyContextHierarchyLevel2TestCase$Level2Config}', contextInitializerClasses = '[]', activeProfiles = '{}', propertySourceLocations = '{}', propertySourceProperties = '{}', contextCustomizers = set[[empty]], contextLoader = 'org.springframework.test.context.support.DelegatingSmartContextLoader', parent = [MergedContextConfiguration@7819564a testClass = ContextCacheTests.ClassHierarchyContextHierarchyLevel1TestCase, locations = '{}', classes = '{class org.springframework.test.context.cache.ContextCacheTests$ClassHierarchyContextHierarchyLevel1TestCase$Level1Config}', contextInitializerClasses = '[]', activeProfiles = '{}', propertySourceLocations = '{}', propertySourceProperties = '{}', contextCustomizers = set[[empty]], contextLoader = 'org.springframework.test.context.support.DelegatingSmartContextLoader', parent = [null]]]], attributes = map[[empty]]]] or target class [class org.springframework.test.context.support.DefaultTestContext]
16:55:47.376 [Test worker] DEBUG org.springframework.test.util.ReflectionTestUtils - Getting field 'mergedContextConfiguration' from target object [[DefaultTestContext@65707e3 testClass = ContextCacheTests.ClassHierarchyContextHierarchyLevel3aTestCase, testInstance = [null], testMethod = [null], testException = [null], mergedContextConfiguration = [MergedContextConfiguration@427d1060 testClass = ContextCacheTests.ClassHierarchyContextHierarchyLevel3aTestCase, locations = '{}', classes = '{class org.springframework.test.context.cache.ContextCacheTests$ClassHierarchyContextHierarchyLevel3aTestCase$Level3aConfig}', contextInitializerClasses = '[]', activeProfiles = '{}', propertySourceLocations = '{}', propertySourceProperties = '{}', contextCustomizers = set[[empty]], contextLoader = 'org.springframework.test.context.support.DelegatingSmartContextLoader', parent = [MergedContextConfiguration@5868a411 testClass = ContextCacheTests.ClassHierarchyContextHierarchyLevel2TestCase, locations = '{}', classes = '{class org.springframework.test.context.cache.ContextCacheTests$ClassHierarchyContextHierarchyLevel2TestCase$Level2Config}', contextInitializerClasses = '[]', activeProfiles = '{}', propertySourceLocations = '{}', propertySourceProperties = '{}', contextCustomizers = set[[empty]], contextLoader = 'org.springframework.test.context.support.DelegatingSmartContextLoader', parent = [MergedContextConfiguration@3e297e84 testClass = ContextCacheTests.ClassHierarchyContextHierarchyLevel1TestCase, locations = '{}', classes = '{class org.springframework.test.context.cache.ContextCacheTests$ClassHierarchyContextHierarchyLevel1TestCase$Level1Config}', contextInitializerClasses = '[]', activeProfiles = '{}', propertySourceLocations = '{}', propertySourceProperties = '{}', contextCustomizers = set[[empty]], contextLoader = 'org.springframework.test.context.support.DelegatingSmartContextLoader', parent = [null]]]], attributes = map[[empty]]]] or target class [class org.springframework.test.context.support.DefaultTestContext]
]]></system-out>
  <system-err><![CDATA[]]></system-err>
</testsuite>
