<?xml version="1.0" encoding="UTF-8"?>
<testsuite name="org.springframework.test.web.servlet.samples.spr.CustomRequestAttributesRequestContextHolderTests" tests="1" skipped="0" failures="0" errors="0" timestamp="2016-11-10T08:56:24" hostname="XB-20161010YVDY" time="0.182">
  <properties/>
  <testcase name="singletonController" classname="org.springframework.test.web.servlet.samples.spr.CustomRequestAttributesRequestContextHolderTests" time="0.182"/>
  <system-out><![CDATA[]]></system-out>
  <system-err><![CDATA[]]></system-err>
</testsuite>
