<?xml version="1.0" encoding="UTF-8"?>
<testsuite name="org.springframework.test.web.servlet.samples.standalone.resultmatchers.JsonPathAssertionTests" tests="5" skipped="0" failures="0" errors="0" timestamp="2016-11-10T08:56:29" hostname="XB-20161010YVDY" time="0.183">
  <properties/>
  <testcase name="hamcrestMatcherWithParameterizedJsonPath" classname="org.springframework.test.web.servlet.samples.standalone.resultmatchers.JsonPathAssertionTests" time="0.035"/>
  <testcase name="hamcrestMatcher" classname="org.springframework.test.web.servlet.samples.standalone.resultmatchers.JsonPathAssertionTests" time="0.036"/>
  <testcase name="exists" classname="org.springframework.test.web.servlet.samples.standalone.resultmatchers.JsonPathAssertionTests" time="0.038"/>
  <testcase name="doesNotExist" classname="org.springframework.test.web.servlet.samples.standalone.resultmatchers.JsonPathAssertionTests" time="0.037"/>
  <testcase name="equality" classname="org.springframework.test.web.servlet.samples.standalone.resultmatchers.JsonPathAssertionTests" time="0.037"/>
  <system-out><![CDATA[]]></system-out>
  <system-err><![CDATA[]]></system-err>
</testsuite>
