<?xml version="1.0" encoding="UTF-8"?>
<testsuite name="org.springframework.test.context.transaction.TransactionalTestExecutionListenerTests" tests="22" skipped="0" failures="0" errors="0" timestamp="2016-11-10T08:56:16" hostname="XB-20161010YVDY" time="0.043">
  <properties/>
  <testcase name="beforeTestMethodWithTransactionalDeclaredOnClassViaMetaAnnotationWithOverride" classname="org.springframework.test.context.transaction.TransactionalTestExecutionListenerTests" time="0.004"/>
  <testcase name="isRollbackWithClassLevelRollbackViaMetaAnnotation" classname="org.springframework.test.context.transaction.TransactionalTestExecutionListenerTests" time="0.001"/>
  <testcase name="isRollbackWithEmptyMethodLevelRollback" classname="org.springframework.test.context.transaction.TransactionalTestExecutionListenerTests" time="0.001"/>
  <testcase name="beforeTestMethodWithTransactionalDeclaredOnMethodViaMetaAnnotationWithOverride" classname="org.springframework.test.context.transaction.TransactionalTestExecutionListenerTests" time="0.001"/>
  <testcase name="beforeTestMethodWithTransactionalDeclaredOnMethodLocally" classname="org.springframework.test.context.transaction.TransactionalTestExecutionListenerTests" time="0.004"/>
  <testcase name="isRollbackWithEmptyClassLevelRollback" classname="org.springframework.test.context.transaction.TransactionalTestExecutionListenerTests" time="0.0"/>
  <testcase name="isRollbackWithClassLevelRollbackWithExplicitValue" classname="org.springframework.test.context.transaction.TransactionalTestExecutionListenerTests" time="0.0"/>
  <testcase name="afterTestMethodWithAfterTransactionDeclaredViaMetaAnnotation" classname="org.springframework.test.context.transaction.TransactionalTestExecutionListenerTests" time="0.004"/>
  <testcase name="afterTestMethodWithAfterTransactionDeclaredAsInterfaceDefaultMethod" classname="org.springframework.test.context.transaction.TransactionalTestExecutionListenerTests" time="0.003"/>
  <testcase name="beforeTestMethodWithBeforeTransactionDeclaredLocally" classname="org.springframework.test.context.transaction.TransactionalTestExecutionListenerTests" time="0.002"/>
  <testcase name="beforeTestMethodWithBeforeTransactionDeclaredAsInterfaceDefaultMethod" classname="org.springframework.test.context.transaction.TransactionalTestExecutionListenerTests" time="0.002"/>
  <testcase name="isRollbackWithClassLevelRollbackWithExplicitValueOnTestInterface" classname="org.springframework.test.context.transaction.TransactionalTestExecutionListenerTests" time="0.001"/>
  <testcase name="isRollbackWithMissingRollback" classname="org.springframework.test.context.transaction.TransactionalTestExecutionListenerTests" time="0.001"/>
  <testcase name="beforeTestMethodWithTransactionalDeclaredOnMethodViaMetaAnnotation" classname="org.springframework.test.context.transaction.TransactionalTestExecutionListenerTests" time="0.003"/>
  <testcase name="beforeTestMethodWithTransactionalDeclaredOnClassViaMetaAnnotation" classname="org.springframework.test.context.transaction.TransactionalTestExecutionListenerTests" time="0.001"/>
  <testcase name="beforeTestMethodWithBeforeTransactionDeclaredViaMetaAnnotation" classname="org.springframework.test.context.transaction.TransactionalTestExecutionListenerTests" time="0.002"/>
  <testcase name="transactionalTestWithoutTransactionManager" classname="org.springframework.test.context.transaction.TransactionalTestExecutionListenerTests" time="0.001"/>
  <testcase name="isRollbackWithClassLevelRollbackViaMetaAnnotationOnTestInterface" classname="org.springframework.test.context.transaction.TransactionalTestExecutionListenerTests" time="0.001"/>
  <testcase name="isRollbackWithMethodLevelRollbackViaMetaAnnotation" classname="org.springframework.test.context.transaction.TransactionalTestExecutionListenerTests" time="0.001"/>
  <testcase name="afterTestMethodWithAfterTransactionDeclaredLocally" classname="org.springframework.test.context.transaction.TransactionalTestExecutionListenerTests" time="0.002"/>
  <testcase name="beforeTestMethodWithTransactionalDeclaredOnClassLocally" classname="org.springframework.test.context.transaction.TransactionalTestExecutionListenerTests" time="0.001"/>
  <testcase name="isRollbackWithMethodLevelRollbackWithExplicitValue" classname="org.springframework.test.context.transaction.TransactionalTestExecutionListenerTests" time="0.001"/>
  <system-out><![CDATA[]]></system-out>
  <system-err><![CDATA[]]></system-err>
</testsuite>
