<?xml version="1.0" encoding="UTF-8"?>
<testsuite name="org.springframework.mock.web.MockHttpSessionTests" tests="13" skipped="0" failures="0" errors="0" timestamp="2016-11-10T08:55:43" hostname="XB-20161010YVDY" time="0.002">
  <properties/>
  <testcase name="getAttributeNamesOnInvalidatedSession" classname="org.springframework.mock.web.MockHttpSessionTests" time="0.0"/>
  <testcase name="isNewOnInvalidatedSession" classname="org.springframework.mock.web.MockHttpSessionTests" time="0.001"/>
  <testcase name="invalidateTwice" classname="org.springframework.mock.web.MockHttpSessionTests" time="0.0"/>
  <testcase name="getValueOnInvalidatedSession" classname="org.springframework.mock.web.MockHttpSessionTests" time="0.0"/>
  <testcase name="getCreationTimeOnInvalidatedSession" classname="org.springframework.mock.web.MockHttpSessionTests" time="0.0"/>
  <testcase name="getLastAccessedTimeOnInvalidatedSession" classname="org.springframework.mock.web.MockHttpSessionTests" time="0.0"/>
  <testcase name="putValueOnInvalidatedSession" classname="org.springframework.mock.web.MockHttpSessionTests" time="0.0"/>
  <testcase name="getAttributeOnInvalidatedSession" classname="org.springframework.mock.web.MockHttpSessionTests" time="0.0"/>
  <testcase name="getValueNamesOnInvalidatedSession" classname="org.springframework.mock.web.MockHttpSessionTests" time="0.0"/>
  <testcase name="removeValueOnInvalidatedSession" classname="org.springframework.mock.web.MockHttpSessionTests" time="0.0"/>
  <testcase name="removeAttributeOnInvalidatedSession" classname="org.springframework.mock.web.MockHttpSessionTests" time="0.0"/>
  <testcase name="invalidateOnce" classname="org.springframework.mock.web.MockHttpSessionTests" time="0.0"/>
  <testcase name="setAttributeOnInvalidatedSession" classname="org.springframework.mock.web.MockHttpSessionTests" time="0.0"/>
  <system-out><![CDATA[]]></system-out>
  <system-err><![CDATA[]]></system-err>
</testsuite>
