<?xml version="1.0" encoding="UTF-8"?>
<testsuite name="org.springframework.test.context.web.ServletContextAwareBeanWacTests" tests="1" skipped="0" failures="0" errors="0" timestamp="2016-11-10T08:56:16" hostname="XB-20161010YVDY" time="0.007">
  <properties/>
  <testcase name="ensureServletContextAwareBeanIsProcessedProperlyWhenExecutingJUnitManually" classname="org.springframework.test.context.web.ServletContextAwareBeanWacTests" time="0.007"/>
  <system-out><![CDATA[]]></system-out>
  <system-err><![CDATA[]]></system-err>
</testsuite>
