<?xml version="1.0" encoding="UTF-8"?>
<testsuite name="generateTests" tests="9" skipped="0" failures="0" errors="0" timestamp="2016-11-10T08:55:56" hostname="XB-20161010YVDY" time="0.277">
  <properties/>
  <testcase name="generateTests" classname="generateTests" time="0.045"/>
  <testcase name="generateTests" classname="generateTests" time="0.02"/>
  <testcase name="generateTests" classname="generateTests" time="0.017"/>
  <testcase name="generateTests" classname="generateTests" time="0.016"/>
  <testcase name="generateTests" classname="generateTests" time="0.026"/>
  <testcase name="generateTests" classname="generateTests" time="0.019"/>
  <testcase name="generateTests" classname="generateTests" time="0.02"/>
  <testcase name="generateTests" classname="generateTests" time="0.082"/>
  <testcase name="generateTests" classname="generateTests" time="0.031"/>
  <system-out><![CDATA[16:55:56.047 [Test worker] WARN  org.springframework.test.context.TestContextManager - Caught exception while invoking 'beforeTestClass' callback on TestExecutionListener [org.springframework.test.context.junit.jupiter.FailingBeforeAndAfterMethodsSpringExtensionTestCase$AlwaysFailingBeforeTestClassTestExecutionListener@5c4cc6af] for test class [class org.springframework.test.context.junit.jupiter.FailingBeforeAndAfterMethodsSpringExtensionTestCase$AlwaysFailingBeforeTestClassTestCase]
org.opentest4j.AssertionFailedError: always failing beforeTestClass()
	at org.junit.jupiter.api.Assertions.fail(Assertions.java:53) ~[junit-jupiter-api-5.0.0-M2.jar:5.0.0-M2]
	at org.springframework.test.context.junit.jupiter.FailingBeforeAndAfterMethodsSpringExtensionTestCase$AlwaysFailingBeforeTestClassTestExecutionListener.beforeTestClass(FailingBeforeAndAfterMethodsSpringExtensionTestCase.java:152) ~[test/:?]
	at org.springframework.test.context.TestContextManager.beforeTestClass(TestContextManager.java:211) ~[main/:?]
	at org.springframework.test.context.junit.jupiter.SpringExtension.beforeAll(SpringExtension.java:75) ~[main/:?]
	at org.junit.jupiter.engine.descriptor.ClassTestDescriptor.lambda$invokeBeforeAllCallbacks$3(ClassTestDescriptor.java:204) ~[junit-jupiter-engine-5.0.0-M2.jar:5.0.0-M2]
	at org.junit.jupiter.engine.execution.ThrowableCollector.execute(ThrowableCollector.java:40) ~[junit-jupiter-engine-5.0.0-M2.jar:5.0.0-M2]
	at org.junit.jupiter.engine.descriptor.ClassTestDescriptor.invokeBeforeAllCallbacks(ClassTestDescriptor.java:204) ~[junit-jupiter-engine-5.0.0-M2.jar:5.0.0-M2]
	at org.junit.jupiter.engine.descriptor.ClassTestDescriptor.before(ClassTestDescriptor.java:160) ~[junit-jupiter-engine-5.0.0-M2.jar:5.0.0-M2]
	at org.junit.jupiter.engine.descriptor.ClassTestDescriptor.before(ClassTestDescriptor.java:62) ~[junit-jupiter-engine-5.0.0-M2.jar:5.0.0-M2]
	at org.junit.platform.engine.support.hierarchical.HierarchicalTestExecutor.lambda$execute$0(HierarchicalTestExecutor.java:80) ~[junit-platform-engine-1.0.0-M2.jar:1.0.0-M2]
	at org.junit.platform.engine.support.hierarchical.SingleTestExecutor.executeSafely(SingleTestExecutor.java:66) ~[junit-platform-engine-1.0.0-M2.jar:1.0.0-M2]
	at org.junit.platform.engine.support.hierarchical.HierarchicalTestExecutor.execute(HierarchicalTestExecutor.java:77) ~[junit-platform-engine-1.0.0-M2.jar:1.0.0-M2]
	at org.junit.platform.engine.support.hierarchical.HierarchicalTestExecutor.lambda$execute$0(HierarchicalTestExecutor.java:88) ~[junit-platform-engine-1.0.0-M2.jar:1.0.0-M2]
	at org.junit.platform.engine.support.hierarchical.SingleTestExecutor.executeSafely(SingleTestExecutor.java:66) ~[junit-platform-engine-1.0.0-M2.jar:1.0.0-M2]
	at org.junit.platform.engine.support.hierarchical.HierarchicalTestExecutor.execute(HierarchicalTestExecutor.java:77) ~[junit-platform-engine-1.0.0-M2.jar:1.0.0-M2]
	at org.junit.platform.engine.support.hierarchical.HierarchicalTestExecutor.execute(HierarchicalTestExecutor.java:51) ~[junit-platform-engine-1.0.0-M2.jar:1.0.0-M2]
	at org.junit.platform.engine.support.hierarchical.HierarchicalTestEngine.execute(HierarchicalTestEngine.java:43) ~[junit-platform-engine-1.0.0-M2.jar:1.0.0-M2]
	at org.junit.platform.launcher.core.DefaultLauncher.execute(DefaultLauncher.java:124) ~[junit-platform-launcher-1.0.0-M2.jar:1.0.0-M2]
	at org.junit.platform.launcher.core.DefaultLauncher.execute(DefaultLauncher.java:84) ~[junit-platform-launcher-1.0.0-M2.jar:1.0.0-M2]
	at org.springframework.test.context.junit.jupiter.FailingBeforeAndAfterMethodsSpringExtensionTestCase.runTestAndAssertCounters(FailingBeforeAndAfterMethodsSpringExtensionTestCase.java:97) ~[test/:?]
	at org.springframework.test.context.junit.jupiter.FailingBeforeAndAfterMethodsSpringExtensionTestCase.lambda$null$0(FailingBeforeAndAfterMethodsSpringExtensionTestCase.java:89) ~[test/:?]
	at org.junit.platform.engine.support.hierarchical.SingleTestExecutor.executeSafely(SingleTestExecutor.java:66) ~[junit-platform-engine-1.0.0-M2.jar:1.0.0-M2]
	at org.junit.jupiter.engine.descriptor.TestFactoryTestDescriptor.registerAndExecute(TestFactoryTestDescriptor.java:132) ~[junit-jupiter-engine-5.0.0-M2.jar:5.0.0-M2]
	at org.junit.jupiter.engine.descriptor.TestFactoryTestDescriptor.lambda$null$0(TestFactoryTestDescriptor.java:92) ~[junit-jupiter-engine-5.0.0-M2.jar:5.0.0-M2]
	at java.util.stream.ForEachOps$ForEachOp$OfRef.accept(ForEachOps.java:184) ~[?:1.8.0_101]
	at java.util.stream.ReferencePipeline$3$1.accept(ReferencePipeline.java:193) ~[?:1.8.0_101]
	at java.util.Spliterators$ArraySpliterator.forEachRemaining(Spliterators.java:948) ~[?:1.8.0_101]
	at java.util.stream.AbstractPipeline.copyInto(AbstractPipeline.java:481) ~[?:1.8.0_101]
	at java.util.stream.AbstractPipeline.wrapAndCopyInto(AbstractPipeline.java:471) ~[?:1.8.0_101]
	at java.util.stream.ForEachOps$ForEachOp.evaluateSequential(ForEachOps.java:151) ~[?:1.8.0_101]
	at java.util.stream.ForEachOps$ForEachOp$OfRef.evaluateSequential(ForEachOps.java:174) ~[?:1.8.0_101]
	at java.util.stream.AbstractPipeline.evaluate(AbstractPipeline.java:234) ~[?:1.8.0_101]
	at java.util.stream.ReferencePipeline.forEach(ReferencePipeline.java:418) ~[?:1.8.0_101]
	at org.junit.jupiter.engine.descriptor.TestFactoryTestDescriptor.lambda$invokeTestMethod$1(TestFactoryTestDescriptor.java:91) ~[junit-jupiter-engine-5.0.0-M2.jar:5.0.0-M2]
	at org.junit.jupiter.engine.execution.ThrowableCollector.execute(ThrowableCollector.java:40) ~[junit-jupiter-engine-5.0.0-M2.jar:5.0.0-M2]
	at org.junit.jupiter.engine.descriptor.TestFactoryTestDescriptor.invokeTestMethod(TestFactoryTestDescriptor.java:83) ~[junit-jupiter-engine-5.0.0-M2.jar:5.0.0-M2]
	at org.junit.jupiter.engine.descriptor.MethodTestDescriptor.execute(MethodTestDescriptor.java:155) ~[junit-jupiter-engine-5.0.0-M2.jar:5.0.0-M2]
	at org.junit.jupiter.engine.descriptor.MethodTestDescriptor.execute(MethodTestDescriptor.java:63) ~[junit-jupiter-engine-5.0.0-M2.jar:5.0.0-M2]
	at org.junit.platform.engine.support.hierarchical.HierarchicalTestExecutor.lambda$execute$0(HierarchicalTestExecutor.java:81) ~[junit-platform-engine-1.0.0-M2.jar:1.0.0-M2]
	at org.junit.platform.engine.support.hierarchical.SingleTestExecutor.executeSafely(SingleTestExecutor.java:66) ~[junit-platform-engine-1.0.0-M2.jar:1.0.0-M2]
	at org.junit.platform.engine.support.hierarchical.HierarchicalTestExecutor.execute(HierarchicalTestExecutor.java:77) ~[junit-platform-engine-1.0.0-M2.jar:1.0.0-M2]
	at org.junit.platform.engine.support.hierarchical.HierarchicalTestExecutor.lambda$execute$0(HierarchicalTestExecutor.java:88) ~[junit-platform-engine-1.0.0-M2.jar:1.0.0-M2]
	at org.junit.platform.engine.support.hierarchical.SingleTestExecutor.executeSafely(SingleTestExecutor.java:66) ~[junit-platform-engine-1.0.0-M2.jar:1.0.0-M2]
	at org.junit.platform.engine.support.hierarchical.HierarchicalTestExecutor.execute(HierarchicalTestExecutor.java:77) ~[junit-platform-engine-1.0.0-M2.jar:1.0.0-M2]
	at org.junit.platform.engine.support.hierarchical.HierarchicalTestExecutor.lambda$execute$0(HierarchicalTestExecutor.java:88) ~[junit-platform-engine-1.0.0-M2.jar:1.0.0-M2]
	at org.junit.platform.engine.support.hierarchical.SingleTestExecutor.executeSafely(SingleTestExecutor.java:66) [junit-platform-engine-1.0.0-M2.jar:1.0.0-M2]
	at org.junit.platform.engine.support.hierarchical.HierarchicalTestExecutor.execute(HierarchicalTestExecutor.java:77) [junit-platform-engine-1.0.0-M2.jar:1.0.0-M2]
	at org.junit.platform.engine.support.hierarchical.HierarchicalTestExecutor.execute(HierarchicalTestExecutor.java:51) [junit-platform-engine-1.0.0-M2.jar:1.0.0-M2]
	at org.junit.platform.engine.support.hierarchical.HierarchicalTestEngine.execute(HierarchicalTestEngine.java:43) [junit-platform-engine-1.0.0-M2.jar:1.0.0-M2]
	at org.junit.platform.launcher.core.DefaultLauncher.execute(DefaultLauncher.java:124) [junit-platform-launcher-1.0.0-M2.jar:1.0.0-M2]
	at org.junit.platform.launcher.core.DefaultLauncher.execute(DefaultLauncher.java:84) [junit-platform-launcher-1.0.0-M2.jar:1.0.0-M2]
	at org.junit.platform.runner.JUnitPlatform.run(JUnitPlatform.java:108) [junit-platform-runner-1.0.0-M2.jar:1.0.0-M2]
	at org.gradle.api.internal.tasks.testing.junit.JUnitTestClassExecuter.runTestClass(JUnitTestClassExecuter.java:114) [gradle-testing-jvm-3.1.jar:3.1]
	at org.gradle.api.internal.tasks.testing.junit.JUnitTestClassExecuter.execute(JUnitTestClassExecuter.java:57) [gradle-testing-jvm-3.1.jar:3.1]
	at org.gradle.api.internal.tasks.testing.junit.JUnitTestClassProcessor.processTestClass(JUnitTestClassProcessor.java:66) [gradle-testing-jvm-3.1.jar:3.1]
	at org.gradle.api.internal.tasks.testing.SuiteTestClassProcessor.processTestClass(SuiteTestClassProcessor.java:51) [gradle-testing-base-3.1.jar:3.1]
	at sun.reflect.GeneratedMethodAccessor107.invoke(Unknown Source) ~[?:?]
	at sun.reflect.DelegatingMethodAccessorImpl.invoke(DelegatingMethodAccessorImpl.java:43) ~[?:1.8.0_101]
	at java.lang.reflect.Method.invoke(Method.java:498) ~[?:1.8.0_101]
	at org.gradle.internal.dispatch.ReflectionDispatch.dispatch(ReflectionDispatch.java:35) [gradle-messaging-3.1.jar:3.1]
	at org.gradle.internal.dispatch.ReflectionDispatch.dispatch(ReflectionDispatch.java:24) [gradle-messaging-3.1.jar:3.1]
	at org.gradle.internal.dispatch.ContextClassLoaderDispatch.dispatch(ContextClassLoaderDispatch.java:32) [gradle-messaging-3.1.jar:3.1]
	at org.gradle.internal.dispatch.ProxyDispatchAdapter$DispatchingInvocationHandler.invoke(ProxyDispatchAdapter.java:93) [gradle-messaging-3.1.jar:3.1]
	at com.sun.proxy.$Proxy2.processTestClass(Unknown Source) [?:?]
	at org.gradle.api.internal.tasks.testing.worker.TestWorker.processTestClass(TestWorker.java:109) [gradle-testing-base-3.1.jar:3.1]
	at sun.reflect.GeneratedMethodAccessor106.invoke(Unknown Source) ~[?:?]
	at sun.reflect.DelegatingMethodAccessorImpl.invoke(DelegatingMethodAccessorImpl.java:43) ~[?:1.8.0_101]
	at java.lang.reflect.Method.invoke(Method.java:498) ~[?:1.8.0_101]
	at org.gradle.internal.dispatch.ReflectionDispatch.dispatch(ReflectionDispatch.java:35) [gradle-messaging-3.1.jar:3.1]
	at org.gradle.internal.dispatch.ReflectionDispatch.dispatch(ReflectionDispatch.java:24) [gradle-messaging-3.1.jar:3.1]
	at org.gradle.internal.remote.internal.hub.MessageHub$Handler.run(MessageHub.java:377) [gradle-messaging-3.1.jar:3.1]
	at org.gradle.internal.concurrent.ExecutorPolicy$CatchAndRecordFailures.onExecute(ExecutorPolicy.java:54) [gradle-base-services-3.1.jar:3.1]
	at org.gradle.internal.concurrent.StoppableExecutorImpl$1.run(StoppableExecutorImpl.java:40) [gradle-base-services-3.1.jar:3.1]
	at java.util.concurrent.ThreadPoolExecutor.runWorker(ThreadPoolExecutor.java:1142) [?:1.8.0_101]
	at java.util.concurrent.ThreadPoolExecutor$Worker.run(ThreadPoolExecutor.java:617) [?:1.8.0_101]
	at java.lang.Thread.run(Thread.java:745) [?:1.8.0_101]
16:55:56.086 [Test worker] WARN  org.springframework.test.context.TestContextManager - Caught exception while invoking 'afterTestClass' callback on TestExecutionListener [org.springframework.test.context.junit.jupiter.FailingBeforeAndAfterMethodsSpringExtensionTestCase$AlwaysFailingAfterTestClassTestExecutionListener@34d3e27a] for test class [class org.springframework.test.context.junit.jupiter.FailingBeforeAndAfterMethodsSpringExtensionTestCase$AlwaysFailingAfterTestClassTestCase]
org.opentest4j.AssertionFailedError: always failing afterTestClass()
	at org.junit.jupiter.api.Assertions.fail(Assertions.java:53) ~[junit-jupiter-api-5.0.0-M2.jar:5.0.0-M2]
	at org.springframework.test.context.junit.jupiter.FailingBeforeAndAfterMethodsSpringExtensionTestCase$AlwaysFailingAfterTestClassTestExecutionListener.afterTestClass(FailingBeforeAndAfterMethodsSpringExtensionTestCase.java:160) ~[test/:?]
	at org.springframework.test.context.TestContextManager.afterTestClass(TestContextManager.java:482) ~[main/:?]
	at org.springframework.test.context.junit.jupiter.SpringExtension.afterAll(SpringExtension.java:84) ~[main/:?]
	at org.junit.jupiter.engine.descriptor.ClassTestDescriptor.lambda$null$7(ClassTestDescriptor.java:239) ~[junit-jupiter-engine-5.0.0-M2.jar:5.0.0-M2]
	at org.junit.jupiter.engine.execution.ThrowableCollector.execute(ThrowableCollector.java:40) ~[junit-jupiter-engine-5.0.0-M2.jar:5.0.0-M2]
	at org.junit.jupiter.engine.descriptor.ClassTestDescriptor.lambda$invokeAfterAllCallbacks$8(ClassTestDescriptor.java:239) ~[junit-jupiter-engine-5.0.0-M2.jar:5.0.0-M2]
	at java.util.ArrayList.forEach(ArrayList.java:1249) ~[?:1.8.0_101]
	at org.junit.jupiter.engine.descriptor.ClassTestDescriptor.invokeAfterAllCallbacks(ClassTestDescriptor.java:239) ~[junit-jupiter-engine-5.0.0-M2.jar:5.0.0-M2]
	at org.junit.jupiter.engine.descriptor.ClassTestDescriptor.after(ClassTestDescriptor.java:176) ~[junit-jupiter-engine-5.0.0-M2.jar:5.0.0-M2]
	at org.junit.jupiter.engine.descriptor.ClassTestDescriptor.after(ClassTestDescriptor.java:62) ~[junit-jupiter-engine-5.0.0-M2.jar:5.0.0-M2]
	at org.junit.platform.engine.support.hierarchical.HierarchicalTestExecutor.lambda$execute$0(HierarchicalTestExecutor.java:93) ~[junit-platform-engine-1.0.0-M2.jar:1.0.0-M2]
	at org.junit.platform.engine.support.hierarchical.SingleTestExecutor.executeSafely(SingleTestExecutor.java:66) ~[junit-platform-engine-1.0.0-M2.jar:1.0.0-M2]
	at org.junit.platform.engine.support.hierarchical.HierarchicalTestExecutor.execute(HierarchicalTestExecutor.java:77) ~[junit-platform-engine-1.0.0-M2.jar:1.0.0-M2]
	at org.junit.platform.engine.support.hierarchical.HierarchicalTestExecutor.lambda$execute$0(HierarchicalTestExecutor.java:88) ~[junit-platform-engine-1.0.0-M2.jar:1.0.0-M2]
	at org.junit.platform.engine.support.hierarchical.SingleTestExecutor.executeSafely(SingleTestExecutor.java:66) ~[junit-platform-engine-1.0.0-M2.jar:1.0.0-M2]
	at org.junit.platform.engine.support.hierarchical.HierarchicalTestExecutor.execute(HierarchicalTestExecutor.java:77) ~[junit-platform-engine-1.0.0-M2.jar:1.0.0-M2]
	at org.junit.platform.engine.support.hierarchical.HierarchicalTestExecutor.execute(HierarchicalTestExecutor.java:51) ~[junit-platform-engine-1.0.0-M2.jar:1.0.0-M2]
	at org.junit.platform.engine.support.hierarchical.HierarchicalTestEngine.execute(HierarchicalTestEngine.java:43) ~[junit-platform-engine-1.0.0-M2.jar:1.0.0-M2]
	at org.junit.platform.launcher.core.DefaultLauncher.execute(DefaultLauncher.java:124) ~[junit-platform-launcher-1.0.0-M2.jar:1.0.0-M2]
	at org.junit.platform.launcher.core.DefaultLauncher.execute(DefaultLauncher.java:84) ~[junit-platform-launcher-1.0.0-M2.jar:1.0.0-M2]
	at org.springframework.test.context.junit.jupiter.FailingBeforeAndAfterMethodsSpringExtensionTestCase.runTestAndAssertCounters(FailingBeforeAndAfterMethodsSpringExtensionTestCase.java:97) ~[test/:?]
	at org.springframework.test.context.junit.jupiter.FailingBeforeAndAfterMethodsSpringExtensionTestCase.lambda$null$0(FailingBeforeAndAfterMethodsSpringExtensionTestCase.java:89) ~[test/:?]
	at org.junit.platform.engine.support.hierarchical.SingleTestExecutor.executeSafely(SingleTestExecutor.java:66) ~[junit-platform-engine-1.0.0-M2.jar:1.0.0-M2]
	at org.junit.jupiter.engine.descriptor.TestFactoryTestDescriptor.registerAndExecute(TestFactoryTestDescriptor.java:132) ~[junit-jupiter-engine-5.0.0-M2.jar:5.0.0-M2]
	at org.junit.jupiter.engine.descriptor.TestFactoryTestDescriptor.lambda$null$0(TestFactoryTestDescriptor.java:92) ~[junit-jupiter-engine-5.0.0-M2.jar:5.0.0-M2]
	at java.util.stream.ForEachOps$ForEachOp$OfRef.accept(ForEachOps.java:184) ~[?:1.8.0_101]
	at java.util.stream.ReferencePipeline$3$1.accept(ReferencePipeline.java:193) ~[?:1.8.0_101]
	at java.util.Spliterators$ArraySpliterator.forEachRemaining(Spliterators.java:948) ~[?:1.8.0_101]
	at java.util.stream.AbstractPipeline.copyInto(AbstractPipeline.java:481) ~[?:1.8.0_101]
	at java.util.stream.AbstractPipeline.wrapAndCopyInto(AbstractPipeline.java:471) ~[?:1.8.0_101]
	at java.util.stream.ForEachOps$ForEachOp.evaluateSequential(ForEachOps.java:151) ~[?:1.8.0_101]
	at java.util.stream.ForEachOps$ForEachOp$OfRef.evaluateSequential(ForEachOps.java:174) ~[?:1.8.0_101]
	at java.util.stream.AbstractPipeline.evaluate(AbstractPipeline.java:234) ~[?:1.8.0_101]
	at java.util.stream.ReferencePipeline.forEach(ReferencePipeline.java:418) ~[?:1.8.0_101]
	at org.junit.jupiter.engine.descriptor.TestFactoryTestDescriptor.lambda$invokeTestMethod$1(TestFactoryTestDescriptor.java:91) ~[junit-jupiter-engine-5.0.0-M2.jar:5.0.0-M2]
	at org.junit.jupiter.engine.execution.ThrowableCollector.execute(ThrowableCollector.java:40) ~[junit-jupiter-engine-5.0.0-M2.jar:5.0.0-M2]
	at org.junit.jupiter.engine.descriptor.TestFactoryTestDescriptor.invokeTestMethod(TestFactoryTestDescriptor.java:83) ~[junit-jupiter-engine-5.0.0-M2.jar:5.0.0-M2]
	at org.junit.jupiter.engine.descriptor.MethodTestDescriptor.execute(MethodTestDescriptor.java:155) ~[junit-jupiter-engine-5.0.0-M2.jar:5.0.0-M2]
	at org.junit.jupiter.engine.descriptor.MethodTestDescriptor.execute(MethodTestDescriptor.java:63) ~[junit-jupiter-engine-5.0.0-M2.jar:5.0.0-M2]
	at org.junit.platform.engine.support.hierarchical.HierarchicalTestExecutor.lambda$execute$0(HierarchicalTestExecutor.java:81) ~[junit-platform-engine-1.0.0-M2.jar:1.0.0-M2]
	at org.junit.platform.engine.support.hierarchical.SingleTestExecutor.executeSafely(SingleTestExecutor.java:66) ~[junit-platform-engine-1.0.0-M2.jar:1.0.0-M2]
	at org.junit.platform.engine.support.hierarchical.HierarchicalTestExecutor.execute(HierarchicalTestExecutor.java:77) ~[junit-platform-engine-1.0.0-M2.jar:1.0.0-M2]
	at org.junit.platform.engine.support.hierarchical.HierarchicalTestExecutor.lambda$execute$0(HierarchicalTestExecutor.java:88) ~[junit-platform-engine-1.0.0-M2.jar:1.0.0-M2]
	at org.junit.platform.engine.support.hierarchical.SingleTestExecutor.executeSafely(SingleTestExecutor.java:66) ~[junit-platform-engine-1.0.0-M2.jar:1.0.0-M2]
	at org.junit.platform.engine.support.hierarchical.HierarchicalTestExecutor.execute(HierarchicalTestExecutor.java:77) ~[junit-platform-engine-1.0.0-M2.jar:1.0.0-M2]
	at org.junit.platform.engine.support.hierarchical.HierarchicalTestExecutor.lambda$execute$0(HierarchicalTestExecutor.java:88) ~[junit-platform-engine-1.0.0-M2.jar:1.0.0-M2]
	at org.junit.platform.engine.support.hierarchical.SingleTestExecutor.executeSafely(SingleTestExecutor.java:66) [junit-platform-engine-1.0.0-M2.jar:1.0.0-M2]
	at org.junit.platform.engine.support.hierarchical.HierarchicalTestExecutor.execute(HierarchicalTestExecutor.java:77) [junit-platform-engine-1.0.0-M2.jar:1.0.0-M2]
	at org.junit.platform.engine.support.hierarchical.HierarchicalTestExecutor.execute(HierarchicalTestExecutor.java:51) [junit-platform-engine-1.0.0-M2.jar:1.0.0-M2]
	at org.junit.platform.engine.support.hierarchical.HierarchicalTestEngine.execute(HierarchicalTestEngine.java:43) [junit-platform-engine-1.0.0-M2.jar:1.0.0-M2]
	at org.junit.platform.launcher.core.DefaultLauncher.execute(DefaultLauncher.java:124) [junit-platform-launcher-1.0.0-M2.jar:1.0.0-M2]
	at org.junit.platform.launcher.core.DefaultLauncher.execute(DefaultLauncher.java:84) [junit-platform-launcher-1.0.0-M2.jar:1.0.0-M2]
	at org.junit.platform.runner.JUnitPlatform.run(JUnitPlatform.java:108) [junit-platform-runner-1.0.0-M2.jar:1.0.0-M2]
	at org.gradle.api.internal.tasks.testing.junit.JUnitTestClassExecuter.runTestClass(JUnitTestClassExecuter.java:114) [gradle-testing-jvm-3.1.jar:3.1]
	at org.gradle.api.internal.tasks.testing.junit.JUnitTestClassExecuter.execute(JUnitTestClassExecuter.java:57) [gradle-testing-jvm-3.1.jar:3.1]
	at org.gradle.api.internal.tasks.testing.junit.JUnitTestClassProcessor.processTestClass(JUnitTestClassProcessor.java:66) [gradle-testing-jvm-3.1.jar:3.1]
	at org.gradle.api.internal.tasks.testing.SuiteTestClassProcessor.processTestClass(SuiteTestClassProcessor.java:51) [gradle-testing-base-3.1.jar:3.1]
	at sun.reflect.GeneratedMethodAccessor107.invoke(Unknown Source) ~[?:?]
	at sun.reflect.DelegatingMethodAccessorImpl.invoke(DelegatingMethodAccessorImpl.java:43) ~[?:1.8.0_101]
	at java.lang.reflect.Method.invoke(Method.java:498) ~[?:1.8.0_101]
	at org.gradle.internal.dispatch.ReflectionDispatch.dispatch(ReflectionDispatch.java:35) [gradle-messaging-3.1.jar:3.1]
	at org.gradle.internal.dispatch.ReflectionDispatch.dispatch(ReflectionDispatch.java:24) [gradle-messaging-3.1.jar:3.1]
	at org.gradle.internal.dispatch.ContextClassLoaderDispatch.dispatch(ContextClassLoaderDispatch.java:32) [gradle-messaging-3.1.jar:3.1]
	at org.gradle.internal.dispatch.ProxyDispatchAdapter$DispatchingInvocationHandler.invoke(ProxyDispatchAdapter.java:93) [gradle-messaging-3.1.jar:3.1]
	at com.sun.proxy.$Proxy2.processTestClass(Unknown Source) [?:?]
	at org.gradle.api.internal.tasks.testing.worker.TestWorker.processTestClass(TestWorker.java:109) [gradle-testing-base-3.1.jar:3.1]
	at sun.reflect.GeneratedMethodAccessor106.invoke(Unknown Source) ~[?:?]
	at sun.reflect.DelegatingMethodAccessorImpl.invoke(DelegatingMethodAccessorImpl.java:43) ~[?:1.8.0_101]
	at java.lang.reflect.Method.invoke(Method.java:498) ~[?:1.8.0_101]
	at org.gradle.internal.dispatch.ReflectionDispatch.dispatch(ReflectionDispatch.java:35) [gradle-messaging-3.1.jar:3.1]
	at org.gradle.internal.dispatch.ReflectionDispatch.dispatch(ReflectionDispatch.java:24) [gradle-messaging-3.1.jar:3.1]
	at org.gradle.internal.remote.internal.hub.MessageHub$Handler.run(MessageHub.java:377) [gradle-messaging-3.1.jar:3.1]
	at org.gradle.internal.concurrent.ExecutorPolicy$CatchAndRecordFailures.onExecute(ExecutorPolicy.java:54) [gradle-base-services-3.1.jar:3.1]
	at org.gradle.internal.concurrent.StoppableExecutorImpl$1.run(StoppableExecutorImpl.java:40) [gradle-base-services-3.1.jar:3.1]
	at java.util.concurrent.ThreadPoolExecutor.runWorker(ThreadPoolExecutor.java:1142) [?:1.8.0_101]
	at java.util.concurrent.ThreadPoolExecutor$Worker.run(ThreadPoolExecutor.java:617) [?:1.8.0_101]
	at java.lang.Thread.run(Thread.java:745) [?:1.8.0_101]
16:55:56.103 [Test worker] ERROR org.springframework.test.context.TestContextManager - Caught exception while allowing TestExecutionListener [org.springframework.test.context.junit.jupiter.FailingBeforeAndAfterMethodsSpringExtensionTestCase$AlwaysFailingPrepareTestInstanceTestExecutionListener@1f5e945e] to prepare test instance [org.springframework.test.context.junit.jupiter.FailingBeforeAndAfterMethodsSpringExtensionTestCase$AlwaysFailingPrepareTestInstanceTestCase@598557a9]
org.opentest4j.AssertionFailedError: always failing prepareTestInstance()
	at org.junit.jupiter.api.Assertions.fail(Assertions.java:53) ~[junit-jupiter-api-5.0.0-M2.jar:5.0.0-M2]
	at org.springframework.test.context.junit.jupiter.FailingBeforeAndAfterMethodsSpringExtensionTestCase$AlwaysFailingPrepareTestInstanceTestExecutionListener.prepareTestInstance(FailingBeforeAndAfterMethodsSpringExtensionTestCase.java:168) ~[test/:?]
	at org.springframework.test.context.TestContextManager.prepareTestInstance(TestContextManager.java:243) ~[main/:?]
	at org.springframework.test.context.junit.jupiter.SpringExtension.postProcessTestInstance(SpringExtension.java:96) ~[main/:?]
	at org.junit.jupiter.engine.descriptor.ClassTestDescriptor.lambda$null$1(ClassTestDescriptor.java:195) ~[junit-jupiter-engine-5.0.0-M2.jar:5.0.0-M2]
	at org.junit.jupiter.engine.descriptor.JupiterTestDescriptor.executeAndMaskThrowable(JupiterTestDescriptor.java:102) ~[junit-jupiter-engine-5.0.0-M2.jar:5.0.0-M2]
	at org.junit.jupiter.engine.descriptor.ClassTestDescriptor.lambda$invokeTestInstancePostProcessors$2(ClassTestDescriptor.java:195) ~[junit-jupiter-engine-5.0.0-M2.jar:5.0.0-M2]
	at java.util.ArrayList$ArrayListSpliterator.forEachRemaining(ArrayList.java:1374) ~[?:1.8.0_101]
	at java.util.stream.ReferencePipeline$Head.forEach(ReferencePipeline.java:580) ~[?:1.8.0_101]
	at org.junit.jupiter.engine.descriptor.ClassTestDescriptor.invokeTestInstancePostProcessors(ClassTestDescriptor.java:194) ~[junit-jupiter-engine-5.0.0-M2.jar:5.0.0-M2]
	at org.junit.jupiter.engine.descriptor.ClassTestDescriptor.lambda$testInstanceProvider$0(ClassTestDescriptor.java:186) ~[junit-jupiter-engine-5.0.0-M2.jar:5.0.0-M2]
	at org.junit.jupiter.engine.descriptor.MethodTestDescriptor.prepare(MethodTestDescriptor.java:120) ~[junit-jupiter-engine-5.0.0-M2.jar:5.0.0-M2]
	at org.junit.jupiter.engine.descriptor.MethodTestDescriptor.prepare(MethodTestDescriptor.java:63) ~[junit-jupiter-engine-5.0.0-M2.jar:5.0.0-M2]
	at org.junit.platform.engine.support.hierarchical.HierarchicalTestExecutor.execute(HierarchicalTestExecutor.java:59) ~[junit-platform-engine-1.0.0-M2.jar:1.0.0-M2]
	at org.junit.platform.engine.support.hierarchical.HierarchicalTestExecutor.lambda$execute$0(HierarchicalTestExecutor.java:88) ~[junit-platform-engine-1.0.0-M2.jar:1.0.0-M2]
	at org.junit.platform.engine.support.hierarchical.SingleTestExecutor.executeSafely(SingleTestExecutor.java:66) ~[junit-platform-engine-1.0.0-M2.jar:1.0.0-M2]
	at org.junit.platform.engine.support.hierarchical.HierarchicalTestExecutor.execute(HierarchicalTestExecutor.java:77) ~[junit-platform-engine-1.0.0-M2.jar:1.0.0-M2]
	at org.junit.platform.engine.support.hierarchical.HierarchicalTestExecutor.lambda$execute$0(HierarchicalTestExecutor.java:88) ~[junit-platform-engine-1.0.0-M2.jar:1.0.0-M2]
	at org.junit.platform.engine.support.hierarchical.SingleTestExecutor.executeSafely(SingleTestExecutor.java:66) ~[junit-platform-engine-1.0.0-M2.jar:1.0.0-M2]
	at org.junit.platform.engine.support.hierarchical.HierarchicalTestExecutor.execute(HierarchicalTestExecutor.java:77) ~[junit-platform-engine-1.0.0-M2.jar:1.0.0-M2]
	at org.junit.platform.engine.support.hierarchical.HierarchicalTestExecutor.execute(HierarchicalTestExecutor.java:51) ~[junit-platform-engine-1.0.0-M2.jar:1.0.0-M2]
	at org.junit.platform.engine.support.hierarchical.HierarchicalTestEngine.execute(HierarchicalTestEngine.java:43) ~[junit-platform-engine-1.0.0-M2.jar:1.0.0-M2]
	at org.junit.platform.launcher.core.DefaultLauncher.execute(DefaultLauncher.java:124) ~[junit-platform-launcher-1.0.0-M2.jar:1.0.0-M2]
	at org.junit.platform.launcher.core.DefaultLauncher.execute(DefaultLauncher.java:84) ~[junit-platform-launcher-1.0.0-M2.jar:1.0.0-M2]
	at org.springframework.test.context.junit.jupiter.FailingBeforeAndAfterMethodsSpringExtensionTestCase.runTestAndAssertCounters(FailingBeforeAndAfterMethodsSpringExtensionTestCase.java:97) ~[test/:?]
	at org.springframework.test.context.junit.jupiter.FailingBeforeAndAfterMethodsSpringExtensionTestCase.lambda$null$0(FailingBeforeAndAfterMethodsSpringExtensionTestCase.java:89) ~[test/:?]
	at org.junit.platform.engine.support.hierarchical.SingleTestExecutor.executeSafely(SingleTestExecutor.java:66) ~[junit-platform-engine-1.0.0-M2.jar:1.0.0-M2]
	at org.junit.jupiter.engine.descriptor.TestFactoryTestDescriptor.registerAndExecute(TestFactoryTestDescriptor.java:132) ~[junit-jupiter-engine-5.0.0-M2.jar:5.0.0-M2]
	at org.junit.jupiter.engine.descriptor.TestFactoryTestDescriptor.lambda$null$0(TestFactoryTestDescriptor.java:92) ~[junit-jupiter-engine-5.0.0-M2.jar:5.0.0-M2]
	at java.util.stream.ForEachOps$ForEachOp$OfRef.accept(ForEachOps.java:184) ~[?:1.8.0_101]
	at java.util.stream.ReferencePipeline$3$1.accept(ReferencePipeline.java:193) ~[?:1.8.0_101]
	at java.util.Spliterators$ArraySpliterator.forEachRemaining(Spliterators.java:948) ~[?:1.8.0_101]
	at java.util.stream.AbstractPipeline.copyInto(AbstractPipeline.java:481) ~[?:1.8.0_101]
	at java.util.stream.AbstractPipeline.wrapAndCopyInto(AbstractPipeline.java:471) ~[?:1.8.0_101]
	at java.util.stream.ForEachOps$ForEachOp.evaluateSequential(ForEachOps.java:151) ~[?:1.8.0_101]
	at java.util.stream.ForEachOps$ForEachOp$OfRef.evaluateSequential(ForEachOps.java:174) ~[?:1.8.0_101]
	at java.util.stream.AbstractPipeline.evaluate(AbstractPipeline.java:234) ~[?:1.8.0_101]
	at java.util.stream.ReferencePipeline.forEach(ReferencePipeline.java:418) ~[?:1.8.0_101]
	at org.junit.jupiter.engine.descriptor.TestFactoryTestDescriptor.lambda$invokeTestMethod$1(TestFactoryTestDescriptor.java:91) ~[junit-jupiter-engine-5.0.0-M2.jar:5.0.0-M2]
	at org.junit.jupiter.engine.execution.ThrowableCollector.execute(ThrowableCollector.java:40) ~[junit-jupiter-engine-5.0.0-M2.jar:5.0.0-M2]
	at org.junit.jupiter.engine.descriptor.TestFactoryTestDescriptor.invokeTestMethod(TestFactoryTestDescriptor.java:83) ~[junit-jupiter-engine-5.0.0-M2.jar:5.0.0-M2]
	at org.junit.jupiter.engine.descriptor.MethodTestDescriptor.execute(MethodTestDescriptor.java:155) ~[junit-jupiter-engine-5.0.0-M2.jar:5.0.0-M2]
	at org.junit.jupiter.engine.descriptor.MethodTestDescriptor.execute(MethodTestDescriptor.java:63) ~[junit-jupiter-engine-5.0.0-M2.jar:5.0.0-M2]
	at org.junit.platform.engine.support.hierarchical.HierarchicalTestExecutor.lambda$execute$0(HierarchicalTestExecutor.java:81) ~[junit-platform-engine-1.0.0-M2.jar:1.0.0-M2]
	at org.junit.platform.engine.support.hierarchical.SingleTestExecutor.executeSafely(SingleTestExecutor.java:66) ~[junit-platform-engine-1.0.0-M2.jar:1.0.0-M2]
	at org.junit.platform.engine.support.hierarchical.HierarchicalTestExecutor.execute(HierarchicalTestExecutor.java:77) ~[junit-platform-engine-1.0.0-M2.jar:1.0.0-M2]
	at org.junit.platform.engine.support.hierarchical.HierarchicalTestExecutor.lambda$execute$0(HierarchicalTestExecutor.java:88) ~[junit-platform-engine-1.0.0-M2.jar:1.0.0-M2]
	at org.junit.platform.engine.support.hierarchical.SingleTestExecutor.executeSafely(SingleTestExecutor.java:66) ~[junit-platform-engine-1.0.0-M2.jar:1.0.0-M2]
	at org.junit.platform.engine.support.hierarchical.HierarchicalTestExecutor.execute(HierarchicalTestExecutor.java:77) ~[junit-platform-engine-1.0.0-M2.jar:1.0.0-M2]
	at org.junit.platform.engine.support.hierarchical.HierarchicalTestExecutor.lambda$execute$0(HierarchicalTestExecutor.java:88) ~[junit-platform-engine-1.0.0-M2.jar:1.0.0-M2]
	at org.junit.platform.engine.support.hierarchical.SingleTestExecutor.executeSafely(SingleTestExecutor.java:66) [junit-platform-engine-1.0.0-M2.jar:1.0.0-M2]
	at org.junit.platform.engine.support.hierarchical.HierarchicalTestExecutor.execute(HierarchicalTestExecutor.java:77) [junit-platform-engine-1.0.0-M2.jar:1.0.0-M2]
	at org.junit.platform.engine.support.hierarchical.HierarchicalTestExecutor.execute(HierarchicalTestExecutor.java:51) [junit-platform-engine-1.0.0-M2.jar:1.0.0-M2]
	at org.junit.platform.engine.support.hierarchical.HierarchicalTestEngine.execute(HierarchicalTestEngine.java:43) [junit-platform-engine-1.0.0-M2.jar:1.0.0-M2]
	at org.junit.platform.launcher.core.DefaultLauncher.execute(DefaultLauncher.java:124) [junit-platform-launcher-1.0.0-M2.jar:1.0.0-M2]
	at org.junit.platform.launcher.core.DefaultLauncher.execute(DefaultLauncher.java:84) [junit-platform-launcher-1.0.0-M2.jar:1.0.0-M2]
	at org.junit.platform.runner.JUnitPlatform.run(JUnitPlatform.java:108) [junit-platform-runner-1.0.0-M2.jar:1.0.0-M2]
	at org.gradle.api.internal.tasks.testing.junit.JUnitTestClassExecuter.runTestClass(JUnitTestClassExecuter.java:114) [gradle-testing-jvm-3.1.jar:3.1]
	at org.gradle.api.internal.tasks.testing.junit.JUnitTestClassExecuter.execute(JUnitTestClassExecuter.java:57) [gradle-testing-jvm-3.1.jar:3.1]
	at org.gradle.api.internal.tasks.testing.junit.JUnitTestClassProcessor.processTestClass(JUnitTestClassProcessor.java:66) [gradle-testing-jvm-3.1.jar:3.1]
	at org.gradle.api.internal.tasks.testing.SuiteTestClassProcessor.processTestClass(SuiteTestClassProcessor.java:51) [gradle-testing-base-3.1.jar:3.1]
	at sun.reflect.GeneratedMethodAccessor107.invoke(Unknown Source) ~[?:?]
	at sun.reflect.DelegatingMethodAccessorImpl.invoke(DelegatingMethodAccessorImpl.java:43) ~[?:1.8.0_101]
	at java.lang.reflect.Method.invoke(Method.java:498) ~[?:1.8.0_101]
	at org.gradle.internal.dispatch.ReflectionDispatch.dispatch(ReflectionDispatch.java:35) [gradle-messaging-3.1.jar:3.1]
	at org.gradle.internal.dispatch.ReflectionDispatch.dispatch(ReflectionDispatch.java:24) [gradle-messaging-3.1.jar:3.1]
	at org.gradle.internal.dispatch.ContextClassLoaderDispatch.dispatch(ContextClassLoaderDispatch.java:32) [gradle-messaging-3.1.jar:3.1]
	at org.gradle.internal.dispatch.ProxyDispatchAdapter$DispatchingInvocationHandler.invoke(ProxyDispatchAdapter.java:93) [gradle-messaging-3.1.jar:3.1]
	at com.sun.proxy.$Proxy2.processTestClass(Unknown Source) [?:?]
	at org.gradle.api.internal.tasks.testing.worker.TestWorker.processTestClass(TestWorker.java:109) [gradle-testing-base-3.1.jar:3.1]
	at sun.reflect.GeneratedMethodAccessor106.invoke(Unknown Source) ~[?:?]
	at sun.reflect.DelegatingMethodAccessorImpl.invoke(DelegatingMethodAccessorImpl.java:43) ~[?:1.8.0_101]
	at java.lang.reflect.Method.invoke(Method.java:498) ~[?:1.8.0_101]
	at org.gradle.internal.dispatch.ReflectionDispatch.dispatch(ReflectionDispatch.java:35) [gradle-messaging-3.1.jar:3.1]
	at org.gradle.internal.dispatch.ReflectionDispatch.dispatch(ReflectionDispatch.java:24) [gradle-messaging-3.1.jar:3.1]
	at org.gradle.internal.remote.internal.hub.MessageHub$Handler.run(MessageHub.java:377) [gradle-messaging-3.1.jar:3.1]
	at org.gradle.internal.concurrent.ExecutorPolicy$CatchAndRecordFailures.onExecute(ExecutorPolicy.java:54) [gradle-base-services-3.1.jar:3.1]
	at org.gradle.internal.concurrent.StoppableExecutorImpl$1.run(StoppableExecutorImpl.java:40) [gradle-base-services-3.1.jar:3.1]
	at java.util.concurrent.ThreadPoolExecutor.runWorker(ThreadPoolExecutor.java:1142) [?:1.8.0_101]
	at java.util.concurrent.ThreadPoolExecutor$Worker.run(ThreadPoolExecutor.java:617) [?:1.8.0_101]
	at java.lang.Thread.run(Thread.java:745) [?:1.8.0_101]
16:55:56.121 [Test worker] WARN  org.springframework.test.context.TestContextManager - Caught exception while invoking 'beforeTestMethod' callback on TestExecutionListener [org.springframework.test.context.junit.jupiter.FailingBeforeAndAfterMethodsSpringExtensionTestCase$AlwaysFailingBeforeTestMethodTestExecutionListener@98c0de8] for test method [void org.springframework.test.context.junit.jupiter.FailingBeforeAndAfterMethodsSpringExtensionTestCase$BaseTestCase.testNothing()] and test instance [org.springframework.test.context.junit.jupiter.FailingBeforeAndAfterMethodsSpringExtensionTestCase$AlwaysFailingBeforeTestMethodTestCase@34a39596]
org.opentest4j.AssertionFailedError: always failing beforeTestMethod()
	at org.junit.jupiter.api.Assertions.fail(Assertions.java:53) ~[junit-jupiter-api-5.0.0-M2.jar:5.0.0-M2]
	at org.springframework.test.context.junit.jupiter.FailingBeforeAndAfterMethodsSpringExtensionTestCase$AlwaysFailingBeforeTestMethodTestExecutionListener.beforeTestMethod(FailingBeforeAndAfterMethodsSpringExtensionTestCase.java:176) ~[test/:?]
	at org.springframework.test.context.TestContextManager.beforeTestMethod(TestContextManager.java:288) ~[main/:?]
	at org.springframework.test.context.junit.jupiter.SpringExtension.beforeEach(SpringExtension.java:106) ~[main/:?]
	at org.junit.jupiter.engine.descriptor.MethodTestDescriptor.lambda$null$1(MethodTestDescriptor.java:171) ~[junit-jupiter-engine-5.0.0-M2.jar:5.0.0-M2]
	at org.junit.jupiter.engine.execution.ThrowableCollector.execute(ThrowableCollector.java:40) ~[junit-jupiter-engine-5.0.0-M2.jar:5.0.0-M2]
	at org.junit.jupiter.engine.descriptor.MethodTestDescriptor.invokeBeforeMethodsOrCallbacksUntilExceptionOccurs(MethodTestDescriptor.java:195) ~[junit-jupiter-engine-5.0.0-M2.jar:5.0.0-M2]
	at org.junit.jupiter.engine.descriptor.MethodTestDescriptor.invokeBeforeEachCallbacks(MethodTestDescriptor.java:170) ~[junit-jupiter-engine-5.0.0-M2.jar:5.0.0-M2]
	at org.junit.jupiter.engine.descriptor.MethodTestDescriptor.execute(MethodTestDescriptor.java:149) ~[junit-jupiter-engine-5.0.0-M2.jar:5.0.0-M2]
	at org.junit.jupiter.engine.descriptor.MethodTestDescriptor.execute(MethodTestDescriptor.java:63) ~[junit-jupiter-engine-5.0.0-M2.jar:5.0.0-M2]
	at org.junit.platform.engine.support.hierarchical.HierarchicalTestExecutor.lambda$execute$0(HierarchicalTestExecutor.java:81) ~[junit-platform-engine-1.0.0-M2.jar:1.0.0-M2]
	at org.junit.platform.engine.support.hierarchical.SingleTestExecutor.executeSafely(SingleTestExecutor.java:66) ~[junit-platform-engine-1.0.0-M2.jar:1.0.0-M2]
	at org.junit.platform.engine.support.hierarchical.HierarchicalTestExecutor.execute(HierarchicalTestExecutor.java:77) ~[junit-platform-engine-1.0.0-M2.jar:1.0.0-M2]
	at org.junit.platform.engine.support.hierarchical.HierarchicalTestExecutor.lambda$execute$0(HierarchicalTestExecutor.java:88) ~[junit-platform-engine-1.0.0-M2.jar:1.0.0-M2]
	at org.junit.platform.engine.support.hierarchical.SingleTestExecutor.executeSafely(SingleTestExecutor.java:66) ~[junit-platform-engine-1.0.0-M2.jar:1.0.0-M2]
	at org.junit.platform.engine.support.hierarchical.HierarchicalTestExecutor.execute(HierarchicalTestExecutor.java:77) ~[junit-platform-engine-1.0.0-M2.jar:1.0.0-M2]
	at org.junit.platform.engine.support.hierarchical.HierarchicalTestExecutor.lambda$execute$0(HierarchicalTestExecutor.java:88) ~[junit-platform-engine-1.0.0-M2.jar:1.0.0-M2]
	at org.junit.platform.engine.support.hierarchical.SingleTestExecutor.executeSafely(SingleTestExecutor.java:66) ~[junit-platform-engine-1.0.0-M2.jar:1.0.0-M2]
	at org.junit.platform.engine.support.hierarchical.HierarchicalTestExecutor.execute(HierarchicalTestExecutor.java:77) ~[junit-platform-engine-1.0.0-M2.jar:1.0.0-M2]
	at org.junit.platform.engine.support.hierarchical.HierarchicalTestExecutor.execute(HierarchicalTestExecutor.java:51) ~[junit-platform-engine-1.0.0-M2.jar:1.0.0-M2]
	at org.junit.platform.engine.support.hierarchical.HierarchicalTestEngine.execute(HierarchicalTestEngine.java:43) ~[junit-platform-engine-1.0.0-M2.jar:1.0.0-M2]
	at org.junit.platform.launcher.core.DefaultLauncher.execute(DefaultLauncher.java:124) ~[junit-platform-launcher-1.0.0-M2.jar:1.0.0-M2]
	at org.junit.platform.launcher.core.DefaultLauncher.execute(DefaultLauncher.java:84) ~[junit-platform-launcher-1.0.0-M2.jar:1.0.0-M2]
	at org.springframework.test.context.junit.jupiter.FailingBeforeAndAfterMethodsSpringExtensionTestCase.runTestAndAssertCounters(FailingBeforeAndAfterMethodsSpringExtensionTestCase.java:97) ~[test/:?]
	at org.springframework.test.context.junit.jupiter.FailingBeforeAndAfterMethodsSpringExtensionTestCase.lambda$null$0(FailingBeforeAndAfterMethodsSpringExtensionTestCase.java:89) ~[test/:?]
	at org.junit.platform.engine.support.hierarchical.SingleTestExecutor.executeSafely(SingleTestExecutor.java:66) ~[junit-platform-engine-1.0.0-M2.jar:1.0.0-M2]
	at org.junit.jupiter.engine.descriptor.TestFactoryTestDescriptor.registerAndExecute(TestFactoryTestDescriptor.java:132) ~[junit-jupiter-engine-5.0.0-M2.jar:5.0.0-M2]
	at org.junit.jupiter.engine.descriptor.TestFactoryTestDescriptor.lambda$null$0(TestFactoryTestDescriptor.java:92) ~[junit-jupiter-engine-5.0.0-M2.jar:5.0.0-M2]
	at java.util.stream.ForEachOps$ForEachOp$OfRef.accept(ForEachOps.java:184) ~[?:1.8.0_101]
	at java.util.stream.ReferencePipeline$3$1.accept(ReferencePipeline.java:193) ~[?:1.8.0_101]
	at java.util.Spliterators$ArraySpliterator.forEachRemaining(Spliterators.java:948) ~[?:1.8.0_101]
	at java.util.stream.AbstractPipeline.copyInto(AbstractPipeline.java:481) ~[?:1.8.0_101]
	at java.util.stream.AbstractPipeline.wrapAndCopyInto(AbstractPipeline.java:471) ~[?:1.8.0_101]
	at java.util.stream.ForEachOps$ForEachOp.evaluateSequential(ForEachOps.java:151) ~[?:1.8.0_101]
	at java.util.stream.ForEachOps$ForEachOp$OfRef.evaluateSequential(ForEachOps.java:174) ~[?:1.8.0_101]
	at java.util.stream.AbstractPipeline.evaluate(AbstractPipeline.java:234) ~[?:1.8.0_101]
	at java.util.stream.ReferencePipeline.forEach(ReferencePipeline.java:418) ~[?:1.8.0_101]
	at org.junit.jupiter.engine.descriptor.TestFactoryTestDescriptor.lambda$invokeTestMethod$1(TestFactoryTestDescriptor.java:91) ~[junit-jupiter-engine-5.0.0-M2.jar:5.0.0-M2]
	at org.junit.jupiter.engine.execution.ThrowableCollector.execute(ThrowableCollector.java:40) ~[junit-jupiter-engine-5.0.0-M2.jar:5.0.0-M2]
	at org.junit.jupiter.engine.descriptor.TestFactoryTestDescriptor.invokeTestMethod(TestFactoryTestDescriptor.java:83) ~[junit-jupiter-engine-5.0.0-M2.jar:5.0.0-M2]
	at org.junit.jupiter.engine.descriptor.MethodTestDescriptor.execute(MethodTestDescriptor.java:155) ~[junit-jupiter-engine-5.0.0-M2.jar:5.0.0-M2]
	at org.junit.jupiter.engine.descriptor.MethodTestDescriptor.execute(MethodTestDescriptor.java:63) ~[junit-jupiter-engine-5.0.0-M2.jar:5.0.0-M2]
	at org.junit.platform.engine.support.hierarchical.HierarchicalTestExecutor.lambda$execute$0(HierarchicalTestExecutor.java:81) ~[junit-platform-engine-1.0.0-M2.jar:1.0.0-M2]
	at org.junit.platform.engine.support.hierarchical.SingleTestExecutor.executeSafely(SingleTestExecutor.java:66) ~[junit-platform-engine-1.0.0-M2.jar:1.0.0-M2]
	at org.junit.platform.engine.support.hierarchical.HierarchicalTestExecutor.execute(HierarchicalTestExecutor.java:77) ~[junit-platform-engine-1.0.0-M2.jar:1.0.0-M2]
	at org.junit.platform.engine.support.hierarchical.HierarchicalTestExecutor.lambda$execute$0(HierarchicalTestExecutor.java:88) ~[junit-platform-engine-1.0.0-M2.jar:1.0.0-M2]
	at org.junit.platform.engine.support.hierarchical.SingleTestExecutor.executeSafely(SingleTestExecutor.java:66) ~[junit-platform-engine-1.0.0-M2.jar:1.0.0-M2]
	at org.junit.platform.engine.support.hierarchical.HierarchicalTestExecutor.execute(HierarchicalTestExecutor.java:77) ~[junit-platform-engine-1.0.0-M2.jar:1.0.0-M2]
	at org.junit.platform.engine.support.hierarchical.HierarchicalTestExecutor.lambda$execute$0(HierarchicalTestExecutor.java:88) ~[junit-platform-engine-1.0.0-M2.jar:1.0.0-M2]
	at org.junit.platform.engine.support.hierarchical.SingleTestExecutor.executeSafely(SingleTestExecutor.java:66) [junit-platform-engine-1.0.0-M2.jar:1.0.0-M2]
	at org.junit.platform.engine.support.hierarchical.HierarchicalTestExecutor.execute(HierarchicalTestExecutor.java:77) [junit-platform-engine-1.0.0-M2.jar:1.0.0-M2]
	at org.junit.platform.engine.support.hierarchical.HierarchicalTestExecutor.execute(HierarchicalTestExecutor.java:51) [junit-platform-engine-1.0.0-M2.jar:1.0.0-M2]
	at org.junit.platform.engine.support.hierarchical.HierarchicalTestEngine.execute(HierarchicalTestEngine.java:43) [junit-platform-engine-1.0.0-M2.jar:1.0.0-M2]
	at org.junit.platform.launcher.core.DefaultLauncher.execute(DefaultLauncher.java:124) [junit-platform-launcher-1.0.0-M2.jar:1.0.0-M2]
	at org.junit.platform.launcher.core.DefaultLauncher.execute(DefaultLauncher.java:84) [junit-platform-launcher-1.0.0-M2.jar:1.0.0-M2]
	at org.junit.platform.runner.JUnitPlatform.run(JUnitPlatform.java:108) [junit-platform-runner-1.0.0-M2.jar:1.0.0-M2]
	at org.gradle.api.internal.tasks.testing.junit.JUnitTestClassExecuter.runTestClass(JUnitTestClassExecuter.java:114) [gradle-testing-jvm-3.1.jar:3.1]
	at org.gradle.api.internal.tasks.testing.junit.JUnitTestClassExecuter.execute(JUnitTestClassExecuter.java:57) [gradle-testing-jvm-3.1.jar:3.1]
	at org.gradle.api.internal.tasks.testing.junit.JUnitTestClassProcessor.processTestClass(JUnitTestClassProcessor.java:66) [gradle-testing-jvm-3.1.jar:3.1]
	at org.gradle.api.internal.tasks.testing.SuiteTestClassProcessor.processTestClass(SuiteTestClassProcessor.java:51) [gradle-testing-base-3.1.jar:3.1]
	at sun.reflect.GeneratedMethodAccessor107.invoke(Unknown Source) ~[?:?]
	at sun.reflect.DelegatingMethodAccessorImpl.invoke(DelegatingMethodAccessorImpl.java:43) ~[?:1.8.0_101]
	at java.lang.reflect.Method.invoke(Method.java:498) ~[?:1.8.0_101]
	at org.gradle.internal.dispatch.ReflectionDispatch.dispatch(ReflectionDispatch.java:35) [gradle-messaging-3.1.jar:3.1]
	at org.gradle.internal.dispatch.ReflectionDispatch.dispatch(ReflectionDispatch.java:24) [gradle-messaging-3.1.jar:3.1]
	at org.gradle.internal.dispatch.ContextClassLoaderDispatch.dispatch(ContextClassLoaderDispatch.java:32) [gradle-messaging-3.1.jar:3.1]
	at org.gradle.internal.dispatch.ProxyDispatchAdapter$DispatchingInvocationHandler.invoke(ProxyDispatchAdapter.java:93) [gradle-messaging-3.1.jar:3.1]
	at com.sun.proxy.$Proxy2.processTestClass(Unknown Source) [?:?]
	at org.gradle.api.internal.tasks.testing.worker.TestWorker.processTestClass(TestWorker.java:109) [gradle-testing-base-3.1.jar:3.1]
	at sun.reflect.GeneratedMethodAccessor106.invoke(Unknown Source) ~[?:?]
	at sun.reflect.DelegatingMethodAccessorImpl.invoke(DelegatingMethodAccessorImpl.java:43) ~[?:1.8.0_101]
	at java.lang.reflect.Method.invoke(Method.java:498) ~[?:1.8.0_101]
	at org.gradle.internal.dispatch.ReflectionDispatch.dispatch(ReflectionDispatch.java:35) [gradle-messaging-3.1.jar:3.1]
	at org.gradle.internal.dispatch.ReflectionDispatch.dispatch(ReflectionDispatch.java:24) [gradle-messaging-3.1.jar:3.1]
	at org.gradle.internal.remote.internal.hub.MessageHub$Handler.run(MessageHub.java:377) [gradle-messaging-3.1.jar:3.1]
	at org.gradle.internal.concurrent.ExecutorPolicy$CatchAndRecordFailures.onExecute(ExecutorPolicy.java:54) [gradle-base-services-3.1.jar:3.1]
	at org.gradle.internal.concurrent.StoppableExecutorImpl$1.run(StoppableExecutorImpl.java:40) [gradle-base-services-3.1.jar:3.1]
	at java.util.concurrent.ThreadPoolExecutor.runWorker(ThreadPoolExecutor.java:1142) [?:1.8.0_101]
	at java.util.concurrent.ThreadPoolExecutor$Worker.run(ThreadPoolExecutor.java:617) [?:1.8.0_101]
	at java.lang.Thread.run(Thread.java:745) [?:1.8.0_101]
16:55:56.136 [Test worker] WARN  org.springframework.test.context.TestContextManager - Caught exception while invoking 'beforeTestExecution' callback on TestExecutionListener [org.springframework.test.context.junit.jupiter.FailingBeforeAndAfterMethodsSpringExtensionTestCase$AlwaysFailingBeforeTestExecutionTestExecutionListener@7c109828] for test method [void org.springframework.test.context.junit.jupiter.FailingBeforeAndAfterMethodsSpringExtensionTestCase$BaseTestCase.testNothing()] and test instance [org.springframework.test.context.junit.jupiter.FailingBeforeAndAfterMethodsSpringExtensionTestCase$AlwaysFailingBeforeTestExecutionTestCase@36828dac]
org.opentest4j.AssertionFailedError: always failing beforeTestExecution()
	at org.junit.jupiter.api.Assertions.fail(Assertions.java:53) ~[junit-jupiter-api-5.0.0-M2.jar:5.0.0-M2]
	at org.springframework.test.context.junit.jupiter.FailingBeforeAndAfterMethodsSpringExtensionTestCase$AlwaysFailingBeforeTestExecutionTestExecutionListener.beforeTestExecution(FailingBeforeAndAfterMethodsSpringExtensionTestCase.java:184) ~[test/:?]
	at org.springframework.test.context.TestContextManager.beforeTestExecution(TestContextManager.java:327) ~[main/:?]
	at org.springframework.test.context.junit.jupiter.SpringExtension.beforeTestExecution(SpringExtension.java:116) ~[main/:?]
	at org.junit.jupiter.engine.descriptor.MethodTestDescriptor.lambda$null$5(MethodTestDescriptor.java:182) ~[junit-jupiter-engine-5.0.0-M2.jar:5.0.0-M2]
	at org.junit.jupiter.engine.execution.ThrowableCollector.execute(ThrowableCollector.java:40) ~[junit-jupiter-engine-5.0.0-M2.jar:5.0.0-M2]
	at org.junit.jupiter.engine.descriptor.MethodTestDescriptor.invokeBeforeMethodsOrCallbacksUntilExceptionOccurs(MethodTestDescriptor.java:195) ~[junit-jupiter-engine-5.0.0-M2.jar:5.0.0-M2]
	at org.junit.jupiter.engine.descriptor.MethodTestDescriptor.invokeBeforeTestExecutionCallbacks(MethodTestDescriptor.java:181) ~[junit-jupiter-engine-5.0.0-M2.jar:5.0.0-M2]
	at org.junit.jupiter.engine.descriptor.MethodTestDescriptor.execute(MethodTestDescriptor.java:153) ~[junit-jupiter-engine-5.0.0-M2.jar:5.0.0-M2]
	at org.junit.jupiter.engine.descriptor.MethodTestDescriptor.execute(MethodTestDescriptor.java:63) ~[junit-jupiter-engine-5.0.0-M2.jar:5.0.0-M2]
	at org.junit.platform.engine.support.hierarchical.HierarchicalTestExecutor.lambda$execute$0(HierarchicalTestExecutor.java:81) ~[junit-platform-engine-1.0.0-M2.jar:1.0.0-M2]
	at org.junit.platform.engine.support.hierarchical.SingleTestExecutor.executeSafely(SingleTestExecutor.java:66) ~[junit-platform-engine-1.0.0-M2.jar:1.0.0-M2]
	at org.junit.platform.engine.support.hierarchical.HierarchicalTestExecutor.execute(HierarchicalTestExecutor.java:77) ~[junit-platform-engine-1.0.0-M2.jar:1.0.0-M2]
	at org.junit.platform.engine.support.hierarchical.HierarchicalTestExecutor.lambda$execute$0(HierarchicalTestExecutor.java:88) ~[junit-platform-engine-1.0.0-M2.jar:1.0.0-M2]
	at org.junit.platform.engine.support.hierarchical.SingleTestExecutor.executeSafely(SingleTestExecutor.java:66) ~[junit-platform-engine-1.0.0-M2.jar:1.0.0-M2]
	at org.junit.platform.engine.support.hierarchical.HierarchicalTestExecutor.execute(HierarchicalTestExecutor.java:77) ~[junit-platform-engine-1.0.0-M2.jar:1.0.0-M2]
	at org.junit.platform.engine.support.hierarchical.HierarchicalTestExecutor.lambda$execute$0(HierarchicalTestExecutor.java:88) ~[junit-platform-engine-1.0.0-M2.jar:1.0.0-M2]
	at org.junit.platform.engine.support.hierarchical.SingleTestExecutor.executeSafely(SingleTestExecutor.java:66) ~[junit-platform-engine-1.0.0-M2.jar:1.0.0-M2]
	at org.junit.platform.engine.support.hierarchical.HierarchicalTestExecutor.execute(HierarchicalTestExecutor.java:77) ~[junit-platform-engine-1.0.0-M2.jar:1.0.0-M2]
	at org.junit.platform.engine.support.hierarchical.HierarchicalTestExecutor.execute(HierarchicalTestExecutor.java:51) ~[junit-platform-engine-1.0.0-M2.jar:1.0.0-M2]
	at org.junit.platform.engine.support.hierarchical.HierarchicalTestEngine.execute(HierarchicalTestEngine.java:43) ~[junit-platform-engine-1.0.0-M2.jar:1.0.0-M2]
	at org.junit.platform.launcher.core.DefaultLauncher.execute(DefaultLauncher.java:124) ~[junit-platform-launcher-1.0.0-M2.jar:1.0.0-M2]
	at org.junit.platform.launcher.core.DefaultLauncher.execute(DefaultLauncher.java:84) ~[junit-platform-launcher-1.0.0-M2.jar:1.0.0-M2]
	at org.springframework.test.context.junit.jupiter.FailingBeforeAndAfterMethodsSpringExtensionTestCase.runTestAndAssertCounters(FailingBeforeAndAfterMethodsSpringExtensionTestCase.java:97) ~[test/:?]
	at org.springframework.test.context.junit.jupiter.FailingBeforeAndAfterMethodsSpringExtensionTestCase.lambda$null$0(FailingBeforeAndAfterMethodsSpringExtensionTestCase.java:89) ~[test/:?]
	at org.junit.platform.engine.support.hierarchical.SingleTestExecutor.executeSafely(SingleTestExecutor.java:66) ~[junit-platform-engine-1.0.0-M2.jar:1.0.0-M2]
	at org.junit.jupiter.engine.descriptor.TestFactoryTestDescriptor.registerAndExecute(TestFactoryTestDescriptor.java:132) ~[junit-jupiter-engine-5.0.0-M2.jar:5.0.0-M2]
	at org.junit.jupiter.engine.descriptor.TestFactoryTestDescriptor.lambda$null$0(TestFactoryTestDescriptor.java:92) ~[junit-jupiter-engine-5.0.0-M2.jar:5.0.0-M2]
	at java.util.stream.ForEachOps$ForEachOp$OfRef.accept(ForEachOps.java:184) ~[?:1.8.0_101]
	at java.util.stream.ReferencePipeline$3$1.accept(ReferencePipeline.java:193) ~[?:1.8.0_101]
	at java.util.Spliterators$ArraySpliterator.forEachRemaining(Spliterators.java:948) ~[?:1.8.0_101]
	at java.util.stream.AbstractPipeline.copyInto(AbstractPipeline.java:481) ~[?:1.8.0_101]
	at java.util.stream.AbstractPipeline.wrapAndCopyInto(AbstractPipeline.java:471) ~[?:1.8.0_101]
	at java.util.stream.ForEachOps$ForEachOp.evaluateSequential(ForEachOps.java:151) ~[?:1.8.0_101]
	at java.util.stream.ForEachOps$ForEachOp$OfRef.evaluateSequential(ForEachOps.java:174) ~[?:1.8.0_101]
	at java.util.stream.AbstractPipeline.evaluate(AbstractPipeline.java:234) ~[?:1.8.0_101]
	at java.util.stream.ReferencePipeline.forEach(ReferencePipeline.java:418) ~[?:1.8.0_101]
	at org.junit.jupiter.engine.descriptor.TestFactoryTestDescriptor.lambda$invokeTestMethod$1(TestFactoryTestDescriptor.java:91) ~[junit-jupiter-engine-5.0.0-M2.jar:5.0.0-M2]
	at org.junit.jupiter.engine.execution.ThrowableCollector.execute(ThrowableCollector.java:40) ~[junit-jupiter-engine-5.0.0-M2.jar:5.0.0-M2]
	at org.junit.jupiter.engine.descriptor.TestFactoryTestDescriptor.invokeTestMethod(TestFactoryTestDescriptor.java:83) ~[junit-jupiter-engine-5.0.0-M2.jar:5.0.0-M2]
	at org.junit.jupiter.engine.descriptor.MethodTestDescriptor.execute(MethodTestDescriptor.java:155) ~[junit-jupiter-engine-5.0.0-M2.jar:5.0.0-M2]
	at org.junit.jupiter.engine.descriptor.MethodTestDescriptor.execute(MethodTestDescriptor.java:63) ~[junit-jupiter-engine-5.0.0-M2.jar:5.0.0-M2]
	at org.junit.platform.engine.support.hierarchical.HierarchicalTestExecutor.lambda$execute$0(HierarchicalTestExecutor.java:81) ~[junit-platform-engine-1.0.0-M2.jar:1.0.0-M2]
	at org.junit.platform.engine.support.hierarchical.SingleTestExecutor.executeSafely(SingleTestExecutor.java:66) ~[junit-platform-engine-1.0.0-M2.jar:1.0.0-M2]
	at org.junit.platform.engine.support.hierarchical.HierarchicalTestExecutor.execute(HierarchicalTestExecutor.java:77) ~[junit-platform-engine-1.0.0-M2.jar:1.0.0-M2]
	at org.junit.platform.engine.support.hierarchical.HierarchicalTestExecutor.lambda$execute$0(HierarchicalTestExecutor.java:88) ~[junit-platform-engine-1.0.0-M2.jar:1.0.0-M2]
	at org.junit.platform.engine.support.hierarchical.SingleTestExecutor.executeSafely(SingleTestExecutor.java:66) ~[junit-platform-engine-1.0.0-M2.jar:1.0.0-M2]
	at org.junit.platform.engine.support.hierarchical.HierarchicalTestExecutor.execute(HierarchicalTestExecutor.java:77) ~[junit-platform-engine-1.0.0-M2.jar:1.0.0-M2]
	at org.junit.platform.engine.support.hierarchical.HierarchicalTestExecutor.lambda$execute$0(HierarchicalTestExecutor.java:88) ~[junit-platform-engine-1.0.0-M2.jar:1.0.0-M2]
	at org.junit.platform.engine.support.hierarchical.SingleTestExecutor.executeSafely(SingleTestExecutor.java:66) [junit-platform-engine-1.0.0-M2.jar:1.0.0-M2]
	at org.junit.platform.engine.support.hierarchical.HierarchicalTestExecutor.execute(HierarchicalTestExecutor.java:77) [junit-platform-engine-1.0.0-M2.jar:1.0.0-M2]
	at org.junit.platform.engine.support.hierarchical.HierarchicalTestExecutor.execute(HierarchicalTestExecutor.java:51) [junit-platform-engine-1.0.0-M2.jar:1.0.0-M2]
	at org.junit.platform.engine.support.hierarchical.HierarchicalTestEngine.execute(HierarchicalTestEngine.java:43) [junit-platform-engine-1.0.0-M2.jar:1.0.0-M2]
	at org.junit.platform.launcher.core.DefaultLauncher.execute(DefaultLauncher.java:124) [junit-platform-launcher-1.0.0-M2.jar:1.0.0-M2]
	at org.junit.platform.launcher.core.DefaultLauncher.execute(DefaultLauncher.java:84) [junit-platform-launcher-1.0.0-M2.jar:1.0.0-M2]
	at org.junit.platform.runner.JUnitPlatform.run(JUnitPlatform.java:108) [junit-platform-runner-1.0.0-M2.jar:1.0.0-M2]
	at org.gradle.api.internal.tasks.testing.junit.JUnitTestClassExecuter.runTestClass(JUnitTestClassExecuter.java:114) [gradle-testing-jvm-3.1.jar:3.1]
	at org.gradle.api.internal.tasks.testing.junit.JUnitTestClassExecuter.execute(JUnitTestClassExecuter.java:57) [gradle-testing-jvm-3.1.jar:3.1]
	at org.gradle.api.internal.tasks.testing.junit.JUnitTestClassProcessor.processTestClass(JUnitTestClassProcessor.java:66) [gradle-testing-jvm-3.1.jar:3.1]
	at org.gradle.api.internal.tasks.testing.SuiteTestClassProcessor.processTestClass(SuiteTestClassProcessor.java:51) [gradle-testing-base-3.1.jar:3.1]
	at sun.reflect.GeneratedMethodAccessor107.invoke(Unknown Source) ~[?:?]
	at sun.reflect.DelegatingMethodAccessorImpl.invoke(DelegatingMethodAccessorImpl.java:43) ~[?:1.8.0_101]
	at java.lang.reflect.Method.invoke(Method.java:498) ~[?:1.8.0_101]
	at org.gradle.internal.dispatch.ReflectionDispatch.dispatch(ReflectionDispatch.java:35) [gradle-messaging-3.1.jar:3.1]
	at org.gradle.internal.dispatch.ReflectionDispatch.dispatch(ReflectionDispatch.java:24) [gradle-messaging-3.1.jar:3.1]
	at org.gradle.internal.dispatch.ContextClassLoaderDispatch.dispatch(ContextClassLoaderDispatch.java:32) [gradle-messaging-3.1.jar:3.1]
	at org.gradle.internal.dispatch.ProxyDispatchAdapter$DispatchingInvocationHandler.invoke(ProxyDispatchAdapter.java:93) [gradle-messaging-3.1.jar:3.1]
	at com.sun.proxy.$Proxy2.processTestClass(Unknown Source) [?:?]
	at org.gradle.api.internal.tasks.testing.worker.TestWorker.processTestClass(TestWorker.java:109) [gradle-testing-base-3.1.jar:3.1]
	at sun.reflect.GeneratedMethodAccessor106.invoke(Unknown Source) ~[?:?]
	at sun.reflect.DelegatingMethodAccessorImpl.invoke(DelegatingMethodAccessorImpl.java:43) ~[?:1.8.0_101]
	at java.lang.reflect.Method.invoke(Method.java:498) ~[?:1.8.0_101]
	at org.gradle.internal.dispatch.ReflectionDispatch.dispatch(ReflectionDispatch.java:35) [gradle-messaging-3.1.jar:3.1]
	at org.gradle.internal.dispatch.ReflectionDispatch.dispatch(ReflectionDispatch.java:24) [gradle-messaging-3.1.jar:3.1]
	at org.gradle.internal.remote.internal.hub.MessageHub$Handler.run(MessageHub.java:377) [gradle-messaging-3.1.jar:3.1]
	at org.gradle.internal.concurrent.ExecutorPolicy$CatchAndRecordFailures.onExecute(ExecutorPolicy.java:54) [gradle-base-services-3.1.jar:3.1]
	at org.gradle.internal.concurrent.StoppableExecutorImpl$1.run(StoppableExecutorImpl.java:40) [gradle-base-services-3.1.jar:3.1]
	at java.util.concurrent.ThreadPoolExecutor.runWorker(ThreadPoolExecutor.java:1142) [?:1.8.0_101]
	at java.util.concurrent.ThreadPoolExecutor$Worker.run(ThreadPoolExecutor.java:617) [?:1.8.0_101]
	at java.lang.Thread.run(Thread.java:745) [?:1.8.0_101]
16:55:56.163 [Test worker] WARN  org.springframework.test.context.TestContextManager - Caught exception while invoking 'afterTestExecution' callback on TestExecutionListener [org.springframework.test.context.junit.jupiter.FailingBeforeAndAfterMethodsSpringExtensionTestCase$AlwaysFailingAfterTestExecutionTestExecutionListener@300aebb6] for test method [void org.springframework.test.context.junit.jupiter.FailingBeforeAndAfterMethodsSpringExtensionTestCase$BaseTestCase.testNothing()] and test instance [org.springframework.test.context.junit.jupiter.FailingBeforeAndAfterMethodsSpringExtensionTestCase$AlwaysFailingAfterTestExecutionTestCase@39c3983c]
org.opentest4j.AssertionFailedError: always failing afterTestExecution()
	at org.junit.jupiter.api.Assertions.fail(Assertions.java:53) ~[junit-jupiter-api-5.0.0-M2.jar:5.0.0-M2]
	at org.springframework.test.context.junit.jupiter.FailingBeforeAndAfterMethodsSpringExtensionTestCase$AlwaysFailingAfterTestExecutionTestExecutionListener.afterTestExecution(FailingBeforeAndAfterMethodsSpringExtensionTestCase.java:200) ~[test/:?]
	at org.springframework.test.context.TestContextManager.afterTestExecution(TestContextManager.java:376) ~[main/:?]
	at org.springframework.test.context.junit.jupiter.SpringExtension.afterTestExecution(SpringExtension.java:127) ~[main/:?]
	at org.junit.jupiter.engine.descriptor.MethodTestDescriptor.lambda$null$8(MethodTestDescriptor.java:243) ~[junit-jupiter-engine-5.0.0-M2.jar:5.0.0-M2]
	at org.junit.jupiter.engine.execution.ThrowableCollector.execute(ThrowableCollector.java:40) ~[junit-jupiter-engine-5.0.0-M2.jar:5.0.0-M2]
	at org.junit.jupiter.engine.descriptor.MethodTestDescriptor.lambda$invokeAllAfterMethodsOrCallbacks$14(MethodTestDescriptor.java:266) ~[junit-jupiter-engine-5.0.0-M2.jar:5.0.0-M2]
	at java.util.ArrayList.forEach(ArrayList.java:1249) ~[?:1.8.0_101]
	at org.junit.jupiter.engine.descriptor.MethodTestDescriptor.invokeAllAfterMethodsOrCallbacks(MethodTestDescriptor.java:264) ~[junit-jupiter-engine-5.0.0-M2.jar:5.0.0-M2]
	at org.junit.jupiter.engine.descriptor.MethodTestDescriptor.invokeAfterTestExecutionCallbacks(MethodTestDescriptor.java:242) ~[junit-jupiter-engine-5.0.0-M2.jar:5.0.0-M2]
	at org.junit.jupiter.engine.descriptor.MethodTestDescriptor.execute(MethodTestDescriptor.java:157) ~[junit-jupiter-engine-5.0.0-M2.jar:5.0.0-M2]
	at org.junit.jupiter.engine.descriptor.MethodTestDescriptor.execute(MethodTestDescriptor.java:63) ~[junit-jupiter-engine-5.0.0-M2.jar:5.0.0-M2]
	at org.junit.platform.engine.support.hierarchical.HierarchicalTestExecutor.lambda$execute$0(HierarchicalTestExecutor.java:81) ~[junit-platform-engine-1.0.0-M2.jar:1.0.0-M2]
	at org.junit.platform.engine.support.hierarchical.SingleTestExecutor.executeSafely(SingleTestExecutor.java:66) ~[junit-platform-engine-1.0.0-M2.jar:1.0.0-M2]
	at org.junit.platform.engine.support.hierarchical.HierarchicalTestExecutor.execute(HierarchicalTestExecutor.java:77) ~[junit-platform-engine-1.0.0-M2.jar:1.0.0-M2]
	at org.junit.platform.engine.support.hierarchical.HierarchicalTestExecutor.lambda$execute$0(HierarchicalTestExecutor.java:88) ~[junit-platform-engine-1.0.0-M2.jar:1.0.0-M2]
	at org.junit.platform.engine.support.hierarchical.SingleTestExecutor.executeSafely(SingleTestExecutor.java:66) ~[junit-platform-engine-1.0.0-M2.jar:1.0.0-M2]
	at org.junit.platform.engine.support.hierarchical.HierarchicalTestExecutor.execute(HierarchicalTestExecutor.java:77) ~[junit-platform-engine-1.0.0-M2.jar:1.0.0-M2]
	at org.junit.platform.engine.support.hierarchical.HierarchicalTestExecutor.lambda$execute$0(HierarchicalTestExecutor.java:88) ~[junit-platform-engine-1.0.0-M2.jar:1.0.0-M2]
	at org.junit.platform.engine.support.hierarchical.SingleTestExecutor.executeSafely(SingleTestExecutor.java:66) ~[junit-platform-engine-1.0.0-M2.jar:1.0.0-M2]
	at org.junit.platform.engine.support.hierarchical.HierarchicalTestExecutor.execute(HierarchicalTestExecutor.java:77) ~[junit-platform-engine-1.0.0-M2.jar:1.0.0-M2]
	at org.junit.platform.engine.support.hierarchical.HierarchicalTestExecutor.execute(HierarchicalTestExecutor.java:51) ~[junit-platform-engine-1.0.0-M2.jar:1.0.0-M2]
	at org.junit.platform.engine.support.hierarchical.HierarchicalTestEngine.execute(HierarchicalTestEngine.java:43) ~[junit-platform-engine-1.0.0-M2.jar:1.0.0-M2]
	at org.junit.platform.launcher.core.DefaultLauncher.execute(DefaultLauncher.java:124) ~[junit-platform-launcher-1.0.0-M2.jar:1.0.0-M2]
	at org.junit.platform.launcher.core.DefaultLauncher.execute(DefaultLauncher.java:84) ~[junit-platform-launcher-1.0.0-M2.jar:1.0.0-M2]
	at org.springframework.test.context.junit.jupiter.FailingBeforeAndAfterMethodsSpringExtensionTestCase.runTestAndAssertCounters(FailingBeforeAndAfterMethodsSpringExtensionTestCase.java:97) ~[test/:?]
	at org.springframework.test.context.junit.jupiter.FailingBeforeAndAfterMethodsSpringExtensionTestCase.lambda$null$0(FailingBeforeAndAfterMethodsSpringExtensionTestCase.java:89) ~[test/:?]
	at org.junit.platform.engine.support.hierarchical.SingleTestExecutor.executeSafely(SingleTestExecutor.java:66) ~[junit-platform-engine-1.0.0-M2.jar:1.0.0-M2]
	at org.junit.jupiter.engine.descriptor.TestFactoryTestDescriptor.registerAndExecute(TestFactoryTestDescriptor.java:132) ~[junit-jupiter-engine-5.0.0-M2.jar:5.0.0-M2]
	at org.junit.jupiter.engine.descriptor.TestFactoryTestDescriptor.lambda$null$0(TestFactoryTestDescriptor.java:92) ~[junit-jupiter-engine-5.0.0-M2.jar:5.0.0-M2]
	at java.util.stream.ForEachOps$ForEachOp$OfRef.accept(ForEachOps.java:184) ~[?:1.8.0_101]
	at java.util.stream.ReferencePipeline$3$1.accept(ReferencePipeline.java:193) ~[?:1.8.0_101]
	at java.util.Spliterators$ArraySpliterator.forEachRemaining(Spliterators.java:948) ~[?:1.8.0_101]
	at java.util.stream.AbstractPipeline.copyInto(AbstractPipeline.java:481) ~[?:1.8.0_101]
	at java.util.stream.AbstractPipeline.wrapAndCopyInto(AbstractPipeline.java:471) ~[?:1.8.0_101]
	at java.util.stream.ForEachOps$ForEachOp.evaluateSequential(ForEachOps.java:151) ~[?:1.8.0_101]
	at java.util.stream.ForEachOps$ForEachOp$OfRef.evaluateSequential(ForEachOps.java:174) ~[?:1.8.0_101]
	at java.util.stream.AbstractPipeline.evaluate(AbstractPipeline.java:234) ~[?:1.8.0_101]
	at java.util.stream.ReferencePipeline.forEach(ReferencePipeline.java:418) ~[?:1.8.0_101]
	at org.junit.jupiter.engine.descriptor.TestFactoryTestDescriptor.lambda$invokeTestMethod$1(TestFactoryTestDescriptor.java:91) ~[junit-jupiter-engine-5.0.0-M2.jar:5.0.0-M2]
	at org.junit.jupiter.engine.execution.ThrowableCollector.execute(ThrowableCollector.java:40) ~[junit-jupiter-engine-5.0.0-M2.jar:5.0.0-M2]
	at org.junit.jupiter.engine.descriptor.TestFactoryTestDescriptor.invokeTestMethod(TestFactoryTestDescriptor.java:83) ~[junit-jupiter-engine-5.0.0-M2.jar:5.0.0-M2]
	at org.junit.jupiter.engine.descriptor.MethodTestDescriptor.execute(MethodTestDescriptor.java:155) ~[junit-jupiter-engine-5.0.0-M2.jar:5.0.0-M2]
	at org.junit.jupiter.engine.descriptor.MethodTestDescriptor.execute(MethodTestDescriptor.java:63) ~[junit-jupiter-engine-5.0.0-M2.jar:5.0.0-M2]
	at org.junit.platform.engine.support.hierarchical.HierarchicalTestExecutor.lambda$execute$0(HierarchicalTestExecutor.java:81) ~[junit-platform-engine-1.0.0-M2.jar:1.0.0-M2]
	at org.junit.platform.engine.support.hierarchical.SingleTestExecutor.executeSafely(SingleTestExecutor.java:66) ~[junit-platform-engine-1.0.0-M2.jar:1.0.0-M2]
	at org.junit.platform.engine.support.hierarchical.HierarchicalTestExecutor.execute(HierarchicalTestExecutor.java:77) ~[junit-platform-engine-1.0.0-M2.jar:1.0.0-M2]
	at org.junit.platform.engine.support.hierarchical.HierarchicalTestExecutor.lambda$execute$0(HierarchicalTestExecutor.java:88) ~[junit-platform-engine-1.0.0-M2.jar:1.0.0-M2]
	at org.junit.platform.engine.support.hierarchical.SingleTestExecutor.executeSafely(SingleTestExecutor.java:66) ~[junit-platform-engine-1.0.0-M2.jar:1.0.0-M2]
	at org.junit.platform.engine.support.hierarchical.HierarchicalTestExecutor.execute(HierarchicalTestExecutor.java:77) ~[junit-platform-engine-1.0.0-M2.jar:1.0.0-M2]
	at org.junit.platform.engine.support.hierarchical.HierarchicalTestExecutor.lambda$execute$0(HierarchicalTestExecutor.java:88) ~[junit-platform-engine-1.0.0-M2.jar:1.0.0-M2]
	at org.junit.platform.engine.support.hierarchical.SingleTestExecutor.executeSafely(SingleTestExecutor.java:66) [junit-platform-engine-1.0.0-M2.jar:1.0.0-M2]
	at org.junit.platform.engine.support.hierarchical.HierarchicalTestExecutor.execute(HierarchicalTestExecutor.java:77) [junit-platform-engine-1.0.0-M2.jar:1.0.0-M2]
	at org.junit.platform.engine.support.hierarchical.HierarchicalTestExecutor.execute(HierarchicalTestExecutor.java:51) [junit-platform-engine-1.0.0-M2.jar:1.0.0-M2]
	at org.junit.platform.engine.support.hierarchical.HierarchicalTestEngine.execute(HierarchicalTestEngine.java:43) [junit-platform-engine-1.0.0-M2.jar:1.0.0-M2]
	at org.junit.platform.launcher.core.DefaultLauncher.execute(DefaultLauncher.java:124) [junit-platform-launcher-1.0.0-M2.jar:1.0.0-M2]
	at org.junit.platform.launcher.core.DefaultLauncher.execute(DefaultLauncher.java:84) [junit-platform-launcher-1.0.0-M2.jar:1.0.0-M2]
	at org.junit.platform.runner.JUnitPlatform.run(JUnitPlatform.java:108) [junit-platform-runner-1.0.0-M2.jar:1.0.0-M2]
	at org.gradle.api.internal.tasks.testing.junit.JUnitTestClassExecuter.runTestClass(JUnitTestClassExecuter.java:114) [gradle-testing-jvm-3.1.jar:3.1]
	at org.gradle.api.internal.tasks.testing.junit.JUnitTestClassExecuter.execute(JUnitTestClassExecuter.java:57) [gradle-testing-jvm-3.1.jar:3.1]
	at org.gradle.api.internal.tasks.testing.junit.JUnitTestClassProcessor.processTestClass(JUnitTestClassProcessor.java:66) [gradle-testing-jvm-3.1.jar:3.1]
	at org.gradle.api.internal.tasks.testing.SuiteTestClassProcessor.processTestClass(SuiteTestClassProcessor.java:51) [gradle-testing-base-3.1.jar:3.1]
	at sun.reflect.GeneratedMethodAccessor107.invoke(Unknown Source) ~[?:?]
	at sun.reflect.DelegatingMethodAccessorImpl.invoke(DelegatingMethodAccessorImpl.java:43) ~[?:1.8.0_101]
	at java.lang.reflect.Method.invoke(Method.java:498) ~[?:1.8.0_101]
	at org.gradle.internal.dispatch.ReflectionDispatch.dispatch(ReflectionDispatch.java:35) [gradle-messaging-3.1.jar:3.1]
	at org.gradle.internal.dispatch.ReflectionDispatch.dispatch(ReflectionDispatch.java:24) [gradle-messaging-3.1.jar:3.1]
	at org.gradle.internal.dispatch.ContextClassLoaderDispatch.dispatch(ContextClassLoaderDispatch.java:32) [gradle-messaging-3.1.jar:3.1]
	at org.gradle.internal.dispatch.ProxyDispatchAdapter$DispatchingInvocationHandler.invoke(ProxyDispatchAdapter.java:93) [gradle-messaging-3.1.jar:3.1]
	at com.sun.proxy.$Proxy2.processTestClass(Unknown Source) [?:?]
	at org.gradle.api.internal.tasks.testing.worker.TestWorker.processTestClass(TestWorker.java:109) [gradle-testing-base-3.1.jar:3.1]
	at sun.reflect.GeneratedMethodAccessor106.invoke(Unknown Source) ~[?:?]
	at sun.reflect.DelegatingMethodAccessorImpl.invoke(DelegatingMethodAccessorImpl.java:43) ~[?:1.8.0_101]
	at java.lang.reflect.Method.invoke(Method.java:498) ~[?:1.8.0_101]
	at org.gradle.internal.dispatch.ReflectionDispatch.dispatch(ReflectionDispatch.java:35) [gradle-messaging-3.1.jar:3.1]
	at org.gradle.internal.dispatch.ReflectionDispatch.dispatch(ReflectionDispatch.java:24) [gradle-messaging-3.1.jar:3.1]
	at org.gradle.internal.remote.internal.hub.MessageHub$Handler.run(MessageHub.java:377) [gradle-messaging-3.1.jar:3.1]
	at org.gradle.internal.concurrent.ExecutorPolicy$CatchAndRecordFailures.onExecute(ExecutorPolicy.java:54) [gradle-base-services-3.1.jar:3.1]
	at org.gradle.internal.concurrent.StoppableExecutorImpl$1.run(StoppableExecutorImpl.java:40) [gradle-base-services-3.1.jar:3.1]
	at java.util.concurrent.ThreadPoolExecutor.runWorker(ThreadPoolExecutor.java:1142) [?:1.8.0_101]
	at java.util.concurrent.ThreadPoolExecutor$Worker.run(ThreadPoolExecutor.java:617) [?:1.8.0_101]
	at java.lang.Thread.run(Thread.java:745) [?:1.8.0_101]
16:55:56.183 [Test worker] WARN  org.springframework.test.context.TestContextManager - Caught exception while invoking 'afterTestMethod' callback on TestExecutionListener [org.springframework.test.context.junit.jupiter.FailingBeforeAndAfterMethodsSpringExtensionTestCase$AlwaysFailingAfterTestMethodTestExecutionListener@5f032216] for test method [void org.springframework.test.context.junit.jupiter.FailingBeforeAndAfterMethodsSpringExtensionTestCase$BaseTestCase.testNothing()] and test instance [org.springframework.test.context.junit.jupiter.FailingBeforeAndAfterMethodsSpringExtensionTestCase$AlwaysFailingAfterTestMethodTestCase@77a8cbeb]
org.opentest4j.AssertionFailedError: always failing afterTestMethod()
	at org.junit.jupiter.api.Assertions.fail(Assertions.java:53) ~[junit-jupiter-api-5.0.0-M2.jar:5.0.0-M2]
	at org.springframework.test.context.junit.jupiter.FailingBeforeAndAfterMethodsSpringExtensionTestCase$AlwaysFailingAfterTestMethodTestExecutionListener.afterTestMethod(FailingBeforeAndAfterMethodsSpringExtensionTestCase.java:192) ~[test/:?]
	at org.springframework.test.context.TestContextManager.afterTestMethod(TestContextManager.java:436) ~[main/:?]
	at org.springframework.test.context.junit.jupiter.SpringExtension.afterEach(SpringExtension.java:138) ~[main/:?]
	at org.junit.jupiter.engine.descriptor.MethodTestDescriptor.lambda$null$12(MethodTestDescriptor.java:255) ~[junit-jupiter-engine-5.0.0-M2.jar:5.0.0-M2]
	at org.junit.jupiter.engine.execution.ThrowableCollector.execute(ThrowableCollector.java:40) ~[junit-jupiter-engine-5.0.0-M2.jar:5.0.0-M2]
	at org.junit.jupiter.engine.descriptor.MethodTestDescriptor.lambda$invokeAllAfterMethodsOrCallbacks$14(MethodTestDescriptor.java:266) ~[junit-jupiter-engine-5.0.0-M2.jar:5.0.0-M2]
	at java.util.ArrayList.forEach(ArrayList.java:1249) ~[?:1.8.0_101]
	at org.junit.jupiter.engine.descriptor.MethodTestDescriptor.invokeAllAfterMethodsOrCallbacks(MethodTestDescriptor.java:264) ~[junit-jupiter-engine-5.0.0-M2.jar:5.0.0-M2]
	at org.junit.jupiter.engine.descriptor.MethodTestDescriptor.invokeAfterEachCallbacks(MethodTestDescriptor.java:254) ~[junit-jupiter-engine-5.0.0-M2.jar:5.0.0-M2]
	at org.junit.jupiter.engine.descriptor.MethodTestDescriptor.execute(MethodTestDescriptor.java:161) ~[junit-jupiter-engine-5.0.0-M2.jar:5.0.0-M2]
	at org.junit.jupiter.engine.descriptor.MethodTestDescriptor.execute(MethodTestDescriptor.java:63) ~[junit-jupiter-engine-5.0.0-M2.jar:5.0.0-M2]
	at org.junit.platform.engine.support.hierarchical.HierarchicalTestExecutor.lambda$execute$0(HierarchicalTestExecutor.java:81) ~[junit-platform-engine-1.0.0-M2.jar:1.0.0-M2]
	at org.junit.platform.engine.support.hierarchical.SingleTestExecutor.executeSafely(SingleTestExecutor.java:66) ~[junit-platform-engine-1.0.0-M2.jar:1.0.0-M2]
	at org.junit.platform.engine.support.hierarchical.HierarchicalTestExecutor.execute(HierarchicalTestExecutor.java:77) ~[junit-platform-engine-1.0.0-M2.jar:1.0.0-M2]
	at org.junit.platform.engine.support.hierarchical.HierarchicalTestExecutor.lambda$execute$0(HierarchicalTestExecutor.java:88) ~[junit-platform-engine-1.0.0-M2.jar:1.0.0-M2]
	at org.junit.platform.engine.support.hierarchical.SingleTestExecutor.executeSafely(SingleTestExecutor.java:66) ~[junit-platform-engine-1.0.0-M2.jar:1.0.0-M2]
	at org.junit.platform.engine.support.hierarchical.HierarchicalTestExecutor.execute(HierarchicalTestExecutor.java:77) ~[junit-platform-engine-1.0.0-M2.jar:1.0.0-M2]
	at org.junit.platform.engine.support.hierarchical.HierarchicalTestExecutor.lambda$execute$0(HierarchicalTestExecutor.java:88) ~[junit-platform-engine-1.0.0-M2.jar:1.0.0-M2]
	at org.junit.platform.engine.support.hierarchical.SingleTestExecutor.executeSafely(SingleTestExecutor.java:66) ~[junit-platform-engine-1.0.0-M2.jar:1.0.0-M2]
	at org.junit.platform.engine.support.hierarchical.HierarchicalTestExecutor.execute(HierarchicalTestExecutor.java:77) ~[junit-platform-engine-1.0.0-M2.jar:1.0.0-M2]
	at org.junit.platform.engine.support.hierarchical.HierarchicalTestExecutor.execute(HierarchicalTestExecutor.java:51) ~[junit-platform-engine-1.0.0-M2.jar:1.0.0-M2]
	at org.junit.platform.engine.support.hierarchical.HierarchicalTestEngine.execute(HierarchicalTestEngine.java:43) ~[junit-platform-engine-1.0.0-M2.jar:1.0.0-M2]
	at org.junit.platform.launcher.core.DefaultLauncher.execute(DefaultLauncher.java:124) ~[junit-platform-launcher-1.0.0-M2.jar:1.0.0-M2]
	at org.junit.platform.launcher.core.DefaultLauncher.execute(DefaultLauncher.java:84) ~[junit-platform-launcher-1.0.0-M2.jar:1.0.0-M2]
	at org.springframework.test.context.junit.jupiter.FailingBeforeAndAfterMethodsSpringExtensionTestCase.runTestAndAssertCounters(FailingBeforeAndAfterMethodsSpringExtensionTestCase.java:97) ~[test/:?]
	at org.springframework.test.context.junit.jupiter.FailingBeforeAndAfterMethodsSpringExtensionTestCase.lambda$null$0(FailingBeforeAndAfterMethodsSpringExtensionTestCase.java:89) ~[test/:?]
	at org.junit.platform.engine.support.hierarchical.SingleTestExecutor.executeSafely(SingleTestExecutor.java:66) ~[junit-platform-engine-1.0.0-M2.jar:1.0.0-M2]
	at org.junit.jupiter.engine.descriptor.TestFactoryTestDescriptor.registerAndExecute(TestFactoryTestDescriptor.java:132) ~[junit-jupiter-engine-5.0.0-M2.jar:5.0.0-M2]
	at org.junit.jupiter.engine.descriptor.TestFactoryTestDescriptor.lambda$null$0(TestFactoryTestDescriptor.java:92) ~[junit-jupiter-engine-5.0.0-M2.jar:5.0.0-M2]
	at java.util.stream.ForEachOps$ForEachOp$OfRef.accept(ForEachOps.java:184) ~[?:1.8.0_101]
	at java.util.stream.ReferencePipeline$3$1.accept(ReferencePipeline.java:193) ~[?:1.8.0_101]
	at java.util.Spliterators$ArraySpliterator.forEachRemaining(Spliterators.java:948) ~[?:1.8.0_101]
	at java.util.stream.AbstractPipeline.copyInto(AbstractPipeline.java:481) ~[?:1.8.0_101]
	at java.util.stream.AbstractPipeline.wrapAndCopyInto(AbstractPipeline.java:471) ~[?:1.8.0_101]
	at java.util.stream.ForEachOps$ForEachOp.evaluateSequential(ForEachOps.java:151) ~[?:1.8.0_101]
	at java.util.stream.ForEachOps$ForEachOp$OfRef.evaluateSequential(ForEachOps.java:174) ~[?:1.8.0_101]
	at java.util.stream.AbstractPipeline.evaluate(AbstractPipeline.java:234) ~[?:1.8.0_101]
	at java.util.stream.ReferencePipeline.forEach(ReferencePipeline.java:418) ~[?:1.8.0_101]
	at org.junit.jupiter.engine.descriptor.TestFactoryTestDescriptor.lambda$invokeTestMethod$1(TestFactoryTestDescriptor.java:91) ~[junit-jupiter-engine-5.0.0-M2.jar:5.0.0-M2]
	at org.junit.jupiter.engine.execution.ThrowableCollector.execute(ThrowableCollector.java:40) ~[junit-jupiter-engine-5.0.0-M2.jar:5.0.0-M2]
	at org.junit.jupiter.engine.descriptor.TestFactoryTestDescriptor.invokeTestMethod(TestFactoryTestDescriptor.java:83) ~[junit-jupiter-engine-5.0.0-M2.jar:5.0.0-M2]
	at org.junit.jupiter.engine.descriptor.MethodTestDescriptor.execute(MethodTestDescriptor.java:155) ~[junit-jupiter-engine-5.0.0-M2.jar:5.0.0-M2]
	at org.junit.jupiter.engine.descriptor.MethodTestDescriptor.execute(MethodTestDescriptor.java:63) ~[junit-jupiter-engine-5.0.0-M2.jar:5.0.0-M2]
	at org.junit.platform.engine.support.hierarchical.HierarchicalTestExecutor.lambda$execute$0(HierarchicalTestExecutor.java:81) ~[junit-platform-engine-1.0.0-M2.jar:1.0.0-M2]
	at org.junit.platform.engine.support.hierarchical.SingleTestExecutor.executeSafely(SingleTestExecutor.java:66) ~[junit-platform-engine-1.0.0-M2.jar:1.0.0-M2]
	at org.junit.platform.engine.support.hierarchical.HierarchicalTestExecutor.execute(HierarchicalTestExecutor.java:77) ~[junit-platform-engine-1.0.0-M2.jar:1.0.0-M2]
	at org.junit.platform.engine.support.hierarchical.HierarchicalTestExecutor.lambda$execute$0(HierarchicalTestExecutor.java:88) ~[junit-platform-engine-1.0.0-M2.jar:1.0.0-M2]
	at org.junit.platform.engine.support.hierarchical.SingleTestExecutor.executeSafely(SingleTestExecutor.java:66) ~[junit-platform-engine-1.0.0-M2.jar:1.0.0-M2]
	at org.junit.platform.engine.support.hierarchical.HierarchicalTestExecutor.execute(HierarchicalTestExecutor.java:77) ~[junit-platform-engine-1.0.0-M2.jar:1.0.0-M2]
	at org.junit.platform.engine.support.hierarchical.HierarchicalTestExecutor.lambda$execute$0(HierarchicalTestExecutor.java:88) ~[junit-platform-engine-1.0.0-M2.jar:1.0.0-M2]
	at org.junit.platform.engine.support.hierarchical.SingleTestExecutor.executeSafely(SingleTestExecutor.java:66) [junit-platform-engine-1.0.0-M2.jar:1.0.0-M2]
	at org.junit.platform.engine.support.hierarchical.HierarchicalTestExecutor.execute(HierarchicalTestExecutor.java:77) [junit-platform-engine-1.0.0-M2.jar:1.0.0-M2]
	at org.junit.platform.engine.support.hierarchical.HierarchicalTestExecutor.execute(HierarchicalTestExecutor.java:51) [junit-platform-engine-1.0.0-M2.jar:1.0.0-M2]
	at org.junit.platform.engine.support.hierarchical.HierarchicalTestEngine.execute(HierarchicalTestEngine.java:43) [junit-platform-engine-1.0.0-M2.jar:1.0.0-M2]
	at org.junit.platform.launcher.core.DefaultLauncher.execute(DefaultLauncher.java:124) [junit-platform-launcher-1.0.0-M2.jar:1.0.0-M2]
	at org.junit.platform.launcher.core.DefaultLauncher.execute(DefaultLauncher.java:84) [junit-platform-launcher-1.0.0-M2.jar:1.0.0-M2]
	at org.junit.platform.runner.JUnitPlatform.run(JUnitPlatform.java:108) [junit-platform-runner-1.0.0-M2.jar:1.0.0-M2]
	at org.gradle.api.internal.tasks.testing.junit.JUnitTestClassExecuter.runTestClass(JUnitTestClassExecuter.java:114) [gradle-testing-jvm-3.1.jar:3.1]
	at org.gradle.api.internal.tasks.testing.junit.JUnitTestClassExecuter.execute(JUnitTestClassExecuter.java:57) [gradle-testing-jvm-3.1.jar:3.1]
	at org.gradle.api.internal.tasks.testing.junit.JUnitTestClassProcessor.processTestClass(JUnitTestClassProcessor.java:66) [gradle-testing-jvm-3.1.jar:3.1]
	at org.gradle.api.internal.tasks.testing.SuiteTestClassProcessor.processTestClass(SuiteTestClassProcessor.java:51) [gradle-testing-base-3.1.jar:3.1]
	at sun.reflect.GeneratedMethodAccessor107.invoke(Unknown Source) ~[?:?]
	at sun.reflect.DelegatingMethodAccessorImpl.invoke(DelegatingMethodAccessorImpl.java:43) ~[?:1.8.0_101]
	at java.lang.reflect.Method.invoke(Method.java:498) ~[?:1.8.0_101]
	at org.gradle.internal.dispatch.ReflectionDispatch.dispatch(ReflectionDispatch.java:35) [gradle-messaging-3.1.jar:3.1]
	at org.gradle.internal.dispatch.ReflectionDispatch.dispatch(ReflectionDispatch.java:24) [gradle-messaging-3.1.jar:3.1]
	at org.gradle.internal.dispatch.ContextClassLoaderDispatch.dispatch(ContextClassLoaderDispatch.java:32) [gradle-messaging-3.1.jar:3.1]
	at org.gradle.internal.dispatch.ProxyDispatchAdapter$DispatchingInvocationHandler.invoke(ProxyDispatchAdapter.java:93) [gradle-messaging-3.1.jar:3.1]
	at com.sun.proxy.$Proxy2.processTestClass(Unknown Source) [?:?]
	at org.gradle.api.internal.tasks.testing.worker.TestWorker.processTestClass(TestWorker.java:109) [gradle-testing-base-3.1.jar:3.1]
	at sun.reflect.GeneratedMethodAccessor106.invoke(Unknown Source) ~[?:?]
	at sun.reflect.DelegatingMethodAccessorImpl.invoke(DelegatingMethodAccessorImpl.java:43) ~[?:1.8.0_101]
	at java.lang.reflect.Method.invoke(Method.java:498) ~[?:1.8.0_101]
	at org.gradle.internal.dispatch.ReflectionDispatch.dispatch(ReflectionDispatch.java:35) [gradle-messaging-3.1.jar:3.1]
	at org.gradle.internal.dispatch.ReflectionDispatch.dispatch(ReflectionDispatch.java:24) [gradle-messaging-3.1.jar:3.1]
	at org.gradle.internal.remote.internal.hub.MessageHub$Handler.run(MessageHub.java:377) [gradle-messaging-3.1.jar:3.1]
	at org.gradle.internal.concurrent.ExecutorPolicy$CatchAndRecordFailures.onExecute(ExecutorPolicy.java:54) [gradle-base-services-3.1.jar:3.1]
	at org.gradle.internal.concurrent.StoppableExecutorImpl$1.run(StoppableExecutorImpl.java:40) [gradle-base-services-3.1.jar:3.1]
	at java.util.concurrent.ThreadPoolExecutor.runWorker(ThreadPoolExecutor.java:1142) [?:1.8.0_101]
	at java.util.concurrent.ThreadPoolExecutor$Worker.run(ThreadPoolExecutor.java:617) [?:1.8.0_101]
	at java.lang.Thread.run(Thread.java:745) [?:1.8.0_101]
16:55:56.265 [Test worker] ERROR org.springframework.test.context.transaction.TransactionalTestExecutionListener - Exception encountered while executing @BeforeTransaction methods for test context [DefaultTestContext@4889f02 testClass = FailingBeforeAndAfterMethodsSpringExtensionTestCase.FailingBeforeTransactionTestCase, testInstance = org.springframework.test.context.junit.jupiter.FailingBeforeAndAfterMethodsSpringExtensionTestCase$FailingBeforeTransactionTestCase@79d2dec0, testMethod = testNothing@FailingBeforeAndAfterMethodsSpringExtensionTestCase.FailingBeforeTransactionTestCase, testException = [null], mergedContextConfiguration = [MergedContextConfiguration@15400e4b testClass = FailingBeforeAndAfterMethodsSpringExtensionTestCase.FailingBeforeTransactionTestCase, locations = '{}', classes = '{class org.springframework.test.context.junit.jupiter.FailingBeforeAndAfterMethodsSpringExtensionTestCase$DatabaseConfig}', contextInitializerClasses = '[]', activeProfiles = '{}', propertySourceLocations = '{}', propertySourceProperties = '{}', contextCustomizers = set[[empty]], contextLoader = 'org.springframework.test.context.support.DelegatingSmartContextLoader', parent = [null]], attributes = map[[empty]]].
org.opentest4j.AssertionFailedError: always failing beforeTransaction()
	at org.junit.jupiter.api.Assertions.fail(Assertions.java:53) ~[junit-jupiter-api-5.0.0-M2.jar:5.0.0-M2]
	at org.springframework.test.context.junit.jupiter.FailingBeforeAndAfterMethodsSpringExtensionTestCase$FailingBeforeTransactionTestCase.beforeTransaction(FailingBeforeAndAfterMethodsSpringExtensionTestCase.java:250) ~[test/:?]
	at sun.reflect.NativeMethodAccessorImpl.invoke0(Native Method) ~[?:1.8.0_101]
	at sun.reflect.NativeMethodAccessorImpl.invoke(NativeMethodAccessorImpl.java:62) ~[?:1.8.0_101]
	at sun.reflect.DelegatingMethodAccessorImpl.invoke(DelegatingMethodAccessorImpl.java:43) ~[?:1.8.0_101]
	at java.lang.reflect.Method.invoke(Method.java:498) ~[?:1.8.0_101]
	at org.springframework.test.context.transaction.TransactionalTestExecutionListener.runBeforeTransactionMethods(TransactionalTestExecutionListener.java:242) ~[main/:?]
	at org.springframework.test.context.transaction.TransactionalTestExecutionListener.beforeTestMethod(TransactionalTestExecutionListener.java:191) ~[main/:?]
	at org.springframework.test.context.TestContextManager.beforeTestMethod(TestContextManager.java:288) ~[main/:?]
	at org.springframework.test.context.junit.jupiter.SpringExtension.beforeEach(SpringExtension.java:106) ~[main/:?]
	at org.junit.jupiter.engine.descriptor.MethodTestDescriptor.lambda$null$1(MethodTestDescriptor.java:171) ~[junit-jupiter-engine-5.0.0-M2.jar:5.0.0-M2]
	at org.junit.jupiter.engine.execution.ThrowableCollector.execute(ThrowableCollector.java:40) ~[junit-jupiter-engine-5.0.0-M2.jar:5.0.0-M2]
	at org.junit.jupiter.engine.descriptor.MethodTestDescriptor.invokeBeforeMethodsOrCallbacksUntilExceptionOccurs(MethodTestDescriptor.java:195) ~[junit-jupiter-engine-5.0.0-M2.jar:5.0.0-M2]
	at org.junit.jupiter.engine.descriptor.MethodTestDescriptor.invokeBeforeEachCallbacks(MethodTestDescriptor.java:170) ~[junit-jupiter-engine-5.0.0-M2.jar:5.0.0-M2]
	at org.junit.jupiter.engine.descriptor.MethodTestDescriptor.execute(MethodTestDescriptor.java:149) ~[junit-jupiter-engine-5.0.0-M2.jar:5.0.0-M2]
	at org.junit.jupiter.engine.descriptor.MethodTestDescriptor.execute(MethodTestDescriptor.java:63) ~[junit-jupiter-engine-5.0.0-M2.jar:5.0.0-M2]
	at org.junit.platform.engine.support.hierarchical.HierarchicalTestExecutor.lambda$execute$0(HierarchicalTestExecutor.java:81) ~[junit-platform-engine-1.0.0-M2.jar:1.0.0-M2]
	at org.junit.platform.engine.support.hierarchical.SingleTestExecutor.executeSafely(SingleTestExecutor.java:66) ~[junit-platform-engine-1.0.0-M2.jar:1.0.0-M2]
	at org.junit.platform.engine.support.hierarchical.HierarchicalTestExecutor.execute(HierarchicalTestExecutor.java:77) ~[junit-platform-engine-1.0.0-M2.jar:1.0.0-M2]
	at org.junit.platform.engine.support.hierarchical.HierarchicalTestExecutor.lambda$execute$0(HierarchicalTestExecutor.java:88) ~[junit-platform-engine-1.0.0-M2.jar:1.0.0-M2]
	at org.junit.platform.engine.support.hierarchical.SingleTestExecutor.executeSafely(SingleTestExecutor.java:66) ~[junit-platform-engine-1.0.0-M2.jar:1.0.0-M2]
	at org.junit.platform.engine.support.hierarchical.HierarchicalTestExecutor.execute(HierarchicalTestExecutor.java:77) ~[junit-platform-engine-1.0.0-M2.jar:1.0.0-M2]
	at org.junit.platform.engine.support.hierarchical.HierarchicalTestExecutor.lambda$execute$0(HierarchicalTestExecutor.java:88) ~[junit-platform-engine-1.0.0-M2.jar:1.0.0-M2]
	at org.junit.platform.engine.support.hierarchical.SingleTestExecutor.executeSafely(SingleTestExecutor.java:66) ~[junit-platform-engine-1.0.0-M2.jar:1.0.0-M2]
	at org.junit.platform.engine.support.hierarchical.HierarchicalTestExecutor.execute(HierarchicalTestExecutor.java:77) ~[junit-platform-engine-1.0.0-M2.jar:1.0.0-M2]
	at org.junit.platform.engine.support.hierarchical.HierarchicalTestExecutor.execute(HierarchicalTestExecutor.java:51) ~[junit-platform-engine-1.0.0-M2.jar:1.0.0-M2]
	at org.junit.platform.engine.support.hierarchical.HierarchicalTestEngine.execute(HierarchicalTestEngine.java:43) ~[junit-platform-engine-1.0.0-M2.jar:1.0.0-M2]
	at org.junit.platform.launcher.core.DefaultLauncher.execute(DefaultLauncher.java:124) ~[junit-platform-launcher-1.0.0-M2.jar:1.0.0-M2]
	at org.junit.platform.launcher.core.DefaultLauncher.execute(DefaultLauncher.java:84) ~[junit-platform-launcher-1.0.0-M2.jar:1.0.0-M2]
	at org.springframework.test.context.junit.jupiter.FailingBeforeAndAfterMethodsSpringExtensionTestCase.runTestAndAssertCounters(FailingBeforeAndAfterMethodsSpringExtensionTestCase.java:97) ~[test/:?]
	at org.springframework.test.context.junit.jupiter.FailingBeforeAndAfterMethodsSpringExtensionTestCase.lambda$null$0(FailingBeforeAndAfterMethodsSpringExtensionTestCase.java:89) ~[test/:?]
	at org.junit.platform.engine.support.hierarchical.SingleTestExecutor.executeSafely(SingleTestExecutor.java:66) ~[junit-platform-engine-1.0.0-M2.jar:1.0.0-M2]
	at org.junit.jupiter.engine.descriptor.TestFactoryTestDescriptor.registerAndExecute(TestFactoryTestDescriptor.java:132) ~[junit-jupiter-engine-5.0.0-M2.jar:5.0.0-M2]
	at org.junit.jupiter.engine.descriptor.TestFactoryTestDescriptor.lambda$null$0(TestFactoryTestDescriptor.java:92) ~[junit-jupiter-engine-5.0.0-M2.jar:5.0.0-M2]
	at java.util.stream.ForEachOps$ForEachOp$OfRef.accept(ForEachOps.java:184) ~[?:1.8.0_101]
	at java.util.stream.ReferencePipeline$3$1.accept(ReferencePipeline.java:193) ~[?:1.8.0_101]
	at java.util.Spliterators$ArraySpliterator.forEachRemaining(Spliterators.java:948) ~[?:1.8.0_101]
	at java.util.stream.AbstractPipeline.copyInto(AbstractPipeline.java:481) ~[?:1.8.0_101]
	at java.util.stream.AbstractPipeline.wrapAndCopyInto(AbstractPipeline.java:471) ~[?:1.8.0_101]
	at java.util.stream.ForEachOps$ForEachOp.evaluateSequential(ForEachOps.java:151) ~[?:1.8.0_101]
	at java.util.stream.ForEachOps$ForEachOp$OfRef.evaluateSequential(ForEachOps.java:174) ~[?:1.8.0_101]
	at java.util.stream.AbstractPipeline.evaluate(AbstractPipeline.java:234) ~[?:1.8.0_101]
	at java.util.stream.ReferencePipeline.forEach(ReferencePipeline.java:418) ~[?:1.8.0_101]
	at org.junit.jupiter.engine.descriptor.TestFactoryTestDescriptor.lambda$invokeTestMethod$1(TestFactoryTestDescriptor.java:91) ~[junit-jupiter-engine-5.0.0-M2.jar:5.0.0-M2]
	at org.junit.jupiter.engine.execution.ThrowableCollector.execute(ThrowableCollector.java:40) ~[junit-jupiter-engine-5.0.0-M2.jar:5.0.0-M2]
	at org.junit.jupiter.engine.descriptor.TestFactoryTestDescriptor.invokeTestMethod(TestFactoryTestDescriptor.java:83) ~[junit-jupiter-engine-5.0.0-M2.jar:5.0.0-M2]
	at org.junit.jupiter.engine.descriptor.MethodTestDescriptor.execute(MethodTestDescriptor.java:155) ~[junit-jupiter-engine-5.0.0-M2.jar:5.0.0-M2]
	at org.junit.jupiter.engine.descriptor.MethodTestDescriptor.execute(MethodTestDescriptor.java:63) ~[junit-jupiter-engine-5.0.0-M2.jar:5.0.0-M2]
	at org.junit.platform.engine.support.hierarchical.HierarchicalTestExecutor.lambda$execute$0(HierarchicalTestExecutor.java:81) ~[junit-platform-engine-1.0.0-M2.jar:1.0.0-M2]
	at org.junit.platform.engine.support.hierarchical.SingleTestExecutor.executeSafely(SingleTestExecutor.java:66) ~[junit-platform-engine-1.0.0-M2.jar:1.0.0-M2]
	at org.junit.platform.engine.support.hierarchical.HierarchicalTestExecutor.execute(HierarchicalTestExecutor.java:77) ~[junit-platform-engine-1.0.0-M2.jar:1.0.0-M2]
	at org.junit.platform.engine.support.hierarchical.HierarchicalTestExecutor.lambda$execute$0(HierarchicalTestExecutor.java:88) ~[junit-platform-engine-1.0.0-M2.jar:1.0.0-M2]
	at org.junit.platform.engine.support.hierarchical.SingleTestExecutor.executeSafely(SingleTestExecutor.java:66) ~[junit-platform-engine-1.0.0-M2.jar:1.0.0-M2]
	at org.junit.platform.engine.support.hierarchical.HierarchicalTestExecutor.execute(HierarchicalTestExecutor.java:77) ~[junit-platform-engine-1.0.0-M2.jar:1.0.0-M2]
	at org.junit.platform.engine.support.hierarchical.HierarchicalTestExecutor.lambda$execute$0(HierarchicalTestExecutor.java:88) ~[junit-platform-engine-1.0.0-M2.jar:1.0.0-M2]
	at org.junit.platform.engine.support.hierarchical.SingleTestExecutor.executeSafely(SingleTestExecutor.java:66) [junit-platform-engine-1.0.0-M2.jar:1.0.0-M2]
	at org.junit.platform.engine.support.hierarchical.HierarchicalTestExecutor.execute(HierarchicalTestExecutor.java:77) [junit-platform-engine-1.0.0-M2.jar:1.0.0-M2]
	at org.junit.platform.engine.support.hierarchical.HierarchicalTestExecutor.execute(HierarchicalTestExecutor.java:51) [junit-platform-engine-1.0.0-M2.jar:1.0.0-M2]
	at org.junit.platform.engine.support.hierarchical.HierarchicalTestEngine.execute(HierarchicalTestEngine.java:43) [junit-platform-engine-1.0.0-M2.jar:1.0.0-M2]
	at org.junit.platform.launcher.core.DefaultLauncher.execute(DefaultLauncher.java:124) [junit-platform-launcher-1.0.0-M2.jar:1.0.0-M2]
	at org.junit.platform.launcher.core.DefaultLauncher.execute(DefaultLauncher.java:84) [junit-platform-launcher-1.0.0-M2.jar:1.0.0-M2]
	at org.junit.platform.runner.JUnitPlatform.run(JUnitPlatform.java:108) [junit-platform-runner-1.0.0-M2.jar:1.0.0-M2]
	at org.gradle.api.internal.tasks.testing.junit.JUnitTestClassExecuter.runTestClass(JUnitTestClassExecuter.java:114) [gradle-testing-jvm-3.1.jar:3.1]
	at org.gradle.api.internal.tasks.testing.junit.JUnitTestClassExecuter.execute(JUnitTestClassExecuter.java:57) [gradle-testing-jvm-3.1.jar:3.1]
	at org.gradle.api.internal.tasks.testing.junit.JUnitTestClassProcessor.processTestClass(JUnitTestClassProcessor.java:66) [gradle-testing-jvm-3.1.jar:3.1]
	at org.gradle.api.internal.tasks.testing.SuiteTestClassProcessor.processTestClass(SuiteTestClassProcessor.java:51) [gradle-testing-base-3.1.jar:3.1]
	at sun.reflect.GeneratedMethodAccessor107.invoke(Unknown Source) ~[?:?]
	at sun.reflect.DelegatingMethodAccessorImpl.invoke(DelegatingMethodAccessorImpl.java:43) ~[?:1.8.0_101]
	at java.lang.reflect.Method.invoke(Method.java:498) ~[?:1.8.0_101]
	at org.gradle.internal.dispatch.ReflectionDispatch.dispatch(ReflectionDispatch.java:35) [gradle-messaging-3.1.jar:3.1]
	at org.gradle.internal.dispatch.ReflectionDispatch.dispatch(ReflectionDispatch.java:24) [gradle-messaging-3.1.jar:3.1]
	at org.gradle.internal.dispatch.ContextClassLoaderDispatch.dispatch(ContextClassLoaderDispatch.java:32) [gradle-messaging-3.1.jar:3.1]
	at org.gradle.internal.dispatch.ProxyDispatchAdapter$DispatchingInvocationHandler.invoke(ProxyDispatchAdapter.java:93) [gradle-messaging-3.1.jar:3.1]
	at com.sun.proxy.$Proxy2.processTestClass(Unknown Source) [?:?]
	at org.gradle.api.internal.tasks.testing.worker.TestWorker.processTestClass(TestWorker.java:109) [gradle-testing-base-3.1.jar:3.1]
	at sun.reflect.GeneratedMethodAccessor106.invoke(Unknown Source) ~[?:?]
	at sun.reflect.DelegatingMethodAccessorImpl.invoke(DelegatingMethodAccessorImpl.java:43) ~[?:1.8.0_101]
	at java.lang.reflect.Method.invoke(Method.java:498) ~[?:1.8.0_101]
	at org.gradle.internal.dispatch.ReflectionDispatch.dispatch(ReflectionDispatch.java:35) [gradle-messaging-3.1.jar:3.1]
	at org.gradle.internal.dispatch.ReflectionDispatch.dispatch(ReflectionDispatch.java:24) [gradle-messaging-3.1.jar:3.1]
	at org.gradle.internal.remote.internal.hub.MessageHub$Handler.run(MessageHub.java:377) [gradle-messaging-3.1.jar:3.1]
	at org.gradle.internal.concurrent.ExecutorPolicy$CatchAndRecordFailures.onExecute(ExecutorPolicy.java:54) [gradle-base-services-3.1.jar:3.1]
	at org.gradle.internal.concurrent.StoppableExecutorImpl$1.run(StoppableExecutorImpl.java:40) [gradle-base-services-3.1.jar:3.1]
	at java.util.concurrent.ThreadPoolExecutor.runWorker(ThreadPoolExecutor.java:1142) [?:1.8.0_101]
	at java.util.concurrent.ThreadPoolExecutor$Worker.run(ThreadPoolExecutor.java:617) [?:1.8.0_101]
	at java.lang.Thread.run(Thread.java:745) [?:1.8.0_101]
16:55:56.270 [Test worker] WARN  org.springframework.test.context.TestContextManager - Caught exception while invoking 'beforeTestMethod' callback on TestExecutionListener [org.springframework.test.context.transaction.TransactionalTestExecutionListener@3a1f40a1] for test method [void org.springframework.test.context.junit.jupiter.FailingBeforeAndAfterMethodsSpringExtensionTestCase$FailingBeforeTransactionTestCase.testNothing()] and test instance [org.springframework.test.context.junit.jupiter.FailingBeforeAndAfterMethodsSpringExtensionTestCase$FailingBeforeTransactionTestCase@79d2dec0]
org.opentest4j.AssertionFailedError: always failing beforeTransaction()
	at org.junit.jupiter.api.Assertions.fail(Assertions.java:53) ~[junit-jupiter-api-5.0.0-M2.jar:5.0.0-M2]
	at org.springframework.test.context.junit.jupiter.FailingBeforeAndAfterMethodsSpringExtensionTestCase$FailingBeforeTransactionTestCase.beforeTransaction(FailingBeforeAndAfterMethodsSpringExtensionTestCase.java:250) ~[test/:?]
	at sun.reflect.NativeMethodAccessorImpl.invoke0(Native Method) ~[?:1.8.0_101]
	at sun.reflect.NativeMethodAccessorImpl.invoke(NativeMethodAccessorImpl.java:62) ~[?:1.8.0_101]
	at sun.reflect.DelegatingMethodAccessorImpl.invoke(DelegatingMethodAccessorImpl.java:43) ~[?:1.8.0_101]
	at java.lang.reflect.Method.invoke(Method.java:498) ~[?:1.8.0_101]
	at org.springframework.test.context.transaction.TransactionalTestExecutionListener.runBeforeTransactionMethods(TransactionalTestExecutionListener.java:242) ~[main/:?]
	at org.springframework.test.context.transaction.TransactionalTestExecutionListener.beforeTestMethod(TransactionalTestExecutionListener.java:191) ~[main/:?]
	at org.springframework.test.context.TestContextManager.beforeTestMethod(TestContextManager.java:288) ~[main/:?]
	at org.springframework.test.context.junit.jupiter.SpringExtension.beforeEach(SpringExtension.java:106) ~[main/:?]
	at org.junit.jupiter.engine.descriptor.MethodTestDescriptor.lambda$null$1(MethodTestDescriptor.java:171) ~[junit-jupiter-engine-5.0.0-M2.jar:5.0.0-M2]
	at org.junit.jupiter.engine.execution.ThrowableCollector.execute(ThrowableCollector.java:40) ~[junit-jupiter-engine-5.0.0-M2.jar:5.0.0-M2]
	at org.junit.jupiter.engine.descriptor.MethodTestDescriptor.invokeBeforeMethodsOrCallbacksUntilExceptionOccurs(MethodTestDescriptor.java:195) ~[junit-jupiter-engine-5.0.0-M2.jar:5.0.0-M2]
	at org.junit.jupiter.engine.descriptor.MethodTestDescriptor.invokeBeforeEachCallbacks(MethodTestDescriptor.java:170) ~[junit-jupiter-engine-5.0.0-M2.jar:5.0.0-M2]
	at org.junit.jupiter.engine.descriptor.MethodTestDescriptor.execute(MethodTestDescriptor.java:149) ~[junit-jupiter-engine-5.0.0-M2.jar:5.0.0-M2]
	at org.junit.jupiter.engine.descriptor.MethodTestDescriptor.execute(MethodTestDescriptor.java:63) ~[junit-jupiter-engine-5.0.0-M2.jar:5.0.0-M2]
	at org.junit.platform.engine.support.hierarchical.HierarchicalTestExecutor.lambda$execute$0(HierarchicalTestExecutor.java:81) ~[junit-platform-engine-1.0.0-M2.jar:1.0.0-M2]
	at org.junit.platform.engine.support.hierarchical.SingleTestExecutor.executeSafely(SingleTestExecutor.java:66) ~[junit-platform-engine-1.0.0-M2.jar:1.0.0-M2]
	at org.junit.platform.engine.support.hierarchical.HierarchicalTestExecutor.execute(HierarchicalTestExecutor.java:77) ~[junit-platform-engine-1.0.0-M2.jar:1.0.0-M2]
	at org.junit.platform.engine.support.hierarchical.HierarchicalTestExecutor.lambda$execute$0(HierarchicalTestExecutor.java:88) ~[junit-platform-engine-1.0.0-M2.jar:1.0.0-M2]
	at org.junit.platform.engine.support.hierarchical.SingleTestExecutor.executeSafely(SingleTestExecutor.java:66) ~[junit-platform-engine-1.0.0-M2.jar:1.0.0-M2]
	at org.junit.platform.engine.support.hierarchical.HierarchicalTestExecutor.execute(HierarchicalTestExecutor.java:77) ~[junit-platform-engine-1.0.0-M2.jar:1.0.0-M2]
	at org.junit.platform.engine.support.hierarchical.HierarchicalTestExecutor.lambda$execute$0(HierarchicalTestExecutor.java:88) ~[junit-platform-engine-1.0.0-M2.jar:1.0.0-M2]
	at org.junit.platform.engine.support.hierarchical.SingleTestExecutor.executeSafely(SingleTestExecutor.java:66) ~[junit-platform-engine-1.0.0-M2.jar:1.0.0-M2]
	at org.junit.platform.engine.support.hierarchical.HierarchicalTestExecutor.execute(HierarchicalTestExecutor.java:77) ~[junit-platform-engine-1.0.0-M2.jar:1.0.0-M2]
	at org.junit.platform.engine.support.hierarchical.HierarchicalTestExecutor.execute(HierarchicalTestExecutor.java:51) ~[junit-platform-engine-1.0.0-M2.jar:1.0.0-M2]
	at org.junit.platform.engine.support.hierarchical.HierarchicalTestEngine.execute(HierarchicalTestEngine.java:43) ~[junit-platform-engine-1.0.0-M2.jar:1.0.0-M2]
	at org.junit.platform.launcher.core.DefaultLauncher.execute(DefaultLauncher.java:124) ~[junit-platform-launcher-1.0.0-M2.jar:1.0.0-M2]
	at org.junit.platform.launcher.core.DefaultLauncher.execute(DefaultLauncher.java:84) ~[junit-platform-launcher-1.0.0-M2.jar:1.0.0-M2]
	at org.springframework.test.context.junit.jupiter.FailingBeforeAndAfterMethodsSpringExtensionTestCase.runTestAndAssertCounters(FailingBeforeAndAfterMethodsSpringExtensionTestCase.java:97) ~[test/:?]
	at org.springframework.test.context.junit.jupiter.FailingBeforeAndAfterMethodsSpringExtensionTestCase.lambda$null$0(FailingBeforeAndAfterMethodsSpringExtensionTestCase.java:89) ~[test/:?]
	at org.junit.platform.engine.support.hierarchical.SingleTestExecutor.executeSafely(SingleTestExecutor.java:66) ~[junit-platform-engine-1.0.0-M2.jar:1.0.0-M2]
	at org.junit.jupiter.engine.descriptor.TestFactoryTestDescriptor.registerAndExecute(TestFactoryTestDescriptor.java:132) ~[junit-jupiter-engine-5.0.0-M2.jar:5.0.0-M2]
	at org.junit.jupiter.engine.descriptor.TestFactoryTestDescriptor.lambda$null$0(TestFactoryTestDescriptor.java:92) ~[junit-jupiter-engine-5.0.0-M2.jar:5.0.0-M2]
	at java.util.stream.ForEachOps$ForEachOp$OfRef.accept(ForEachOps.java:184) ~[?:1.8.0_101]
	at java.util.stream.ReferencePipeline$3$1.accept(ReferencePipeline.java:193) ~[?:1.8.0_101]
	at java.util.Spliterators$ArraySpliterator.forEachRemaining(Spliterators.java:948) ~[?:1.8.0_101]
	at java.util.stream.AbstractPipeline.copyInto(AbstractPipeline.java:481) ~[?:1.8.0_101]
	at java.util.stream.AbstractPipeline.wrapAndCopyInto(AbstractPipeline.java:471) ~[?:1.8.0_101]
	at java.util.stream.ForEachOps$ForEachOp.evaluateSequential(ForEachOps.java:151) ~[?:1.8.0_101]
	at java.util.stream.ForEachOps$ForEachOp$OfRef.evaluateSequential(ForEachOps.java:174) ~[?:1.8.0_101]
	at java.util.stream.AbstractPipeline.evaluate(AbstractPipeline.java:234) ~[?:1.8.0_101]
	at java.util.stream.ReferencePipeline.forEach(ReferencePipeline.java:418) ~[?:1.8.0_101]
	at org.junit.jupiter.engine.descriptor.TestFactoryTestDescriptor.lambda$invokeTestMethod$1(TestFactoryTestDescriptor.java:91) ~[junit-jupiter-engine-5.0.0-M2.jar:5.0.0-M2]
	at org.junit.jupiter.engine.execution.ThrowableCollector.execute(ThrowableCollector.java:40) ~[junit-jupiter-engine-5.0.0-M2.jar:5.0.0-M2]
	at org.junit.jupiter.engine.descriptor.TestFactoryTestDescriptor.invokeTestMethod(TestFactoryTestDescriptor.java:83) ~[junit-jupiter-engine-5.0.0-M2.jar:5.0.0-M2]
	at org.junit.jupiter.engine.descriptor.MethodTestDescriptor.execute(MethodTestDescriptor.java:155) ~[junit-jupiter-engine-5.0.0-M2.jar:5.0.0-M2]
	at org.junit.jupiter.engine.descriptor.MethodTestDescriptor.execute(MethodTestDescriptor.java:63) ~[junit-jupiter-engine-5.0.0-M2.jar:5.0.0-M2]
	at org.junit.platform.engine.support.hierarchical.HierarchicalTestExecutor.lambda$execute$0(HierarchicalTestExecutor.java:81) ~[junit-platform-engine-1.0.0-M2.jar:1.0.0-M2]
	at org.junit.platform.engine.support.hierarchical.SingleTestExecutor.executeSafely(SingleTestExecutor.java:66) ~[junit-platform-engine-1.0.0-M2.jar:1.0.0-M2]
	at org.junit.platform.engine.support.hierarchical.HierarchicalTestExecutor.execute(HierarchicalTestExecutor.java:77) ~[junit-platform-engine-1.0.0-M2.jar:1.0.0-M2]
	at org.junit.platform.engine.support.hierarchical.HierarchicalTestExecutor.lambda$execute$0(HierarchicalTestExecutor.java:88) ~[junit-platform-engine-1.0.0-M2.jar:1.0.0-M2]
	at org.junit.platform.engine.support.hierarchical.SingleTestExecutor.executeSafely(SingleTestExecutor.java:66) ~[junit-platform-engine-1.0.0-M2.jar:1.0.0-M2]
	at org.junit.platform.engine.support.hierarchical.HierarchicalTestExecutor.execute(HierarchicalTestExecutor.java:77) ~[junit-platform-engine-1.0.0-M2.jar:1.0.0-M2]
	at org.junit.platform.engine.support.hierarchical.HierarchicalTestExecutor.lambda$execute$0(HierarchicalTestExecutor.java:88) ~[junit-platform-engine-1.0.0-M2.jar:1.0.0-M2]
	at org.junit.platform.engine.support.hierarchical.SingleTestExecutor.executeSafely(SingleTestExecutor.java:66) [junit-platform-engine-1.0.0-M2.jar:1.0.0-M2]
	at org.junit.platform.engine.support.hierarchical.HierarchicalTestExecutor.execute(HierarchicalTestExecutor.java:77) [junit-platform-engine-1.0.0-M2.jar:1.0.0-M2]
	at org.junit.platform.engine.support.hierarchical.HierarchicalTestExecutor.execute(HierarchicalTestExecutor.java:51) [junit-platform-engine-1.0.0-M2.jar:1.0.0-M2]
	at org.junit.platform.engine.support.hierarchical.HierarchicalTestEngine.execute(HierarchicalTestEngine.java:43) [junit-platform-engine-1.0.0-M2.jar:1.0.0-M2]
	at org.junit.platform.launcher.core.DefaultLauncher.execute(DefaultLauncher.java:124) [junit-platform-launcher-1.0.0-M2.jar:1.0.0-M2]
	at org.junit.platform.launcher.core.DefaultLauncher.execute(DefaultLauncher.java:84) [junit-platform-launcher-1.0.0-M2.jar:1.0.0-M2]
	at org.junit.platform.runner.JUnitPlatform.run(JUnitPlatform.java:108) [junit-platform-runner-1.0.0-M2.jar:1.0.0-M2]
	at org.gradle.api.internal.tasks.testing.junit.JUnitTestClassExecuter.runTestClass(JUnitTestClassExecuter.java:114) [gradle-testing-jvm-3.1.jar:3.1]
	at org.gradle.api.internal.tasks.testing.junit.JUnitTestClassExecuter.execute(JUnitTestClassExecuter.java:57) [gradle-testing-jvm-3.1.jar:3.1]
	at org.gradle.api.internal.tasks.testing.junit.JUnitTestClassProcessor.processTestClass(JUnitTestClassProcessor.java:66) [gradle-testing-jvm-3.1.jar:3.1]
	at org.gradle.api.internal.tasks.testing.SuiteTestClassProcessor.processTestClass(SuiteTestClassProcessor.java:51) [gradle-testing-base-3.1.jar:3.1]
	at sun.reflect.GeneratedMethodAccessor107.invoke(Unknown Source) ~[?:?]
	at sun.reflect.DelegatingMethodAccessorImpl.invoke(DelegatingMethodAccessorImpl.java:43) ~[?:1.8.0_101]
	at java.lang.reflect.Method.invoke(Method.java:498) ~[?:1.8.0_101]
	at org.gradle.internal.dispatch.ReflectionDispatch.dispatch(ReflectionDispatch.java:35) [gradle-messaging-3.1.jar:3.1]
	at org.gradle.internal.dispatch.ReflectionDispatch.dispatch(ReflectionDispatch.java:24) [gradle-messaging-3.1.jar:3.1]
	at org.gradle.internal.dispatch.ContextClassLoaderDispatch.dispatch(ContextClassLoaderDispatch.java:32) [gradle-messaging-3.1.jar:3.1]
	at org.gradle.internal.dispatch.ProxyDispatchAdapter$DispatchingInvocationHandler.invoke(ProxyDispatchAdapter.java:93) [gradle-messaging-3.1.jar:3.1]
	at com.sun.proxy.$Proxy2.processTestClass(Unknown Source) [?:?]
	at org.gradle.api.internal.tasks.testing.worker.TestWorker.processTestClass(TestWorker.java:109) [gradle-testing-base-3.1.jar:3.1]
	at sun.reflect.GeneratedMethodAccessor106.invoke(Unknown Source) ~[?:?]
	at sun.reflect.DelegatingMethodAccessorImpl.invoke(DelegatingMethodAccessorImpl.java:43) ~[?:1.8.0_101]
	at java.lang.reflect.Method.invoke(Method.java:498) ~[?:1.8.0_101]
	at org.gradle.internal.dispatch.ReflectionDispatch.dispatch(ReflectionDispatch.java:35) [gradle-messaging-3.1.jar:3.1]
	at org.gradle.internal.dispatch.ReflectionDispatch.dispatch(ReflectionDispatch.java:24) [gradle-messaging-3.1.jar:3.1]
	at org.gradle.internal.remote.internal.hub.MessageHub$Handler.run(MessageHub.java:377) [gradle-messaging-3.1.jar:3.1]
	at org.gradle.internal.concurrent.ExecutorPolicy$CatchAndRecordFailures.onExecute(ExecutorPolicy.java:54) [gradle-base-services-3.1.jar:3.1]
	at org.gradle.internal.concurrent.StoppableExecutorImpl$1.run(StoppableExecutorImpl.java:40) [gradle-base-services-3.1.jar:3.1]
	at java.util.concurrent.ThreadPoolExecutor.runWorker(ThreadPoolExecutor.java:1142) [?:1.8.0_101]
	at java.util.concurrent.ThreadPoolExecutor$Worker.run(ThreadPoolExecutor.java:617) [?:1.8.0_101]
	at java.lang.Thread.run(Thread.java:745) [?:1.8.0_101]
16:55:56.293 [Test worker] ERROR org.springframework.test.context.transaction.TransactionalTestExecutionListener - Exception encountered while executing @AfterTransaction method [void org.springframework.test.context.junit.jupiter.FailingBeforeAndAfterMethodsSpringExtensionTestCase$FailingAfterTransactionTestCase.afterTransaction()] for test context [DefaultTestContext@6c35684 testClass = FailingBeforeAndAfterMethodsSpringExtensionTestCase.FailingAfterTransactionTestCase, testInstance = org.springframework.test.context.junit.jupiter.FailingBeforeAndAfterMethodsSpringExtensionTestCase$FailingAfterTransactionTestCase@4f9cbdc7, testMethod = testNothing@FailingBeforeAndAfterMethodsSpringExtensionTestCase.FailingAfterTransactionTestCase, testException = [null], mergedContextConfiguration = [MergedContextConfiguration@3a7c39df testClass = FailingBeforeAndAfterMethodsSpringExtensionTestCase.FailingAfterTransactionTestCase, locations = '{}', classes = '{class org.springframework.test.context.junit.jupiter.FailingBeforeAndAfterMethodsSpringExtensionTestCase$DatabaseConfig}', contextInitializerClasses = '[]', activeProfiles = '{}', propertySourceLocations = '{}', propertySourceProperties = '{}', contextCustomizers = set[[empty]], contextLoader = 'org.springframework.test.context.support.DelegatingSmartContextLoader', parent = [null]], attributes = map[[empty]]]
org.opentest4j.AssertionFailedError: always failing afterTransaction()
	at org.junit.jupiter.api.Assertions.fail(Assertions.java:53) ~[junit-jupiter-api-5.0.0-M2.jar:5.0.0-M2]
	at org.springframework.test.context.junit.jupiter.FailingBeforeAndAfterMethodsSpringExtensionTestCase$FailingAfterTransactionTestCase.afterTransaction(FailingBeforeAndAfterMethodsSpringExtensionTestCase.java:264) ~[test/:?]
	at sun.reflect.NativeMethodAccessorImpl.invoke0(Native Method) ~[?:1.8.0_101]
	at sun.reflect.NativeMethodAccessorImpl.invoke(NativeMethodAccessorImpl.java:62) ~[?:1.8.0_101]
	at sun.reflect.DelegatingMethodAccessorImpl.invoke(DelegatingMethodAccessorImpl.java:43) ~[?:1.8.0_101]
	at java.lang.reflect.Method.invoke(Method.java:498) ~[?:1.8.0_101]
	at org.springframework.test.context.transaction.TransactionalTestExecutionListener.runAfterTransactionMethods(TransactionalTestExecutionListener.java:272) ~[main/:?]
	at org.springframework.test.context.transaction.TransactionalTestExecutionListener.afterTestMethod(TransactionalTestExecutionListener.java:220) ~[main/:?]
	at org.springframework.test.context.TestContextManager.afterTestMethod(TestContextManager.java:436) ~[main/:?]
	at org.springframework.test.context.junit.jupiter.SpringExtension.afterEach(SpringExtension.java:138) ~[main/:?]
	at org.junit.jupiter.engine.descriptor.MethodTestDescriptor.lambda$null$12(MethodTestDescriptor.java:255) ~[junit-jupiter-engine-5.0.0-M2.jar:5.0.0-M2]
	at org.junit.jupiter.engine.execution.ThrowableCollector.execute(ThrowableCollector.java:40) ~[junit-jupiter-engine-5.0.0-M2.jar:5.0.0-M2]
	at org.junit.jupiter.engine.descriptor.MethodTestDescriptor.lambda$invokeAllAfterMethodsOrCallbacks$14(MethodTestDescriptor.java:266) ~[junit-jupiter-engine-5.0.0-M2.jar:5.0.0-M2]
	at java.util.ArrayList.forEach(ArrayList.java:1249) ~[?:1.8.0_101]
	at org.junit.jupiter.engine.descriptor.MethodTestDescriptor.invokeAllAfterMethodsOrCallbacks(MethodTestDescriptor.java:264) ~[junit-jupiter-engine-5.0.0-M2.jar:5.0.0-M2]
	at org.junit.jupiter.engine.descriptor.MethodTestDescriptor.invokeAfterEachCallbacks(MethodTestDescriptor.java:254) ~[junit-jupiter-engine-5.0.0-M2.jar:5.0.0-M2]
	at org.junit.jupiter.engine.descriptor.MethodTestDescriptor.execute(MethodTestDescriptor.java:161) ~[junit-jupiter-engine-5.0.0-M2.jar:5.0.0-M2]
	at org.junit.jupiter.engine.descriptor.MethodTestDescriptor.execute(MethodTestDescriptor.java:63) ~[junit-jupiter-engine-5.0.0-M2.jar:5.0.0-M2]
	at org.junit.platform.engine.support.hierarchical.HierarchicalTestExecutor.lambda$execute$0(HierarchicalTestExecutor.java:81) ~[junit-platform-engine-1.0.0-M2.jar:1.0.0-M2]
	at org.junit.platform.engine.support.hierarchical.SingleTestExecutor.executeSafely(SingleTestExecutor.java:66) ~[junit-platform-engine-1.0.0-M2.jar:1.0.0-M2]
	at org.junit.platform.engine.support.hierarchical.HierarchicalTestExecutor.execute(HierarchicalTestExecutor.java:77) ~[junit-platform-engine-1.0.0-M2.jar:1.0.0-M2]
	at org.junit.platform.engine.support.hierarchical.HierarchicalTestExecutor.lambda$execute$0(HierarchicalTestExecutor.java:88) ~[junit-platform-engine-1.0.0-M2.jar:1.0.0-M2]
	at org.junit.platform.engine.support.hierarchical.SingleTestExecutor.executeSafely(SingleTestExecutor.java:66) ~[junit-platform-engine-1.0.0-M2.jar:1.0.0-M2]
	at org.junit.platform.engine.support.hierarchical.HierarchicalTestExecutor.execute(HierarchicalTestExecutor.java:77) ~[junit-platform-engine-1.0.0-M2.jar:1.0.0-M2]
	at org.junit.platform.engine.support.hierarchical.HierarchicalTestExecutor.lambda$execute$0(HierarchicalTestExecutor.java:88) ~[junit-platform-engine-1.0.0-M2.jar:1.0.0-M2]
	at org.junit.platform.engine.support.hierarchical.SingleTestExecutor.executeSafely(SingleTestExecutor.java:66) ~[junit-platform-engine-1.0.0-M2.jar:1.0.0-M2]
	at org.junit.platform.engine.support.hierarchical.HierarchicalTestExecutor.execute(HierarchicalTestExecutor.java:77) ~[junit-platform-engine-1.0.0-M2.jar:1.0.0-M2]
	at org.junit.platform.engine.support.hierarchical.HierarchicalTestExecutor.execute(HierarchicalTestExecutor.java:51) ~[junit-platform-engine-1.0.0-M2.jar:1.0.0-M2]
	at org.junit.platform.engine.support.hierarchical.HierarchicalTestEngine.execute(HierarchicalTestEngine.java:43) ~[junit-platform-engine-1.0.0-M2.jar:1.0.0-M2]
	at org.junit.platform.launcher.core.DefaultLauncher.execute(DefaultLauncher.java:124) ~[junit-platform-launcher-1.0.0-M2.jar:1.0.0-M2]
	at org.junit.platform.launcher.core.DefaultLauncher.execute(DefaultLauncher.java:84) ~[junit-platform-launcher-1.0.0-M2.jar:1.0.0-M2]
	at org.springframework.test.context.junit.jupiter.FailingBeforeAndAfterMethodsSpringExtensionTestCase.runTestAndAssertCounters(FailingBeforeAndAfterMethodsSpringExtensionTestCase.java:97) ~[test/:?]
	at org.springframework.test.context.junit.jupiter.FailingBeforeAndAfterMethodsSpringExtensionTestCase.lambda$null$0(FailingBeforeAndAfterMethodsSpringExtensionTestCase.java:89) ~[test/:?]
	at org.junit.platform.engine.support.hierarchical.SingleTestExecutor.executeSafely(SingleTestExecutor.java:66) ~[junit-platform-engine-1.0.0-M2.jar:1.0.0-M2]
	at org.junit.jupiter.engine.descriptor.TestFactoryTestDescriptor.registerAndExecute(TestFactoryTestDescriptor.java:132) ~[junit-jupiter-engine-5.0.0-M2.jar:5.0.0-M2]
	at org.junit.jupiter.engine.descriptor.TestFactoryTestDescriptor.lambda$null$0(TestFactoryTestDescriptor.java:92) ~[junit-jupiter-engine-5.0.0-M2.jar:5.0.0-M2]
	at java.util.stream.ForEachOps$ForEachOp$OfRef.accept(ForEachOps.java:184) ~[?:1.8.0_101]
	at java.util.stream.ReferencePipeline$3$1.accept(ReferencePipeline.java:193) ~[?:1.8.0_101]
	at java.util.Spliterators$ArraySpliterator.forEachRemaining(Spliterators.java:948) ~[?:1.8.0_101]
	at java.util.stream.AbstractPipeline.copyInto(AbstractPipeline.java:481) ~[?:1.8.0_101]
	at java.util.stream.AbstractPipeline.wrapAndCopyInto(AbstractPipeline.java:471) ~[?:1.8.0_101]
	at java.util.stream.ForEachOps$ForEachOp.evaluateSequential(ForEachOps.java:151) ~[?:1.8.0_101]
	at java.util.stream.ForEachOps$ForEachOp$OfRef.evaluateSequential(ForEachOps.java:174) ~[?:1.8.0_101]
	at java.util.stream.AbstractPipeline.evaluate(AbstractPipeline.java:234) ~[?:1.8.0_101]
	at java.util.stream.ReferencePipeline.forEach(ReferencePipeline.java:418) ~[?:1.8.0_101]
	at org.junit.jupiter.engine.descriptor.TestFactoryTestDescriptor.lambda$invokeTestMethod$1(TestFactoryTestDescriptor.java:91) ~[junit-jupiter-engine-5.0.0-M2.jar:5.0.0-M2]
	at org.junit.jupiter.engine.execution.ThrowableCollector.execute(ThrowableCollector.java:40) ~[junit-jupiter-engine-5.0.0-M2.jar:5.0.0-M2]
	at org.junit.jupiter.engine.descriptor.TestFactoryTestDescriptor.invokeTestMethod(TestFactoryTestDescriptor.java:83) ~[junit-jupiter-engine-5.0.0-M2.jar:5.0.0-M2]
	at org.junit.jupiter.engine.descriptor.MethodTestDescriptor.execute(MethodTestDescriptor.java:155) ~[junit-jupiter-engine-5.0.0-M2.jar:5.0.0-M2]
	at org.junit.jupiter.engine.descriptor.MethodTestDescriptor.execute(MethodTestDescriptor.java:63) ~[junit-jupiter-engine-5.0.0-M2.jar:5.0.0-M2]
	at org.junit.platform.engine.support.hierarchical.HierarchicalTestExecutor.lambda$execute$0(HierarchicalTestExecutor.java:81) ~[junit-platform-engine-1.0.0-M2.jar:1.0.0-M2]
	at org.junit.platform.engine.support.hierarchical.SingleTestExecutor.executeSafely(SingleTestExecutor.java:66) ~[junit-platform-engine-1.0.0-M2.jar:1.0.0-M2]
	at org.junit.platform.engine.support.hierarchical.HierarchicalTestExecutor.execute(HierarchicalTestExecutor.java:77) ~[junit-platform-engine-1.0.0-M2.jar:1.0.0-M2]
	at org.junit.platform.engine.support.hierarchical.HierarchicalTestExecutor.lambda$execute$0(HierarchicalTestExecutor.java:88) ~[junit-platform-engine-1.0.0-M2.jar:1.0.0-M2]
	at org.junit.platform.engine.support.hierarchical.SingleTestExecutor.executeSafely(SingleTestExecutor.java:66) ~[junit-platform-engine-1.0.0-M2.jar:1.0.0-M2]
	at org.junit.platform.engine.support.hierarchical.HierarchicalTestExecutor.execute(HierarchicalTestExecutor.java:77) ~[junit-platform-engine-1.0.0-M2.jar:1.0.0-M2]
	at org.junit.platform.engine.support.hierarchical.HierarchicalTestExecutor.lambda$execute$0(HierarchicalTestExecutor.java:88) ~[junit-platform-engine-1.0.0-M2.jar:1.0.0-M2]
	at org.junit.platform.engine.support.hierarchical.SingleTestExecutor.executeSafely(SingleTestExecutor.java:66) [junit-platform-engine-1.0.0-M2.jar:1.0.0-M2]
	at org.junit.platform.engine.support.hierarchical.HierarchicalTestExecutor.execute(HierarchicalTestExecutor.java:77) [junit-platform-engine-1.0.0-M2.jar:1.0.0-M2]
	at org.junit.platform.engine.support.hierarchical.HierarchicalTestExecutor.execute(HierarchicalTestExecutor.java:51) [junit-platform-engine-1.0.0-M2.jar:1.0.0-M2]
	at org.junit.platform.engine.support.hierarchical.HierarchicalTestEngine.execute(HierarchicalTestEngine.java:43) [junit-platform-engine-1.0.0-M2.jar:1.0.0-M2]
	at org.junit.platform.launcher.core.DefaultLauncher.execute(DefaultLauncher.java:124) [junit-platform-launcher-1.0.0-M2.jar:1.0.0-M2]
	at org.junit.platform.launcher.core.DefaultLauncher.execute(DefaultLauncher.java:84) [junit-platform-launcher-1.0.0-M2.jar:1.0.0-M2]
	at org.junit.platform.runner.JUnitPlatform.run(JUnitPlatform.java:108) [junit-platform-runner-1.0.0-M2.jar:1.0.0-M2]
	at org.gradle.api.internal.tasks.testing.junit.JUnitTestClassExecuter.runTestClass(JUnitTestClassExecuter.java:114) [gradle-testing-jvm-3.1.jar:3.1]
	at org.gradle.api.internal.tasks.testing.junit.JUnitTestClassExecuter.execute(JUnitTestClassExecuter.java:57) [gradle-testing-jvm-3.1.jar:3.1]
	at org.gradle.api.internal.tasks.testing.junit.JUnitTestClassProcessor.processTestClass(JUnitTestClassProcessor.java:66) [gradle-testing-jvm-3.1.jar:3.1]
	at org.gradle.api.internal.tasks.testing.SuiteTestClassProcessor.processTestClass(SuiteTestClassProcessor.java:51) [gradle-testing-base-3.1.jar:3.1]
	at sun.reflect.GeneratedMethodAccessor107.invoke(Unknown Source) ~[?:?]
	at sun.reflect.DelegatingMethodAccessorImpl.invoke(DelegatingMethodAccessorImpl.java:43) ~[?:1.8.0_101]
	at java.lang.reflect.Method.invoke(Method.java:498) ~[?:1.8.0_101]
	at org.gradle.internal.dispatch.ReflectionDispatch.dispatch(ReflectionDispatch.java:35) [gradle-messaging-3.1.jar:3.1]
	at org.gradle.internal.dispatch.ReflectionDispatch.dispatch(ReflectionDispatch.java:24) [gradle-messaging-3.1.jar:3.1]
	at org.gradle.internal.dispatch.ContextClassLoaderDispatch.dispatch(ContextClassLoaderDispatch.java:32) [gradle-messaging-3.1.jar:3.1]
	at org.gradle.internal.dispatch.ProxyDispatchAdapter$DispatchingInvocationHandler.invoke(ProxyDispatchAdapter.java:93) [gradle-messaging-3.1.jar:3.1]
	at com.sun.proxy.$Proxy2.processTestClass(Unknown Source) [?:?]
	at org.gradle.api.internal.tasks.testing.worker.TestWorker.processTestClass(TestWorker.java:109) [gradle-testing-base-3.1.jar:3.1]
	at sun.reflect.GeneratedMethodAccessor106.invoke(Unknown Source) ~[?:?]
	at sun.reflect.DelegatingMethodAccessorImpl.invoke(DelegatingMethodAccessorImpl.java:43) ~[?:1.8.0_101]
	at java.lang.reflect.Method.invoke(Method.java:498) ~[?:1.8.0_101]
	at org.gradle.internal.dispatch.ReflectionDispatch.dispatch(ReflectionDispatch.java:35) [gradle-messaging-3.1.jar:3.1]
	at org.gradle.internal.dispatch.ReflectionDispatch.dispatch(ReflectionDispatch.java:24) [gradle-messaging-3.1.jar:3.1]
	at org.gradle.internal.remote.internal.hub.MessageHub$Handler.run(MessageHub.java:377) [gradle-messaging-3.1.jar:3.1]
	at org.gradle.internal.concurrent.ExecutorPolicy$CatchAndRecordFailures.onExecute(ExecutorPolicy.java:54) [gradle-base-services-3.1.jar:3.1]
	at org.gradle.internal.concurrent.StoppableExecutorImpl$1.run(StoppableExecutorImpl.java:40) [gradle-base-services-3.1.jar:3.1]
	at java.util.concurrent.ThreadPoolExecutor.runWorker(ThreadPoolExecutor.java:1142) [?:1.8.0_101]
	at java.util.concurrent.ThreadPoolExecutor$Worker.run(ThreadPoolExecutor.java:617) [?:1.8.0_101]
	at java.lang.Thread.run(Thread.java:745) [?:1.8.0_101]
16:55:56.299 [Test worker] WARN  org.springframework.test.context.TestContextManager - Caught exception while invoking 'afterTestMethod' callback on TestExecutionListener [org.springframework.test.context.transaction.TransactionalTestExecutionListener@591b0cf9] for test method [void org.springframework.test.context.junit.jupiter.FailingBeforeAndAfterMethodsSpringExtensionTestCase$FailingAfterTransactionTestCase.testNothing()] and test instance [org.springframework.test.context.junit.jupiter.FailingBeforeAndAfterMethodsSpringExtensionTestCase$FailingAfterTransactionTestCase@4f9cbdc7]
org.opentest4j.AssertionFailedError: always failing afterTransaction()
	at org.junit.jupiter.api.Assertions.fail(Assertions.java:53) ~[junit-jupiter-api-5.0.0-M2.jar:5.0.0-M2]
	at org.springframework.test.context.junit.jupiter.FailingBeforeAndAfterMethodsSpringExtensionTestCase$FailingAfterTransactionTestCase.afterTransaction(FailingBeforeAndAfterMethodsSpringExtensionTestCase.java:264) ~[test/:?]
	at sun.reflect.NativeMethodAccessorImpl.invoke0(Native Method) ~[?:1.8.0_101]
	at sun.reflect.NativeMethodAccessorImpl.invoke(NativeMethodAccessorImpl.java:62) ~[?:1.8.0_101]
	at sun.reflect.DelegatingMethodAccessorImpl.invoke(DelegatingMethodAccessorImpl.java:43) ~[?:1.8.0_101]
	at java.lang.reflect.Method.invoke(Method.java:498) ~[?:1.8.0_101]
	at org.springframework.test.context.transaction.TransactionalTestExecutionListener.runAfterTransactionMethods(TransactionalTestExecutionListener.java:272) ~[main/:?]
	at org.springframework.test.context.transaction.TransactionalTestExecutionListener.afterTestMethod(TransactionalTestExecutionListener.java:220) ~[main/:?]
	at org.springframework.test.context.TestContextManager.afterTestMethod(TestContextManager.java:436) ~[main/:?]
	at org.springframework.test.context.junit.jupiter.SpringExtension.afterEach(SpringExtension.java:138) ~[main/:?]
	at org.junit.jupiter.engine.descriptor.MethodTestDescriptor.lambda$null$12(MethodTestDescriptor.java:255) ~[junit-jupiter-engine-5.0.0-M2.jar:5.0.0-M2]
	at org.junit.jupiter.engine.execution.ThrowableCollector.execute(ThrowableCollector.java:40) ~[junit-jupiter-engine-5.0.0-M2.jar:5.0.0-M2]
	at org.junit.jupiter.engine.descriptor.MethodTestDescriptor.lambda$invokeAllAfterMethodsOrCallbacks$14(MethodTestDescriptor.java:266) ~[junit-jupiter-engine-5.0.0-M2.jar:5.0.0-M2]
	at java.util.ArrayList.forEach(ArrayList.java:1249) ~[?:1.8.0_101]
	at org.junit.jupiter.engine.descriptor.MethodTestDescriptor.invokeAllAfterMethodsOrCallbacks(MethodTestDescriptor.java:264) ~[junit-jupiter-engine-5.0.0-M2.jar:5.0.0-M2]
	at org.junit.jupiter.engine.descriptor.MethodTestDescriptor.invokeAfterEachCallbacks(MethodTestDescriptor.java:254) ~[junit-jupiter-engine-5.0.0-M2.jar:5.0.0-M2]
	at org.junit.jupiter.engine.descriptor.MethodTestDescriptor.execute(MethodTestDescriptor.java:161) ~[junit-jupiter-engine-5.0.0-M2.jar:5.0.0-M2]
	at org.junit.jupiter.engine.descriptor.MethodTestDescriptor.execute(MethodTestDescriptor.java:63) ~[junit-jupiter-engine-5.0.0-M2.jar:5.0.0-M2]
	at org.junit.platform.engine.support.hierarchical.HierarchicalTestExecutor.lambda$execute$0(HierarchicalTestExecutor.java:81) ~[junit-platform-engine-1.0.0-M2.jar:1.0.0-M2]
	at org.junit.platform.engine.support.hierarchical.SingleTestExecutor.executeSafely(SingleTestExecutor.java:66) ~[junit-platform-engine-1.0.0-M2.jar:1.0.0-M2]
	at org.junit.platform.engine.support.hierarchical.HierarchicalTestExecutor.execute(HierarchicalTestExecutor.java:77) ~[junit-platform-engine-1.0.0-M2.jar:1.0.0-M2]
	at org.junit.platform.engine.support.hierarchical.HierarchicalTestExecutor.lambda$execute$0(HierarchicalTestExecutor.java:88) ~[junit-platform-engine-1.0.0-M2.jar:1.0.0-M2]
	at org.junit.platform.engine.support.hierarchical.SingleTestExecutor.executeSafely(SingleTestExecutor.java:66) ~[junit-platform-engine-1.0.0-M2.jar:1.0.0-M2]
	at org.junit.platform.engine.support.hierarchical.HierarchicalTestExecutor.execute(HierarchicalTestExecutor.java:77) ~[junit-platform-engine-1.0.0-M2.jar:1.0.0-M2]
	at org.junit.platform.engine.support.hierarchical.HierarchicalTestExecutor.lambda$execute$0(HierarchicalTestExecutor.java:88) ~[junit-platform-engine-1.0.0-M2.jar:1.0.0-M2]
	at org.junit.platform.engine.support.hierarchical.SingleTestExecutor.executeSafely(SingleTestExecutor.java:66) ~[junit-platform-engine-1.0.0-M2.jar:1.0.0-M2]
	at org.junit.platform.engine.support.hierarchical.HierarchicalTestExecutor.execute(HierarchicalTestExecutor.java:77) ~[junit-platform-engine-1.0.0-M2.jar:1.0.0-M2]
	at org.junit.platform.engine.support.hierarchical.HierarchicalTestExecutor.execute(HierarchicalTestExecutor.java:51) ~[junit-platform-engine-1.0.0-M2.jar:1.0.0-M2]
	at org.junit.platform.engine.support.hierarchical.HierarchicalTestEngine.execute(HierarchicalTestEngine.java:43) ~[junit-platform-engine-1.0.0-M2.jar:1.0.0-M2]
	at org.junit.platform.launcher.core.DefaultLauncher.execute(DefaultLauncher.java:124) ~[junit-platform-launcher-1.0.0-M2.jar:1.0.0-M2]
	at org.junit.platform.launcher.core.DefaultLauncher.execute(DefaultLauncher.java:84) ~[junit-platform-launcher-1.0.0-M2.jar:1.0.0-M2]
	at org.springframework.test.context.junit.jupiter.FailingBeforeAndAfterMethodsSpringExtensionTestCase.runTestAndAssertCounters(FailingBeforeAndAfterMethodsSpringExtensionTestCase.java:97) ~[test/:?]
	at org.springframework.test.context.junit.jupiter.FailingBeforeAndAfterMethodsSpringExtensionTestCase.lambda$null$0(FailingBeforeAndAfterMethodsSpringExtensionTestCase.java:89) ~[test/:?]
	at org.junit.platform.engine.support.hierarchical.SingleTestExecutor.executeSafely(SingleTestExecutor.java:66) ~[junit-platform-engine-1.0.0-M2.jar:1.0.0-M2]
	at org.junit.jupiter.engine.descriptor.TestFactoryTestDescriptor.registerAndExecute(TestFactoryTestDescriptor.java:132) ~[junit-jupiter-engine-5.0.0-M2.jar:5.0.0-M2]
	at org.junit.jupiter.engine.descriptor.TestFactoryTestDescriptor.lambda$null$0(TestFactoryTestDescriptor.java:92) ~[junit-jupiter-engine-5.0.0-M2.jar:5.0.0-M2]
	at java.util.stream.ForEachOps$ForEachOp$OfRef.accept(ForEachOps.java:184) ~[?:1.8.0_101]
	at java.util.stream.ReferencePipeline$3$1.accept(ReferencePipeline.java:193) ~[?:1.8.0_101]
	at java.util.Spliterators$ArraySpliterator.forEachRemaining(Spliterators.java:948) ~[?:1.8.0_101]
	at java.util.stream.AbstractPipeline.copyInto(AbstractPipeline.java:481) ~[?:1.8.0_101]
	at java.util.stream.AbstractPipeline.wrapAndCopyInto(AbstractPipeline.java:471) ~[?:1.8.0_101]
	at java.util.stream.ForEachOps$ForEachOp.evaluateSequential(ForEachOps.java:151) ~[?:1.8.0_101]
	at java.util.stream.ForEachOps$ForEachOp$OfRef.evaluateSequential(ForEachOps.java:174) ~[?:1.8.0_101]
	at java.util.stream.AbstractPipeline.evaluate(AbstractPipeline.java:234) ~[?:1.8.0_101]
	at java.util.stream.ReferencePipeline.forEach(ReferencePipeline.java:418) ~[?:1.8.0_101]
	at org.junit.jupiter.engine.descriptor.TestFactoryTestDescriptor.lambda$invokeTestMethod$1(TestFactoryTestDescriptor.java:91) ~[junit-jupiter-engine-5.0.0-M2.jar:5.0.0-M2]
	at org.junit.jupiter.engine.execution.ThrowableCollector.execute(ThrowableCollector.java:40) ~[junit-jupiter-engine-5.0.0-M2.jar:5.0.0-M2]
	at org.junit.jupiter.engine.descriptor.TestFactoryTestDescriptor.invokeTestMethod(TestFactoryTestDescriptor.java:83) ~[junit-jupiter-engine-5.0.0-M2.jar:5.0.0-M2]
	at org.junit.jupiter.engine.descriptor.MethodTestDescriptor.execute(MethodTestDescriptor.java:155) ~[junit-jupiter-engine-5.0.0-M2.jar:5.0.0-M2]
	at org.junit.jupiter.engine.descriptor.MethodTestDescriptor.execute(MethodTestDescriptor.java:63) ~[junit-jupiter-engine-5.0.0-M2.jar:5.0.0-M2]
	at org.junit.platform.engine.support.hierarchical.HierarchicalTestExecutor.lambda$execute$0(HierarchicalTestExecutor.java:81) ~[junit-platform-engine-1.0.0-M2.jar:1.0.0-M2]
	at org.junit.platform.engine.support.hierarchical.SingleTestExecutor.executeSafely(SingleTestExecutor.java:66) ~[junit-platform-engine-1.0.0-M2.jar:1.0.0-M2]
	at org.junit.platform.engine.support.hierarchical.HierarchicalTestExecutor.execute(HierarchicalTestExecutor.java:77) ~[junit-platform-engine-1.0.0-M2.jar:1.0.0-M2]
	at org.junit.platform.engine.support.hierarchical.HierarchicalTestExecutor.lambda$execute$0(HierarchicalTestExecutor.java:88) ~[junit-platform-engine-1.0.0-M2.jar:1.0.0-M2]
	at org.junit.platform.engine.support.hierarchical.SingleTestExecutor.executeSafely(SingleTestExecutor.java:66) ~[junit-platform-engine-1.0.0-M2.jar:1.0.0-M2]
	at org.junit.platform.engine.support.hierarchical.HierarchicalTestExecutor.execute(HierarchicalTestExecutor.java:77) ~[junit-platform-engine-1.0.0-M2.jar:1.0.0-M2]
	at org.junit.platform.engine.support.hierarchical.HierarchicalTestExecutor.lambda$execute$0(HierarchicalTestExecutor.java:88) ~[junit-platform-engine-1.0.0-M2.jar:1.0.0-M2]
	at org.junit.platform.engine.support.hierarchical.SingleTestExecutor.executeSafely(SingleTestExecutor.java:66) [junit-platform-engine-1.0.0-M2.jar:1.0.0-M2]
	at org.junit.platform.engine.support.hierarchical.HierarchicalTestExecutor.execute(HierarchicalTestExecutor.java:77) [junit-platform-engine-1.0.0-M2.jar:1.0.0-M2]
	at org.junit.platform.engine.support.hierarchical.HierarchicalTestExecutor.execute(HierarchicalTestExecutor.java:51) [junit-platform-engine-1.0.0-M2.jar:1.0.0-M2]
	at org.junit.platform.engine.support.hierarchical.HierarchicalTestEngine.execute(HierarchicalTestEngine.java:43) [junit-platform-engine-1.0.0-M2.jar:1.0.0-M2]
	at org.junit.platform.launcher.core.DefaultLauncher.execute(DefaultLauncher.java:124) [junit-platform-launcher-1.0.0-M2.jar:1.0.0-M2]
	at org.junit.platform.launcher.core.DefaultLauncher.execute(DefaultLauncher.java:84) [junit-platform-launcher-1.0.0-M2.jar:1.0.0-M2]
	at org.junit.platform.runner.JUnitPlatform.run(JUnitPlatform.java:108) [junit-platform-runner-1.0.0-M2.jar:1.0.0-M2]
	at org.gradle.api.internal.tasks.testing.junit.JUnitTestClassExecuter.runTestClass(JUnitTestClassExecuter.java:114) [gradle-testing-jvm-3.1.jar:3.1]
	at org.gradle.api.internal.tasks.testing.junit.JUnitTestClassExecuter.execute(JUnitTestClassExecuter.java:57) [gradle-testing-jvm-3.1.jar:3.1]
	at org.gradle.api.internal.tasks.testing.junit.JUnitTestClassProcessor.processTestClass(JUnitTestClassProcessor.java:66) [gradle-testing-jvm-3.1.jar:3.1]
	at org.gradle.api.internal.tasks.testing.SuiteTestClassProcessor.processTestClass(SuiteTestClassProcessor.java:51) [gradle-testing-base-3.1.jar:3.1]
	at sun.reflect.GeneratedMethodAccessor107.invoke(Unknown Source) ~[?:?]
	at sun.reflect.DelegatingMethodAccessorImpl.invoke(DelegatingMethodAccessorImpl.java:43) ~[?:1.8.0_101]
	at java.lang.reflect.Method.invoke(Method.java:498) ~[?:1.8.0_101]
	at org.gradle.internal.dispatch.ReflectionDispatch.dispatch(ReflectionDispatch.java:35) [gradle-messaging-3.1.jar:3.1]
	at org.gradle.internal.dispatch.ReflectionDispatch.dispatch(ReflectionDispatch.java:24) [gradle-messaging-3.1.jar:3.1]
	at org.gradle.internal.dispatch.ContextClassLoaderDispatch.dispatch(ContextClassLoaderDispatch.java:32) [gradle-messaging-3.1.jar:3.1]
	at org.gradle.internal.dispatch.ProxyDispatchAdapter$DispatchingInvocationHandler.invoke(ProxyDispatchAdapter.java:93) [gradle-messaging-3.1.jar:3.1]
	at com.sun.proxy.$Proxy2.processTestClass(Unknown Source) [?:?]
	at org.gradle.api.internal.tasks.testing.worker.TestWorker.processTestClass(TestWorker.java:109) [gradle-testing-base-3.1.jar:3.1]
	at sun.reflect.GeneratedMethodAccessor106.invoke(Unknown Source) ~[?:?]
	at sun.reflect.DelegatingMethodAccessorImpl.invoke(DelegatingMethodAccessorImpl.java:43) ~[?:1.8.0_101]
	at java.lang.reflect.Method.invoke(Method.java:498) ~[?:1.8.0_101]
	at org.gradle.internal.dispatch.ReflectionDispatch.dispatch(ReflectionDispatch.java:35) [gradle-messaging-3.1.jar:3.1]
	at org.gradle.internal.dispatch.ReflectionDispatch.dispatch(ReflectionDispatch.java:24) [gradle-messaging-3.1.jar:3.1]
	at org.gradle.internal.remote.internal.hub.MessageHub$Handler.run(MessageHub.java:377) [gradle-messaging-3.1.jar:3.1]
	at org.gradle.internal.concurrent.ExecutorPolicy$CatchAndRecordFailures.onExecute(ExecutorPolicy.java:54) [gradle-base-services-3.1.jar:3.1]
	at org.gradle.internal.concurrent.StoppableExecutorImpl$1.run(StoppableExecutorImpl.java:40) [gradle-base-services-3.1.jar:3.1]
	at java.util.concurrent.ThreadPoolExecutor.runWorker(ThreadPoolExecutor.java:1142) [?:1.8.0_101]
	at java.util.concurrent.ThreadPoolExecutor$Worker.run(ThreadPoolExecutor.java:617) [?:1.8.0_101]
	at java.lang.Thread.run(Thread.java:745) [?:1.8.0_101]
]]></system-out>
  <system-err><![CDATA[十一月 10, 2016 4:55:56 下午 org.junit.platform.launcher.core.ServiceLoaderTestEngineRegistry loadTestEngines
信息: Discovered TestEngines with IDs: [junit-jupiter]
十一月 10, 2016 4:55:56 下午 org.junit.platform.launcher.core.ServiceLoaderTestEngineRegistry loadTestEngines
信息: Discovered TestEngines with IDs: [junit-jupiter]
十一月 10, 2016 4:55:56 下午 org.junit.platform.launcher.core.ServiceLoaderTestEngineRegistry loadTestEngines
信息: Discovered TestEngines with IDs: [junit-jupiter]
十一月 10, 2016 4:55:56 下午 org.junit.platform.launcher.core.ServiceLoaderTestEngineRegistry loadTestEngines
信息: Discovered TestEngines with IDs: [junit-jupiter]
十一月 10, 2016 4:55:56 下午 org.junit.platform.launcher.core.ServiceLoaderTestEngineRegistry loadTestEngines
信息: Discovered TestEngines with IDs: [junit-jupiter]
十一月 10, 2016 4:55:56 下午 org.junit.platform.launcher.core.ServiceLoaderTestEngineRegistry loadTestEngines
信息: Discovered TestEngines with IDs: [junit-jupiter]
十一月 10, 2016 4:55:56 下午 org.junit.platform.launcher.core.ServiceLoaderTestEngineRegistry loadTestEngines
信息: Discovered TestEngines with IDs: [junit-jupiter]
十一月 10, 2016 4:55:56 下午 org.junit.platform.launcher.core.ServiceLoaderTestEngineRegistry loadTestEngines
信息: Discovered TestEngines with IDs: [junit-jupiter]
十一月 10, 2016 4:55:56 下午 org.junit.platform.launcher.core.ServiceLoaderTestEngineRegistry loadTestEngines
信息: Discovered TestEngines with IDs: [junit-jupiter]
]]></system-err>
</testsuite>
