<?xml version="1.0" encoding="UTF-8"?>
<testsuite name="org.springframework.test.context.ContextHierarchyDirtiesContextTests" tests="4" skipped="0" failures="0" errors="0" timestamp="2016-11-10T08:55:50" hostname="XB-20161010YVDY" time="0.378">
  <properties/>
  <testcase name="classLevelDirtiesContextWithCurrentLevelHierarchyMode" classname="org.springframework.test.context.ContextHierarchyDirtiesContextTests" time="0.172"/>
  <testcase name="classLevelDirtiesContextWithExhaustiveHierarchyMode" classname="org.springframework.test.context.ContextHierarchyDirtiesContextTests" time="0.04"/>
  <testcase name="methodLevelDirtiesContextWithCurrentLevelHierarchyMode" classname="org.springframework.test.context.ContextHierarchyDirtiesContextTests" time="0.098"/>
  <testcase name="methodLevelDirtiesContextWithExhaustiveHierarchyMode" classname="org.springframework.test.context.ContextHierarchyDirtiesContextTests" time="0.067"/>
  <system-out><![CDATA[]]></system-out>
  <system-err><![CDATA[]]></system-err>
</testsuite>
