<?xml version="1.0" encoding="UTF-8"?>
<testsuite name="org.springframework.test.web.servlet.samples.spr.MockMvcBuilderMethodChainTests" tests="1" skipped="0" failures="0" errors="0" timestamp="2016-11-10T08:56:25" hostname="XB-20161010YVDY" time="0.015">
  <properties/>
  <testcase name="chainMultiple" classname="org.springframework.test.web.servlet.samples.spr.MockMvcBuilderMethodChainTests" time="0.015"/>
  <system-out><![CDATA[]]></system-out>
  <system-err><![CDATA[]]></system-err>
</testsuite>
