<?xml version="1.0" encoding="UTF-8"?>
<testsuite name="org.springframework.test.context.web.ServletTestExecutionListenerTests" tests="6" skipped="0" failures="0" errors="0" timestamp="2016-11-10T08:56:16" hostname="XB-20161010YVDY" time="0.007">
  <properties/>
  <testcase name="legacyWebTestCaseWithPresetRequestAttributes" classname="org.springframework.test.context.web.ServletTestExecutionListenerTests" time="0.001"/>
  <testcase name="standardApplicationContext" classname="org.springframework.test.context.web.ServletTestExecutionListenerTests" time="0.0"/>
  <testcase name="activateListenerWithoutExistingRequestAttributes" classname="org.springframework.test.context.web.ServletTestExecutionListenerTests" time="0.002"/>
  <testcase name="atWebAppConfigTestCaseWithoutExistingRequestAttributes" classname="org.springframework.test.context.web.ServletTestExecutionListenerTests" time="0.002"/>
  <testcase name="legacyWebTestCaseWithoutExistingRequestAttributes" classname="org.springframework.test.context.web.ServletTestExecutionListenerTests" time="0.0"/>
  <testcase name="atWebAppConfigTestCaseWithPresetRequestAttributes" classname="org.springframework.test.context.web.ServletTestExecutionListenerTests" time="0.0"/>
  <system-out><![CDATA[]]></system-out>
  <system-err><![CDATA[]]></system-err>
</testsuite>
