<?xml version="1.0" encoding="UTF-8"?>
<testsuite name="org.springframework.test.web.servlet.samples.standalone.FilterTests" tests="6" skipped="0" failures="0" errors="0" timestamp="2016-11-10T08:56:27" hostname="XB-20161010YVDY" time="0.321">
  <properties/>
  <testcase name="filtersProcessRequest" classname="org.springframework.test.web.servlet.samples.standalone.FilterTests" time="0.041"/>
  <testcase name="filterMappedBySuffix" classname="org.springframework.test.web.servlet.samples.standalone.FilterTests" time="0.039"/>
  <testcase name="whenFiltersCompleteMvcProcessesRequest" classname="org.springframework.test.web.servlet.samples.standalone.FilterTests" time="0.123"/>
  <testcase name="filterWrapsRequestResponse" classname="org.springframework.test.web.servlet.samples.standalone.FilterTests" time="0.041"/>
  <testcase name="filterWithExactMapping" classname="org.springframework.test.web.servlet.samples.standalone.FilterTests" time="0.036"/>
  <testcase name="filterSkipped" classname="org.springframework.test.web.servlet.samples.standalone.FilterTests" time="0.04"/>
  <system-out><![CDATA[]]></system-out>
  <system-err><![CDATA[]]></system-err>
</testsuite>
