<?xml version="1.0" encoding="UTF-8"?>
<testsuite name="org.springframework.test.web.client.DefaultRequestExpectationTests" tests="4" skipped="0" failures="0" errors="0" timestamp="2016-11-10T08:56:17" hostname="XB-20161010YVDY" time="0.017">
  <properties/>
  <testcase name="hasRemainingCount" classname="org.springframework.test.web.client.DefaultRequestExpectationTests" time="0.016"/>
  <testcase name="matchWithFailedExpection" classname="org.springframework.test.web.client.DefaultRequestExpectationTests" time="0.001"/>
  <testcase name="isSatisfied" classname="org.springframework.test.web.client.DefaultRequestExpectationTests" time="0.0"/>
  <testcase name="match" classname="org.springframework.test.web.client.DefaultRequestExpectationTests" time="0.0"/>
  <system-out><![CDATA[]]></system-out>
  <system-err><![CDATA[]]></system-err>
</testsuite>
