<?xml version="1.0" encoding="UTF-8"?>
<testsuite name="org.springframework.test.context.jdbc.MetaAnnotationSqlScriptsTests" tests="2" skipped="0" failures="0" errors="0" timestamp="2016-11-10T08:55:54" hostname="XB-20161010YVDY" time="0.009">
  <properties/>
  <testcase name="metaSqlAnnotation" classname="org.springframework.test.context.jdbc.MetaAnnotationSqlScriptsTests" time="0.003"/>
  <testcase name="metaSqlGroupAnnotation" classname="org.springframework.test.context.jdbc.MetaAnnotationSqlScriptsTests" time="0.005"/>
  <system-out><![CDATA[]]></system-out>
  <system-err><![CDATA[]]></system-err>
</testsuite>
