<?xml version="1.0" encoding="UTF-8"?>
<testsuite name="org.springframework.test.context.web.BasicAnnotationConfigWacTests" tests="3" skipped="0" failures="0" errors="0" timestamp="2016-11-10T08:56:16" hostname="XB-20161010YVDY" time="0.002">
  <properties/>
  <testcase name="fooEnigmaAutowired" classname="org.springframework.test.context.web.BasicAnnotationConfigWacTests" time="0.0"/>
  <testcase name="servletContextAwareBeanProcessed" classname="org.springframework.test.context.web.BasicAnnotationConfigWacTests" time="0.001"/>
  <testcase name="basicWacFeatures" classname="org.springframework.test.context.web.BasicAnnotationConfigWacTests" time="0.0"/>
  <system-out><![CDATA[]]></system-out>
  <system-err><![CDATA[]]></system-err>
</testsuite>
