<?xml version="1.0" encoding="UTF-8"?>
<testsuite name="org.springframework.test.context.testng.ConcreteTransactionalTestNGSpringContextTests" tests="8" skipped="0" failures="0" errors="0" timestamp="2016-11-10T07:43:10" hostname="XB-20161010YVDY" time="0.024">
  <properties/>
  <testcase name="modifyTestDataWithinTransaction" classname="org.springframework.test.context.testng.ConcreteTransactionalTestNGSpringContextTests" time="0.001"/>
  <testcase name="verifyAnnotationAutowiredFields" classname="org.springframework.test.context.testng.ConcreteTransactionalTestNGSpringContextTests" time="0.0"/>
  <testcase name="verifyAnnotationAutowiredMethods" classname="org.springframework.test.context.testng.ConcreteTransactionalTestNGSpringContextTests" time="0.0"/>
  <testcase name="verifyApplicationContextSet" classname="org.springframework.test.context.testng.ConcreteTransactionalTestNGSpringContextTests" time="0.0"/>
  <testcase name="verifyBeanInitialized" classname="org.springframework.test.context.testng.ConcreteTransactionalTestNGSpringContextTests" time="0.0"/>
  <testcase name="verifyBeanNameSet" classname="org.springframework.test.context.testng.ConcreteTransactionalTestNGSpringContextTests" time="0.001"/>
  <testcase name="verifyResourceAnnotationInjectedFields" classname="org.springframework.test.context.testng.ConcreteTransactionalTestNGSpringContextTests" time="0.0"/>
  <testcase name="verifyResourceAnnotationInjectedMethods" classname="org.springframework.test.context.testng.ConcreteTransactionalTestNGSpringContextTests" time="0.0"/>
  <system-out><![CDATA[]]></system-out>
  <system-err><![CDATA[]]></system-err>
</testsuite>
