<?xml version="1.0" encoding="UTF-8"?>
<testsuite name="org.springframework.test.context.testng.web.ServletTestExecutionListenerTestNGIntegrationTests" tests="2" skipped="0" failures="0" errors="0" timestamp="2016-11-10T07:43:09" hostname="XB-20161010YVDY" time="0.002">
  <properties/>
  <testcase name="ensureMocksAreReinjectedBetweenTests_1" classname="org.springframework.test.context.testng.web.ServletTestExecutionListenerTestNGIntegrationTests" time="0.0"/>
  <testcase name="ensureMocksAreReinjectedBetweenTests_2" classname="org.springframework.test.context.testng.web.ServletTestExecutionListenerTestNGIntegrationTests" time="0.0"/>
  <system-out><![CDATA[]]></system-out>
  <system-err><![CDATA[]]></system-err>
</testsuite>
