<?xml version="1.0" encoding="UTF-8"?>
<testsuite name="org.springframework.test.context.support.TestPropertySourceUtilsTests" tests="23" skipped="0" failures="0" errors="0" timestamp="2016-11-10T08:56:13" hostname="XB-20161010YVDY" time="0.032">
  <properties/>
  <testcase name="addInlinedPropertiesToEnvironmentWithMalformedUnicodeInValue" classname="org.springframework.test.context.support.TestPropertySourceUtilsTests" time="0.002"/>
  <testcase name="addPropertiesFilesToEnvironmentWithSinglePropertyFromVirtualFile" classname="org.springframework.test.context.support.TestPropertySourceUtilsTests" time="0.013"/>
  <testcase name="locationsAndValueAttributes" classname="org.springframework.test.context.support.TestPropertySourceUtilsTests" time="0.001"/>
  <testcase name="overriddenProperties" classname="org.springframework.test.context.support.TestPropertySourceUtilsTests" time="0.002"/>
  <testcase name="overriddenLocations" classname="org.springframework.test.context.support.TestPropertySourceUtilsTests" time="0.001"/>
  <testcase name="addInlinedPropertiesToEnvironmentWithNullEnvironment" classname="org.springframework.test.context.support.TestPropertySourceUtilsTests" time="0.0"/>
  <testcase name="emptyAnnotation" classname="org.springframework.test.context.support.TestPropertySourceUtilsTests" time="0.003"/>
  <testcase name="overriddenLocationsAndProperties" classname="org.springframework.test.context.support.TestPropertySourceUtilsTests" time="0.001"/>
  <testcase name="addInlinedPropertiesToEnvironmentWithMultipleKeyValuePairsInSingleInlinedProperty" classname="org.springframework.test.context.support.TestPropertySourceUtilsTests" time="0.0"/>
  <testcase name="addInlinedPropertiesToEnvironmentWithNullContext" classname="org.springframework.test.context.support.TestPropertySourceUtilsTests" time="0.0"/>
  <testcase name="value" classname="org.springframework.test.context.support.TestPropertySourceUtilsTests" time="0.001"/>
  <testcase name="locationsAndProperties" classname="org.springframework.test.context.support.TestPropertySourceUtilsTests" time="0.001"/>
  <testcase name="addPropertiesFilesToEnvironmentWithNullContext" classname="org.springframework.test.context.support.TestPropertySourceUtilsTests" time="0.0"/>
  <testcase name="addPropertiesFilesToEnvironmentWithNullEnvironment" classname="org.springframework.test.context.support.TestPropertySourceUtilsTests" time="0.0"/>
  <testcase name="addInlinedPropertiesToEnvironmentWithEmptyProperty" classname="org.springframework.test.context.support.TestPropertySourceUtilsTests" time="0.0"/>
  <testcase name="addPropertiesFilesToEnvironmentWithEnvironmentAndNullLocations" classname="org.springframework.test.context.support.TestPropertySourceUtilsTests" time="0.0"/>
  <testcase name="addPropertiesFilesToEnvironmentWithContextAndNullLocations" classname="org.springframework.test.context.support.TestPropertySourceUtilsTests" time="0.0"/>
  <testcase name="extendedEmptyAnnotation" classname="org.springframework.test.context.support.TestPropertySourceUtilsTests" time="0.002"/>
  <testcase name="convertInlinedPropertiesToMapWithNullInlinedProperties" classname="org.springframework.test.context.support.TestPropertySourceUtilsTests" time="0.0"/>
  <testcase name="addInlinedPropertiesToEnvironmentWithEnvironmentAndNullInlinedProperties" classname="org.springframework.test.context.support.TestPropertySourceUtilsTests" time="0.0"/>
  <testcase name="extendedLocationsAndProperties" classname="org.springframework.test.context.support.TestPropertySourceUtilsTests" time="0.001"/>
  <testcase name="addInlinedPropertiesToEnvironmentWithContextAndNullInlinedProperties" classname="org.springframework.test.context.support.TestPropertySourceUtilsTests" time="0.0"/>
  <testcase name="inheritedLocationsAndProperties" classname="org.springframework.test.context.support.TestPropertySourceUtilsTests" time="0.001"/>
  <system-out><![CDATA[16:56:13.648 [Test worker] ERROR org.springframework.test.context.support.TestPropertySourceAttributes - Could not detect default properties file for test [org.springframework.test.context.support.TestPropertySourceUtilsTests$EmptyPropertySources]: class path resource [org/springframework/test/context/support/TestPropertySourceUtilsTests$EmptyPropertySources.properties] does not exist. Either declare the 'locations' or 'properties' attributes of @TestPropertySource or make the default properties file available.
16:56:13.655 [Test worker] ERROR org.springframework.test.context.support.TestPropertySourceAttributes - Could not detect default properties file for test [org.springframework.test.context.support.TestPropertySourceUtilsTests$ExtendedEmptyPropertySources]: class path resource [org/springframework/test/context/support/TestPropertySourceUtilsTests$ExtendedEmptyPropertySources.properties] does not exist. Either declare the 'locations' or 'properties' attributes of @TestPropertySource or make the default properties file available.
]]></system-out>
  <system-err><![CDATA[]]></system-err>
</testsuite>
