<?xml version="1.0" encoding="UTF-8"?>
<testsuite name="org.springframework.test.context.transaction.ejb.CommitForRequiresNewEjbTxDaoTests" tests="3" skipped="0" failures="0" errors="0" timestamp="2016-11-10T08:56:15" hostname="XB-20161010YVDY" time="0.026">
  <properties/>
  <testcase name="test1InitialState" classname="org.springframework.test.context.transaction.ejb.CommitForRequiresNewEjbTxDaoTests" time="0.014"/>
  <testcase name="test2IncrementCount1" classname="org.springframework.test.context.transaction.ejb.CommitForRequiresNewEjbTxDaoTests" time="0.005"/>
  <testcase name="test3IncrementCount2" classname="org.springframework.test.context.transaction.ejb.CommitForRequiresNewEjbTxDaoTests" time="0.005"/>
  <system-out><![CDATA[]]></system-out>
  <system-err><![CDATA[]]></system-err>
</testsuite>
