<?xml version="1.0" encoding="UTF-8"?>
<testsuite name="org.springframework.test.web.servlet.samples.standalone.RedirectTests" tests="5" skipped="0" failures="0" errors="0" timestamp="2016-11-10T08:56:27" hostname="XB-20161010YVDY" time="0.234">
  <properties/>
  <testcase name="saveSpecial" classname="org.springframework.test.web.servlet.samples.standalone.RedirectTests" time="0.042"/>
  <testcase name="saveSpecialWithErrors" classname="org.springframework.test.web.servlet.samples.standalone.RedirectTests" time="0.074"/>
  <testcase name="save" classname="org.springframework.test.web.servlet.samples.standalone.RedirectTests" time="0.04"/>
  <testcase name="saveWithErrors" classname="org.springframework.test.web.servlet.samples.standalone.RedirectTests" time="0.04"/>
  <testcase name="getPerson" classname="org.springframework.test.web.servlet.samples.standalone.RedirectTests" time="0.038"/>
  <system-out><![CDATA[]]></system-out>
  <system-err><![CDATA[]]></system-err>
</testsuite>
