<?xml version="1.0" encoding="UTF-8"?>
<testsuite name="org.springframework.test.web.client.samples.SampleAsyncTests" tests="4" skipped="0" failures="0" errors="0" timestamp="2016-11-10T08:56:19" hostname="XB-20161010YVDY" time="0.073">
  <properties/>
  <testcase name="performGetManyTimes" classname="org.springframework.test.web.client.samples.SampleAsyncTests" time="0.017"/>
  <testcase name="verify" classname="org.springframework.test.web.client.samples.SampleAsyncTests" time="0.0"/>
  <testcase name="performGetWithResponseBodyFromFile" classname="org.springframework.test.web.client.samples.SampleAsyncTests" time="0.002"/>
  <testcase name="performGet" classname="org.springframework.test.web.client.samples.SampleAsyncTests" time="0.001"/>
  <system-out><![CDATA[]]></system-out>
  <system-err><![CDATA[]]></system-err>
</testsuite>
