<?xml version="1.0" encoding="UTF-8"?>
<testsuite name="org.springframework.test.web.servlet.samples.standalone.ExceptionHandlerTests" tests="2" skipped="0" failures="0" errors="0" timestamp="2016-11-10T08:56:27" hostname="XB-20161010YVDY" time="0.102">
  <properties/>
  <testcase name="testExceptionHandlerMethod" classname="org.springframework.test.web.servlet.samples.standalone.ExceptionHandlerTests" time="0.049"/>
  <testcase name="testGlobalExceptionHandlerMethod" classname="org.springframework.test.web.servlet.samples.standalone.ExceptionHandlerTests" time="0.053"/>
  <system-out><![CDATA[]]></system-out>
  <system-err><![CDATA[]]></system-err>
</testsuite>
