<?xml version="1.0" encoding="UTF-8"?>
<testsuite name="org.springframework.test.context.junit4.rules.BeforeAndAfterTransactionAnnotationSpringRuleTests" tests="3" skipped="0" failures="0" errors="0" timestamp="2016-11-10T08:56:08" hostname="XB-20161010YVDY" time="0.013">
  <properties/>
  <testcase name="transactionalMethod1" classname="org.springframework.test.context.junit4.rules.BeforeAndAfterTransactionAnnotationSpringRuleTests" time="0.007"/>
  <testcase name="transactionalMethod2" classname="org.springframework.test.context.junit4.rules.BeforeAndAfterTransactionAnnotationSpringRuleTests" time="0.003"/>
  <testcase name="nonTransactionalMethod" classname="org.springframework.test.context.junit4.rules.BeforeAndAfterTransactionAnnotationSpringRuleTests" time="0.002"/>
  <system-out><![CDATA[]]></system-out>
  <system-err><![CDATA[]]></system-err>
</testsuite>
