<?xml version="1.0" encoding="UTF-8"?>
<testsuite name="org.springframework.test.context.cache.ClassLevelDirtiesContextTestNGTests" tests="1" skipped="0" failures="0" errors="0" timestamp="2016-11-10T08:55:43" hostname="XB-20161010YVDY" time="2.02">
  <properties/>
  <testcase name="verifyDirtiesContextBehavior" classname="org.springframework.test.context.cache.ClassLevelDirtiesContextTestNGTests" time="2.02"/>
  <system-out><![CDATA[]]></system-out>
  <system-err><![CDATA[]]></system-err>
</testsuite>
