<?xml version="1.0" encoding="UTF-8"?>
<testsuite name="org.springframework.test.context.support.AnnotationConfigContextLoaderUtilsTests" tests="4" skipped="0" failures="0" errors="0" timestamp="2016-11-10T08:56:13" hostname="XB-20161010YVDY" time="0.005">
  <properties/>
  <testcase name="detectDefaultConfigurationClassesWithExplicitConfigurationAnnotation" classname="org.springframework.test.context.support.AnnotationConfigContextLoaderUtilsTests" time="0.001"/>
  <testcase name="detectDefaultConfigurationClassesWithoutConfigurationClass" classname="org.springframework.test.context.support.AnnotationConfigContextLoaderUtilsTests" time="0.001"/>
  <testcase name="detectDefaultConfigurationClassesWithConfigurationMetaAnnotation" classname="org.springframework.test.context.support.AnnotationConfigContextLoaderUtilsTests" time="0.003"/>
  <testcase name="detectDefaultConfigurationClassesWithNullDeclaringClass" classname="org.springframework.test.context.support.AnnotationConfigContextLoaderUtilsTests" time="0.0"/>
  <system-out><![CDATA[]]></system-out>
  <system-err><![CDATA[]]></system-err>
</testsuite>
