<?xml version="1.0" encoding="UTF-8"?>
<testsuite name="org.springframework.test.web.client.match.MockRestRequestMatchersTests" tests="14" skipped="0" failures="0" errors="0" timestamp="2016-11-10T08:56:18" hostname="XB-20161010YVDY" time="0.005">
  <properties/>
  <testcase name="header" classname="org.springframework.test.web.client.match.MockRestRequestMatchersTests" time="0.001"/>
  <testcase name="method" classname="org.springframework.test.web.client.match.MockRestRequestMatchersTests" time="0.0"/>
  <testcase name="headerContainsWithMissingValue" classname="org.springframework.test.web.client.match.MockRestRequestMatchersTests" time="0.001"/>
  <testcase name="requestToNoMatch" classname="org.springframework.test.web.client.match.MockRestRequestMatchersTests" time="0.001"/>
  <testcase name="headersWithMissingValue" classname="org.springframework.test.web.client.match.MockRestRequestMatchersTests" time="0.0"/>
  <testcase name="headersWithMissingHeader" classname="org.springframework.test.web.client.match.MockRestRequestMatchersTests" time="0.0"/>
  <testcase name="methodNoMatch" classname="org.springframework.test.web.client.match.MockRestRequestMatchersTests" time="0.0"/>
  <testcase name="requestToContains" classname="org.springframework.test.web.client.match.MockRestRequestMatchersTests" time="0.001"/>
  <testcase name="requestTo" classname="org.springframework.test.web.client.match.MockRestRequestMatchersTests" time="0.0"/>
  <testcase name="headerMissing" classname="org.springframework.test.web.client.match.MockRestRequestMatchersTests" time="0.0"/>
  <testcase name="headers" classname="org.springframework.test.web.client.match.MockRestRequestMatchersTests" time="0.0"/>
  <testcase name="headerContains" classname="org.springframework.test.web.client.match.MockRestRequestMatchersTests" time="0.0"/>
  <testcase name="headerContainsWithMissingHeader" classname="org.springframework.test.web.client.match.MockRestRequestMatchersTests" time="0.001"/>
  <testcase name="headerMissingValue" classname="org.springframework.test.web.client.match.MockRestRequestMatchersTests" time="0.0"/>
  <system-out><![CDATA[]]></system-out>
  <system-err><![CDATA[]]></system-err>
</testsuite>
