<?xml version="1.0" encoding="UTF-8"?>
<testsuite name="org.springframework.test.context.support.ActiveProfilesUtilsTests" tests="27" skipped="0" failures="0" errors="0" timestamp="2016-11-10T08:56:13" hostname="XB-20161010YVDY" time="0.036">
  <properties/>
  <testcase name="resolveActiveProfilesWithLocalAndInheritedAnnotations" classname="org.springframework.test.context.support.ActiveProfilesUtilsTests" time="0.003"/>
  <testcase name="resolveActiveProfilesWithDuplicatedProfiles" classname="org.springframework.test.context.support.ActiveProfilesUtilsTests" time="0.002"/>
  <testcase name="resolveActiveProfilesWithMetaAnnotationAndTestClassVerifyingResolver" classname="org.springframework.test.context.support.ActiveProfilesUtilsTests" time="0.005"/>
  <testcase name="resolveActiveProfilesWithResolverAndProfiles" classname="org.springframework.test.context.support.ActiveProfilesUtilsTests" time="0.001"/>
  <testcase name="resolveActiveProfilesWithMetaAnnotationAndOverriddenAttributes" classname="org.springframework.test.context.support.ActiveProfilesUtilsTests" time="0.002"/>
  <testcase name="resolveActiveProfilesWithLocalAndInheritedDuplicatedProfiles" classname="org.springframework.test.context.support.ActiveProfilesUtilsTests" time="0.001"/>
  <testcase name="resolveActiveProfilesWithExtendedDefaultActiveProfilesResolver" classname="org.springframework.test.context.support.ActiveProfilesUtilsTests" time="0.0"/>
  <testcase name="resolveActiveProfilesWithEmptyProfiles" classname="org.springframework.test.context.support.ActiveProfilesUtilsTests" time="0.001"/>
  <testcase name="resolveActiveProfilesWithNoProfilesDeclared" classname="org.springframework.test.context.support.ActiveProfilesUtilsTests" time="0.001"/>
  <testcase name="resolveActiveProfilesWithMetaAnnotation" classname="org.springframework.test.context.support.ActiveProfilesUtilsTests" time="0.002"/>
  <testcase name="resolveActiveProfilesWithOverridenInheritedResolver" classname="org.springframework.test.context.support.ActiveProfilesUtilsTests" time="0.003"/>
  <testcase name="resolveActiveProfilesWithDefaultActiveProfilesResolver" classname="org.springframework.test.context.support.ActiveProfilesUtilsTests" time="0.0"/>
  <testcase name="resolveActiveProfilesWithOverriddenAnnotation" classname="org.springframework.test.context.support.ActiveProfilesUtilsTests" time="0.001"/>
  <testcase name="resolveActiveProfilesWithLocalAndInheritedMetaAnnotations" classname="org.springframework.test.context.support.ActiveProfilesUtilsTests" time="0.002"/>
  <testcase name="resolveActiveProfilesWithoutAnnotation" classname="org.springframework.test.context.support.ActiveProfilesUtilsTests" time="0.001"/>
  <testcase name="resolveActiveProfilesWithResolverAndValue" classname="org.springframework.test.context.support.ActiveProfilesUtilsTests" time="0.001"/>
  <testcase name="resolveActiveProfilesWithResolver" classname="org.springframework.test.context.support.ActiveProfilesUtilsTests" time="0.0"/>
  <testcase name="resolveActiveProfilesWithResolverThatReturnsNull" classname="org.springframework.test.context.support.ActiveProfilesUtilsTests" time="0.001"/>
  <testcase name="resolveActiveProfilesWithMergedInheritedResolver" classname="org.springframework.test.context.support.ActiveProfilesUtilsTests" time="0.001"/>
  <testcase name="resolveActiveProfilesWithOverriddenMetaAnnotation" classname="org.springframework.test.context.support.ActiveProfilesUtilsTests" time="0.003"/>
  <testcase name="resolveActiveProfilesWithResolverWithoutDefaultConstructor" classname="org.springframework.test.context.support.ActiveProfilesUtilsTests" time="0.001"/>
  <testcase name="resolveActiveProfilesWithLocalAnnotation" classname="org.springframework.test.context.support.ActiveProfilesUtilsTests" time="0.0"/>
  <testcase name="resolveActiveProfilesWithInheritedAnnotationAndLocations" classname="org.springframework.test.context.support.ActiveProfilesUtilsTests" time="0.001"/>
  <testcase name="resolveActiveProfilesWithConflictingProfilesAndValue" classname="org.springframework.test.context.support.ActiveProfilesUtilsTests" time="0.0"/>
  <testcase name="resolveActiveProfilesWithMetaAnnotationAndOverrides" classname="org.springframework.test.context.support.ActiveProfilesUtilsTests" time="0.001"/>
  <testcase name="resolveActiveProfilesWithInheritedAnnotationAndClasses" classname="org.springframework.test.context.support.ActiveProfilesUtilsTests" time="0.002"/>
  <testcase name="resolveActiveProfilesWithInheritedResolver" classname="org.springframework.test.context.support.ActiveProfilesUtilsTests" time="0.0"/>
  <system-out><![CDATA[16:56:13.333 [Test worker] ERROR org.springframework.test.context.support.ActiveProfilesUtils - ActiveProfilesResolver [org.springframework.test.context.support.ActiveProfilesUtilsTests$NullActiveProfilesResolver] returned a null array of bean definition profiles
16:56:13.338 [Test worker] ERROR org.springframework.test.context.support.ActiveProfilesUtils - Could not instantiate ActiveProfilesResolver of type [org.springframework.test.context.support.ActiveProfilesUtilsTests$NoDefaultConstructorActiveProfilesResolver] for test class [org.springframework.test.context.support.ActiveProfilesUtilsTests$NoDefaultConstructorActiveProfilesResolverTestCase]
]]></system-out>
  <system-err><![CDATA[]]></system-err>
</testsuite>
