<?xml version="1.0" encoding="UTF-8"?>
<testsuite name="org.springframework.test.web.client.match.ContentRequestMatchersTests" tests="12" skipped="0" failures="0" errors="0" timestamp="2016-11-10T08:56:17" hostname="XB-20161010YVDY" time="0.645">
  <properties/>
  <testcase name="testXml" classname="org.springframework.test.web.client.match.ContentRequestMatchersTests" time="0.575"/>
  <testcase name="testBytes" classname="org.springframework.test.web.client.match.ContentRequestMatchersTests" time="0.002"/>
  <testcase name="testContentType" classname="org.springframework.test.web.client.match.ContentRequestMatchersTests" time="0.001"/>
  <testcase name="testNodeMatcherNoMatch" classname="org.springframework.test.web.client.match.ContentRequestMatchersTests" time="0.035"/>
  <testcase name="testStringNoMatch" classname="org.springframework.test.web.client.match.ContentRequestMatchersTests" time="0.001"/>
  <testcase name="testXmlNoMatch" classname="org.springframework.test.web.client.match.ContentRequestMatchersTests" time="0.023"/>
  <testcase name="testContentTypeNoMatch1" classname="org.springframework.test.web.client.match.ContentRequestMatchersTests" time="0.0"/>
  <testcase name="testContentTypeNoMatch2" classname="org.springframework.test.web.client.match.ContentRequestMatchersTests" time="0.0"/>
  <testcase name="testNodeMatcher" classname="org.springframework.test.web.client.match.ContentRequestMatchersTests" time="0.003"/>
  <testcase name="testFormData" classname="org.springframework.test.web.client.match.ContentRequestMatchersTests" time="0.004"/>
  <testcase name="testBytesNoMatch" classname="org.springframework.test.web.client.match.ContentRequestMatchersTests" time="0.0"/>
  <testcase name="testString" classname="org.springframework.test.web.client.match.ContentRequestMatchersTests" time="0.0"/>
  <system-out><![CDATA[]]></system-out>
  <system-err><![CDATA[]]></system-err>
</testsuite>
