<?xml version="1.0" encoding="UTF-8"?>
<testsuite name="org.springframework.test.context.junit4.rules.TimedSpringRuleTests" tests="1" skipped="0" failures="0" errors="0" timestamp="2016-11-10T08:56:09" hostname="XB-20161010YVDY" time="0.725">
  <properties/>
  <testcase name="timedTests" classname="org.springframework.test.context.junit4.rules.TimedSpringRuleTests" time="0.725"/>
  <system-out><![CDATA[]]></system-out>
  <system-err><![CDATA[]]></system-err>
</testsuite>
