<?xml version="1.0" encoding="UTF-8"?>
<testsuite name="org.springframework.test.context.BootstrapUtilsTests" tests="7" skipped="0" failures="0" errors="0" timestamp="2016-11-10T08:55:43" hostname="XB-20161010YVDY" time="0.025">
  <properties/>
  <testcase name="resolveTestContextBootstrapperForNonAnnotatedClass" classname="org.springframework.test.context.BootstrapUtilsTests" time="0.008"/>
  <testcase name="resolveTestContextBootstrapperWithEmptyBootstrapWithAnnotation" classname="org.springframework.test.context.BootstrapUtilsTests" time="0.004"/>
  <testcase name="resolveTestContextBootstrapperWithDoubleMetaBootstrapWithAnnotation" classname="org.springframework.test.context.BootstrapUtilsTests" time="0.006"/>
  <testcase name="resolveTestContextBootstrapperWithDirectBootstrapWithAnnotation" classname="org.springframework.test.context.BootstrapUtilsTests" time="0.001"/>
  <testcase name="resolveTestContextBootstrapperWithMetaBootstrapWithAnnotation" classname="org.springframework.test.context.BootstrapUtilsTests" time="0.001"/>
  <testcase name="resolveTestContextBootstrapperWithInheritedBootstrapWithAnnotation" classname="org.springframework.test.context.BootstrapUtilsTests" time="0.001"/>
  <testcase name="resolveTestContextBootstrapperForWebAppConfigurationAnnotatedClass" classname="org.springframework.test.context.BootstrapUtilsTests" time="0.004"/>
  <system-out><![CDATA[]]></system-out>
  <system-err><![CDATA[]]></system-err>
</testsuite>
