<?xml version="1.0" encoding="UTF-8"?>
<testsuite name="org.springframework.test.context.hierarchies.standard.DirtiesContextWithContextHierarchyTests" tests="4" skipped="0" failures="0" errors="0" timestamp="2016-11-10T08:55:52" hostname="XB-20161010YVDY" time="0.072">
  <properties/>
  <testcase name="test1_verifyOriginalStateAndDirtyContexts" classname="org.springframework.test.context.hierarchies.standard.DirtiesContextWithContextHierarchyTests" time="0.001"/>
  <testcase name="test2_verifyContextsWereDirtiedAndTriggerExhaustiveCacheClearing" classname="org.springframework.test.context.hierarchies.standard.DirtiesContextWithContextHierarchyTests" time="0.001"/>
  <testcase name="test3_verifyOriginalStateWasReinstatedAndDirtyContextsAndTriggerCurrentLevelCacheClearing" classname="org.springframework.test.context.hierarchies.standard.DirtiesContextWithContextHierarchyTests" time="0.001"/>
  <testcase name="test4_verifyParentContextIsStillDirtyButChildContextHasBeenReinstated" classname="org.springframework.test.context.hierarchies.standard.DirtiesContextWithContextHierarchyTests" time="0.0"/>
  <system-out><![CDATA[]]></system-out>
  <system-err><![CDATA[]]></system-err>
</testsuite>
