<?xml version="1.0" encoding="UTF-8"?>
<testsuite name="org.springframework.test.context.junit.jupiter.DisabledIfConditionTestCase" tests="7" skipped="0" failures="0" errors="0" timestamp="2016-11-10T08:55:55" hostname="XB-20161010YVDY" time="0.139">
  <properties/>
  <testcase name="missingDisabledIf" classname="org.springframework.test.context.junit.jupiter.DisabledIfConditionTestCase" time="0.066"/>
  <testcase name="disabledByEmptyExpression" classname="org.springframework.test.context.junit.jupiter.DisabledIfConditionTestCase" time="0.016"/>
  <testcase name="invalidExpressionEvaluationType" classname="org.springframework.test.context.junit.jupiter.DisabledIfConditionTestCase" time="0.01"/>
  <testcase name="unsupportedStringEvaluationValue" classname="org.springframework.test.context.junit.jupiter.DisabledIfConditionTestCase" time="0.012"/>
  <testcase name="disabledWithCustomReason" classname="org.springframework.test.context.junit.jupiter.DisabledIfConditionTestCase" time="0.012"/>
  <testcase name="disabledWithDefaultReason" classname="org.springframework.test.context.junit.jupiter.DisabledIfConditionTestCase" time="0.011"/>
  <testcase name="notDisabledWithDefaultReason" classname="org.springframework.test.context.junit.jupiter.DisabledIfConditionTestCase" time="0.01"/>
  <system-out><![CDATA[]]></system-out>
  <system-err><![CDATA[]]></system-err>
</testsuite>
