<?xml version="1.0" encoding="UTF-8"?>
<testsuite name="org.springframework.test.web.servlet.htmlunit.MockMvcConnectionBuilderSupportTests" tests="8" skipped="0" failures="0" errors="0" timestamp="2016-11-10T08:56:21" hostname="XB-20161010YVDY" time="0.041">
  <properties/>
  <testcase name="mockMvcExampleDotCom" classname="org.springframework.test.web.servlet.htmlunit.MockMvcConnectionBuilderSupportTests" time="0.021"/>
  <testcase name="constructorMockMvcNull" classname="org.springframework.test.web.servlet.htmlunit.MockMvcConnectionBuilderSupportTests" time="0.002"/>
  <testcase name="mockMvcAlwaysUseMockMvc" classname="org.springframework.test.web.servlet.htmlunit.MockMvcConnectionBuilderSupportTests" time="0.004"/>
  <testcase name="constructorContextNull" classname="org.springframework.test.web.servlet.htmlunit.MockMvcConnectionBuilderSupportTests" time="0.002"/>
  <testcase name="context" classname="org.springframework.test.web.servlet.htmlunit.MockMvcConnectionBuilderSupportTests" time="0.002"/>
  <testcase name="mockMvc" classname="org.springframework.test.web.servlet.htmlunit.MockMvcConnectionBuilderSupportTests" time="0.003"/>
  <testcase name="defaultContextPathEmpty" classname="org.springframework.test.web.servlet.htmlunit.MockMvcConnectionBuilderSupportTests" time="0.005"/>
  <testcase name="defaultContextPathCustom" classname="org.springframework.test.web.servlet.htmlunit.MockMvcConnectionBuilderSupportTests" time="0.002"/>
  <system-out><![CDATA[]]></system-out>
  <system-err><![CDATA[]]></system-err>
</testsuite>
