<?xml version="1.0" encoding="UTF-8"?>
<testsuite name="org.springframework.test.context.junit4.aci.annotation.PropertySourcesInitializerTests" tests="1" skipped="0" failures="0" errors="0" timestamp="2016-11-10T08:55:59" hostname="XB-20161010YVDY" time="0.0">
  <properties/>
  <testcase name="customPropertySourceConfiguredViaContextInitializer" classname="org.springframework.test.context.junit4.aci.annotation.PropertySourcesInitializerTests" time="0.0"/>
  <system-out><![CDATA[]]></system-out>
  <system-err><![CDATA[]]></system-err>
</testsuite>
