<?xml version="1.0" encoding="UTF-8"?>
<testsuite name="org.springframework.test.web.servlet.samples.context.JavaConfigTests" tests="2" skipped="0" failures="0" errors="0" timestamp="2016-11-10T08:56:24" hostname="XB-20161010YVDY" time="0.051">
  <properties/>
  <testcase name="person" classname="org.springframework.test.web.servlet.samples.context.JavaConfigTests" time="0.013"/>
  <testcase name="tilesDefinitions" classname="org.springframework.test.web.servlet.samples.context.JavaConfigTests" time="0.038"/>
  <system-out><![CDATA[
MockHttpServletRequest:
      HTTP Method = GET
      Request URI = /person/5
       Parameters = {}
          Headers = {Accept=[application/json]}
             Body = <no character encoding set>

Handler:
             Type = org.springframework.test.web.servlet.samples.context.PersonController
           Method = public org.springframework.test.web.Person org.springframework.test.web.servlet.samples.context.PersonController.getPerson(long)

Async:
    Async started = false
     Async result = null

Resolved Exception:
             Type = null

ModelAndView:
        View name = null
             View = null
            Model = null

FlashMap:
       Attributes = null

MockHttpServletResponse:
           Status = 200
    Error message = null
          Headers = {Content-Type=[application/json;charset=UTF-8]}
     Content type = application/json;charset=UTF-8
             Body = {"name":"Joe","someDouble":0.0,"someBoolean":false}
    Forwarded URL = null
   Redirected URL = null
          Cookies = []
]]></system-out>
  <system-err><![CDATA[]]></system-err>
</testsuite>
