<?xml version="1.0" encoding="UTF-8"?>
<testsuite name="org.springframework.test.context.groovy.GroovyControlGroupTests" tests="1" skipped="0" failures="0" errors="0" timestamp="2016-11-10T08:55:51" hostname="XB-20161010YVDY" time="0.107">
  <properties/>
  <testcase name="verifyScriptUsingGenericGroovyApplicationContext" classname="org.springframework.test.context.groovy.GroovyControlGroupTests" time="0.107"/>
  <system-out><![CDATA[]]></system-out>
  <system-err><![CDATA[]]></system-err>
</testsuite>
