<?xml version="1.0" encoding="UTF-8"?>
<testsuite name="org.springframework.test.context.junit4.RollbackOverrideDefaultRollbackFalseRollbackAnnotationTransactionalTests" tests="1" skipped="0" failures="0" errors="0" timestamp="2016-11-10T08:56:08" hostname="XB-20161010YVDY" time="0.003">
  <properties/>
  <testcase name="modifyTestDataWithinTransaction" classname="org.springframework.test.context.junit4.RollbackOverrideDefaultRollbackFalseRollbackAnnotationTransactionalTests" time="0.003"/>
  <system-out><![CDATA[]]></system-out>
  <system-err><![CDATA[]]></system-err>
</testsuite>
