<?xml version="1.0" encoding="UTF-8"?>
<testsuite name="org.springframework.test.util.ReflectionTestUtilsTests" tests="38" skipped="1" failures="0" errors="0" timestamp="2016-11-10T08:56:17" hostname="XB-20161010YVDY" time="0.054">
  <properties/>
  <testcase name="invokeMethodWithTooManyArguments" classname="org.springframework.test.util.ReflectionTestUtilsTests" time="0.001"/>
  <testcase name="setFieldWithNullValueForPrimitiveLong" classname="org.springframework.test.util.ReflectionTestUtilsTests" time="0.002"/>
  <testcase name="setFieldWithNullTargetObject" classname="org.springframework.test.util.ReflectionTestUtilsTests" time="0.0"/>
  <testcase name="invokeMethodWithAutoboxingAndUnboxing" classname="org.springframework.test.util.ReflectionTestUtilsTests" time="0.001"/>
  <testcase name="invokeMethodWithIncompatibleArgumentTypes" classname="org.springframework.test.util.ReflectionTestUtilsTests" time="0.001"/>
  <testcase name="setFieldOnLegacyEntityWithSideEffectsInToString" classname="org.springframework.test.util.ReflectionTestUtilsTests" time="0.0"/>
  <testcase name="setFieldWithNullTargetClass" classname="org.springframework.test.util.ReflectionTestUtilsTests" time="0.0"/>
  <testcase name="setFieldWithNullValueForPrimitiveInt" classname="org.springframework.test.util.ReflectionTestUtilsTests" time="0.001"/>
  <testcase name="setFieldWithNullValuesForNonPrimitives" classname="org.springframework.test.util.ReflectionTestUtilsTests" time="0.001"/>
  <testcase name="invokeSetterMethodAndInvokeGetterMethodWithExplicitMethodNames" classname="org.springframework.test.util.ReflectionTestUtilsTests" time="0.002"/>
  <testcase name="setFieldAndGetFieldForStandardUseCases" classname="org.springframework.test.util.ReflectionTestUtilsTests" time="0.002"/>
  <testcase name="invokeGetterMethodOnLegacyEntityWithSideEffectsInToString" classname="org.springframework.test.util.ReflectionTestUtilsTests" time="0.0"/>
  <testcase name="setFieldAndGetFieldViaCglibProxy" classname="org.springframework.test.util.ReflectionTestUtilsTests" time="0.026"/>
  <testcase name="invokeMethodWithPrimitiveVarArgsAsSingleArgument" classname="org.springframework.test.util.ReflectionTestUtilsTests" time="0.0"/>
  <testcase name="setFieldAndGetFieldViaJdkDynamicProxy" classname="org.springframework.test.util.ReflectionTestUtilsTests" time="0.006"/>
  <testcase name="invokeMethodWithPrimitiveVarArgs" classname="org.springframework.test.util.ReflectionTestUtilsTests" time="0.0">
    <skipped/>
  </testcase>
  <testcase name="invokeSetterMethodWithNullValuesForNonPrimitives" classname="org.springframework.test.util.ReflectionTestUtilsTests" time="0.001"/>
  <testcase name="setStaticFieldViaClassWithExplicitType" classname="org.springframework.test.util.ReflectionTestUtilsTests" time="0.0"/>
  <testcase name="invokeSetterMethodOnLegacyEntityWithSideEffectsInToString" classname="org.springframework.test.util.ReflectionTestUtilsTests" time="0.0"/>
  <testcase name="invokeSetterMethodWithNullValueForPrimitiveLong" classname="org.springframework.test.util.ReflectionTestUtilsTests" time="0.0"/>
  <testcase name="getFieldWithNullTargetClass" classname="org.springframework.test.util.ReflectionTestUtilsTests" time="0.0"/>
  <testcase name="invokeMethodOnLegacyEntityWithSideEffectsInToString" classname="org.springframework.test.util.ReflectionTestUtilsTests" time="0.001"/>
  <testcase name="invokeInitMethodBeforeAutowiring" classname="org.springframework.test.util.ReflectionTestUtilsTests" time="0.0"/>
  <testcase name="invokeSetterMethodWithNullValueForPrimitiveBoolean" classname="org.springframework.test.util.ReflectionTestUtilsTests" time="0.001"/>
  <testcase name="getStaticFieldViaClass" classname="org.springframework.test.util.ReflectionTestUtilsTests" time="0.0"/>
  <testcase name="getFieldOnLegacyEntityWithSideEffectsInToString" classname="org.springframework.test.util.ReflectionTestUtilsTests" time="0.001"/>
  <testcase name="getStaticFieldViaInstance" classname="org.springframework.test.util.ReflectionTestUtilsTests" time="0.0"/>
  <testcase name="getFieldWithNullTargetObject" classname="org.springframework.test.util.ReflectionTestUtilsTests" time="0.0"/>
  <testcase name="setStaticFieldViaInstance" classname="org.springframework.test.util.ReflectionTestUtilsTests" time="0.0"/>
  <testcase name="invokeMethodWithTooFewArguments" classname="org.springframework.test.util.ReflectionTestUtilsTests" time="0.0"/>
  <testcase name="invokeSetterMethodAndInvokeGetterMethodWithJavaBeanPropertyNames" classname="org.springframework.test.util.ReflectionTestUtilsTests" time="0.003"/>
  <testcase name="setFieldWithNullNameAndNullType" classname="org.springframework.test.util.ReflectionTestUtilsTests" time="0.0"/>
  <testcase name="setStaticFieldViaClass" classname="org.springframework.test.util.ReflectionTestUtilsTests" time="0.0"/>
  <testcase name="invokeSetterMethodWithNullValueForPrimitiveInt" classname="org.springframework.test.util.ReflectionTestUtilsTests" time="0.001"/>
  <testcase name="setFieldWithWrongType" classname="org.springframework.test.util.ReflectionTestUtilsTests" time="0.0"/>
  <testcase name="setFieldWithNullValueForPrimitiveBoolean" classname="org.springframework.test.util.ReflectionTestUtilsTests" time="0.0"/>
  <testcase name="setFieldWithBogusName" classname="org.springframework.test.util.ReflectionTestUtilsTests" time="0.0"/>
  <testcase name="invokeMethodSimulatingLifecycleEvents" classname="org.springframework.test.util.ReflectionTestUtilsTests" time="0.001"/>
  <system-out><![CDATA[16:56:17.374 [Test worker] DEBUG org.springframework.test.util.ReflectionTestUtils - Setting field 'id' of type [long] on target object [[PersonEntity@1cbe4949 id = 0, name = [null], age = 0, eyeColor = [null], likesPets = false, favoriteNumber = [null]]] or target class [class org.springframework.test.util.subpackage.PersonEntity] to value [null]
16:56:17.375 [Test worker] DEBUG org.springframework.test.util.ReflectionTestUtils - Invoking method 'subtract' on target object [org.springframework.test.util.subpackage.Component@54d55e05] with arguments {5, 2}
16:56:17.377 [Test worker] DEBUG org.springframework.test.util.ReflectionTestUtils - Setting field 'collaborator' of type [class java.lang.Object] on target of type [org.springframework.test.util.subpackage.LegacyEntity] whose toString() method threw [org.springframework.test.util.subpackage.LegacyEntityException: Invoking toString() on the default collaborator causes an undesirable side effect] or target class [class org.springframework.test.util.subpackage.LegacyEntity] to value [test collaborator]
16:56:17.377 [Test worker] DEBUG org.springframework.test.util.ReflectionTestUtils - Setting field 'age' of type [int] on target object [[PersonEntity@420c8307 id = 0, name = [null], age = 0, eyeColor = [null], likesPets = false, favoriteNumber = [null]]] or target class [class org.springframework.test.util.subpackage.PersonEntity] to value [null]
16:56:17.378 [Test worker] DEBUG org.springframework.test.util.ReflectionTestUtils - Setting field 'name' of type [null] on target object [[PersonEntity@3cd7d835 id = 0, name = [null], age = 0, eyeColor = [null], likesPets = false, favoriteNumber = [null]]] or target class [class org.springframework.test.util.subpackage.PersonEntity] to value [Tom]
16:56:17.378 [Test worker] DEBUG org.springframework.test.util.ReflectionTestUtils - Setting field 'eyeColor' of type [class java.lang.String] on target object [[PersonEntity@3cd7d835 id = 0, name = 'Tom', age = 0, eyeColor = [null], likesPets = false, favoriteNumber = [null]]] or target class [class org.springframework.test.util.subpackage.PersonEntity] to value [blue]
16:56:17.378 [Test worker] DEBUG org.springframework.test.util.ReflectionTestUtils - Setting field 'favoriteNumber' of type [class java.lang.Number] on target object [[PersonEntity@3cd7d835 id = 0, name = 'Tom', age = 0, eyeColor = 'blue', likesPets = false, favoriteNumber = [null]]] or target class [class org.springframework.test.util.subpackage.PersonEntity] to value [3.142857]
16:56:17.378 [Test worker] DEBUG org.springframework.test.util.ReflectionTestUtils - Setting field 'name' of type [class java.lang.String] on target object [[PersonEntity@3cd7d835 id = 0, name = 'Tom', age = 0, eyeColor = 'blue', likesPets = false, favoriteNumber = 3.142857]] or target class [class org.springframework.test.util.subpackage.PersonEntity] to value [null]
16:56:17.379 [Test worker] DEBUG org.springframework.test.util.ReflectionTestUtils - Setting field 'eyeColor' of type [class java.lang.String] on target object [[PersonEntity@3cd7d835 id = 0, name = [null], age = 0, eyeColor = 'blue', likesPets = false, favoriteNumber = 3.142857]] or target class [class org.springframework.test.util.subpackage.PersonEntity] to value [null]
16:56:17.379 [Test worker] DEBUG org.springframework.test.util.ReflectionTestUtils - Setting field 'favoriteNumber' of type [class java.lang.Number] on target object [[PersonEntity@3cd7d835 id = 0, name = [null], age = 0, eyeColor = [null], likesPets = false, favoriteNumber = 3.142857]] or target class [class org.springframework.test.util.subpackage.PersonEntity] to value [null]
16:56:17.379 [Test worker] DEBUG org.springframework.test.util.ReflectionTestUtils - Invoking setter method 'setId' on target object [[PersonEntity@72b5821 id = 0, name = [null], age = 0, eyeColor = [null], likesPets = false, favoriteNumber = [null]]] with value [1]
16:56:17.379 [Test worker] DEBUG org.springframework.test.util.ReflectionTestUtils - Invoking setter method 'setName' on target object [[PersonEntity@72b5821 id = 1, name = [null], age = 0, eyeColor = [null], likesPets = false, favoriteNumber = [null]]] with value [Jerry]
16:56:17.379 [Test worker] DEBUG org.springframework.test.util.ReflectionTestUtils - Invoking setter method 'setAge' on target object [[PersonEntity@72b5821 id = 1, name = 'Jerry', age = 0, eyeColor = [null], likesPets = false, favoriteNumber = [null]]] with value [33]
16:56:17.380 [Test worker] DEBUG org.springframework.test.util.ReflectionTestUtils - Invoking setter method 'setEyeColor' on target object [[PersonEntity@72b5821 id = 1, name = 'Jerry', age = 33, eyeColor = [null], likesPets = false, favoriteNumber = [null]]] with value [green]
16:56:17.380 [Test worker] DEBUG org.springframework.test.util.ReflectionTestUtils - Invoking setter method 'setLikesPets' on target object [[PersonEntity@72b5821 id = 1, name = 'Jerry', age = 33, eyeColor = 'green', likesPets = false, favoriteNumber = [null]]] with value [false]
16:56:17.380 [Test worker] DEBUG org.springframework.test.util.ReflectionTestUtils - Invoking setter method 'setFavoriteNumber' on target object [[PersonEntity@72b5821 id = 1, name = 'Jerry', age = 33, eyeColor = 'green', likesPets = false, favoriteNumber = [null]]] with value [42]
16:56:17.380 [Test worker] DEBUG org.springframework.test.util.ReflectionTestUtils - Invoking getter method 'getId' on target object [[PersonEntity@72b5821 id = 1, name = 'Jerry', age = 33, eyeColor = 'green', likesPets = false, favoriteNumber = 42]]
16:56:17.380 [Test worker] DEBUG org.springframework.test.util.ReflectionTestUtils - Invoking getter method 'getName' on target object [[PersonEntity@72b5821 id = 1, name = 'Jerry', age = 33, eyeColor = 'green', likesPets = false, favoriteNumber = 42]]
16:56:17.380 [Test worker] DEBUG org.springframework.test.util.ReflectionTestUtils - Invoking getter method 'getAge' on target object [[PersonEntity@72b5821 id = 1, name = 'Jerry', age = 33, eyeColor = 'green', likesPets = false, favoriteNumber = 42]]
16:56:17.380 [Test worker] DEBUG org.springframework.test.util.ReflectionTestUtils - Invoking getter method 'getEyeColor' on target object [[PersonEntity@72b5821 id = 1, name = 'Jerry', age = 33, eyeColor = 'green', likesPets = false, favoriteNumber = 42]]
16:56:17.381 [Test worker] DEBUG org.springframework.test.util.ReflectionTestUtils - Invoking getter method 'likesPets' on target object [[PersonEntity@72b5821 id = 1, name = 'Jerry', age = 33, eyeColor = 'green', likesPets = false, favoriteNumber = 42]]
16:56:17.381 [Test worker] DEBUG org.springframework.test.util.ReflectionTestUtils - Invoking getter method 'getFavoriteNumber' on target object [[PersonEntity@72b5821 id = 1, name = 'Jerry', age = 33, eyeColor = 'green', likesPets = false, favoriteNumber = 42]]
16:56:17.381 [Test worker] DEBUG org.springframework.test.util.ReflectionTestUtils - Setting field 'id' of type [long] on target object [[PersonEntity@2119f778 id = 0, name = [null], age = 0, eyeColor = [null], likesPets = false, favoriteNumber = [null]]] or target class [class org.springframework.test.util.subpackage.PersonEntity] to value [99]
16:56:17.381 [Test worker] DEBUG org.springframework.test.util.ReflectionTestUtils - Setting field 'name' of type [null] on target object [[PersonEntity@2119f778 id = 99, name = [null], age = 0, eyeColor = [null], likesPets = false, favoriteNumber = [null]]] or target class [class org.springframework.test.util.subpackage.PersonEntity] to value [Tom]
16:56:17.381 [Test worker] DEBUG org.springframework.test.util.ReflectionTestUtils - Setting field 'age' of type [null] on target object [[PersonEntity@2119f778 id = 99, name = 'Tom', age = 0, eyeColor = [null], likesPets = false, favoriteNumber = [null]]] or target class [class org.springframework.test.util.subpackage.PersonEntity] to value [42]
16:56:17.381 [Test worker] DEBUG org.springframework.test.util.ReflectionTestUtils - Setting field 'eyeColor' of type [class java.lang.String] on target object [[PersonEntity@2119f778 id = 99, name = 'Tom', age = 42, eyeColor = [null], likesPets = false, favoriteNumber = [null]]] or target class [class org.springframework.test.util.subpackage.PersonEntity] to value [blue]
16:56:17.382 [Test worker] DEBUG org.springframework.test.util.ReflectionTestUtils - Setting field 'likesPets' of type [null] on target object [[PersonEntity@2119f778 id = 99, name = 'Tom', age = 42, eyeColor = 'blue', likesPets = false, favoriteNumber = [null]]] or target class [class org.springframework.test.util.subpackage.PersonEntity] to value [true]
16:56:17.382 [Test worker] DEBUG org.springframework.test.util.ReflectionTestUtils - Setting field 'favoriteNumber' of type [class java.lang.Number] on target object [[PersonEntity@2119f778 id = 99, name = 'Tom', age = 42, eyeColor = 'blue', likesPets = true, favoriteNumber = [null]]] or target class [class org.springframework.test.util.subpackage.PersonEntity] to value [3.142857]
16:56:17.382 [Test worker] DEBUG org.springframework.test.util.ReflectionTestUtils - Getting field 'id' from target object [[PersonEntity@2119f778 id = 99, name = 'Tom', age = 42, eyeColor = 'blue', likesPets = true, favoriteNumber = 3.142857]] or target class [class org.springframework.test.util.subpackage.PersonEntity]
16:56:17.382 [Test worker] DEBUG org.springframework.test.util.ReflectionTestUtils - Getting field 'name' from target object [[PersonEntity@2119f778 id = 99, name = 'Tom', age = 42, eyeColor = 'blue', likesPets = true, favoriteNumber = 3.142857]] or target class [class org.springframework.test.util.subpackage.PersonEntity]
16:56:17.382 [Test worker] DEBUG org.springframework.test.util.ReflectionTestUtils - Getting field 'age' from target object [[PersonEntity@2119f778 id = 99, name = 'Tom', age = 42, eyeColor = 'blue', likesPets = true, favoriteNumber = 3.142857]] or target class [class org.springframework.test.util.subpackage.PersonEntity]
16:56:17.382 [Test worker] DEBUG org.springframework.test.util.ReflectionTestUtils - Getting field 'eyeColor' from target object [[PersonEntity@2119f778 id = 99, name = 'Tom', age = 42, eyeColor = 'blue', likesPets = true, favoriteNumber = 3.142857]] or target class [class org.springframework.test.util.subpackage.PersonEntity]
16:56:17.382 [Test worker] DEBUG org.springframework.test.util.ReflectionTestUtils - Getting field 'likesPets' from target object [[PersonEntity@2119f778 id = 99, name = 'Tom', age = 42, eyeColor = 'blue', likesPets = true, favoriteNumber = 3.142857]] or target class [class org.springframework.test.util.subpackage.PersonEntity]
16:56:17.383 [Test worker] DEBUG org.springframework.test.util.ReflectionTestUtils - Getting field 'favoriteNumber' from target object [[PersonEntity@2119f778 id = 99, name = 'Tom', age = 42, eyeColor = 'blue', likesPets = true, favoriteNumber = 3.142857]] or target class [class org.springframework.test.util.subpackage.PersonEntity]
16:56:17.383 [Test worker] DEBUG org.springframework.test.util.ReflectionTestUtils - Invoking getter method 'getCollaborator' on target of type [org.springframework.test.util.subpackage.LegacyEntity] whose toString() method threw [org.springframework.test.util.subpackage.LegacyEntityException: Invoking toString() on the default collaborator causes an undesirable side effect]
16:56:17.394 [Test worker] DEBUG org.springframework.test.util.ReflectionTestUtils - Setting field 'id' of type [long] on target object [[PersonEntity@6ef792df id = 0, name = [null], age = 0, eyeColor = [null], likesPets = false, favoriteNumber = [null]]] or target class [class org.springframework.test.util.subpackage.PersonEntity] to value [99]
16:56:17.394 [Test worker] DEBUG org.springframework.test.util.ReflectionTestUtils - Setting field 'name' of type [null] on target object [[PersonEntity@6ef792df id = 99, name = [null], age = 0, eyeColor = [null], likesPets = false, favoriteNumber = [null]]] or target class [class org.springframework.test.util.subpackage.PersonEntity] to value [Tom]
16:56:17.395 [Test worker] DEBUG org.springframework.test.util.ReflectionTestUtils - Setting field 'age' of type [null] on target object [[PersonEntity@6ef792df id = 99, name = 'Tom', age = 0, eyeColor = [null], likesPets = false, favoriteNumber = [null]]] or target class [class org.springframework.test.util.subpackage.PersonEntity] to value [42]
16:56:17.395 [Test worker] DEBUG org.springframework.test.util.ReflectionTestUtils - Setting field 'eyeColor' of type [class java.lang.String] on target object [[PersonEntity@6ef792df id = 99, name = 'Tom', age = 42, eyeColor = [null], likesPets = false, favoriteNumber = [null]]] or target class [class org.springframework.test.util.subpackage.PersonEntity] to value [blue]
16:56:17.395 [Test worker] DEBUG org.springframework.test.util.ReflectionTestUtils - Setting field 'likesPets' of type [null] on target object [[PersonEntity@6ef792df id = 99, name = 'Tom', age = 42, eyeColor = 'blue', likesPets = false, favoriteNumber = [null]]] or target class [class org.springframework.test.util.subpackage.PersonEntity] to value [true]
16:56:17.395 [Test worker] DEBUG org.springframework.test.util.ReflectionTestUtils - Setting field 'favoriteNumber' of type [class java.lang.Number] on target object [[PersonEntity@6ef792df id = 99, name = 'Tom', age = 42, eyeColor = 'blue', likesPets = true, favoriteNumber = [null]]] or target class [class org.springframework.test.util.subpackage.PersonEntity] to value [3.142857]
16:56:17.395 [Test worker] DEBUG org.springframework.test.util.ReflectionTestUtils - Getting field 'id' from target object [[PersonEntity@6ef792df id = 99, name = 'Tom', age = 42, eyeColor = 'blue', likesPets = true, favoriteNumber = 3.142857]] or target class [class org.springframework.test.util.subpackage.PersonEntity]
16:56:17.395 [Test worker] DEBUG org.springframework.test.util.ReflectionTestUtils - Getting field 'name' from target object [[PersonEntity@6ef792df id = 99, name = 'Tom', age = 42, eyeColor = 'blue', likesPets = true, favoriteNumber = 3.142857]] or target class [class org.springframework.test.util.subpackage.PersonEntity]
16:56:17.396 [Test worker] DEBUG org.springframework.test.util.ReflectionTestUtils - Getting field 'age' from target object [[PersonEntity@6ef792df id = 99, name = 'Tom', age = 42, eyeColor = 'blue', likesPets = true, favoriteNumber = 3.142857]] or target class [class org.springframework.test.util.subpackage.PersonEntity]
16:56:17.396 [Test worker] DEBUG org.springframework.test.util.ReflectionTestUtils - Getting field 'eyeColor' from target object [[PersonEntity@6ef792df id = 99, name = 'Tom', age = 42, eyeColor = 'blue', likesPets = true, favoriteNumber = 3.142857]] or target class [class org.springframework.test.util.subpackage.PersonEntity]
16:56:17.396 [Test worker] DEBUG org.springframework.test.util.ReflectionTestUtils - Getting field 'likesPets' from target object [[PersonEntity@6ef792df id = 99, name = 'Tom', age = 42, eyeColor = 'blue', likesPets = true, favoriteNumber = 3.142857]] or target class [class org.springframework.test.util.subpackage.PersonEntity]
16:56:17.396 [Test worker] DEBUG org.springframework.test.util.ReflectionTestUtils - Getting field 'favoriteNumber' from target object [[PersonEntity@6ef792df id = 99, name = 'Tom', age = 42, eyeColor = 'blue', likesPets = true, favoriteNumber = 3.142857]] or target class [class org.springframework.test.util.subpackage.PersonEntity]
16:56:17.409 [Test worker] DEBUG org.springframework.test.util.ReflectionTestUtils - Invoking method 'add' on target object [org.springframework.test.util.subpackage.Component@1e5f9b6d] with arguments {[I@7dfc4035}
16:56:17.412 [Test worker] DEBUG org.springframework.test.util.ReflectionTestUtils - Setting field 'id' of type [long] on target object [[PersonEntity@592987a5 id = 0, name = [null], age = 0, eyeColor = [null], likesPets = false, favoriteNumber = [null]]] or target class [class org.springframework.test.util.subpackage.PersonEntity] to value [99]
16:56:17.412 [Test worker] DEBUG org.springframework.test.util.ReflectionTestUtils - Setting field 'name' of type [null] on target object [[PersonEntity@592987a5 id = 99, name = [null], age = 0, eyeColor = [null], likesPets = false, favoriteNumber = [null]]] or target class [class org.springframework.test.util.subpackage.PersonEntity] to value [Tom]
16:56:17.413 [Test worker] DEBUG org.springframework.test.util.ReflectionTestUtils - Setting field 'age' of type [null] on target object [[PersonEntity@592987a5 id = 99, name = 'Tom', age = 0, eyeColor = [null], likesPets = false, favoriteNumber = [null]]] or target class [class org.springframework.test.util.subpackage.PersonEntity] to value [42]
16:56:17.413 [Test worker] DEBUG org.springframework.test.util.ReflectionTestUtils - Setting field 'eyeColor' of type [class java.lang.String] on target object [[PersonEntity@592987a5 id = 99, name = 'Tom', age = 42, eyeColor = [null], likesPets = false, favoriteNumber = [null]]] or target class [class org.springframework.test.util.subpackage.PersonEntity] to value [blue]
16:56:17.413 [Test worker] DEBUG org.springframework.test.util.ReflectionTestUtils - Setting field 'likesPets' of type [null] on target object [[PersonEntity@592987a5 id = 99, name = 'Tom', age = 42, eyeColor = 'blue', likesPets = false, favoriteNumber = [null]]] or target class [class org.springframework.test.util.subpackage.PersonEntity] to value [true]
16:56:17.414 [Test worker] DEBUG org.springframework.test.util.ReflectionTestUtils - Setting field 'favoriteNumber' of type [class java.lang.Number] on target object [[PersonEntity@592987a5 id = 99, name = 'Tom', age = 42, eyeColor = 'blue', likesPets = true, favoriteNumber = [null]]] or target class [class org.springframework.test.util.subpackage.PersonEntity] to value [3.142857]
16:56:17.414 [Test worker] DEBUG org.springframework.test.util.ReflectionTestUtils - Getting field 'id' from target object [[PersonEntity@592987a5 id = 99, name = 'Tom', age = 42, eyeColor = 'blue', likesPets = true, favoriteNumber = 3.142857]] or target class [class org.springframework.test.util.subpackage.PersonEntity]
16:56:17.414 [Test worker] DEBUG org.springframework.test.util.ReflectionTestUtils - Getting field 'name' from target object [[PersonEntity@592987a5 id = 99, name = 'Tom', age = 42, eyeColor = 'blue', likesPets = true, favoriteNumber = 3.142857]] or target class [class org.springframework.test.util.subpackage.PersonEntity]
16:56:17.414 [Test worker] DEBUG org.springframework.test.util.ReflectionTestUtils - Getting field 'age' from target object [[PersonEntity@592987a5 id = 99, name = 'Tom', age = 42, eyeColor = 'blue', likesPets = true, favoriteNumber = 3.142857]] or target class [class org.springframework.test.util.subpackage.PersonEntity]
16:56:17.414 [Test worker] DEBUG org.springframework.test.util.ReflectionTestUtils - Getting field 'eyeColor' from target object [[PersonEntity@592987a5 id = 99, name = 'Tom', age = 42, eyeColor = 'blue', likesPets = true, favoriteNumber = 3.142857]] or target class [class org.springframework.test.util.subpackage.PersonEntity]
16:56:17.415 [Test worker] DEBUG org.springframework.test.util.ReflectionTestUtils - Getting field 'likesPets' from target object [[PersonEntity@592987a5 id = 99, name = 'Tom', age = 42, eyeColor = 'blue', likesPets = true, favoriteNumber = 3.142857]] or target class [class org.springframework.test.util.subpackage.PersonEntity]
16:56:17.415 [Test worker] DEBUG org.springframework.test.util.ReflectionTestUtils - Getting field 'favoriteNumber' from target object [[PersonEntity@592987a5 id = 99, name = 'Tom', age = 42, eyeColor = 'blue', likesPets = true, favoriteNumber = 3.142857]] or target class [class org.springframework.test.util.subpackage.PersonEntity]
16:56:17.416 [Test worker] DEBUG org.springframework.test.util.ReflectionTestUtils - Invoking setter method 'setName' on target object [[PersonEntity@330b4c30 id = 0, name = [null], age = 0, eyeColor = [null], likesPets = false, favoriteNumber = [null]]] with value [null]
16:56:17.416 [Test worker] DEBUG org.springframework.test.util.ReflectionTestUtils - Invoking setter method 'setEyeColor' on target object [[PersonEntity@330b4c30 id = 0, name = [null], age = 0, eyeColor = [null], likesPets = false, favoriteNumber = [null]]] with value [null]
16:56:17.416 [Test worker] DEBUG org.springframework.test.util.ReflectionTestUtils - Invoking setter method 'setFavoriteNumber' on target object [[PersonEntity@330b4c30 id = 0, name = [null], age = 0, eyeColor = [null], likesPets = false, favoriteNumber = [null]]] with value [null]
16:56:17.416 [Test worker] DEBUG org.springframework.test.util.ReflectionTestUtils - Setting field 'publicField' of type [class java.lang.String] on target object [null] or target class [class org.springframework.test.util.subpackage.StaticFields] to value [xxx]
16:56:17.416 [Test worker] DEBUG org.springframework.test.util.ReflectionTestUtils - Setting field 'privateField' of type [class java.lang.String] on target object [null] or target class [class org.springframework.test.util.subpackage.StaticFields] to value [yyy]
16:56:17.417 [Test worker] DEBUG org.springframework.test.util.ReflectionTestUtils - Invoking setter method 'setCollaborator' on target of type [org.springframework.test.util.subpackage.LegacyEntity] whose toString() method threw [org.springframework.test.util.subpackage.LegacyEntityException: Invoking toString() on the default collaborator causes an undesirable side effect] with value [test collaborator]
16:56:17.417 [Test worker] DEBUG org.springframework.test.util.ReflectionTestUtils - Invoking setter method 'setId' on target object [[PersonEntity@4d1728e2 id = 0, name = [null], age = 0, eyeColor = [null], likesPets = false, favoriteNumber = [null]]] with value [null]
16:56:17.418 [Test worker] DEBUG org.springframework.test.util.ReflectionTestUtils - Invoking method 'configure' on target of type [org.springframework.test.util.subpackage.LegacyEntity] whose toString() method threw [org.springframework.test.util.subpackage.LegacyEntityException: Invoking toString() on the default collaborator causes an undesirable side effect] with arguments {42, enigma}
16:56:17.418 [Test worker] DEBUG org.springframework.test.util.ReflectionTestUtils - Invoking method 'init' on target object [org.springframework.test.util.subpackage.Component@15cf9f8c] with arguments {}
16:56:17.418 [Test worker] DEBUG org.springframework.test.util.ReflectionTestUtils - Invoking setter method 'setLikesPets' on target object [[PersonEntity@35119278 id = 0, name = [null], age = 0, eyeColor = [null], likesPets = false, favoriteNumber = [null]]] with value [null]
16:56:17.419 [Test worker] DEBUG org.springframework.test.util.ReflectionTestUtils - Getting field 'publicField' from target object [null] or target class [class org.springframework.test.util.subpackage.StaticFields]
16:56:17.419 [Test worker] DEBUG org.springframework.test.util.ReflectionTestUtils - Getting field 'privateField' from target object [null] or target class [class org.springframework.test.util.subpackage.StaticFields]
16:56:17.419 [Test worker] DEBUG org.springframework.test.util.ReflectionTestUtils - Getting field 'collaborator' from target of type [org.springframework.test.util.subpackage.LegacyEntity] whose toString() method threw [org.springframework.test.util.subpackage.LegacyEntityException: Invoking toString() on the default collaborator causes an undesirable side effect] or target class [class org.springframework.test.util.subpackage.LegacyEntity]
16:56:17.420 [Test worker] DEBUG org.springframework.test.util.ReflectionTestUtils - Getting field 'publicField' from target object [org.springframework.test.util.subpackage.StaticFields@419c2aed] or target class [class org.springframework.test.util.subpackage.StaticFields]
16:56:17.420 [Test worker] DEBUG org.springframework.test.util.ReflectionTestUtils - Getting field 'privateField' from target object [org.springframework.test.util.subpackage.StaticFields@419c2aed] or target class [class org.springframework.test.util.subpackage.StaticFields]
16:56:17.420 [Test worker] DEBUG org.springframework.test.util.ReflectionTestUtils - Setting field 'publicField' of type [null] on target object [org.springframework.test.util.subpackage.StaticFields@2846fead] or target class [class org.springframework.test.util.subpackage.StaticFields] to value [xxx]
16:56:17.420 [Test worker] DEBUG org.springframework.test.util.ReflectionTestUtils - Setting field 'privateField' of type [null] on target object [org.springframework.test.util.subpackage.StaticFields@2846fead] or target class [class org.springframework.test.util.subpackage.StaticFields] to value [yyy]
16:56:17.421 [Test worker] DEBUG org.springframework.test.util.ReflectionTestUtils - Invoking setter method 'setId' on target object [[PersonEntity@11fd2b8f id = 0, name = [null], age = 0, eyeColor = [null], likesPets = false, favoriteNumber = [null]]] with value [99]
16:56:17.421 [Test worker] DEBUG org.springframework.test.util.ReflectionTestUtils - Invoking setter method 'setName' on target object [[PersonEntity@11fd2b8f id = 99, name = [null], age = 0, eyeColor = [null], likesPets = false, favoriteNumber = [null]]] with value [Tom]
16:56:17.421 [Test worker] DEBUG org.springframework.test.util.ReflectionTestUtils - Invoking setter method 'setAge' on target object [[PersonEntity@11fd2b8f id = 99, name = 'Tom', age = 0, eyeColor = [null], likesPets = false, favoriteNumber = [null]]] with value [42]
16:56:17.421 [Test worker] DEBUG org.springframework.test.util.ReflectionTestUtils - Invoking setter method 'setEyeColor' on target object [[PersonEntity@11fd2b8f id = 99, name = 'Tom', age = 42, eyeColor = [null], likesPets = false, favoriteNumber = [null]]] with value [blue]
16:56:17.422 [Test worker] DEBUG org.springframework.test.util.ReflectionTestUtils - Invoking setter method 'setLikesPets' on target object [[PersonEntity@11fd2b8f id = 99, name = 'Tom', age = 42, eyeColor = 'blue', likesPets = false, favoriteNumber = [null]]] with value [true]
16:56:17.422 [Test worker] DEBUG org.springframework.test.util.ReflectionTestUtils - Invoking setter method 'setFavoriteNumber' on target object [[PersonEntity@11fd2b8f id = 99, name = 'Tom', age = 42, eyeColor = 'blue', likesPets = true, favoriteNumber = [null]]] with value [3.142857]
16:56:17.422 [Test worker] DEBUG org.springframework.test.util.ReflectionTestUtils - Invoking getter method 'getId' on target object [[PersonEntity@11fd2b8f id = 99, name = 'Tom', age = 42, eyeColor = 'blue', likesPets = true, favoriteNumber = 3.142857]]
16:56:17.422 [Test worker] DEBUG org.springframework.test.util.ReflectionTestUtils - Invoking getter method 'getName' on target object [[PersonEntity@11fd2b8f id = 99, name = 'Tom', age = 42, eyeColor = 'blue', likesPets = true, favoriteNumber = 3.142857]]
16:56:17.422 [Test worker] DEBUG org.springframework.test.util.ReflectionTestUtils - Invoking getter method 'getAge' on target object [[PersonEntity@11fd2b8f id = 99, name = 'Tom', age = 42, eyeColor = 'blue', likesPets = true, favoriteNumber = 3.142857]]
16:56:17.422 [Test worker] DEBUG org.springframework.test.util.ReflectionTestUtils - Invoking getter method 'getEyeColor' on target object [[PersonEntity@11fd2b8f id = 99, name = 'Tom', age = 42, eyeColor = 'blue', likesPets = true, favoriteNumber = 3.142857]]
16:56:17.422 [Test worker] DEBUG org.springframework.test.util.ReflectionTestUtils - Invoking getter method 'likesPets' on target object [[PersonEntity@11fd2b8f id = 99, name = 'Tom', age = 42, eyeColor = 'blue', likesPets = true, favoriteNumber = 3.142857]]
16:56:17.424 [Test worker] DEBUG org.springframework.test.util.ReflectionTestUtils - Invoking getter method 'getFavoriteNumber' on target object [[PersonEntity@11fd2b8f id = 99, name = 'Tom', age = 42, eyeColor = 'blue', likesPets = true, favoriteNumber = 3.142857]]
16:56:17.424 [Test worker] DEBUG org.springframework.test.util.ReflectionTestUtils - Setting field 'publicField' of type [null] on target object [null] or target class [class org.springframework.test.util.subpackage.StaticFields] to value [xxx]
16:56:17.424 [Test worker] DEBUG org.springframework.test.util.ReflectionTestUtils - Setting field 'privateField' of type [null] on target object [null] or target class [class org.springframework.test.util.subpackage.StaticFields] to value [yyy]
16:56:17.424 [Test worker] DEBUG org.springframework.test.util.ReflectionTestUtils - Invoking setter method 'setAge' on target object [[PersonEntity@7fc6905c id = 0, name = [null], age = 0, eyeColor = [null], likesPets = false, favoriteNumber = [null]]] with value [null]
16:56:17.425 [Test worker] DEBUG org.springframework.test.util.ReflectionTestUtils - Setting field 'likesPets' of type [boolean] on target object [[PersonEntity@408138d5 id = 0, name = [null], age = 0, eyeColor = [null], likesPets = false, favoriteNumber = [null]]] or target class [class org.springframework.test.util.subpackage.PersonEntity] to value [null]
16:56:17.425 [Test worker] DEBUG org.springframework.test.util.ReflectionTestUtils - Invoking method 'configure' on target object [org.springframework.test.util.subpackage.Component@73d7e12e] with arguments {42, enigma}
16:56:17.425 [Test worker] DEBUG org.springframework.test.util.ReflectionTestUtils - Invoking method 'init' on target object [org.springframework.test.util.subpackage.Component@73d7e12e] with arguments {}
16:56:17.426 [Test worker] DEBUG org.springframework.test.util.ReflectionTestUtils - Invoking method 'destroy' on target object [org.springframework.test.util.subpackage.Component@73d7e12e] with arguments {}
]]></system-out>
  <system-err><![CDATA[]]></system-err>
</testsuite>
