<?xml version="1.0" encoding="UTF-8"?>
<testsuite name="org.springframework.cache.jcache.JCacheEhCache3ApiTests" tests="12" skipped="0" failures="0" errors="0" timestamp="2016-11-10T08:55:42" hostname="XB-20161010YVDY" time="0.112">
  <properties/>
  <testcase name="testCacheGetCallableNotInvokedWithHitNull" classname="org.springframework.cache.jcache.JCacheEhCache3ApiTests" time="0.011"/>
  <testcase name="testCacheGetSynchronized" classname="org.springframework.cache.jcache.JCacheEhCache3ApiTests" time="0.061"/>
  <testcase name="testCachePutIfAbsent" classname="org.springframework.cache.jcache.JCacheEhCache3ApiTests" time="0.006"/>
  <testcase name="testCacheClear" classname="org.springframework.cache.jcache.JCacheEhCache3ApiTests" time="0.007"/>
  <testcase name="testCacheRemove" classname="org.springframework.cache.jcache.JCacheEhCache3ApiTests" time="0.002"/>
  <testcase name="testCacheGetCallableNotInvokedWithHit" classname="org.springframework.cache.jcache.JCacheEhCache3ApiTests" time="0.003"/>
  <testcase name="testCacheName" classname="org.springframework.cache.jcache.JCacheEhCache3ApiTests" time="0.003"/>
  <testcase name="testCachePut" classname="org.springframework.cache.jcache.JCacheEhCache3ApiTests" time="0.005"/>
  <testcase name="testCacheGetCallable" classname="org.springframework.cache.jcache.JCacheEhCache3ApiTests" time="0.005"/>
  <testcase name="testNativeCache" classname="org.springframework.cache.jcache.JCacheEhCache3ApiTests" time="0.002"/>
  <testcase name="testCacheGetCallableFail" classname="org.springframework.cache.jcache.JCacheEhCache3ApiTests" time="0.003"/>
  <testcase name="testCacheGetCallableWithNull" classname="org.springframework.cache.jcache.JCacheEhCache3ApiTests" time="0.003"/>
  <system-out><![CDATA[]]></system-out>
  <system-err><![CDATA[]]></system-err>
</testsuite>
