<?xml version="1.0" encoding="UTF-8"?>
<testsuite name="org.springframework.test.context.junit4.rules.ParameterizedSpringRuleTests" tests="2" skipped="0" failures="0" errors="0" timestamp="2016-11-10T08:56:08" hostname="XB-20161010YVDY" time="0.045">
  <properties/>
  <testcase name="verifyPetAndEmployee[bean [employee1], employee [John Smith]]" classname="org.springframework.test.context.junit4.rules.ParameterizedSpringRuleTests" time="0.044"/>
  <testcase name="verifyPetAndEmployee[bean [employee2], employee [Jane Smith]]" classname="org.springframework.test.context.junit4.rules.ParameterizedSpringRuleTests" time="0.0"/>
  <system-out><![CDATA[]]></system-out>
  <system-err><![CDATA[]]></system-err>
</testsuite>
