<?xml version="1.0" encoding="UTF-8"?>
<testsuite name="org.springframework.test.context.junit4.spr8849.TestClass1" tests="1" skipped="0" failures="0" errors="0" timestamp="2016-11-10T08:56:10" hostname="XB-20161010YVDY" time="0.0">
  <properties/>
  <testcase name="dummyTest" classname="org.springframework.test.context.junit4.spr8849.TestClass1" time="0.0"/>
  <system-out><![CDATA[]]></system-out>
  <system-err><![CDATA[]]></system-err>
</testsuite>
