<?xml version="1.0" encoding="UTF-8"?>
<testsuite name="org.springframework.test.context.jdbc.DataSourceOnlySqlScriptsTests" tests="2" skipped="0" failures="0" errors="0" timestamp="2016-11-10T08:55:53" hostname="XB-20161010YVDY" time="0.013">
  <properties/>
  <testcase name="test01_classLevelScripts" classname="org.springframework.test.context.jdbc.DataSourceOnlySqlScriptsTests" time="0.009"/>
  <testcase name="test02_methodLevelScripts" classname="org.springframework.test.context.jdbc.DataSourceOnlySqlScriptsTests" time="0.004"/>
  <system-out><![CDATA[]]></system-out>
  <system-err><![CDATA[]]></system-err>
</testsuite>
