<?xml version="1.0" encoding="UTF-8"?>
<testsuite name="org.springframework.mock.web.MockHttpServletResponseTests" tests="27" skipped="0" failures="0" errors="0" timestamp="2016-11-10T08:55:43" hostname="XB-20161010YVDY" time="0.011">
  <properties/>
  <testcase name="setContentTypeUTF8" classname="org.springframework.mock.web.MockHttpServletResponseTests" time="0.0"/>
  <testcase name="servletWriterCommittedWhenBufferSizeExceeded" classname="org.springframework.mock.web.MockHttpServletResponseTests" time="0.001"/>
  <testcase name="servletWriterAutoFlushedForChar" classname="org.springframework.mock.web.MockHttpServletResponseTests" time="0.001"/>
  <testcase name="httpHeaderNameCasingIsPreserved" classname="org.springframework.mock.web.MockHttpServletResponseTests" time="0.0"/>
  <testcase name="getInvalidDateHeader" classname="org.springframework.mock.web.MockHttpServletResponseTests" time="0.0"/>
  <testcase name="servletOutputStreamCommittedOnOutputStreamFlush" classname="org.springframework.mock.web.MockHttpServletResponseTests" time="0.0"/>
  <testcase name="contentLength" classname="org.springframework.mock.web.MockHttpServletResponseTests" time="0.0"/>
  <testcase name="locationHeaderUpdatesGetRedirectedUrl" classname="org.springframework.mock.web.MockHttpServletResponseTests" time="0.0"/>
  <testcase name="contentTypeHeader" classname="org.springframework.mock.web.MockHttpServletResponseTests" time="0.0"/>
  <testcase name="modifyStatusMessageAfterSendError" classname="org.springframework.mock.web.MockHttpServletResponseTests" time="0.0"/>
  <testcase name="servletWriterAutoFlushedForCharArray" classname="org.springframework.mock.web.MockHttpServletResponseTests" time="0.0"/>
  <testcase name="sendRedirect" classname="org.springframework.mock.web.MockHttpServletResponseTests" time="0.0"/>
  <testcase name="contentLengthHeader" classname="org.springframework.mock.web.MockHttpServletResponseTests" time="0.0"/>
  <testcase name="getDateHeader" classname="org.springframework.mock.web.MockHttpServletResponseTests" time="0.005"/>
  <testcase name="contentTypeHeaderWithMoreComplexCharsetSyntax" classname="org.springframework.mock.web.MockHttpServletResponseTests" time="0.0"/>
  <testcase name="servletOutputStreamCommittedWhenBufferSizeExceeded" classname="org.springframework.mock.web.MockHttpServletResponseTests" time="0.002"/>
  <testcase name="servletOutputStreamCommittedOnFlushBuffer" classname="org.springframework.mock.web.MockHttpServletResponseTests" time="0.0"/>
  <testcase name="addDateHeader" classname="org.springframework.mock.web.MockHttpServletResponseTests" time="0.0"/>
  <testcase name="contentTypeHeaderUTF8" classname="org.springframework.mock.web.MockHttpServletResponseTests" time="0.0"/>
  <testcase name="contentLengthIntHeader" classname="org.springframework.mock.web.MockHttpServletResponseTests" time="0.0"/>
  <testcase name="setDateHeader" classname="org.springframework.mock.web.MockHttpServletResponseTests" time="0.001"/>
  <testcase name="modifyStatusAfterSendError" classname="org.springframework.mock.web.MockHttpServletResponseTests" time="0.0"/>
  <testcase name="servletWriterCommittedOnWriterFlush" classname="org.springframework.mock.web.MockHttpServletResponseTests" time="0.0"/>
  <testcase name="setCharacterEncodingThenContentType" classname="org.springframework.mock.web.MockHttpServletResponseTests" time="0.0"/>
  <testcase name="servletWriterAutoFlushedForString" classname="org.springframework.mock.web.MockHttpServletResponseTests" time="0.0"/>
  <testcase name="setContentType" classname="org.springframework.mock.web.MockHttpServletResponseTests" time="0.0"/>
  <testcase name="setContentTypeThenCharacterEncoding" classname="org.springframework.mock.web.MockHttpServletResponseTests" time="0.0"/>
  <system-out><![CDATA[]]></system-out>
  <system-err><![CDATA[]]></system-err>
</testsuite>
