<?xml version="1.0" encoding="UTF-8"?>
<testsuite name="org.springframework.test.context.junit.jupiter.web.MultipleWebRequestsSpringExtensionTestCase" tests="2" skipped="0" failures="0" errors="0" timestamp="2016-11-10T08:55:58" hostname="XB-20161010YVDY" time="0.887">
  <properties/>
  <testcase name="getPerson42" classname="org.springframework.test.context.junit.jupiter.web.MultipleWebRequestsSpringExtensionTestCase" time="0.883"/>
  <testcase name="getPerson99" classname="org.springframework.test.context.junit.jupiter.web.MultipleWebRequestsSpringExtensionTestCase" time="0.004"/>
  <system-out><![CDATA[]]></system-out>
  <system-err><![CDATA[]]></system-err>
</testsuite>
