<?xml version="1.0" encoding="UTF-8"?>
<testsuite name="org.springframework.test.context.testng.DirtiesContextTransactionalTestNGSpringContextTests" tests="3" skipped="0" failures="0" errors="0" timestamp="2016-11-10T07:43:09" hostname="XB-20161010YVDY" time="1.15">
  <properties/>
  <testcase name="dirtyContext" classname="org.springframework.test.context.testng.DirtiesContextTransactionalTestNGSpringContextTests" time="0.004"/>
  <testcase name="verifyContextWasDirtied" classname="org.springframework.test.context.testng.DirtiesContextTransactionalTestNGSpringContextTests" time="0.0"/>
  <testcase name="verifyContextWasNotDirtied" classname="org.springframework.test.context.testng.DirtiesContextTransactionalTestNGSpringContextTests" time="0.0"/>
  <system-out><![CDATA[]]></system-out>
  <system-err><![CDATA[]]></system-err>
</testsuite>
