<?xml version="1.0" encoding="UTF-8"?>
<testsuite name="org.springframework.mock.web.MockServletContextTests" tests="15" skipped="0" failures="0" errors="0" timestamp="2016-11-10T08:55:43" hostname="XB-20161010YVDY" time="0.014">
  <properties/>
  <testcase name="registerContextAndGetContext" classname="org.springframework.mock.web.MockServletContextTests" time="0.0"/>
  <testcase name="getFilterRegistrations" classname="org.springframework.mock.web.MockServletContextTests" time="0.0"/>
  <testcase name="listNonDirectory" classname="org.springframework.mock.web.MockServletContextTests" time="0.004"/>
  <testcase name="listFiles" classname="org.springframework.mock.web.MockServletContextTests" time="0.002"/>
  <testcase name="servletVersion" classname="org.springframework.mock.web.MockServletContextTests" time="0.0"/>
  <testcase name="listSubdirectories" classname="org.springframework.mock.web.MockServletContextTests" time="0.001"/>
  <testcase name="getServletRegistrations" classname="org.springframework.mock.web.MockServletContextTests" time="0.0"/>
  <testcase name="getServletRegistration" classname="org.springframework.mock.web.MockServletContextTests" time="0.0"/>
  <testcase name="setDefaultServletName" classname="org.springframework.mock.web.MockServletContextTests" time="0.0"/>
  <testcase name="getMimeTypeWithCustomConfiguredType" classname="org.springframework.mock.web.MockServletContextTests" time="0.004"/>
  <testcase name="getMimeType" classname="org.springframework.mock.web.MockServletContextTests" time="0.0"/>
  <testcase name="listInvalidPath" classname="org.springframework.mock.web.MockServletContextTests" time="0.001"/>
  <testcase name="registerAndUnregisterNamedDispatcher" classname="org.springframework.mock.web.MockServletContextTests" time="0.0"/>
  <testcase name="getFilterRegistration" classname="org.springframework.mock.web.MockServletContextTests" time="0.0"/>
  <testcase name="getNamedDispatcherForDefaultServlet" classname="org.springframework.mock.web.MockServletContextTests" time="0.0"/>
  <system-out><![CDATA[]]></system-out>
  <system-err><![CDATA[]]></system-err>
</testsuite>
