<?xml version="1.0" encoding="UTF-8"?>
<testsuite name="org.springframework.test.web.servlet.setup.StandaloneMockMvcBuilderTests" tests="8" skipped="0" failures="0" errors="0" timestamp="2016-11-10T08:56:31" hostname="XB-20161010YVDY" time="0.148">
  <properties/>
  <testcase name="addFilterPatternsNull" classname="org.springframework.test.web.servlet.setup.StandaloneMockMvcBuilderTests" time="0.001"/>
  <testcase name="springHandlerInstantiator" classname="org.springframework.test.web.servlet.setup.StandaloneMockMvcBuilderTests" time="0.035"/>
  <testcase name="addFilterPatternContainsNull" classname="org.springframework.test.web.servlet.setup.StandaloneMockMvcBuilderTests" time="0.0"/>
  <testcase name="placeHoldersInRequestMapping" classname="org.springframework.test.web.servlet.setup.StandaloneMockMvcBuilderTests" time="0.046"/>
  <testcase name="applicationContextAttribute" classname="org.springframework.test.web.servlet.setup.StandaloneMockMvcBuilderTests" time="0.033"/>
  <testcase name="addFiltersFiltersNull" classname="org.springframework.test.web.servlet.setup.StandaloneMockMvcBuilderTests" time="0.0"/>
  <testcase name="suffixPatternMatch" classname="org.springframework.test.web.servlet.setup.StandaloneMockMvcBuilderTests" time="0.032"/>
  <testcase name="addFiltersFiltersContainsNull" classname="org.springframework.test.web.servlet.setup.StandaloneMockMvcBuilderTests" time="0.0"/>
  <system-out><![CDATA[]]></system-out>
  <system-err><![CDATA[]]></system-err>
</testsuite>
