<?xml version="1.0" encoding="UTF-8"?>
<testsuite name="org.springframework.test.context.cache.LruContextCacheTests" tests="6" skipped="0" failures="0" errors="0" timestamp="2016-11-10T08:55:47" hostname="XB-20161010YVDY" time="0.017">
  <properties/>
  <testcase name="maxCacheSizeOne" classname="org.springframework.test.context.cache.LruContextCacheTests" time="0.011"/>
  <testcase name="maxCacheSizeNegativeOne" classname="org.springframework.test.context.cache.LruContextCacheTests" time="0.0"/>
  <testcase name="maxCacheSizeZero" classname="org.springframework.test.context.cache.LruContextCacheTests" time="0.0"/>
  <testcase name="maxCacheSizeThree" classname="org.springframework.test.context.cache.LruContextCacheTests" time="0.001"/>
  <testcase name="ensureLruOrderingIsUpdated" classname="org.springframework.test.context.cache.LruContextCacheTests" time="0.002"/>
  <testcase name="ensureEvictedContextsAreClosed" classname="org.springframework.test.context.cache.LruContextCacheTests" time="0.002"/>
  <system-out><![CDATA[16:55:47.811 [Test worker] DEBUG org.springframework.test.util.ReflectionTestUtils - Getting field 'contextMap' from target object [[DefaultContextCache@5a78a8e8 size = 1, maxSize = 1, parentContextCount = 0, hitCount = 0, missCount = 0]] or target class [class org.springframework.test.context.cache.DefaultContextCache]
16:55:47.821 [Test worker] DEBUG org.springframework.test.util.ReflectionTestUtils - Getting field 'contextMap' from target object [[DefaultContextCache@5a78a8e8 size = 1, maxSize = 1, parentContextCount = 0, hitCount = 0, missCount = 0]] or target class [class org.springframework.test.context.cache.DefaultContextCache]
16:55:47.821 [Test worker] DEBUG org.springframework.test.util.ReflectionTestUtils - Getting field 'contextMap' from target object [[DefaultContextCache@5a78a8e8 size = 1, maxSize = 1, parentContextCount = 0, hitCount = 0, missCount = 0]] or target class [class org.springframework.test.context.cache.DefaultContextCache]
16:55:47.822 [Test worker] DEBUG org.springframework.test.util.ReflectionTestUtils - Getting field 'contextMap' from target object [[DefaultContextCache@5a78a8e8 size = 1, maxSize = 1, parentContextCount = 0, hitCount = 0, missCount = 0]] or target class [class org.springframework.test.context.cache.DefaultContextCache]
16:55:47.823 [Test worker] DEBUG org.springframework.test.util.ReflectionTestUtils - Getting field 'contextMap' from target object [[DefaultContextCache@538e0a39 size = 1, maxSize = 3, parentContextCount = 0, hitCount = 0, missCount = 0]] or target class [class org.springframework.test.context.cache.DefaultContextCache]
16:55:47.823 [Test worker] DEBUG org.springframework.test.util.ReflectionTestUtils - Getting field 'contextMap' from target object [[DefaultContextCache@538e0a39 size = 1, maxSize = 3, parentContextCount = 0, hitCount = 0, missCount = 0]] or target class [class org.springframework.test.context.cache.DefaultContextCache]
16:55:47.823 [Test worker] DEBUG org.springframework.test.util.ReflectionTestUtils - Getting field 'contextMap' from target object [[DefaultContextCache@538e0a39 size = 2, maxSize = 3, parentContextCount = 0, hitCount = 0, missCount = 0]] or target class [class org.springframework.test.context.cache.DefaultContextCache]
16:55:47.824 [Test worker] DEBUG org.springframework.test.util.ReflectionTestUtils - Getting field 'contextMap' from target object [[DefaultContextCache@538e0a39 size = 3, maxSize = 3, parentContextCount = 0, hitCount = 0, missCount = 0]] or target class [class org.springframework.test.context.cache.DefaultContextCache]
16:55:47.824 [Test worker] DEBUG org.springframework.test.util.ReflectionTestUtils - Getting field 'contextMap' from target object [[DefaultContextCache@538e0a39 size = 3, maxSize = 3, parentContextCount = 0, hitCount = 0, missCount = 0]] or target class [class org.springframework.test.context.cache.DefaultContextCache]
16:55:47.825 [Test worker] DEBUG org.springframework.test.util.ReflectionTestUtils - Getting field 'contextMap' from target object [[DefaultContextCache@50a94a52 size = 3, maxSize = 3, parentContextCount = 0, hitCount = 0, missCount = 0]] or target class [class org.springframework.test.context.cache.DefaultContextCache]
16:55:47.825 [Test worker] DEBUG org.springframework.test.util.ReflectionTestUtils - Getting field 'contextMap' from target object [[DefaultContextCache@50a94a52 size = 3, maxSize = 3, parentContextCount = 0, hitCount = 1, missCount = 0]] or target class [class org.springframework.test.context.cache.DefaultContextCache]
16:55:47.825 [Test worker] DEBUG org.springframework.test.util.ReflectionTestUtils - Getting field 'contextMap' from target object [[DefaultContextCache@50a94a52 size = 3, maxSize = 3, parentContextCount = 0, hitCount = 2, missCount = 0]] or target class [class org.springframework.test.context.cache.DefaultContextCache]
16:55:47.825 [Test worker] DEBUG org.springframework.test.util.ReflectionTestUtils - Getting field 'contextMap' from target object [[DefaultContextCache@50a94a52 size = 3, maxSize = 3, parentContextCount = 0, hitCount = 3, missCount = 0]] or target class [class org.springframework.test.context.cache.DefaultContextCache]
16:55:47.825 [Test worker] DEBUG org.springframework.test.util.ReflectionTestUtils - Getting field 'contextMap' from target object [[DefaultContextCache@50a94a52 size = 3, maxSize = 3, parentContextCount = 0, hitCount = 4, missCount = 0]] or target class [class org.springframework.test.context.cache.DefaultContextCache]
16:55:47.826 [Test worker] DEBUG org.springframework.test.util.ReflectionTestUtils - Getting field 'contextMap' from target object [[DefaultContextCache@73d55dbc size = 2, maxSize = 2, parentContextCount = 0, hitCount = 0, missCount = 0]] or target class [class org.springframework.test.context.cache.DefaultContextCache]
16:55:47.826 [Test worker] DEBUG org.springframework.test.util.ReflectionTestUtils - Getting field 'contextMap' from target object [[DefaultContextCache@73d55dbc size = 2, maxSize = 2, parentContextCount = 0, hitCount = 0, missCount = 0]] or target class [class org.springframework.test.context.cache.DefaultContextCache]
16:55:47.827 [Test worker] DEBUG org.springframework.test.util.ReflectionTestUtils - Getting field 'contextMap' from target object [[DefaultContextCache@73d55dbc size = 2, maxSize = 2, parentContextCount = 0, hitCount = 0, missCount = 0]] or target class [class org.springframework.test.context.cache.DefaultContextCache]
]]></system-out>
  <system-err><![CDATA[]]></system-err>
</testsuite>
