<?xml version="1.0" encoding="UTF-8"?>
<testsuite name="org.springframework.cache.jcache.JCacheEhCache3AnnotationTests" tests="59" skipped="1" failures="0" errors="0" timestamp="2016-11-10T08:55:31" hostname="XB-20161010YVDY" time="11.304">
  <properties/>
  <testcase name="testCustomCacheManager" classname="org.springframework.cache.jcache.JCacheEhCache3AnnotationTests" time="0.0">
    <skipped/>
  </testcase>
  <testcase name="testMultiConditionalCacheAndEvict" classname="org.springframework.cache.jcache.JCacheEhCache3AnnotationTests" time="2.894"/>
  <testcase name="testClassCheckedExceptionSync" classname="org.springframework.cache.jcache.JCacheEhCache3AnnotationTests" time="0.223"/>
  <testcase name="testKeyExpression" classname="org.springframework.cache.jcache.JCacheEhCache3AnnotationTests" time="0.171"/>
  <testcase name="testConditionalUpdate" classname="org.springframework.cache.jcache.JCacheEhCache3AnnotationTests" time="0.202"/>
  <testcase name="testClassMultiCacheAndEvict" classname="org.springframework.cache.jcache.JCacheEhCache3AnnotationTests" time="0.216"/>
  <testcase name="testCacheableSyncNull" classname="org.springframework.cache.jcache.JCacheEhCache3AnnotationTests" time="0.186"/>
  <testcase name="testUnknownCustomKeyGenerator" classname="org.springframework.cache.jcache.JCacheEhCache3AnnotationTests" time="0.176"/>
  <testcase name="testClassRootVars" classname="org.springframework.cache.jcache.JCacheEhCache3AnnotationTests" time="0.208"/>
  <testcase name="testMethodName" classname="org.springframework.cache.jcache.JCacheEhCache3AnnotationTests" time="0.207"/>
  <testcase name="testEvictWithException" classname="org.springframework.cache.jcache.JCacheEhCache3AnnotationTests" time="0.203"/>
  <testcase name="testClassUpdate" classname="org.springframework.cache.jcache.JCacheEhCache3AnnotationTests" time="0.206"/>
  <testcase name="testClassEarlyInvalidate" classname="org.springframework.cache.jcache.JCacheEhCache3AnnotationTests" time="0.182"/>
  <testcase name="testCheckedExceptionSync" classname="org.springframework.cache.jcache.JCacheEhCache3AnnotationTests" time="0.174"/>
  <testcase name="testClassNullArg" classname="org.springframework.cache.jcache.JCacheEhCache3AnnotationTests" time="0.19"/>
  <testcase name="testClassEvictAll" classname="org.springframework.cache.jcache.JCacheEhCache3AnnotationTests" time="0.209"/>
  <testcase name="testPutRefersToResult" classname="org.springframework.cache.jcache.JCacheEhCache3AnnotationTests" time="0.187"/>
  <testcase name="testClassCacheUnlessExpression" classname="org.springframework.cache.jcache.JCacheEhCache3AnnotationTests" time="0.177"/>
  <testcase name="testConditionalExpressionSync" classname="org.springframework.cache.jcache.JCacheEhCache3AnnotationTests" time="0.172"/>
  <testcase name="testClassConditionalUpdate" classname="org.springframework.cache.jcache.JCacheEhCache3AnnotationTests" time="0.188"/>
  <testcase name="testConditionalExpression" classname="org.springframework.cache.jcache.JCacheEhCache3AnnotationTests" time="0.182"/>
  <testcase name="testClassMultiPut" classname="org.springframework.cache.jcache.JCacheEhCache3AnnotationTests" time="0.118"/>
  <testcase name="testInvalidateWithKey" classname="org.springframework.cache.jcache.JCacheEhCache3AnnotationTests" time="0.141"/>
  <testcase name="testEarlyInvalidate" classname="org.springframework.cache.jcache.JCacheEhCache3AnnotationTests" time="0.135"/>
  <testcase name="testClassUncheckedException" classname="org.springframework.cache.jcache.JCacheEhCache3AnnotationTests" time="0.143"/>
  <testcase name="testClassNullValue" classname="org.springframework.cache.jcache.JCacheEhCache3AnnotationTests" time="0.127"/>
  <testcase name="testEarlyInvalidateWithKey" classname="org.springframework.cache.jcache.JCacheEhCache3AnnotationTests" time="0.126"/>
  <testcase name="testClassEarlyInvalidateWithKey" classname="org.springframework.cache.jcache.JCacheEhCache3AnnotationTests" time="0.125"/>
  <testcase name="testUncheckedExceptionSync" classname="org.springframework.cache.jcache.JCacheEhCache3AnnotationTests" time="0.109"/>
  <testcase name="testClassUncheckedExceptionSync" classname="org.springframework.cache.jcache.JCacheEhCache3AnnotationTests" time="0.104"/>
  <testcase name="testClassCacheCacheable" classname="org.springframework.cache.jcache.JCacheEhCache3AnnotationTests" time="0.13"/>
  <testcase name="testClassMethodName" classname="org.springframework.cache.jcache.JCacheEhCache3AnnotationTests" time="0.155"/>
  <testcase name="testCustomKeyGenerator" classname="org.springframework.cache.jcache.JCacheEhCache3AnnotationTests" time="0.142"/>
  <testcase name="testCacheable" classname="org.springframework.cache.jcache.JCacheEhCache3AnnotationTests" time="0.135"/>
  <testcase name="testCheckedException" classname="org.springframework.cache.jcache.JCacheEhCache3AnnotationTests" time="0.147"/>
  <testcase name="testClassPutRefersToResult" classname="org.springframework.cache.jcache.JCacheEhCache3AnnotationTests" time="0.121"/>
  <testcase name="testVarArgsKey" classname="org.springframework.cache.jcache.JCacheEhCache3AnnotationTests" time="0.143"/>
  <testcase name="testMultiCache" classname="org.springframework.cache.jcache.JCacheEhCache3AnnotationTests" time="0.144"/>
  <testcase name="testMultiEvict" classname="org.springframework.cache.jcache.JCacheEhCache3AnnotationTests" time="0.135"/>
  <testcase name="testMultiCacheAndEvict" classname="org.springframework.cache.jcache.JCacheEhCache3AnnotationTests" time="0.132"/>
  <testcase name="testRootVars" classname="org.springframework.cache.jcache.JCacheEhCache3AnnotationTests" time="0.125"/>
  <testcase name="testClassMultiConditionalCacheAndEvict" classname="org.springframework.cache.jcache.JCacheEhCache3AnnotationTests" time="0.098"/>
  <testcase name="testClassCacheInvalidateWKey" classname="org.springframework.cache.jcache.JCacheEhCache3AnnotationTests" time="0.119"/>
  <testcase name="testClassEvictWithException" classname="org.springframework.cache.jcache.JCacheEhCache3AnnotationTests" time="0.119"/>
  <testcase name="testClassCheckedException" classname="org.springframework.cache.jcache.JCacheEhCache3AnnotationTests" time="0.16"/>
  <testcase name="testUnlessExpression" classname="org.springframework.cache.jcache.JCacheEhCache3AnnotationTests" time="0.139"/>
  <testcase name="testEvictAll" classname="org.springframework.cache.jcache.JCacheEhCache3AnnotationTests" time="0.098"/>
  <testcase name="testCacheableNull" classname="org.springframework.cache.jcache.JCacheEhCache3AnnotationTests" time="0.129"/>
  <testcase name="testCacheableSync" classname="org.springframework.cache.jcache.JCacheEhCache3AnnotationTests" time="0.104"/>
  <testcase name="testClassCacheInvalidate" classname="org.springframework.cache.jcache.JCacheEhCache3AnnotationTests" time="0.1"/>
  <testcase name="testMultiPut" classname="org.springframework.cache.jcache.JCacheEhCache3AnnotationTests" time="0.154"/>
  <testcase name="testUnknownCustomCacheManager" classname="org.springframework.cache.jcache.JCacheEhCache3AnnotationTests" time="0.129"/>
  <testcase name="testUncheckedException" classname="org.springframework.cache.jcache.JCacheEhCache3AnnotationTests" time="0.142"/>
  <testcase name="testNullValue" classname="org.springframework.cache.jcache.JCacheEhCache3AnnotationTests" time="0.093"/>
  <testcase name="testInvalidate" classname="org.springframework.cache.jcache.JCacheEhCache3AnnotationTests" time="0.11"/>
  <testcase name="testUpdate" classname="org.springframework.cache.jcache.JCacheEhCache3AnnotationTests" time="0.101"/>
  <testcase name="testNullArg" classname="org.springframework.cache.jcache.JCacheEhCache3AnnotationTests" time="0.098"/>
  <testcase name="testClassMultiCache" classname="org.springframework.cache.jcache.JCacheEhCache3AnnotationTests" time="0.1"/>
  <testcase name="testClassMultiEvict" classname="org.springframework.cache.jcache.JCacheEhCache3AnnotationTests" time="0.102"/>
  <system-out><![CDATA[]]></system-out>
  <system-err><![CDATA[java.io.IOException: a968a14f-0000-4190-9a3a-78cfd50893d7
	at org.springframework.cache.config.AnnotatedClassCacheableService.throwCheckedSync(AnnotatedClassCacheableService.java:194)
	at sun.reflect.NativeMethodAccessorImpl.invoke0(Native Method)
	at sun.reflect.NativeMethodAccessorImpl.invoke(NativeMethodAccessorImpl.java:62)
	at sun.reflect.DelegatingMethodAccessorImpl.invoke(DelegatingMethodAccessorImpl.java:43)
	at java.lang.reflect.Method.invoke(Method.java:498)
	at org.springframework.aop.support.AopUtils.invokeJoinpointUsingReflection(AopUtils.java:333)
	at org.springframework.aop.framework.ReflectiveMethodInvocation.invokeJoinpoint(ReflectiveMethodInvocation.java:190)
	at org.springframework.aop.framework.ReflectiveMethodInvocation.proceed(ReflectiveMethodInvocation.java:157)
	at org.springframework.cache.interceptor.CacheInterceptor$1.invoke(CacheInterceptor.java:52)
	at org.springframework.cache.interceptor.CacheAspectSupport.invokeOperation(CacheAspectSupport.java:323)
	at org.springframework.cache.interceptor.CacheAspectSupport$1.call(CacheAspectSupport.java:345)
	at org.springframework.cache.jcache.JCacheCache$ValueLoaderEntryProcessor.process(JCacheCache.java:122)
	at org.ehcache.jsr107.Eh107Cache$2.apply(Eh107Cache.java:354)
	at org.ehcache.core.Ehcache$Jsr107CacheImpl$3.apply(Ehcache.java:743)
	at org.ehcache.impl.internal.store.heap.OnHeapStore$21.apply(OnHeapStore.java:1105)
	at org.ehcache.impl.internal.store.heap.OnHeapStore$21.apply(OnHeapStore.java:1094)
	at org.ehcache.impl.internal.concurrent.ConcurrentHashMap.compute(ConcurrentHashMap.java:1877)
	at org.ehcache.impl.internal.store.heap.SimpleBackend.compute(SimpleBackend.java:96)
	at org.ehcache.impl.internal.store.heap.OnHeapStore.compute(OnHeapStore.java:1094)
	at org.ehcache.core.Ehcache$Jsr107CacheImpl.compute(Ehcache.java:767)
	at org.ehcache.jsr107.Eh107Cache.invoke(Eh107Cache.java:346)
	at org.springframework.cache.jcache.JCacheCache.get(JCacheCache.java:80)
	at org.springframework.cache.interceptor.CacheAspectSupport.execute(CacheAspectSupport.java:342)
	at org.springframework.cache.interceptor.CacheAspectSupport.execute(CacheAspectSupport.java:305)
	at org.springframework.cache.interceptor.CacheInterceptor.invoke(CacheInterceptor.java:61)
	at org.springframework.aop.framework.ReflectiveMethodInvocation.proceed(ReflectiveMethodInvocation.java:179)
	at org.springframework.aop.framework.JdkDynamicAopProxy.invoke(JdkDynamicAopProxy.java:213)
	at com.sun.proxy.$Proxy49.throwCheckedSync(Unknown Source)
	at org.springframework.cache.config.AbstractCacheAnnotationTests.testCheckedThrowableSync(AbstractCacheAnnotationTests.java:355)
	at org.springframework.cache.config.AbstractCacheAnnotationTests.testClassCheckedExceptionSync(AbstractCacheAnnotationTests.java:764)
	at sun.reflect.NativeMethodAccessorImpl.invoke0(Native Method)
	at sun.reflect.NativeMethodAccessorImpl.invoke(NativeMethodAccessorImpl.java:62)
	at sun.reflect.DelegatingMethodAccessorImpl.invoke(DelegatingMethodAccessorImpl.java:43)
	at java.lang.reflect.Method.invoke(Method.java:498)
	at org.junit.runners.model.FrameworkMethod$1.runReflectiveCall(FrameworkMethod.java:50)
	at org.junit.internal.runners.model.ReflectiveCallable.run(ReflectiveCallable.java:12)
	at org.junit.runners.model.FrameworkMethod.invokeExplosively(FrameworkMethod.java:47)
	at org.junit.internal.runners.statements.InvokeMethod.evaluate(InvokeMethod.java:17)
	at org.junit.internal.runners.statements.RunBefores.evaluate(RunBefores.java:26)
	at org.junit.internal.runners.statements.RunAfters.evaluate(RunAfters.java:27)
	at org.junit.runners.ParentRunner.runLeaf(ParentRunner.java:325)
	at org.junit.runners.BlockJUnit4ClassRunner.runChild(BlockJUnit4ClassRunner.java:78)
	at org.junit.runners.BlockJUnit4ClassRunner.runChild(BlockJUnit4ClassRunner.java:57)
	at org.junit.runners.ParentRunner$3.run(ParentRunner.java:290)
	at org.junit.runners.ParentRunner$1.schedule(ParentRunner.java:71)
	at org.junit.runners.ParentRunner.runChildren(ParentRunner.java:288)
	at org.junit.runners.ParentRunner.access$000(ParentRunner.java:58)
	at org.junit.runners.ParentRunner$2.evaluate(ParentRunner.java:268)
	at org.junit.runners.ParentRunner.run(ParentRunner.java:363)
	at org.gradle.api.internal.tasks.testing.junit.JUnitTestClassExecuter.runTestClass(JUnitTestClassExecuter.java:114)
	at org.gradle.api.internal.tasks.testing.junit.JUnitTestClassExecuter.execute(JUnitTestClassExecuter.java:57)
	at org.gradle.api.internal.tasks.testing.junit.JUnitTestClassProcessor.processTestClass(JUnitTestClassProcessor.java:66)
	at org.gradle.api.internal.tasks.testing.SuiteTestClassProcessor.processTestClass(SuiteTestClassProcessor.java:51)
	at sun.reflect.NativeMethodAccessorImpl.invoke0(Native Method)
	at sun.reflect.NativeMethodAccessorImpl.invoke(NativeMethodAccessorImpl.java:62)
	at sun.reflect.DelegatingMethodAccessorImpl.invoke(DelegatingMethodAccessorImpl.java:43)
	at java.lang.reflect.Method.invoke(Method.java:498)
	at org.gradle.internal.dispatch.ReflectionDispatch.dispatch(ReflectionDispatch.java:35)
	at org.gradle.internal.dispatch.ReflectionDispatch.dispatch(ReflectionDispatch.java:24)
	at org.gradle.internal.dispatch.ContextClassLoaderDispatch.dispatch(ContextClassLoaderDispatch.java:32)
	at org.gradle.internal.dispatch.ProxyDispatchAdapter$DispatchingInvocationHandler.invoke(ProxyDispatchAdapter.java:93)
	at com.sun.proxy.$Proxy2.processTestClass(Unknown Source)
	at org.gradle.api.internal.tasks.testing.worker.TestWorker.processTestClass(TestWorker.java:109)
	at sun.reflect.NativeMethodAccessorImpl.invoke0(Native Method)
	at sun.reflect.NativeMethodAccessorImpl.invoke(NativeMethodAccessorImpl.java:62)
	at sun.reflect.DelegatingMethodAccessorImpl.invoke(DelegatingMethodAccessorImpl.java:43)
	at java.lang.reflect.Method.invoke(Method.java:498)
	at org.gradle.internal.dispatch.ReflectionDispatch.dispatch(ReflectionDispatch.java:35)
	at org.gradle.internal.dispatch.ReflectionDispatch.dispatch(ReflectionDispatch.java:24)
	at org.gradle.internal.remote.internal.hub.MessageHub$Handler.run(MessageHub.java:377)
	at org.gradle.internal.concurrent.ExecutorPolicy$CatchAndRecordFailures.onExecute(ExecutorPolicy.java:54)
	at org.gradle.internal.concurrent.StoppableExecutorImpl$1.run(StoppableExecutorImpl.java:40)
	at java.util.concurrent.ThreadPoolExecutor.runWorker(ThreadPoolExecutor.java:1142)
	at java.util.concurrent.ThreadPoolExecutor$Worker.run(ThreadPoolExecutor.java:617)
	at java.lang.Thread.run(Thread.java:745)
java.io.IOException: bb43b8d0-abc9-4ad9-9ab5-baa0e32715bd
	at org.springframework.cache.config.DefaultCacheableService.throwCheckedSync(DefaultCacheableService.java:201)
	at org.springframework.cache.config.DefaultCacheableService.throwCheckedSync(DefaultCacheableService.java:34)
	at sun.reflect.NativeMethodAccessorImpl.invoke0(Native Method)
	at sun.reflect.NativeMethodAccessorImpl.invoke(NativeMethodAccessorImpl.java:62)
	at sun.reflect.DelegatingMethodAccessorImpl.invoke(DelegatingMethodAccessorImpl.java:43)
	at java.lang.reflect.Method.invoke(Method.java:498)
	at org.springframework.aop.support.AopUtils.invokeJoinpointUsingReflection(AopUtils.java:333)
	at org.springframework.aop.framework.ReflectiveMethodInvocation.invokeJoinpoint(ReflectiveMethodInvocation.java:190)
	at org.springframework.aop.framework.ReflectiveMethodInvocation.proceed(ReflectiveMethodInvocation.java:157)
	at org.springframework.cache.interceptor.CacheInterceptor$1.invoke(CacheInterceptor.java:52)
	at org.springframework.cache.interceptor.CacheAspectSupport.invokeOperation(CacheAspectSupport.java:323)
	at org.springframework.cache.interceptor.CacheAspectSupport$1.call(CacheAspectSupport.java:345)
	at org.springframework.cache.jcache.JCacheCache$ValueLoaderEntryProcessor.process(JCacheCache.java:122)
	at org.ehcache.jsr107.Eh107Cache$2.apply(Eh107Cache.java:354)
	at org.ehcache.core.Ehcache$Jsr107CacheImpl$3.apply(Ehcache.java:743)
	at org.ehcache.impl.internal.store.heap.OnHeapStore$21.apply(OnHeapStore.java:1105)
	at org.ehcache.impl.internal.store.heap.OnHeapStore$21.apply(OnHeapStore.java:1094)
	at org.ehcache.impl.internal.concurrent.ConcurrentHashMap.compute(ConcurrentHashMap.java:1877)
	at org.ehcache.impl.internal.store.heap.SimpleBackend.compute(SimpleBackend.java:96)
	at org.ehcache.impl.internal.store.heap.OnHeapStore.compute(OnHeapStore.java:1094)
	at org.ehcache.core.Ehcache$Jsr107CacheImpl.compute(Ehcache.java:767)
	at org.ehcache.jsr107.Eh107Cache.invoke(Eh107Cache.java:346)
	at org.springframework.cache.jcache.JCacheCache.get(JCacheCache.java:80)
	at org.springframework.cache.interceptor.CacheAspectSupport.execute(CacheAspectSupport.java:342)
	at org.springframework.cache.interceptor.CacheAspectSupport.execute(CacheAspectSupport.java:305)
	at org.springframework.cache.interceptor.CacheInterceptor.invoke(CacheInterceptor.java:61)
	at org.springframework.aop.framework.ReflectiveMethodInvocation.proceed(ReflectiveMethodInvocation.java:179)
	at org.springframework.aop.framework.JdkDynamicAopProxy.invoke(JdkDynamicAopProxy.java:213)
	at com.sun.proxy.$Proxy49.throwCheckedSync(Unknown Source)
	at org.springframework.cache.config.AbstractCacheAnnotationTests.testCheckedThrowableSync(AbstractCacheAnnotationTests.java:355)
	at org.springframework.cache.config.AbstractCacheAnnotationTests.testCheckedExceptionSync(AbstractCacheAnnotationTests.java:759)
	at sun.reflect.NativeMethodAccessorImpl.invoke0(Native Method)
	at sun.reflect.NativeMethodAccessorImpl.invoke(NativeMethodAccessorImpl.java:62)
	at sun.reflect.DelegatingMethodAccessorImpl.invoke(DelegatingMethodAccessorImpl.java:43)
	at java.lang.reflect.Method.invoke(Method.java:498)
	at org.junit.runners.model.FrameworkMethod$1.runReflectiveCall(FrameworkMethod.java:50)
	at org.junit.internal.runners.model.ReflectiveCallable.run(ReflectiveCallable.java:12)
	at org.junit.runners.model.FrameworkMethod.invokeExplosively(FrameworkMethod.java:47)
	at org.junit.internal.runners.statements.InvokeMethod.evaluate(InvokeMethod.java:17)
	at org.junit.internal.runners.statements.RunBefores.evaluate(RunBefores.java:26)
	at org.junit.internal.runners.statements.RunAfters.evaluate(RunAfters.java:27)
	at org.junit.runners.ParentRunner.runLeaf(ParentRunner.java:325)
	at org.junit.runners.BlockJUnit4ClassRunner.runChild(BlockJUnit4ClassRunner.java:78)
	at org.junit.runners.BlockJUnit4ClassRunner.runChild(BlockJUnit4ClassRunner.java:57)
	at org.junit.runners.ParentRunner$3.run(ParentRunner.java:290)
	at org.junit.runners.ParentRunner$1.schedule(ParentRunner.java:71)
	at org.junit.runners.ParentRunner.runChildren(ParentRunner.java:288)
	at org.junit.runners.ParentRunner.access$000(ParentRunner.java:58)
	at org.junit.runners.ParentRunner$2.evaluate(ParentRunner.java:268)
	at org.junit.runners.ParentRunner.run(ParentRunner.java:363)
	at org.gradle.api.internal.tasks.testing.junit.JUnitTestClassExecuter.runTestClass(JUnitTestClassExecuter.java:114)
	at org.gradle.api.internal.tasks.testing.junit.JUnitTestClassExecuter.execute(JUnitTestClassExecuter.java:57)
	at org.gradle.api.internal.tasks.testing.junit.JUnitTestClassProcessor.processTestClass(JUnitTestClassProcessor.java:66)
	at org.gradle.api.internal.tasks.testing.SuiteTestClassProcessor.processTestClass(SuiteTestClassProcessor.java:51)
	at sun.reflect.NativeMethodAccessorImpl.invoke0(Native Method)
	at sun.reflect.NativeMethodAccessorImpl.invoke(NativeMethodAccessorImpl.java:62)
	at sun.reflect.DelegatingMethodAccessorImpl.invoke(DelegatingMethodAccessorImpl.java:43)
	at java.lang.reflect.Method.invoke(Method.java:498)
	at org.gradle.internal.dispatch.ReflectionDispatch.dispatch(ReflectionDispatch.java:35)
	at org.gradle.internal.dispatch.ReflectionDispatch.dispatch(ReflectionDispatch.java:24)
	at org.gradle.internal.dispatch.ContextClassLoaderDispatch.dispatch(ContextClassLoaderDispatch.java:32)
	at org.gradle.internal.dispatch.ProxyDispatchAdapter$DispatchingInvocationHandler.invoke(ProxyDispatchAdapter.java:93)
	at com.sun.proxy.$Proxy2.processTestClass(Unknown Source)
	at org.gradle.api.internal.tasks.testing.worker.TestWorker.processTestClass(TestWorker.java:109)
	at sun.reflect.NativeMethodAccessorImpl.invoke0(Native Method)
	at sun.reflect.NativeMethodAccessorImpl.invoke(NativeMethodAccessorImpl.java:62)
	at sun.reflect.DelegatingMethodAccessorImpl.invoke(DelegatingMethodAccessorImpl.java:43)
	at java.lang.reflect.Method.invoke(Method.java:498)
	at org.gradle.internal.dispatch.ReflectionDispatch.dispatch(ReflectionDispatch.java:35)
	at org.gradle.internal.dispatch.ReflectionDispatch.dispatch(ReflectionDispatch.java:24)
	at org.gradle.internal.remote.internal.hub.MessageHub$Handler.run(MessageHub.java:377)
	at org.gradle.internal.concurrent.ExecutorPolicy$CatchAndRecordFailures.onExecute(ExecutorPolicy.java:54)
	at org.gradle.internal.concurrent.StoppableExecutorImpl$1.run(StoppableExecutorImpl.java:40)
	at java.util.concurrent.ThreadPoolExecutor.runWorker(ThreadPoolExecutor.java:1142)
	at java.util.concurrent.ThreadPoolExecutor$Worker.run(ThreadPoolExecutor.java:617)
	at java.lang.Thread.run(Thread.java:745)
]]></system-err>
</testsuite>
