<?xml version="1.0" encoding="UTF-8"?>
<testsuite name="org.springframework.test.context.testng.web.TestNGSpringContextWebTests" tests="2" skipped="0" failures="0" errors="0" timestamp="2016-11-10T07:43:09" hostname="XB-20161010YVDY" time="0.007">
  <properties/>
  <testcase name="basicWacFeatures" classname="org.springframework.test.context.testng.web.TestNGSpringContextWebTests" time="0.005"/>
  <testcase name="fooEnigmaAutowired" classname="org.springframework.test.context.testng.web.TestNGSpringContextWebTests" time="0.0"/>
  <system-out><![CDATA[]]></system-out>
  <system-err><![CDATA[]]></system-err>
</testsuite>
