<?xml version="1.0" encoding="UTF-8"?>
<testsuite name="org.springframework.test.web.client.samples.matchers.JsonPathRequestMatchersIntegrationTests" tests="9" skipped="0" failures="0" errors="0" timestamp="2016-11-10T08:56:18" hostname="XB-20161010YVDY" time="0.099">
  <properties/>
  <testcase name="exists" classname="org.springframework.test.web.client.samples.matchers.JsonPathRequestMatchersIntegrationTests" time="0.022"/>
  <testcase name="isBoolean" classname="org.springframework.test.web.client.samples.matchers.JsonPathRequestMatchersIntegrationTests" time="0.002"/>
  <testcase name="isNumber" classname="org.springframework.test.web.client.samples.matchers.JsonPathRequestMatchersIntegrationTests" time="0.004"/>
  <testcase name="doesNotExist" classname="org.springframework.test.web.client.samples.matchers.JsonPathRequestMatchersIntegrationTests" time="0.003"/>
  <testcase name="isString" classname="org.springframework.test.web.client.samples.matchers.JsonPathRequestMatchersIntegrationTests" time="0.003"/>
  <testcase name="value" classname="org.springframework.test.web.client.samples.matchers.JsonPathRequestMatchersIntegrationTests" time="0.003"/>
  <testcase name="hamcrestMatchersWithParameterizedJsonPaths" classname="org.springframework.test.web.client.samples.matchers.JsonPathRequestMatchersIntegrationTests" time="0.005"/>
  <testcase name="hamcrestMatchers" classname="org.springframework.test.web.client.samples.matchers.JsonPathRequestMatchersIntegrationTests" time="0.005"/>
  <testcase name="isArray" classname="org.springframework.test.web.client.samples.matchers.JsonPathRequestMatchersIntegrationTests" time="0.001"/>
  <system-out><![CDATA[]]></system-out>
  <system-err><![CDATA[]]></system-err>
</testsuite>
