<?xml version="1.0" encoding="UTF-8"?>
<testsuite name="org.springframework.test.context.jdbc.DefaultScriptDetectionSqlScriptsTests" tests="2" skipped="0" failures="0" errors="0" timestamp="2016-11-10T08:55:53" hostname="XB-20161010YVDY" time="0.01">
  <properties/>
  <testcase name="methodLevel" classname="org.springframework.test.context.jdbc.DefaultScriptDetectionSqlScriptsTests" time="0.006"/>
  <testcase name="classLevel" classname="org.springframework.test.context.jdbc.DefaultScriptDetectionSqlScriptsTests" time="0.004"/>
  <system-out><![CDATA[]]></system-out>
  <system-err><![CDATA[]]></system-err>
</testsuite>
