<?xml version="1.0" encoding="UTF-8"?>
<testsuite name="org.springframework.mock.web.MockFilterChainTests" tests="7" skipped="0" failures="0" errors="0" timestamp="2016-11-10T08:55:42" hostname="XB-20161010YVDY" time="0.772">
  <properties/>
  <testcase name="doFilterNullResponse" classname="org.springframework.mock.web.MockFilterChainTests" time="0.029"/>
  <testcase name="constructorNullServlet" classname="org.springframework.mock.web.MockFilterChainTests" time="0.001"/>
  <testcase name="constructorNullFilter" classname="org.springframework.mock.web.MockFilterChainTests" time="0.713"/>
  <testcase name="doFilterNullRequest" classname="org.springframework.mock.web.MockFilterChainTests" time="0.0"/>
  <testcase name="doFilterWithServlet" classname="org.springframework.mock.web.MockFilterChainTests" time="0.028"/>
  <testcase name="doFilterEmptyChain" classname="org.springframework.mock.web.MockFilterChainTests" time="0.0"/>
  <testcase name="doFilterWithServletAndFilters" classname="org.springframework.mock.web.MockFilterChainTests" time="0.001"/>
  <system-out><![CDATA[]]></system-out>
  <system-err><![CDATA[]]></system-err>
</testsuite>
