<?xml version="1.0" encoding="UTF-8"?>
<testsuite name="org.springframework.test.web.servlet.setup.DefaultMockMvcBuilderTests" tests="8" skipped="0" failures="0" errors="0" timestamp="2016-11-10T08:56:31" hostname="XB-20161010YVDY" time="0.043">
  <properties/>
  <testcase name="rootWacServletContainerAttributePreviouslySet" classname="org.springframework.test.web.servlet.setup.DefaultMockMvcBuilderTests" time="0.0"/>
  <testcase name="webAppContextSetupWithNullServletContext" classname="org.springframework.test.web.servlet.setup.DefaultMockMvcBuilderTests" time="0.0"/>
  <testcase name="rootWacServletContainerAttributeNotPreviouslySetWithContextHierarchy" classname="org.springframework.test.web.servlet.setup.DefaultMockMvcBuilderTests" time="0.008"/>
  <testcase name="dispatcherServletCustomizer" classname="org.springframework.test.web.servlet.setup.DefaultMockMvcBuilderTests" time="0.018"/>
  <testcase name="rootWacServletContainerAttributeNotPreviouslySet" classname="org.springframework.test.web.servlet.setup.DefaultMockMvcBuilderTests" time="0.0"/>
  <testcase name="webAppContextSetupWithNullWac" classname="org.springframework.test.web.servlet.setup.DefaultMockMvcBuilderTests" time="0.0"/>
  <testcase name="rootWacServletContainerAttributePreviouslySetWithContextHierarchy" classname="org.springframework.test.web.servlet.setup.DefaultMockMvcBuilderTests" time="0.0"/>
  <testcase name="dispatcherServletCustomizerProcessedInOrder" classname="org.springframework.test.web.servlet.setup.DefaultMockMvcBuilderTests" time="0.016"/>
  <system-out><![CDATA[]]></system-out>
  <system-err><![CDATA[]]></system-err>
</testsuite>
