<?xml version="1.0" encoding="UTF-8"?>
<testsuite name="org.springframework.test.web.client.MockRestServiceServerTests" tests="5" skipped="0" failures="0" errors="0" timestamp="2016-11-10T08:56:18" hostname="XB-20161010YVDY" time="0.156">
  <properties/>
  <testcase name="buildMultipleTimes" classname="org.springframework.test.web.client.MockRestServiceServerTests" time="0.055"/>
  <testcase name="resetAndReuseServer" classname="org.springframework.test.web.client.MockRestServiceServerTests" time="0.001"/>
  <testcase name="exactExpectOrder" classname="org.springframework.test.web.client.MockRestServiceServerTests" time="0.001"/>
  <testcase name="resetAndReuseServerWithUnorderedExpectationManager" classname="org.springframework.test.web.client.MockRestServiceServerTests" time="0.001"/>
  <testcase name="ignoreExpectOrder" classname="org.springframework.test.web.client.MockRestServiceServerTests" time="0.0"/>
  <system-out><![CDATA[]]></system-out>
  <system-err><![CDATA[]]></system-err>
</testsuite>
