<?xml version="1.0" encoding="UTF-8"?>
<testsuite name="org.springframework.test.context.jdbc.TransactionalInlinedStatementsSqlScriptsTests" tests="2" skipped="0" failures="0" errors="0" timestamp="2016-11-10T08:55:55" hostname="XB-20161010YVDY" time="0.006">
  <properties/>
  <testcase name="test01_classLevelScripts" classname="org.springframework.test.context.jdbc.TransactionalInlinedStatementsSqlScriptsTests" time="0.002"/>
  <testcase name="test02_methodLevelScripts" classname="org.springframework.test.context.jdbc.TransactionalInlinedStatementsSqlScriptsTests" time="0.004"/>
  <system-out><![CDATA[]]></system-out>
  <system-err><![CDATA[]]></system-err>
</testsuite>
