<?xml version="1.0" encoding="UTF-8"?>
<testsuite name="org.springframework.test.context.support.GenericXmlContextLoaderResourceLocationsTests" tests="7" skipped="0" failures="0" errors="0" timestamp="2016-11-10T08:56:13" hostname="XB-20161010YVDY" time="0.004">
  <properties/>
  <testcase name="assertContextConfigurationLocations[ClasspathNonExistentDefaultLocationsTestCase]" classname="org.springframework.test.context.support.GenericXmlContextLoaderResourceLocationsTests" time="0.001"/>
  <testcase name="assertContextConfigurationLocations[ClasspathExistentDefaultLocationsTestCase]" classname="org.springframework.test.context.support.GenericXmlContextLoaderResourceLocationsTests" time="0.0"/>
  <testcase name="assertContextConfigurationLocations[ImplicitClasspathLocationsTestCase]" classname="org.springframework.test.context.support.GenericXmlContextLoaderResourceLocationsTests" time="0.0"/>
  <testcase name="assertContextConfigurationLocations[ExplicitClasspathLocationsTestCase]" classname="org.springframework.test.context.support.GenericXmlContextLoaderResourceLocationsTests" time="0.0"/>
  <testcase name="assertContextConfigurationLocations[ExplicitFileLocationsTestCase]" classname="org.springframework.test.context.support.GenericXmlContextLoaderResourceLocationsTests" time="0.001"/>
  <testcase name="assertContextConfigurationLocations[ExplicitUrlLocationsTestCase]" classname="org.springframework.test.context.support.GenericXmlContextLoaderResourceLocationsTests" time="0.002"/>
  <testcase name="assertContextConfigurationLocations[ExplicitMixedPathTypesLocationsTestCase]" classname="org.springframework.test.context.support.GenericXmlContextLoaderResourceLocationsTests" time="0.0"/>
  <system-out><![CDATA[]]></system-out>
  <system-err><![CDATA[]]></system-err>
</testsuite>
