<?xml version="1.0" encoding="UTF-8"?>
<testsuite name="org.springframework.test.web.servlet.htmlunit.MockMvcWebConnectionTests" tests="6" skipped="0" failures="0" errors="0" timestamp="2016-11-10T08:56:21" hostname="XB-20161010YVDY" time="0.584">
  <properties/>
  <testcase name="contextPathDoesNotStartWithSlash" classname="org.springframework.test.web.servlet.htmlunit.MockMvcWebConnectionTests" time="0.062"/>
  <testcase name="forward" classname="org.springframework.test.web.servlet.htmlunit.MockMvcWebConnectionTests" time="0.309"/>
  <testcase name="contextPathEmpty" classname="org.springframework.test.web.servlet.htmlunit.MockMvcWebConnectionTests" time="0.057"/>
  <testcase name="contextPathEndsWithSlash" classname="org.springframework.test.web.servlet.htmlunit.MockMvcWebConnectionTests" time="0.05"/>
  <testcase name="contextPathExplicit" classname="org.springframework.test.web.servlet.htmlunit.MockMvcWebConnectionTests" time="0.051"/>
  <testcase name="contextPathNull" classname="org.springframework.test.web.servlet.htmlunit.MockMvcWebConnectionTests" time="0.054"/>
  <system-out><![CDATA[]]></system-out>
  <system-err><![CDATA[]]></system-err>
</testsuite>
