<?xml version="1.0" encoding="UTF-8"?>
<testsuite name="org.springframework.test.context.junit.SpringJUnitJupiterTestSuite" tests="0" skipped="0" failures="0" errors="0" timestamp="1970-01-01T00:00:00" hostname="XB-20161010YVDY" time="0.0">
  <properties/>
  <system-out><![CDATA[]]></system-out>
  <system-err><![CDATA[十一月 10, 2016 4:55:55 下午 org.junit.platform.launcher.core.ServiceLoaderTestEngineRegistry loadTestEngines
信息: Discovered TestEngines with IDs: [junit-jupiter]
]]></system-err>
</testsuite>
