<?xml version="1.0" encoding="UTF-8"?>
<testsuite name="org.springframework.test.web.servlet.htmlunit.UrlRegexRequestMatcherTests" tests="1" skipped="0" failures="0" errors="0" timestamp="2016-11-10T08:56:22" hostname="XB-20161010YVDY" time="0.002">
  <properties/>
  <testcase name="verifyExampleInClassLevelJavadoc" classname="org.springframework.test.web.servlet.htmlunit.UrlRegexRequestMatcherTests" time="0.002"/>
  <system-out><![CDATA[]]></system-out>
  <system-err><![CDATA[]]></system-err>
</testsuite>
