<?xml version="1.0" encoding="UTF-8"?>
<testsuite name="org.springframework.test.context.junit.jupiter.ComposedSpringExtensionTestCase" tests="2" skipped="0" failures="0" errors="0" timestamp="2016-11-10T08:55:55" hostname="XB-20161010YVDY" time="0.019">
  <properties/>
  <testcase name="applicationContextInjected(org.springframework.context.ApplicationContext)" classname="org.springframework.test.context.junit.jupiter.ComposedSpringExtensionTestCase" time="0.017"/>
  <testcase name="springBeansInjected" classname="org.springframework.test.context.junit.jupiter.ComposedSpringExtensionTestCase" time="0.001"/>
  <system-out><![CDATA[]]></system-out>
  <system-err><![CDATA[]]></system-err>
</testsuite>
