<?xml version="1.0" encoding="UTF-8"?>
<testsuite name="org.springframework.format.datetime.joda.DateTimeFormatterFactoryBeanTests" tests="4" skipped="0" failures="0" errors="0" timestamp="2016-11-10T07:39:07" hostname="XB-20161010YVDY" time="0.0">
  <properties/>
  <testcase name="isSingleton" classname="org.springframework.format.datetime.joda.DateTimeFormatterFactoryBeanTests" time="0.0"/>
  <testcase name="getObjectIsAlwaysSingleton" classname="org.springframework.format.datetime.joda.DateTimeFormatterFactoryBeanTests" time="0.0"/>
  <testcase name="getObject" classname="org.springframework.format.datetime.joda.DateTimeFormatterFactoryBeanTests" time="0.0"/>
  <testcase name="getObjectType" classname="org.springframework.format.datetime.joda.DateTimeFormatterFactoryBeanTests" time="0.0"/>
  <system-out><![CDATA[]]></system-out>
  <system-err><![CDATA[]]></system-err>
</testsuite>
