<?xml version="1.0" encoding="UTF-8"?>
<testsuite name="org.springframework.jmx.export.annotation.EnableMBeanExportConfigurationTests" tests="8" skipped="0" failures="0" errors="0" timestamp="2016-11-10T07:39:09" hostname="XB-20161010YVDY" time="0.376">
  <properties/>
  <testcase name="testOnlyTargetClassIsExposed" classname="org.springframework.jmx.export.annotation.EnableMBeanExportConfigurationTests" time="0.072"/>
  <testcase name="testComponentScan" classname="org.springframework.jmx.export.annotation.EnableMBeanExportConfigurationTests" time="0.056"/>
  <testcase name="testPackagePrivateClassExtensionCanBeExposed" classname="org.springframework.jmx.export.annotation.EnableMBeanExportConfigurationTests" time="0.053"/>
  <testcase name="testPackagePrivateExtensionCantBeExposed" classname="org.springframework.jmx.export.annotation.EnableMBeanExportConfigurationTests" time="0.044"/>
  <testcase name="testLazyNaming" classname="org.springframework.jmx.export.annotation.EnableMBeanExportConfigurationTests" time="0.038"/>
  <testcase name="testLazyAssembling" classname="org.springframework.jmx.export.annotation.EnableMBeanExportConfigurationTests" time="0.043"/>
  <testcase name="testPlaceholderBased" classname="org.springframework.jmx.export.annotation.EnableMBeanExportConfigurationTests" time="0.035"/>
  <testcase name="testPackagePrivateImplementationCantBeExposed" classname="org.springframework.jmx.export.annotation.EnableMBeanExportConfigurationTests" time="0.035"/>
  <system-out><![CDATA[]]></system-out>
  <system-err><![CDATA[]]></system-err>
</testsuite>
