<?xml version="1.0" encoding="UTF-8"?>
<testsuite name="org.springframework.context.annotation.EnableAspectJAutoProxyTests" tests="5" skipped="0" failures="0" errors="0" timestamp="2016-11-10T07:38:51" hostname="XB-20161010YVDY" time="0.233">
  <properties/>
  <testcase name="withCglibProxy" classname="org.springframework.context.annotation.EnableAspectJAutoProxyTests" time="0.038"/>
  <testcase name="withJdkProxy" classname="org.springframework.context.annotation.EnableAspectJAutoProxyTests" time="0.027"/>
  <testcase name="withAnnotationOnArgumentAndCglibProxy" classname="org.springframework.context.annotation.EnableAspectJAutoProxyTests" time="0.087"/>
  <testcase name="withAnnotationOnArgumentAndJdkProxy" classname="org.springframework.context.annotation.EnableAspectJAutoProxyTests" time="0.044"/>
  <testcase name="withExposedProxy" classname="org.springframework.context.annotation.EnableAspectJAutoProxyTests" time="0.037"/>
  <system-out><![CDATA[]]></system-out>
  <system-err><![CDATA[]]></system-err>
</testsuite>
