<?xml version="1.0" encoding="UTF-8"?>
<testsuite name="org.springframework.context.conversionservice.ConversionServiceContextConfigTests" tests="1" skipped="0" failures="0" errors="0" timestamp="2016-11-10T07:38:54" hostname="XB-20161010YVDY" time="0.035">
  <properties/>
  <testcase name="testConfigOk" classname="org.springframework.context.conversionservice.ConversionServiceContextConfigTests" time="0.035"/>
  <system-out><![CDATA[]]></system-out>
  <system-err><![CDATA[]]></system-err>
</testsuite>
