<?xml version="1.0" encoding="UTF-8"?>
<testsuite name="org.springframework.context.event.ApplicationContextEventTests" tests="24" skipped="0" failures="0" errors="0" timestamp="2016-11-10T07:38:55" hostname="XB-20161010YVDY" time="0.18">
  <properties/>
  <testcase name="nonSingletonListenerInApplicationContext" classname="org.springframework.context.event.ApplicationContextEventTests" time="0.001"/>
  <testcase name="orderedListenersWithAnnotation" classname="org.springframework.context.event.ApplicationContextEventTests" time="0.001"/>
  <testcase name="multicastSimpleEvent" classname="org.springframework.context.event.ApplicationContextEventTests" time="0.02"/>
  <testcase name="listenerAndBroadcasterWithCircularReference" classname="org.springframework.context.event.ApplicationContextEventTests" time="0.002"/>
  <testcase name="innerBeanAsListener" classname="org.springframework.context.event.ApplicationContextEventTests" time="0.006"/>
  <testcase name="multicastSmartGenericWrongTypeGenericListener" classname="org.springframework.context.event.ApplicationContextEventTests" time="0.019"/>
  <testcase name="simpleApplicationEventMulticasterWithTaskExecutor" classname="org.springframework.context.event.ApplicationContextEventTests" time="0.001"/>
  <testcase name="multicastConcreteTypeGenericListener" classname="org.springframework.context.event.ApplicationContextEventTests" time="0.001"/>
  <testcase name="beanPostProcessorPublishesEvents" classname="org.springframework.context.event.ApplicationContextEventTests" time="0.002"/>
  <testcase name="multicastConcreteWrongTypeGenericListener" classname="org.springframework.context.event.ApplicationContextEventTests" time="0.0"/>
  <testcase name="orderedListeners" classname="org.springframework.context.event.ApplicationContextEventTests" time="0.002"/>
  <testcase name="multicastGenericEvent" classname="org.springframework.context.event.ApplicationContextEventTests" time="0.0"/>
  <testcase name="proxiedListeners" classname="org.springframework.context.event.ApplicationContextEventTests" time="0.005"/>
  <testcase name="simpleApplicationEventMulticasterWithErrorHandler" classname="org.springframework.context.event.ApplicationContextEventTests" time="0.006"/>
  <testcase name="multicastSmartGenericTypeGenericListener" classname="org.springframework.context.event.ApplicationContextEventTests" time="0.001"/>
  <testcase name="anonymousClassAsListener" classname="org.springframework.context.event.ApplicationContextEventTests" time="0.001"/>
  <testcase name="lambdaAsListener" classname="org.springframework.context.event.ApplicationContextEventTests" time="0.001"/>
  <testcase name="testEventPublicationInterceptor" classname="org.springframework.context.event.ApplicationContextEventTests" time="0.099"/>
  <testcase name="multicastGenericEventWrongType" classname="org.springframework.context.event.ApplicationContextEventTests" time="0.0"/>
  <testcase name="simpleApplicationEventMulticasterWithException" classname="org.springframework.context.event.ApplicationContextEventTests" time="0.0"/>
  <testcase name="listenersInApplicationContext" classname="org.springframework.context.event.ApplicationContextEventTests" time="0.001"/>
  <testcase name="listenersInApplicationContextWithPayloadEvents" classname="org.springframework.context.event.ApplicationContextEventTests" time="0.001"/>
  <testcase name="multicastGenericEventWildcardSubType" classname="org.springframework.context.event.ApplicationContextEventTests" time="0.0"/>
  <testcase name="listenersInApplicationContextWithNestedChild" classname="org.springframework.context.event.ApplicationContextEventTests" time="0.009"/>
  <system-out><![CDATA[15:38:55.656 [Test worker] ERROR org.springframework.scheduling.support.TaskUtils$LoggingErrorHandler - Unexpected error occurred in scheduled task.
java.lang.RuntimeException: null
	at org.springframework.context.event.SimpleApplicationEventMulticaster.invokeListener(SimpleApplicationEventMulticaster.java:158) [main/:?]
	at org.springframework.context.event.SimpleApplicationEventMulticaster.multicastEvent(SimpleApplicationEventMulticaster.java:138) [main/:?]
	at org.springframework.context.event.SimpleApplicationEventMulticaster.multicastEvent(SimpleApplicationEventMulticaster.java:121) [main/:?]
	at org.springframework.context.event.ApplicationContextEventTests.simpleApplicationEventMulticasterWithErrorHandler(ApplicationContextEventTests.java:173) [test/:?]
	at sun.reflect.NativeMethodAccessorImpl.invoke0(Native Method) ~[?:1.8.0_101]
	at sun.reflect.NativeMethodAccessorImpl.invoke(NativeMethodAccessorImpl.java:62) ~[?:1.8.0_101]
	at sun.reflect.DelegatingMethodAccessorImpl.invoke(DelegatingMethodAccessorImpl.java:43) ~[?:1.8.0_101]
	at java.lang.reflect.Method.invoke(Method.java:498) ~[?:1.8.0_101]
	at org.junit.runners.model.FrameworkMethod$1.runReflectiveCall(FrameworkMethod.java:50) [junit-4.12.jar:4.12]
	at org.junit.internal.runners.model.ReflectiveCallable.run(ReflectiveCallable.java:12) [junit-4.12.jar:4.12]
	at org.junit.runners.model.FrameworkMethod.invokeExplosively(FrameworkMethod.java:47) [junit-4.12.jar:4.12]
	at org.junit.internal.runners.statements.InvokeMethod.evaluate(InvokeMethod.java:17) [junit-4.12.jar:4.12]
	at org.junit.runners.ParentRunner.runLeaf(ParentRunner.java:325) [junit-4.12.jar:4.12]
	at org.junit.runners.BlockJUnit4ClassRunner.runChild(BlockJUnit4ClassRunner.java:78) [junit-4.12.jar:4.12]
	at org.junit.runners.BlockJUnit4ClassRunner.runChild(BlockJUnit4ClassRunner.java:57) [junit-4.12.jar:4.12]
	at org.junit.runners.ParentRunner$3.run(ParentRunner.java:290) [junit-4.12.jar:4.12]
	at org.junit.runners.ParentRunner$1.schedule(ParentRunner.java:71) [junit-4.12.jar:4.12]
	at org.junit.runners.ParentRunner.runChildren(ParentRunner.java:288) [junit-4.12.jar:4.12]
	at org.junit.runners.ParentRunner.access$000(ParentRunner.java:58) [junit-4.12.jar:4.12]
	at org.junit.runners.ParentRunner$2.evaluate(ParentRunner.java:268) [junit-4.12.jar:4.12]
	at org.junit.runners.ParentRunner.run(ParentRunner.java:363) [junit-4.12.jar:4.12]
	at org.gradle.api.internal.tasks.testing.junit.JUnitTestClassExecuter.runTestClass(JUnitTestClassExecuter.java:114) [gradle-testing-jvm-3.1.jar:3.1]
	at org.gradle.api.internal.tasks.testing.junit.JUnitTestClassExecuter.execute(JUnitTestClassExecuter.java:57) [gradle-testing-jvm-3.1.jar:3.1]
	at org.gradle.api.internal.tasks.testing.junit.JUnitTestClassProcessor.processTestClass(JUnitTestClassProcessor.java:66) [gradle-testing-jvm-3.1.jar:3.1]
	at org.gradle.api.internal.tasks.testing.SuiteTestClassProcessor.processTestClass(SuiteTestClassProcessor.java:51) [gradle-testing-base-3.1.jar:3.1]
	at sun.reflect.GeneratedMethodAccessor51.invoke(Unknown Source) ~[?:?]
	at sun.reflect.DelegatingMethodAccessorImpl.invoke(DelegatingMethodAccessorImpl.java:43) ~[?:1.8.0_101]
	at java.lang.reflect.Method.invoke(Method.java:498) ~[?:1.8.0_101]
	at org.gradle.internal.dispatch.ReflectionDispatch.dispatch(ReflectionDispatch.java:35) [gradle-messaging-3.1.jar:3.1]
	at org.gradle.internal.dispatch.ReflectionDispatch.dispatch(ReflectionDispatch.java:24) [gradle-messaging-3.1.jar:3.1]
	at org.gradle.internal.dispatch.ContextClassLoaderDispatch.dispatch(ContextClassLoaderDispatch.java:32) [gradle-messaging-3.1.jar:3.1]
	at org.gradle.internal.dispatch.ProxyDispatchAdapter$DispatchingInvocationHandler.invoke(ProxyDispatchAdapter.java:93) [gradle-messaging-3.1.jar:3.1]
	at com.sun.proxy.$Proxy2.processTestClass(Unknown Source) [?:?]
	at org.gradle.api.internal.tasks.testing.worker.TestWorker.processTestClass(TestWorker.java:109) [gradle-testing-base-3.1.jar:3.1]
	at sun.reflect.GeneratedMethodAccessor50.invoke(Unknown Source) ~[?:?]
	at sun.reflect.DelegatingMethodAccessorImpl.invoke(DelegatingMethodAccessorImpl.java:43) ~[?:1.8.0_101]
	at java.lang.reflect.Method.invoke(Method.java:498) ~[?:1.8.0_101]
	at org.gradle.internal.dispatch.ReflectionDispatch.dispatch(ReflectionDispatch.java:35) [gradle-messaging-3.1.jar:3.1]
	at org.gradle.internal.dispatch.ReflectionDispatch.dispatch(ReflectionDispatch.java:24) [gradle-messaging-3.1.jar:3.1]
	at org.gradle.internal.remote.internal.hub.MessageHub$Handler.run(MessageHub.java:377) [gradle-messaging-3.1.jar:3.1]
	at org.gradle.internal.concurrent.ExecutorPolicy$CatchAndRecordFailures.onExecute(ExecutorPolicy.java:54) [gradle-base-services-3.1.jar:3.1]
	at org.gradle.internal.concurrent.StoppableExecutorImpl$1.run(StoppableExecutorImpl.java:40) [gradle-base-services-3.1.jar:3.1]
	at java.util.concurrent.ThreadPoolExecutor.runWorker(ThreadPoolExecutor.java:1142) [?:1.8.0_101]
	at java.util.concurrent.ThreadPoolExecutor$Worker.run(ThreadPoolExecutor.java:617) [?:1.8.0_101]
	at java.lang.Thread.run(Thread.java:745) [?:1.8.0_101]
]]></system-out>
  <system-err><![CDATA[]]></system-err>
</testsuite>
