<?xml version="1.0" encoding="UTF-8"?>
<testsuite name="org.springframework.context.support.Spr7283Tests" tests="1" skipped="0" failures="0" errors="0" timestamp="2016-11-10T07:39:05" hostname="XB-20161010YVDY" time="0.03">
  <properties/>
  <testcase name="testListWithInconsistentElementType" classname="org.springframework.context.support.Spr7283Tests" time="0.03"/>
  <system-out><![CDATA[]]></system-out>
  <system-err><![CDATA[]]></system-err>
</testsuite>
