<?xml version="1.0" encoding="UTF-8"?>
<testsuite name="org.springframework.scripting.groovy.GroovyAspectTests" tests="4" skipped="0" failures="0" errors="0" timestamp="2016-11-10T07:39:20" hostname="XB-20161010YVDY" time="0.112">
  <properties/>
  <testcase name="manualGroovyBeanWithStaticPointcut" classname="org.springframework.scripting.groovy.GroovyAspectTests" time="0.04"/>
  <testcase name="manualGroovyBeanWithDynamicPointcutProxyTargetClass" classname="org.springframework.scripting.groovy.GroovyAspectTests" time="0.045"/>
  <testcase name="manualGroovyBeanWithUnconditionalPointcut" classname="org.springframework.scripting.groovy.GroovyAspectTests" time="0.012"/>
  <testcase name="manualGroovyBeanWithDynamicPointcut" classname="org.springframework.scripting.groovy.GroovyAspectTests" time="0.015"/>
  <system-out><![CDATA[]]></system-out>
  <system-err><![CDATA[]]></system-err>
</testsuite>
