<?xml version="1.0" encoding="UTF-8"?>
<testsuite name="org.springframework.aop.aspectj.DeclareParentsTests" tests="2" skipped="1" failures="0" errors="0" timestamp="2016-11-10T07:38:16" hostname="XB-20161010YVDY" time="0.1">
  <properties/>
  <testcase name="testLockingWorks" classname="org.springframework.aop.aspectj.DeclareParentsTests" time="0.06">
    <skipped/>
  </testcase>
  <testcase name="testIntroductionWasMade" classname="org.springframework.aop.aspectj.DeclareParentsTests" time="0.04"/>
  <system-out><![CDATA[]]></system-out>
  <system-err><![CDATA[]]></system-err>
</testsuite>
