<?xml version="1.0" encoding="UTF-8"?>
<testsuite name="org.springframework.jndi.SimpleNamingContextTests" tests="2" skipped="0" failures="0" errors="0" timestamp="2016-11-10T07:39:11" hostname="XB-20161010YVDY" time="0.004">
  <properties/>
  <testcase name="testNamingContextBuilder" classname="org.springframework.jndi.SimpleNamingContextTests" time="0.004"/>
  <testcase name="testCreateInitialContext" classname="org.springframework.jndi.SimpleNamingContextTests" time="0.0"/>
  <system-out><![CDATA[]]></system-out>
  <system-err><![CDATA[]]></system-err>
</testsuite>
