<?xml version="1.0" encoding="UTF-8"?>
<testsuite name="org.springframework.aop.scope.ScopedProxyTests" tests="5" skipped="0" failures="0" errors="0" timestamp="2016-11-10T07:38:22" hostname="XB-20161010YVDY" time="0.126">
  <properties/>
  <testcase name="testSimpleProxy" classname="org.springframework.aop.scope.ScopedProxyTests" time="0.031"/>
  <testcase name="testJdkScopedProxy" classname="org.springframework.aop.scope.ScopedProxyTests" time="0.021"/>
  <testcase name="testProxyAssignable" classname="org.springframework.aop.scope.ScopedProxyTests" time="0.017"/>
  <testcase name="testCglibScopedProxy" classname="org.springframework.aop.scope.ScopedProxyTests" time="0.032"/>
  <testcase name="testScopedOverride" classname="org.springframework.aop.scope.ScopedProxyTests" time="0.025"/>
  <system-out><![CDATA[]]></system-out>
  <system-err><![CDATA[]]></system-err>
</testsuite>
