<?xml version="1.0" encoding="UTF-8"?>
<testsuite name="org.springframework.scheduling.config.ExecutorBeanDefinitionParserTests" tests="11" skipped="0" failures="0" errors="0" timestamp="2016-11-10T07:39:17" hostname="XB-20161010YVDY" time="0.233">
  <properties/>
  <testcase name="propertyPlaceholderWithInvalidPoolSize" classname="org.springframework.scheduling.config.ExecutorBeanDefinitionParserTests" time="0.021"/>
  <testcase name="threadNamePrefix" classname="org.springframework.scheduling.config.ExecutorBeanDefinitionParserTests" time="0.019"/>
  <testcase name="rangeWithUnboundedQueue" classname="org.springframework.scheduling.config.ExecutorBeanDefinitionParserTests" time="0.025"/>
  <testcase name="invalidPoolSize" classname="org.springframework.scheduling.config.ExecutorBeanDefinitionParserTests" time="0.022"/>
  <testcase name="defaultExecutor" classname="org.springframework.scheduling.config.ExecutorBeanDefinitionParserTests" time="0.021"/>
  <testcase name="propertyPlaceholderWithRange" classname="org.springframework.scheduling.config.ExecutorBeanDefinitionParserTests" time="0.021"/>
  <testcase name="typeCheck" classname="org.springframework.scheduling.config.ExecutorBeanDefinitionParserTests" time="0.018"/>
  <testcase name="propertyPlaceholderWithSingleSize" classname="org.springframework.scheduling.config.ExecutorBeanDefinitionParserTests" time="0.025"/>
  <testcase name="singleSize" classname="org.springframework.scheduling.config.ExecutorBeanDefinitionParserTests" time="0.023"/>
  <testcase name="propertyPlaceholderWithRangeAndCoreThreadTimeout" classname="org.springframework.scheduling.config.ExecutorBeanDefinitionParserTests" time="0.023"/>
  <testcase name="rangeWithBoundedQueue" classname="org.springframework.scheduling.config.ExecutorBeanDefinitionParserTests" time="0.015"/>
  <system-out><![CDATA[]]></system-out>
  <system-err><![CDATA[]]></system-err>
</testsuite>
