<?xml version="1.0" encoding="UTF-8"?>
<testsuite name="org.springframework.scripting.config.ScriptingDefaultsTests" tests="6" skipped="0" failures="0" errors="0" timestamp="2016-11-10T07:39:19" hostname="XB-20161010YVDY" time="0.286">
  <properties/>
  <testcase name="defaultAutowire" classname="org.springframework.scripting.config.ScriptingDefaultsTests" time="0.069"/>
  <testcase name="nameAsAlias" classname="org.springframework.scripting.config.ScriptingDefaultsTests" time="0.045"/>
  <testcase name="defaultInitMethod" classname="org.springframework.scripting.config.ScriptingDefaultsTests" time="0.047"/>
  <testcase name="defaultProxyTargetClass" classname="org.springframework.scripting.config.ScriptingDefaultsTests" time="0.035"/>
  <testcase name="defaultRefreshCheckDelay" classname="org.springframework.scripting.config.ScriptingDefaultsTests" time="0.049"/>
  <testcase name="defaultDestroyMethod" classname="org.springframework.scripting.config.ScriptingDefaultsTests" time="0.041"/>
  <system-out><![CDATA[]]></system-out>
  <system-err><![CDATA[]]></system-err>
</testsuite>
