<?xml version="1.0" encoding="UTF-8"?>
<testsuite name="org.springframework.jmx.export.assembler.MethodExclusionMBeanInfoAssemblerComboTests" tests="15" skipped="0" failures="0" errors="0" timestamp="2016-11-10T07:39:09" hostname="XB-20161010YVDY" time="0.131">
  <properties/>
  <testcase name="testGetAgeIsReadOnly" classname="org.springframework.jmx.export.assembler.MethodExclusionMBeanInfoAssemblerComboTests" time="0.009"/>
  <testcase name="testNickNameIsExposed" classname="org.springframework.jmx.export.assembler.MethodExclusionMBeanInfoAssemblerComboTests" time="0.008"/>
  <testcase name="testDescriptionNotNull" classname="org.springframework.jmx.export.assembler.MethodExclusionMBeanInfoAssemblerComboTests" time="0.008"/>
  <testcase name="testGetMBeanAttributeInfo" classname="org.springframework.jmx.export.assembler.MethodExclusionMBeanInfoAssemblerComboTests" time="0.012"/>
  <testcase name="testSetAttribute" classname="org.springframework.jmx.export.assembler.MethodExclusionMBeanInfoAssemblerComboTests" time="0.009"/>
  <testcase name="testAttributeInfoHasDescriptors" classname="org.springframework.jmx.export.assembler.MethodExclusionMBeanInfoAssemblerComboTests" time="0.009"/>
  <testcase name="testGetMBeanInfo" classname="org.springframework.jmx.export.assembler.MethodExclusionMBeanInfoAssemblerComboTests" time="0.013"/>
  <testcase name="testGetMBeanOperationInfo" classname="org.springframework.jmx.export.assembler.MethodExclusionMBeanInfoAssemblerComboTests" time="0.008"/>
  <testcase name="testRegisterOperations" classname="org.springframework.jmx.export.assembler.MethodExclusionMBeanInfoAssemblerComboTests" time="0.008"/>
  <testcase name="testRegisterAttributes" classname="org.springframework.jmx.export.assembler.MethodExclusionMBeanInfoAssemblerComboTests" time="0.008"/>
  <testcase name="testNotificationMetadata" classname="org.springframework.jmx.export.assembler.MethodExclusionMBeanInfoAssemblerComboTests" time="0.007"/>
  <testcase name="testAttributeHasCorrespondingOperations" classname="org.springframework.jmx.export.assembler.MethodExclusionMBeanInfoAssemblerComboTests" time="0.01"/>
  <testcase name="testMBeanRegistration" classname="org.springframework.jmx.export.assembler.MethodExclusionMBeanInfoAssemblerComboTests" time="0.006"/>
  <testcase name="testGetAttribute" classname="org.springframework.jmx.export.assembler.MethodExclusionMBeanInfoAssemblerComboTests" time="0.009"/>
  <testcase name="testOperationInvocation" classname="org.springframework.jmx.export.assembler.MethodExclusionMBeanInfoAssemblerComboTests" time="0.007"/>
  <system-out><![CDATA[]]></system-out>
  <system-err><![CDATA[]]></system-err>
</testsuite>
