<?xml version="1.0" encoding="UTF-8"?>
<testsuite name="org.springframework.aop.aspectj.ThisAndTargetSelectionOnlyPointcutsTests" tests="7" skipped="0" failures="0" errors="0" timestamp="2016-11-10T07:38:17" hostname="XB-20161010YVDY" time="0.256">
  <properties/>
  <testcase name="testThisAsInterfaceAndTargetAsClassCounterMatch" classname="org.springframework.aop.aspectj.ThisAndTargetSelectionOnlyPointcutsTests" time="0.043"/>
  <testcase name="testTargetAsClassDoesMatch" classname="org.springframework.aop.aspectj.ThisAndTargetSelectionOnlyPointcutsTests" time="0.039"/>
  <testcase name="testTargetAsInterfaceMatch" classname="org.springframework.aop.aspectj.ThisAndTargetSelectionOnlyPointcutsTests" time="0.035"/>
  <testcase name="testThisAsClassDoesNotMatch" classname="org.springframework.aop.aspectj.ThisAndTargetSelectionOnlyPointcutsTests" time="0.034"/>
  <testcase name="testThisAsInterfaceAndTargetAsInterfaceCounterMatch" classname="org.springframework.aop.aspectj.ThisAndTargetSelectionOnlyPointcutsTests" time="0.031"/>
  <testcase name="testThisAsClassAndTargetAsClassCounterNotMatch" classname="org.springframework.aop.aspectj.ThisAndTargetSelectionOnlyPointcutsTests" time="0.035"/>
  <testcase name="testThisAsInterfaceMatch" classname="org.springframework.aop.aspectj.ThisAndTargetSelectionOnlyPointcutsTests" time="0.037"/>
  <system-out><![CDATA[]]></system-out>
  <system-err><![CDATA[]]></system-err>
</testsuite>
