<?xml version="1.0" encoding="UTF-8"?>
<testsuite name="org.springframework.aop.aspectj.AfterThrowingAdviceBindingTests" tests="6" skipped="0" failures="0" errors="0" timestamp="2016-11-10T07:38:12" hostname="XB-20161010YVDY" time="0.329">
  <properties/>
  <testcase name="testSimpleAfterThrowing" classname="org.springframework.aop.aspectj.AfterThrowingAdviceBindingTests" time="0.089"/>
  <testcase name="testAfterThrowingWithTypeSpecified" classname="org.springframework.aop.aspectj.AfterThrowingAdviceBindingTests" time="0.05"/>
  <testcase name="testAfterThrowingWithRuntimeExceptionBinding" classname="org.springframework.aop.aspectj.AfterThrowingAdviceBindingTests" time="0.048"/>
  <testcase name="testAfterThrowingWithBinding" classname="org.springframework.aop.aspectj.AfterThrowingAdviceBindingTests" time="0.05"/>
  <testcase name="testAfterThrowingWithRuntimeTypeSpecified" classname="org.springframework.aop.aspectj.AfterThrowingAdviceBindingTests" time="0.046"/>
  <testcase name="testAfterThrowingWithNamedTypeRestriction" classname="org.springframework.aop.aspectj.AfterThrowingAdviceBindingTests" time="0.044"/>
  <system-out><![CDATA[]]></system-out>
  <system-err><![CDATA[]]></system-err>
</testsuite>
