<?xml version="1.0" encoding="UTF-8"?>
<testsuite name="org.springframework.validation.DataBinderFieldAccessTests" tests="6" skipped="0" failures="0" errors="0" timestamp="2016-11-10T07:39:25" hostname="XB-20161010YVDY" time="0.004">
  <properties/>
  <testcase name="nestedBindingWithDisabledAutoGrow" classname="org.springframework.validation.DataBinderFieldAccessTests" time="0.0"/>
  <testcase name="bindingNoErrorsNotIgnoreUnknown" classname="org.springframework.validation.DataBinderFieldAccessTests" time="0.001"/>
  <testcase name="bindingWithErrorsAndCustomEditors" classname="org.springframework.validation.DataBinderFieldAccessTests" time="0.002"/>
  <testcase name="bindingWithErrors" classname="org.springframework.validation.DataBinderFieldAccessTests" time="0.0"/>
  <testcase name="nestedBindingWithDefaultConversionNoErrors" classname="org.springframework.validation.DataBinderFieldAccessTests" time="0.001"/>
  <testcase name="bindingNoErrors" classname="org.springframework.validation.DataBinderFieldAccessTests" time="0.0"/>
  <system-out><![CDATA[]]></system-out>
  <system-err><![CDATA[]]></system-err>
</testsuite>
