<?xml version="1.0" encoding="UTF-8"?>
<testsuite name="org.springframework.context.annotation.DestroyMethodInferenceTests" tests="2" skipped="0" failures="0" errors="0" timestamp="2016-11-10T07:38:51" hostname="XB-20161010YVDY" time="0.037">
  <properties/>
  <testcase name="beanMethods" classname="org.springframework.context.annotation.DestroyMethodInferenceTests" time="0.029"/>
  <testcase name="xml" classname="org.springframework.context.annotation.DestroyMethodInferenceTests" time="0.008"/>
  <system-out><![CDATA[]]></system-out>
  <system-err><![CDATA[]]></system-err>
</testsuite>
