<?xml version="1.0" encoding="UTF-8"?>
<testsuite name="org.springframework.aop.aspectj.BeanNamePointcutAtAspectTests" tests="3" skipped="0" failures="0" errors="0" timestamp="2016-11-10T07:38:15" hostname="XB-20161010YVDY" time="0.138">
  <properties/>
  <testcase name="testMatchingBeanName" classname="org.springframework.aop.aspectj.BeanNamePointcutAtAspectTests" time="0.026"/>
  <testcase name="testProgrammaticProxyCreation" classname="org.springframework.aop.aspectj.BeanNamePointcutAtAspectTests" time="0.089"/>
  <testcase name="testNonMatchingBeanName" classname="org.springframework.aop.aspectj.BeanNamePointcutAtAspectTests" time="0.023"/>
  <system-out><![CDATA[]]></system-out>
  <system-err><![CDATA[]]></system-err>
</testsuite>
