<?xml version="1.0" encoding="UTF-8"?>
<testsuite name="org.springframework.scheduling.support.CronSequenceGeneratorTests" tests="12" skipped="0" failures="0" errors="0" timestamp="2016-11-10T07:39:17" hostname="XB-20161010YVDY" time="0.002">
  <properties/>
  <testcase name="withSameMinuteRange" classname="org.springframework.scheduling.support.CronSequenceGeneratorTests" time="0.0"/>
  <testcase name="withNegativeIncrement" classname="org.springframework.scheduling.support.CronSequenceGeneratorTests" time="0.0"/>
  <testcase name="with0Increment" classname="org.springframework.scheduling.support.CronSequenceGeneratorTests" time="0.0"/>
  <testcase name="at0Minutes" classname="org.springframework.scheduling.support.CronSequenceGeneratorTests" time="0.001"/>
  <testcase name="withInvertedHourRange" classname="org.springframework.scheduling.support.CronSequenceGeneratorTests" time="0.0"/>
  <testcase name="validExpression" classname="org.springframework.scheduling.support.CronSequenceGeneratorTests" time="0.0"/>
  <testcase name="invalidExpression" classname="org.springframework.scheduling.support.CronSequenceGeneratorTests" time="0.0"/>
  <testcase name="withInvertedMinuteRange" classname="org.springframework.scheduling.support.CronSequenceGeneratorTests" time="0.0"/>
  <testcase name="at0Seconds" classname="org.springframework.scheduling.support.CronSequenceGeneratorTests" time="0.0"/>
  <testcase name="at50Seconds" classname="org.springframework.scheduling.support.CronSequenceGeneratorTests" time="0.001"/>
  <testcase name="nullExpression" classname="org.springframework.scheduling.support.CronSequenceGeneratorTests" time="0.0"/>
  <testcase name="withSameHourRange" classname="org.springframework.scheduling.support.CronSequenceGeneratorTests" time="0.0"/>
  <system-out><![CDATA[]]></system-out>
  <system-err><![CDATA[]]></system-err>
</testsuite>
