<?xml version="1.0" encoding="UTF-8"?>
<testsuite name="org.springframework.aop.aspectj.autoproxy.AtAspectJAnnotationBindingTests" tests="3" skipped="0" failures="0" errors="0" timestamp="2016-11-10T07:38:14" hostname="XB-20161010YVDY" time="0.102">
  <properties/>
  <testcase name="testAnnotationBindingInAroundAdvice" classname="org.springframework.aop.aspectj.autoproxy.AtAspectJAnnotationBindingTests" time="0.039"/>
  <testcase name="testNoMatchingWithoutAnnotationPresent" classname="org.springframework.aop.aspectj.autoproxy.AtAspectJAnnotationBindingTests" time="0.027"/>
  <testcase name="testPointcutEvaulatedAgainstArray" classname="org.springframework.aop.aspectj.autoproxy.AtAspectJAnnotationBindingTests" time="0.035"/>
  <system-out><![CDATA[]]></system-out>
  <system-err><![CDATA[]]></system-err>
</testsuite>
