<?xml version="1.0" encoding="UTF-8"?>
<testsuite name="org.springframework.validation.beanvalidation.SpringValidatorAdapterTests" tests="3" skipped="0" failures="0" errors="0" timestamp="2016-11-10T07:39:24" hostname="XB-20161010YVDY" time="0.034">
  <properties/>
  <testcase name="testNoStringArgumentValue" classname="org.springframework.validation.beanvalidation.SpringValidatorAdapterTests" time="0.011"/>
  <testcase name="testApplyMessageSourceResolvableToStringArgumentValueWithUnresolvedLogicalFieldName" classname="org.springframework.validation.beanvalidation.SpringValidatorAdapterTests" time="0.015"/>
  <testcase name="testApplyMessageSourceResolvableToStringArgumentValueWithResolvedLogicalFieldName" classname="org.springframework.validation.beanvalidation.SpringValidatorAdapterTests" time="0.004"/>
  <system-out><![CDATA[]]></system-out>
  <system-err><![CDATA[]]></system-err>
</testsuite>
