<?xml version="1.0" encoding="UTF-8"?>
<testsuite name="org.springframework.context.support.LiveBeansViewTests" tests="4" skipped="0" failures="0" errors="0" timestamp="2016-11-10T07:39:02" hostname="XB-20161010YVDY" time="0.012">
  <properties/>
  <testcase name="registerUnregisterServeralContextsDifferentOrder" classname="org.springframework.context.support.LiveBeansViewTests" time="0.002"/>
  <testcase name="registerUnregisterSingleContext" classname="org.springframework.context.support.LiveBeansViewTests" time="0.007"/>
  <testcase name="registerUnregisterServeralContexts" classname="org.springframework.context.support.LiveBeansViewTests" time="0.003"/>
  <testcase name="registerIgnoredIfPropertyIsNotSet" classname="org.springframework.context.support.LiveBeansViewTests" time="0.0"/>
  <system-out><![CDATA[]]></system-out>
  <system-err><![CDATA[]]></system-err>
</testsuite>
