<?xml version="1.0" encoding="UTF-8"?>
<testsuite name="org.springframework.aop.aspectj.TargetPointcutSelectionTests" tests="2" skipped="0" failures="0" errors="0" timestamp="2016-11-10T07:38:17" hostname="XB-20161010YVDY" time="0.089">
  <properties/>
  <testcase name="targetSelectionForMatchedType" classname="org.springframework.aop.aspectj.TargetPointcutSelectionTests" time="0.054"/>
  <testcase name="targetNonSelectionForMismatchedType" classname="org.springframework.aop.aspectj.TargetPointcutSelectionTests" time="0.035"/>
  <system-out><![CDATA[]]></system-out>
  <system-err><![CDATA[]]></system-err>
</testsuite>
