<?xml version="1.0" encoding="UTF-8"?>
<testsuite name="org.springframework.scheduling.annotation.ScheduledAnnotationBeanPostProcessorTests" tests="23" skipped="3" failures="0" errors="0" timestamp="2016-11-10T07:39:16" hostname="XB-20161010YVDY" time="0.27">
  <properties/>
  <testcase name="severalFixedRatesOnDefaultMethod" classname="org.springframework.scheduling.annotation.ScheduledAnnotationBeanPostProcessorTests" time="0.003"/>
  <testcase name="severalFixedRatesWithSchedulesContainerAnnotation" classname="org.springframework.scheduling.annotation.ScheduledAnnotationBeanPostProcessorTests" time="0.002"/>
  <testcase name="metaAnnotationWithCronExpression" classname="org.springframework.scheduling.annotation.ScheduledAnnotationBeanPostProcessorTests" time="0.006"/>
  <testcase name="cronTaskWithInvalidZone" classname="org.springframework.scheduling.annotation.ScheduledAnnotationBeanPostProcessorTests" time="0.001">
    <skipped/>
  </testcase>
  <testcase name="propertyPlaceholderForMetaAnnotation" classname="org.springframework.scheduling.annotation.ScheduledAnnotationBeanPostProcessorTests" time="0.01"/>
  <testcase name="nonEmptyParamList" classname="org.springframework.scheduling.annotation.ScheduledAnnotationBeanPostProcessorTests" time="0.001"/>
  <testcase name="composedAnnotationWithInitialDelayAndFixedRate" classname="org.springframework.scheduling.annotation.ScheduledAnnotationBeanPostProcessorTests" time="0.003"/>
  <testcase name="invalidCron" classname="org.springframework.scheduling.annotation.ScheduledAnnotationBeanPostProcessorTests" time="0.002"/>
  <testcase name="fixedRateTaskWithInitialDelay" classname="org.springframework.scheduling.annotation.ScheduledAnnotationBeanPostProcessorTests" time="0.002"/>
  <testcase name="propertyPlaceholderWithFixedRate" classname="org.springframework.scheduling.annotation.ScheduledAnnotationBeanPostProcessorTests" time="0.004"/>
  <testcase name="emptyAnnotation" classname="org.springframework.scheduling.annotation.ScheduledAnnotationBeanPostProcessorTests" time="0.002"/>
  <testcase name="fixedDelayTask" classname="org.springframework.scheduling.annotation.ScheduledAnnotationBeanPostProcessorTests" time="0.001"/>
  <testcase name="severalFixedRatesOnBaseClass" classname="org.springframework.scheduling.annotation.ScheduledAnnotationBeanPostProcessorTests" time="0.002"/>
  <testcase name="propertyPlaceholderWithCron" classname="org.springframework.scheduling.annotation.ScheduledAnnotationBeanPostProcessorTests" time="0.004"/>
  <testcase name="cronTaskWithZone" classname="org.springframework.scheduling.annotation.ScheduledAnnotationBeanPostProcessorTests" time="0.0">
    <skipped/>
  </testcase>
  <testcase name="cronTaskWithMethodValidation" classname="org.springframework.scheduling.annotation.ScheduledAnnotationBeanPostProcessorTests" time="0.21"/>
  <testcase name="expressionWithCron" classname="org.springframework.scheduling.annotation.ScheduledAnnotationBeanPostProcessorTests" time="0.001"/>
  <testcase name="severalFixedRatesWithRepeatedScheduledAnnotation" classname="org.springframework.scheduling.annotation.ScheduledAnnotationBeanPostProcessorTests" time="0.001"/>
  <testcase name="propertyPlaceholderWithFixedDelay" classname="org.springframework.scheduling.annotation.ScheduledAnnotationBeanPostProcessorTests" time="0.007"/>
  <testcase name="metaAnnotationWithFixedRate" classname="org.springframework.scheduling.annotation.ScheduledAnnotationBeanPostProcessorTests" time="0.002"/>
  <testcase name="fixedRateTask" classname="org.springframework.scheduling.annotation.ScheduledAnnotationBeanPostProcessorTests" time="0.001"/>
  <testcase name="nonVoidReturnType" classname="org.springframework.scheduling.annotation.ScheduledAnnotationBeanPostProcessorTests" time="0.001"/>
  <testcase name="cronTask" classname="org.springframework.scheduling.annotation.ScheduledAnnotationBeanPostProcessorTests" time="0.0">
    <skipped/>
  </testcase>
  <system-out><![CDATA[]]></system-out>
  <system-err><![CDATA[]]></system-err>
</testsuite>
