<?xml version="1.0" encoding="UTF-8"?>
<testsuite name="org.springframework.context.annotation.ReflectionUtilsIntegrationTests" tests="1" skipped="0" failures="0" errors="0" timestamp="2016-11-10T07:38:54" hostname="XB-20161010YVDY" time="0.002">
  <properties/>
  <testcase name="getUniqueDeclaredMethods_withCovariantReturnType_andCglibRewrittenMethodNames" classname="org.springframework.context.annotation.ReflectionUtilsIntegrationTests" time="0.002"/>
  <system-out><![CDATA[]]></system-out>
  <system-err><![CDATA[]]></system-err>
</testsuite>
