<?xml version="1.0" encoding="UTF-8"?>
<testsuite name="org.springframework.aop.aspectj.generic.AfterReturningGenericTypeMatchingTests" tests="4" skipped="0" failures="0" errors="0" timestamp="2016-11-10T07:38:16" hostname="XB-20161010YVDY" time="0.106">
  <properties/>
  <testcase name="testReturnTypeLowerBoundMatching" classname="org.springframework.aop.aspectj.generic.AfterReturningGenericTypeMatchingTests" time="0.042"/>
  <testcase name="testReturnTypeUpperBoundMatching" classname="org.springframework.aop.aspectj.generic.AfterReturningGenericTypeMatchingTests" time="0.024"/>
  <testcase name="testReturnTypeRawMatching" classname="org.springframework.aop.aspectj.generic.AfterReturningGenericTypeMatchingTests" time="0.02"/>
  <testcase name="testReturnTypeExactMatching" classname="org.springframework.aop.aspectj.generic.AfterReturningGenericTypeMatchingTests" time="0.02"/>
  <system-out><![CDATA[]]></system-out>
  <system-err><![CDATA[]]></system-err>
</testsuite>
