<?xml version="1.0" encoding="UTF-8"?>
<testsuite name="org.springframework.validation.DefaultMessageCodesResolverTests" tests="11" skipped="0" failures="0" errors="0" timestamp="2016-11-10T07:39:25" hostname="XB-20161010YVDY" time="0.003">
  <properties/>
  <testcase name="shouldResolveIndexedFieldMessageCode" classname="org.springframework.validation.DefaultMessageCodesResolverTests" time="0.0"/>
  <testcase name="shouldSupportMalformedIndexField" classname="org.springframework.validation.DefaultMessageCodesResolverTests" time="0.0"/>
  <testcase name="shouldSupportNullFieldType" classname="org.springframework.validation.DefaultMessageCodesResolverTests" time="0.0"/>
  <testcase name="shouldResolveFieldMessageCode" classname="org.springframework.validation.DefaultMessageCodesResolverTests" time="0.001"/>
  <testcase name="shouldResolveMessageCodeWithPrefix" classname="org.springframework.validation.DefaultMessageCodesResolverTests" time="0.0"/>
  <testcase name="shouldResolveMessageCode" classname="org.springframework.validation.DefaultMessageCodesResolverTests" time="0.0"/>
  <testcase name="shouldSupportFieldPostfixFormat" classname="org.springframework.validation.DefaultMessageCodesResolverTests" time="0.0"/>
  <testcase name="shouldSupportPostfixFormat" classname="org.springframework.validation.DefaultMessageCodesResolverTests" time="0.0"/>
  <testcase name="shouldSupportCustomFormat" classname="org.springframework.validation.DefaultMessageCodesResolverTests" time="0.002"/>
  <testcase name="shouldResolveFieldMessageCodeWithPrefix" classname="org.springframework.validation.DefaultMessageCodesResolverTests" time="0.0"/>
  <testcase name="shouldSupportNullPrefix" classname="org.springframework.validation.DefaultMessageCodesResolverTests" time="0.0"/>
  <system-out><![CDATA[]]></system-out>
  <system-err><![CDATA[]]></system-err>
</testsuite>
