<?xml version="1.0" encoding="UTF-8"?>
<testsuite name="org.springframework.scheduling.support.PeriodicTriggerTests" tests="15" skipped="0" failures="0" errors="0" timestamp="2016-11-10T07:39:17" hostname="XB-20161010YVDY" time="0.002">
  <properties/>
  <testcase name="fixedRateSubsequentExecution" classname="org.springframework.scheduling.support.PeriodicTriggerTests" time="0.001"/>
  <testcase name="fixedRateWithTimeUnitFirstExecution" classname="org.springframework.scheduling.support.PeriodicTriggerTests" time="0.0"/>
  <testcase name="fixedDelayWithTimeUnitFirstExecution" classname="org.springframework.scheduling.support.PeriodicTriggerTests" time="0.0"/>
  <testcase name="fixedRateWithTimeUnitAndInitialDelayFirstExecution" classname="org.springframework.scheduling.support.PeriodicTriggerTests" time="0.0"/>
  <testcase name="fixedDelayWithTimeUnitSubsequentExecution" classname="org.springframework.scheduling.support.PeriodicTriggerTests" time="0.0"/>
  <testcase name="fixedRateWithInitialDelayFirstExecution" classname="org.springframework.scheduling.support.PeriodicTriggerTests" time="0.0"/>
  <testcase name="fixedDelayWithTimeUnitAndInitialDelayFirstExecution" classname="org.springframework.scheduling.support.PeriodicTriggerTests" time="0.0"/>
  <testcase name="fixedDelayFirstExecution" classname="org.springframework.scheduling.support.PeriodicTriggerTests" time="0.0"/>
  <testcase name="fixedRateFirstExecution" classname="org.springframework.scheduling.support.PeriodicTriggerTests" time="0.0"/>
  <testcase name="fixedRateWithTimeUnitSubsequentExecution" classname="org.springframework.scheduling.support.PeriodicTriggerTests" time="0.0"/>
  <testcase name="fixedRateWithInitialDelaySubsequentExecution" classname="org.springframework.scheduling.support.PeriodicTriggerTests" time="0.0"/>
  <testcase name="equalsVerification" classname="org.springframework.scheduling.support.PeriodicTriggerTests" time="0.0"/>
  <testcase name="fixedDelayWithInitialDelaySubsequentExecution" classname="org.springframework.scheduling.support.PeriodicTriggerTests" time="0.0"/>
  <testcase name="fixedDelayWithInitialDelayFirstExecution" classname="org.springframework.scheduling.support.PeriodicTriggerTests" time="0.0"/>
  <testcase name="fixedDelaySubsequentExecution" classname="org.springframework.scheduling.support.PeriodicTriggerTests" time="0.0"/>
  <system-out><![CDATA[]]></system-out>
  <system-err><![CDATA[]]></system-err>
</testsuite>
