<?xml version="1.0" encoding="UTF-8"?>
<testsuite name="org.springframework.context.annotation.ComponentScanAnnotationIntegrationTests" tests="17" skipped="0" failures="0" errors="0" timestamp="2016-11-10T07:38:43" hostname="XB-20161010YVDY" time="1.001">
  <properties/>
  <testcase name="controlScan" classname="org.springframework.context.annotation.ComponentScanAnnotationIntegrationTests" time="0.02"/>
  <testcase name="withScopedProxy" classname="org.springframework.context.annotation.ComponentScanAnnotationIntegrationTests" time="0.028"/>
  <testcase name="withScopeResolver" classname="org.springframework.context.annotation.ComponentScanAnnotationIntegrationTests" time="0.021"/>
  <testcase name="multiComponentScan" classname="org.springframework.context.annotation.ComponentScanAnnotationIntegrationTests" time="0.032"/>
  <testcase name="withScopedProxyThroughAspectJPattern" classname="org.springframework.context.annotation.ComponentScanAnnotationIntegrationTests" time="0.103"/>
  <testcase name="withAwareTypeFilter" classname="org.springframework.context.annotation.ComponentScanAnnotationIntegrationTests" time="0.22"/>
  <testcase name="withCustomBeanNameGenerator" classname="org.springframework.context.annotation.ComponentScanAnnotationIntegrationTests" time="0.03"/>
  <testcase name="viaContextRegistration_FromPackageOfConfigClass" classname="org.springframework.context.annotation.ComponentScanAnnotationIntegrationTests" time="0.013"/>
  <testcase name="withMultipleAnnotationIncludeFilters1" classname="org.springframework.context.annotation.ComponentScanAnnotationIntegrationTests" time="0.029"/>
  <testcase name="withMultipleAnnotationIncludeFilters2" classname="org.springframework.context.annotation.ComponentScanAnnotationIntegrationTests" time="0.023"/>
  <testcase name="viaContextRegistration" classname="org.springframework.context.annotation.ComponentScanAnnotationIntegrationTests" time="0.037"/>
  <testcase name="viaContextRegistration_WithComposedAnnotation" classname="org.springframework.context.annotation.ComponentScanAnnotationIntegrationTests" time="0.02"/>
  <testcase name="withBasePackagesAndValueAlias" classname="org.springframework.context.annotation.ComponentScanAnnotationIntegrationTests" time="0.027"/>
  <testcase name="withScopedProxyThroughRegex" classname="org.springframework.context.annotation.ComponentScanAnnotationIntegrationTests" time="0.022"/>
  <testcase name="withCustomTypeFilter" classname="org.springframework.context.annotation.ComponentScanAnnotationIntegrationTests" time="0.336"/>
  <testcase name="viaBeanRegistration" classname="org.springframework.context.annotation.ComponentScanAnnotationIntegrationTests" time="0.014"/>
  <testcase name="viaContextRegistration_WithValueAttribute" classname="org.springframework.context.annotation.ComponentScanAnnotationIntegrationTests" time="0.025"/>
  <system-out><![CDATA[]]></system-out>
  <system-err><![CDATA[]]></system-err>
</testsuite>
