<?xml version="1.0" encoding="UTF-8"?>
<testsuite name="org.springframework.jmx.support.MBeanServerConnectionFactoryBeanTests" tests="4" skipped="2" failures="0" errors="0" timestamp="2016-11-10T07:39:11" hostname="XB-20161010YVDY" time="0.014">
  <properties/>
  <testcase name="testTestWithLazyConnection" classname="org.springframework.jmx.support.MBeanServerConnectionFactoryBeanTests" time="0.0">
    <skipped/>
  </testcase>
  <testcase name="testWithNoServiceUrl" classname="org.springframework.jmx.support.MBeanServerConnectionFactoryBeanTests" time="0.002"/>
  <testcase name="testTestValidConnection" classname="org.springframework.jmx.support.MBeanServerConnectionFactoryBeanTests" time="0.0">
    <skipped/>
  </testcase>
  <testcase name="testWithLazyConnectionAndNoAccess" classname="org.springframework.jmx.support.MBeanServerConnectionFactoryBeanTests" time="0.011"/>
  <system-out><![CDATA[]]></system-out>
  <system-err><![CDATA[]]></system-err>
</testsuite>
