<?xml version="1.0" encoding="UTF-8"?>
<testsuite name="org.springframework.beans.factory.xml.LookupMethodWrappedByCglibProxyTests" tests="2" skipped="0" failures="0" errors="0" timestamp="2016-11-10T07:38:22" hostname="XB-20161010YVDY" time="0.062">
  <properties/>
  <testcase name="testRegularlyProxiedLookup" classname="org.springframework.beans.factory.xml.LookupMethodWrappedByCglibProxyTests" time="0.037"/>
  <testcase name="testAutoProxiedLookup" classname="org.springframework.beans.factory.xml.LookupMethodWrappedByCglibProxyTests" time="0.025"/>
  <system-out><![CDATA[]]></system-out>
  <system-err><![CDATA[]]></system-err>
</testsuite>
