<?xml version="1.0" encoding="UTF-8"?>
<testsuite name="org.springframework.aop.config.AopNamespaceHandlerArgNamesTests" tests="2" skipped="0" failures="0" errors="0" timestamp="2016-11-10T07:38:18" hostname="XB-20161010YVDY" time="0.074">
  <properties/>
  <testcase name="testArgNamesError" classname="org.springframework.aop.config.AopNamespaceHandlerArgNamesTests" time="0.03"/>
  <testcase name="testArgNamesOK" classname="org.springframework.aop.config.AopNamespaceHandlerArgNamesTests" time="0.044"/>
  <system-out><![CDATA[]]></system-out>
  <system-err><![CDATA[]]></system-err>
</testsuite>
