<?xml version="1.0" encoding="UTF-8"?>
<testsuite name="org.springframework.context.expression.EnvironmentAccessorIntegrationTests" tests="1" skipped="0" failures="0" errors="0" timestamp="2016-11-10T07:38:56" hostname="XB-20161010YVDY" time="0.004">
  <properties/>
  <testcase name="braceAccess" classname="org.springframework.context.expression.EnvironmentAccessorIntegrationTests" time="0.004"/>
  <system-out><![CDATA[]]></system-out>
  <system-err><![CDATA[]]></system-err>
</testsuite>
