<?xml version="1.0" encoding="UTF-8"?>
<testsuite name="org.springframework.context.annotation.RoleAndDescriptionAnnotationTests" tests="3" skipped="0" failures="0" errors="0" timestamp="2016-11-10T07:38:54" hostname="XB-20161010YVDY" time="0.037">
  <properties/>
  <testcase name="viaComponentScanning" classname="org.springframework.context.annotation.RoleAndDescriptionAnnotationTests" time="0.014"/>
  <testcase name="onBeanMethod" classname="org.springframework.context.annotation.RoleAndDescriptionAnnotationTests" time="0.016"/>
  <testcase name="onComponentClass" classname="org.springframework.context.annotation.RoleAndDescriptionAnnotationTests" time="0.007"/>
  <system-out><![CDATA[]]></system-out>
  <system-err><![CDATA[]]></system-err>
</testsuite>
