<?xml version="1.0" encoding="UTF-8"?>
<testsuite name="org.springframework.aop.aspectj.OverloadedAdviceTests" tests="2" skipped="0" failures="0" errors="0" timestamp="2016-11-10T07:38:16" hostname="XB-20161010YVDY" time="0.068">
  <properties/>
  <testcase name="testExceptionOnConfigParsingWithMismatchedAdviceMethod" classname="org.springframework.aop.aspectj.OverloadedAdviceTests" time="0.046"/>
  <testcase name="testExceptionOnConfigParsingWithAmbiguousAdviceMethod" classname="org.springframework.aop.aspectj.OverloadedAdviceTests" time="0.022"/>
  <system-out><![CDATA[]]></system-out>
  <system-err><![CDATA[]]></system-err>
</testsuite>
