<?xml version="1.0" encoding="UTF-8"?>
<testsuite name="org.springframework.context.groovy.GroovyApplicationContextTests" tests="4" skipped="0" failures="0" errors="0" timestamp="2016-11-10T07:38:57" hostname="XB-20161010YVDY" time="0.09">
  <properties/>
  <testcase name="testLoadingMultipleConfigFiles" classname="org.springframework.context.groovy.GroovyApplicationContextTests" time="0.033"/>
  <testcase name="testLoadingMultipleConfigFilesWithRelativeClass" classname="org.springframework.context.groovy.GroovyApplicationContextTests" time="0.036"/>
  <testcase name="testConfigFileParsingError" classname="org.springframework.context.groovy.GroovyApplicationContextTests" time="0.006"/>
  <testcase name="testLoadingConfigFile" classname="org.springframework.context.groovy.GroovyApplicationContextTests" time="0.015"/>
  <system-out><![CDATA[]]></system-out>
  <system-err><![CDATA[]]></system-err>
</testsuite>
