<?xml version="1.0" encoding="UTF-8"?>
<testsuite name="org.springframework.jmx.export.annotation.AnnotationMetadataAssemblerTests" tests="32" skipped="0" failures="0" errors="0" timestamp="2016-11-10T07:39:08" hostname="XB-20161010YVDY" time="0.784">
  <properties/>
  <testcase name="testRegistrationOnInterface" classname="org.springframework.jmx.export.annotation.AnnotationMetadataAssemblerTests" time="0.041"/>
  <testcase name="testOperationOnGetter" classname="org.springframework.jmx.export.annotation.AnnotationMetadataAssemblerTests" time="0.027"/>
  <testcase name="testOperationFromInterface" classname="org.springframework.jmx.export.annotation.AnnotationMetadataAssemblerTests" time="0.026"/>
  <testcase name="testAttributeFromInterface" classname="org.springframework.jmx.export.annotation.AnnotationMetadataAssemblerTests" time="0.025"/>
  <testcase name="testOperationParameterMetadata" classname="org.springframework.jmx.export.annotation.AnnotationMetadataAssemblerTests" time="0.028"/>
  <testcase name="testManagedResourceDescriptor" classname="org.springframework.jmx.export.annotation.AnnotationMetadataAssemblerTests" time="0.023"/>
  <testcase name="testMetricDescriptor" classname="org.springframework.jmx.export.annotation.AnnotationMetadataAssemblerTests" time="0.024"/>
  <testcase name="testOperationDescriptor" classname="org.springframework.jmx.export.annotation.AnnotationMetadataAssemblerTests" time="0.017"/>
  <testcase name="testMetricDescription" classname="org.springframework.jmx.export.annotation.AnnotationMetadataAssemblerTests" time="0.022"/>
  <testcase name="testWithOnlyGetter" classname="org.springframework.jmx.export.annotation.AnnotationMetadataAssemblerTests" time="0.02"/>
  <testcase name="testReadWriteAttribute" classname="org.springframework.jmx.export.annotation.AnnotationMetadataAssemblerTests" time="0.024"/>
  <testcase name="testWithOnlySetter" classname="org.springframework.jmx.export.annotation.AnnotationMetadataAssemblerTests" time="0.03"/>
  <testcase name="testMetricDescriptorDefaults" classname="org.springframework.jmx.export.annotation.AnnotationMetadataAssemblerTests" time="0.021"/>
  <testcase name="testAttributeDescriptionOnGetter" classname="org.springframework.jmx.export.annotation.AnnotationMetadataAssemblerTests" time="0.023"/>
  <testcase name="testWithCglibProxy" classname="org.springframework.jmx.export.annotation.AnnotationMetadataAssemblerTests" time="0.032"/>
  <testcase name="testReadOnlyAttribute" classname="org.springframework.jmx.export.annotation.AnnotationMetadataAssemblerTests" time="0.031"/>
  <testcase name="testAttributeDescriptionOnSetter" classname="org.springframework.jmx.export.annotation.AnnotationMetadataAssemblerTests" time="0.029"/>
  <testcase name="testDescription" classname="org.springframework.jmx.export.annotation.AnnotationMetadataAssemblerTests" time="0.026"/>
  <testcase name="testAttributeDescriptor" classname="org.springframework.jmx.export.annotation.AnnotationMetadataAssemblerTests" time="0.019"/>
  <testcase name="testDescriptionNotNull" classname="org.springframework.jmx.export.annotation.AnnotationMetadataAssemblerTests" time="0.025"/>
  <testcase name="testGetMBeanAttributeInfo" classname="org.springframework.jmx.export.annotation.AnnotationMetadataAssemblerTests" time="0.025"/>
  <testcase name="testSetAttribute" classname="org.springframework.jmx.export.annotation.AnnotationMetadataAssemblerTests" time="0.017"/>
  <testcase name="testAttributeInfoHasDescriptors" classname="org.springframework.jmx.export.annotation.AnnotationMetadataAssemblerTests" time="0.019"/>
  <testcase name="testGetMBeanInfo" classname="org.springframework.jmx.export.annotation.AnnotationMetadataAssemblerTests" time="0.028"/>
  <testcase name="testGetMBeanOperationInfo" classname="org.springframework.jmx.export.annotation.AnnotationMetadataAssemblerTests" time="0.026"/>
  <testcase name="testRegisterOperations" classname="org.springframework.jmx.export.annotation.AnnotationMetadataAssemblerTests" time="0.018"/>
  <testcase name="testRegisterAttributes" classname="org.springframework.jmx.export.annotation.AnnotationMetadataAssemblerTests" time="0.021"/>
  <testcase name="testNotificationMetadata" classname="org.springframework.jmx.export.annotation.AnnotationMetadataAssemblerTests" time="0.023"/>
  <testcase name="testAttributeHasCorrespondingOperations" classname="org.springframework.jmx.export.annotation.AnnotationMetadataAssemblerTests" time="0.029"/>
  <testcase name="testMBeanRegistration" classname="org.springframework.jmx.export.annotation.AnnotationMetadataAssemblerTests" time="0.019"/>
  <testcase name="testGetAttribute" classname="org.springframework.jmx.export.annotation.AnnotationMetadataAssemblerTests" time="0.022"/>
  <testcase name="testOperationInvocation" classname="org.springframework.jmx.export.annotation.AnnotationMetadataAssemblerTests" time="0.021"/>
  <system-out><![CDATA[]]></system-out>
  <system-err><![CDATA[]]></system-err>
</testsuite>
