<?xml version="1.0" encoding="UTF-8"?>
<testsuite name="org.springframework.context.support.ResourceBundleMessageSourceTests" tests="26" skipped="0" failures="0" errors="0" timestamp="2016-11-10T07:39:02" hostname="XB-20161010YVDY" time="2.383">
  <properties/>
  <testcase name="testMessageAccessWithReloadableMessageSourceAndMessageFormat" classname="org.springframework.context.support.ResourceBundleMessageSourceTests" time="0.028"/>
  <testcase name="testMessageSourceResourceBundle" classname="org.springframework.context.support.ResourceBundleMessageSourceTests" time="0.006"/>
  <testcase name="testMessageAccessWithDefaultMessageSourceAndFallbackTurnedOffAndFallbackToGerman" classname="org.springframework.context.support.ResourceBundleMessageSourceTests" time="0.012"/>
  <testcase name="testMessageAccessWithReloadableMessageSourceAndFallbackToGerman" classname="org.springframework.context.support.ResourceBundleMessageSourceTests" time="0.014"/>
  <testcase name="testMessageAccessWithDefaultMessageSource" classname="org.springframework.context.support.ResourceBundleMessageSourceTests" time="0.013"/>
  <testcase name="testMessageAccessWithReloadableMessageSource" classname="org.springframework.context.support.ResourceBundleMessageSourceTests" time="0.016"/>
  <testcase name="testDefaultApplicationContextMessageSource" classname="org.springframework.context.support.ResourceBundleMessageSourceTests" time="0.001"/>
  <testcase name="testReloadableResourceBundleMessageSourceWithDefaultCharset" classname="org.springframework.context.support.ResourceBundleMessageSourceTests" time="0.002"/>
  <testcase name="testResourceBundleMessageSourceWithWhitespaceInBasename" classname="org.springframework.context.support.ResourceBundleMessageSourceTests" time="0.003"/>
  <testcase name="testMessageAccessWithDefaultMessageSourceAndFallbackTurnedOff" classname="org.springframework.context.support.ResourceBundleMessageSourceTests" time="0.01"/>
  <testcase name="testResourceBundleMessageSourceWithDefaultCharset" classname="org.springframework.context.support.ResourceBundleMessageSourceTests" time="0.004"/>
  <testcase name="testReloadableResourceBundleMessageSourceWithInappropriateDefaultCharset" classname="org.springframework.context.support.ResourceBundleMessageSourceTests" time="0.002"/>
  <testcase name="testMessageAccessWithDefaultMessageSourceAndMessageFormat" classname="org.springframework.context.support.ResourceBundleMessageSourceTests" time="0.014"/>
  <testcase name="testReloadableResourceBundleMessageSourceStandalone" classname="org.springframework.context.support.ResourceBundleMessageSourceTests" time="0.002"/>
  <testcase name="testReloadableResourceBundleMessageSourceWithCommonMessages" classname="org.springframework.context.support.ResourceBundleMessageSourceTests" time="0.002"/>
  <testcase name="testMessageAccessWithReloadableMessageSourceAndFallbackTurnedOff" classname="org.springframework.context.support.ResourceBundleMessageSourceTests" time="0.014"/>
  <testcase name="testReloadableResourceBundleMessageSourceWithCacheSeconds" classname="org.springframework.context.support.ResourceBundleMessageSourceTests" time="1.105"/>
  <testcase name="testMessageAccessWithDefaultMessageSourceAndFallbackToGerman" classname="org.springframework.context.support.ResourceBundleMessageSourceTests" time="0.007"/>
  <testcase name="testMessageAccessWithReloadableMessageSourceAndFallbackTurnedOffAndFallbackToGerman" classname="org.springframework.context.support.ResourceBundleMessageSourceTests" time="0.01"/>
  <testcase name="testResourceBundleMessageSourceWithInappropriateDefaultCharset" classname="org.springframework.context.support.ResourceBundleMessageSourceTests" time="0.003"/>
  <testcase name="testReloadableResourceBundleMessageSourceWithInappropriateEnglishCharset" classname="org.springframework.context.support.ResourceBundleMessageSourceTests" time="0.001"/>
  <testcase name="testReloadableResourceBundleMessageSourceFileNameCalculation" classname="org.springframework.context.support.ResourceBundleMessageSourceTests" time="0.0"/>
  <testcase name="testReloadableResourceBundleMessageSourceWithNonConcurrentRefresh" classname="org.springframework.context.support.ResourceBundleMessageSourceTests" time="1.104"/>
  <testcase name="testReloadableResourceBundleMessageSourceWithInappropriateGermanCharset" classname="org.springframework.context.support.ResourceBundleMessageSourceTests" time="0.003"/>
  <testcase name="testResourceBundleMessageSourceStandalone" classname="org.springframework.context.support.ResourceBundleMessageSourceTests" time="0.002"/>
  <testcase name="testReloadableResourceBundleMessageSourceWithWhitespaceInBasename" classname="org.springframework.context.support.ResourceBundleMessageSourceTests" time="0.001"/>
  <system-out><![CDATA[]]></system-out>
  <system-err><![CDATA[]]></system-err>
</testsuite>
