<?xml version="1.0" encoding="UTF-8"?>
<testsuite name="org.springframework.context.index.CandidateComponentsIndexLoaderTests" tests="8" skipped="0" failures="0" errors="0" timestamp="2016-11-10T07:38:58" hostname="XB-20161010YVDY" time="0.009">
  <properties/>
  <testcase name="loadIndexNoEntry" classname="org.springframework.context.index.CandidateComponentsIndexLoaderTests" time="0.001"/>
  <testcase name="loadIndexNoMatch" classname="org.springframework.context.index.CandidateComponentsIndexLoaderTests" time="0.003"/>
  <testcase name="loadIndexSeveralMatches" classname="org.springframework.context.index.CandidateComponentsIndexLoaderTests" time="0.003"/>
  <testcase name="loadIndexSingleMatch" classname="org.springframework.context.index.CandidateComponentsIndexLoaderTests" time="0.0"/>
  <testcase name="loadIndexNoSpringComponentsResource" classname="org.springframework.context.index.CandidateComponentsIndexLoaderTests" time="0.0"/>
  <testcase name="loadIndexNoPackage" classname="org.springframework.context.index.CandidateComponentsIndexLoaderTests" time="0.001"/>
  <testcase name="validateIndexIsDisabledByDefault" classname="org.springframework.context.index.CandidateComponentsIndexLoaderTests" time="0.001"/>
  <testcase name="loadIndexWithException" classname="org.springframework.context.index.CandidateComponentsIndexLoaderTests" time="0.0"/>
  <system-out><![CDATA[]]></system-out>
  <system-err><![CDATA[]]></system-err>
</testsuite>
