<?xml version="1.0" encoding="UTF-8"?>
<testsuite name="org.springframework.aop.config.AopNamespaceHandlerReturningTests" tests="2" skipped="0" failures="0" errors="0" timestamp="2016-11-10T07:38:18" hostname="XB-20161010YVDY" time="0.05">
  <properties/>
  <testcase name="testParseReturningOnOtherAdviceType" classname="org.springframework.aop.config.AopNamespaceHandlerReturningTests" time="0.01"/>
  <testcase name="testReturningOnReturningAdvice" classname="org.springframework.aop.config.AopNamespaceHandlerReturningTests" time="0.04"/>
  <system-out><![CDATA[]]></system-out>
  <system-err><![CDATA[]]></system-err>
</testsuite>
