<?xml version="1.0" encoding="UTF-8"?>
<testsuite name="org.springframework.context.i18n.LocaleContextHolderTests" tests="5" skipped="0" failures="0" errors="0" timestamp="2016-11-10T07:38:58" hostname="XB-20161010YVDY" time="0.003">
  <properties/>
  <testcase name="testSetTimeZone" classname="org.springframework.context.i18n.LocaleContextHolderTests" time="0.003"/>
  <testcase name="testSetTimeZoneAwareLocaleContext" classname="org.springframework.context.i18n.LocaleContextHolderTests" time="0.0"/>
  <testcase name="testSetLocale" classname="org.springframework.context.i18n.LocaleContextHolderTests" time="0.0"/>
  <testcase name="testSetLocaleAndSetTimeZoneMixed" classname="org.springframework.context.i18n.LocaleContextHolderTests" time="0.0"/>
  <testcase name="testSetLocaleContext" classname="org.springframework.context.i18n.LocaleContextHolderTests" time="0.0"/>
  <system-out><![CDATA[]]></system-out>
  <system-err><![CDATA[]]></system-err>
</testsuite>
