<?xml version="1.0" encoding="UTF-8"?>
<testsuite name="org.springframework.scheduling.config.SchedulerBeanDefinitionParserTests" tests="3" skipped="0" failures="0" errors="0" timestamp="2016-11-10T07:39:17" hostname="XB-20161010YVDY" time="0.041">
  <properties/>
  <testcase name="customScheduler" classname="org.springframework.scheduling.config.SchedulerBeanDefinitionParserTests" time="0.016"/>
  <testcase name="threadNamePrefix" classname="org.springframework.scheduling.config.SchedulerBeanDefinitionParserTests" time="0.015"/>
  <testcase name="defaultScheduler" classname="org.springframework.scheduling.config.SchedulerBeanDefinitionParserTests" time="0.01"/>
  <system-out><![CDATA[]]></system-out>
  <system-err><![CDATA[]]></system-err>
</testsuite>
