<?xml version="1.0" encoding="UTF-8"?>
<testsuite name="org.springframework.context.annotation.ConfigurationClassWithConditionTests" tests="14" skipped="0" failures="0" errors="0" timestamp="2016-11-10T07:38:51" hostname="XB-20161010YVDY" time="0.157">
  <properties/>
  <testcase name="conditionalOnBeanMatch" classname="org.springframework.context.annotation.ConfigurationClassWithConditionTests" time="0.024"/>
  <testcase name="conditionalOnMissingBeanNoMatch" classname="org.springframework.context.annotation.ConfigurationClassWithConditionTests" time="0.014"/>
  <testcase name="noConditionOnOverriddenMethodHonored" classname="org.springframework.context.annotation.ConfigurationClassWithConditionTests" time="0.01"/>
  <testcase name="metaConditionalWithAsm" classname="org.springframework.context.annotation.ConfigurationClassWithConditionTests" time="0.016"/>
  <testcase name="conditionOnOverriddenMethodHonored" classname="org.springframework.context.annotation.ConfigurationClassWithConditionTests" time="0.007"/>
  <testcase name="conditionalOnBeanNoMatch" classname="org.springframework.context.annotation.ConfigurationClassWithConditionTests" time="0.009"/>
  <testcase name="nonConfigurationClassWithAsm" classname="org.springframework.context.annotation.ConfigurationClassWithConditionTests" time="0.01"/>
  <testcase name="nonConfigurationClass" classname="org.springframework.context.annotation.ConfigurationClassWithConditionTests" time="0.01"/>
  <testcase name="methodConditional" classname="org.springframework.context.annotation.ConfigurationClassWithConditionTests" time="0.014"/>
  <testcase name="conditionalOnMissingBeanMatch" classname="org.springframework.context.annotation.ConfigurationClassWithConditionTests" time="0.008"/>
  <testcase name="methodConditionalWithAsm" classname="org.springframework.context.annotation.ConfigurationClassWithConditionTests" time="0.007"/>
  <testcase name="metaConditional" classname="org.springframework.context.annotation.ConfigurationClassWithConditionTests" time="0.007"/>
  <testcase name="importsNotCreated" classname="org.springframework.context.annotation.ConfigurationClassWithConditionTests" time="0.007"/>
  <testcase name="configWithAlternativeBeans" classname="org.springframework.context.annotation.ConfigurationClassWithConditionTests" time="0.013"/>
  <system-out><![CDATA[]]></system-out>
  <system-err><![CDATA[]]></system-err>
</testsuite>
