<?xml version="1.0" encoding="UTF-8"?>
<testsuite name="org.springframework.context.annotation.spr10546.Spr10546Tests" tests="10" skipped="0" failures="0" errors="0" timestamp="2016-11-10T07:38:54" hostname="XB-20161010YVDY" time="0.204">
  <properties/>
  <testcase name="enclosingConfigFirstParentDefinesBeanWithScanning" classname="org.springframework.context.annotation.spr10546.Spr10546Tests" time="0.023"/>
  <testcase name="enclosingConfigOnly" classname="org.springframework.context.annotation.spr10546.Spr10546Tests" time="0.01"/>
  <testcase name="enclosingConfigFirstParentWithParentDefinesBean" classname="org.springframework.context.annotation.spr10546.Spr10546Tests" time="0.025"/>
  <testcase name="enclosingConfigFirstParentDefinesBeanWithImportResource" classname="org.springframework.context.annotation.spr10546.Spr10546Tests" time="0.028"/>
  <testcase name="enclosingConfigFirstParentDefinesBeanWithImport" classname="org.springframework.context.annotation.spr10546.Spr10546Tests" time="0.026"/>
  <testcase name="childConfigFirst" classname="org.springframework.context.annotation.spr10546.Spr10546Tests" time="0.009"/>
  <testcase name="childConfigOnly" classname="org.springframework.context.annotation.spr10546.Spr10546Tests" time="0.011"/>
  <testcase name="enclosingConfigFirstParentDefinesBean" classname="org.springframework.context.annotation.spr10546.Spr10546Tests" time="0.012"/>
  <testcase name="enclosingConfigFirstParentDefinesBeanWithComponentScan" classname="org.springframework.context.annotation.spr10546.Spr10546Tests" time="0.035"/>
  <testcase name="importChildConfigThenChildConfig" classname="org.springframework.context.annotation.spr10546.Spr10546Tests" time="0.025"/>
  <system-out><![CDATA[]]></system-out>
  <system-err><![CDATA[]]></system-err>
</testsuite>
