<?xml version="1.0" encoding="UTF-8"?>
<testsuite name="org.springframework.scheduling.annotation.AnnotationAsyncExecutionInterceptorTests" tests="1" skipped="0" failures="0" errors="0" timestamp="2016-11-10T07:39:11" hostname="XB-20161010YVDY" time="0.003">
  <properties/>
  <testcase name="testGetExecutorQualifier" classname="org.springframework.scheduling.annotation.AnnotationAsyncExecutionInterceptorTests" time="0.003"/>
  <system-out><![CDATA[]]></system-out>
  <system-err><![CDATA[]]></system-err>
</testsuite>
