<?xml version="1.0" encoding="UTF-8"?>
<testsuite name="org.springframework.beans.factory.xml.SimplePropertyNamespaceHandlerWithExpressionLanguageTests" tests="1" skipped="0" failures="0" errors="0" timestamp="2016-11-10T07:38:23" hostname="XB-20161010YVDY" time="0.056">
  <properties/>
  <testcase name="combineWithExpressionLanguage" classname="org.springframework.beans.factory.xml.SimplePropertyNamespaceHandlerWithExpressionLanguageTests" time="0.056"/>
  <system-out><![CDATA[]]></system-out>
  <system-err><![CDATA[]]></system-err>
</testsuite>
