<?xml version="1.0" encoding="UTF-8"?>
<testsuite name="org.springframework.context.support.PropertySourcesPlaceholderConfigurerTests" tests="20" skipped="0" failures="0" errors="0" timestamp="2016-11-10T07:39:02" hostname="XB-20161010YVDY" time="0.021">
  <properties/>
  <testcase name="withNonEnumerablePropertySource" classname="org.springframework.context.support.PropertySourcesPlaceholderConfigurerTests" time="0.007"/>
  <testcase name="getAppliedPropertySourcesTooEarly" classname="org.springframework.context.support.PropertySourcesPlaceholderConfigurerTests" time="0.0"/>
  <testcase name="multipleLocationsWithDefaultResolvedValue" classname="org.springframework.context.support.PropertySourcesPlaceholderConfigurerTests" time="0.001"/>
  <testcase name="ignoredNestedUnresolvablePlaceholder" classname="org.springframework.context.support.PropertySourcesPlaceholderConfigurerTests" time="0.0"/>
  <testcase name="nestedUnresolvablePlaceholder" classname="org.springframework.context.support.PropertySourcesPlaceholderConfigurerTests" time="0.001"/>
  <testcase name="localPropertiesOverrideFalse" classname="org.springframework.context.support.PropertySourcesPlaceholderConfigurerTests" time="0.0"/>
  <testcase name="optionalPropertyWithValue" classname="org.springframework.context.support.PropertySourcesPlaceholderConfigurerTests" time="0.004"/>
  <testcase name="localPropertiesOverrideTrue" classname="org.springframework.context.support.PropertySourcesPlaceholderConfigurerTests" time="0.001"/>
  <testcase name="customPlaceholderPrefixAndSuffix" classname="org.springframework.context.support.PropertySourcesPlaceholderConfigurerTests" time="0.0"/>
  <testcase name="replacementFromEnvironmentProperties" classname="org.springframework.context.support.PropertySourcesPlaceholderConfigurerTests" time="0.001"/>
  <testcase name="nullValueIsPreserved" classname="org.springframework.context.support.PropertySourcesPlaceholderConfigurerTests" time="0.0"/>
  <testcase name="explicitPropertySourcesExcludesEnvironment" classname="org.springframework.context.support.PropertySourcesPlaceholderConfigurerTests" time="0.0"/>
  <testcase name="optionalPropertyWithoutValue" classname="org.springframework.context.support.PropertySourcesPlaceholderConfigurerTests" time="0.0"/>
  <testcase name="localPropertiesViaResource" classname="org.springframework.context.support.PropertySourcesPlaceholderConfigurerTests" time="0.0"/>
  <testcase name="ignoreUnresolvablePlaceholders_falseIsDefault" classname="org.springframework.context.support.PropertySourcesPlaceholderConfigurerTests" time="0.0"/>
  <testcase name="trimValuesIsOffByDefault" classname="org.springframework.context.support.PropertySourcesPlaceholderConfigurerTests" time="0.001"/>
  <testcase name="explicitPropertySourcesExcludesLocalProperties" classname="org.springframework.context.support.PropertySourcesPlaceholderConfigurerTests" time="0.0"/>
  <testcase name="trimValuesIsApplied" classname="org.springframework.context.support.PropertySourcesPlaceholderConfigurerTests" time="0.001"/>
  <testcase name="explicitPropertySources" classname="org.springframework.context.support.PropertySourcesPlaceholderConfigurerTests" time="0.002"/>
  <testcase name="ignoreUnresolvablePlaceholders_true" classname="org.springframework.context.support.PropertySourcesPlaceholderConfigurerTests" time="0.0"/>
  <system-out><![CDATA[]]></system-out>
  <system-err><![CDATA[]]></system-err>
</testsuite>
