<?xml version="1.0" encoding="UTF-8"?>
<testsuite name="org.springframework.jmx.support.MBeanServerFactoryBeanTests" tests="7" skipped="0" failures="0" errors="0" timestamp="2016-11-10T07:39:11" hostname="XB-20161010YVDY" time="0.007">
  <properties/>
  <testcase name="newMBeanServer" classname="org.springframework.jmx.support.MBeanServerFactoryBeanTests" time="0.0"/>
  <testcase name="withLocateExistingAndExistingServer" classname="org.springframework.jmx.support.MBeanServerFactoryBeanTests" time="0.0"/>
  <testcase name="createMBeanServer" classname="org.springframework.jmx.support.MBeanServerFactoryBeanTests" time="0.001"/>
  <testcase name="withLocateExistingAndFallbackToPlatformServer" classname="org.springframework.jmx.support.MBeanServerFactoryBeanTests" time="0.002"/>
  <testcase name="defaultDomain" classname="org.springframework.jmx.support.MBeanServerFactoryBeanTests" time="0.001"/>
  <testcase name="getObject" classname="org.springframework.jmx.support.MBeanServerFactoryBeanTests" time="0.0"/>
  <testcase name="withEmptyAgentIdAndFallbackToPlatformServer" classname="org.springframework.jmx.support.MBeanServerFactoryBeanTests" time="0.003"/>
  <system-out><![CDATA[]]></system-out>
  <system-err><![CDATA[]]></system-err>
</testsuite>
