<?xml version="1.0" encoding="UTF-8"?>
<testsuite name="org.springframework.context.annotation.ImportAwareTests" tests="6" skipped="0" failures="0" errors="0" timestamp="2016-11-10T07:38:52" hostname="XB-20161010YVDY" time="0.167">
  <properties/>
  <testcase name="directlyAnnotatedWithImport" classname="org.springframework.context.annotation.ImportAwareTests" time="0.049"/>
  <testcase name="metadataFromImportsTwoThenOne" classname="org.springframework.context.annotation.ImportAwareTests" time="0.027"/>
  <testcase name="indirectlyAnnotatedWithImport" classname="org.springframework.context.annotation.ImportAwareTests" time="0.026"/>
  <testcase name="importRegistrar" classname="org.springframework.context.annotation.ImportAwareTests" time="0.018"/>
  <testcase name="importRegistrarWithImport" classname="org.springframework.context.annotation.ImportAwareTests" time="0.032"/>
  <testcase name="metadataFromImportsOneThenTwo" classname="org.springframework.context.annotation.ImportAwareTests" time="0.014"/>
  <system-out><![CDATA[]]></system-out>
  <system-err><![CDATA[]]></system-err>
</testsuite>
