<?xml version="1.0" encoding="UTF-8"?>
<testsuite name="org.springframework.aop.aspectj.DeclarationOrderIndependenceTests" tests="5" skipped="0" failures="0" errors="0" timestamp="2016-11-10T07:38:15" hostname="XB-20161010YVDY" time="0.227">
  <properties/>
  <testcase name="testBeforeAdviceFiringOk" classname="org.springframework.aop.aspectj.DeclarationOrderIndependenceTests" time="0.054"/>
  <testcase name="testTargetIsBeanNameAware" classname="org.springframework.aop.aspectj.DeclarationOrderIndependenceTests" time="0.045"/>
  <testcase name="testTargetIsSerializable" classname="org.springframework.aop.aspectj.DeclarationOrderIndependenceTests" time="0.044"/>
  <testcase name="testAroundAdviceFiringOk" classname="org.springframework.aop.aspectj.DeclarationOrderIndependenceTests" time="0.044"/>
  <testcase name="testAfterReturningFiringOk" classname="org.springframework.aop.aspectj.DeclarationOrderIndependenceTests" time="0.039"/>
  <system-out><![CDATA[]]></system-out>
  <system-err><![CDATA[]]></system-err>
</testsuite>
