<?xml version="1.0" encoding="UTF-8"?>
<testsuite name="org.springframework.aop.aspectj.ImplicitJPArgumentMatchingAtAspectJTests" tests="1" skipped="0" failures="0" errors="0" timestamp="2016-11-10T07:38:16" hostname="XB-20161010YVDY" time="0.059">
  <properties/>
  <testcase name="testAspect" classname="org.springframework.aop.aspectj.ImplicitJPArgumentMatchingAtAspectJTests" time="0.059"/>
  <system-out><![CDATA[]]></system-out>
  <system-err><![CDATA[]]></system-err>
</testsuite>
