<?xml version="1.0" encoding="UTF-8"?>
<testsuite name="org.springframework.scheduling.config.AnnotationDrivenBeanDefinitionParserTests" tests="5" skipped="0" failures="0" errors="0" timestamp="2016-11-10T07:39:16" hostname="XB-20161010YVDY" time="0.093">
  <properties/>
  <testcase name="asyncPostProcessorExceptionHandlerReference" classname="org.springframework.scheduling.config.AnnotationDrivenBeanDefinitionParserTests" time="0.016"/>
  <testcase name="scheduledPostProcessorSchedulerReference" classname="org.springframework.scheduling.config.AnnotationDrivenBeanDefinitionParserTests" time="0.019"/>
  <testcase name="asyncPostProcessorRegistered" classname="org.springframework.scheduling.config.AnnotationDrivenBeanDefinitionParserTests" time="0.021"/>
  <testcase name="asyncPostProcessorExecutorReference" classname="org.springframework.scheduling.config.AnnotationDrivenBeanDefinitionParserTests" time="0.017"/>
  <testcase name="scheduledPostProcessorRegistered" classname="org.springframework.scheduling.config.AnnotationDrivenBeanDefinitionParserTests" time="0.02"/>
  <system-out><![CDATA[]]></system-out>
  <system-err><![CDATA[]]></system-err>
</testsuite>
