<?xml version="1.0" encoding="UTF-8"?>
<testsuite name="org.springframework.context.support.SimpleThreadScopeTests" tests="2" skipped="0" failures="0" errors="0" timestamp="2016-11-10T07:39:05" hostname="XB-20161010YVDY" time="0.241">
  <properties/>
  <testcase name="getMultipleInstances" classname="org.springframework.context.support.SimpleThreadScopeTests" time="0.22"/>
  <testcase name="getFromScope" classname="org.springframework.context.support.SimpleThreadScopeTests" time="0.001"/>
  <system-out><![CDATA[]]></system-out>
  <system-err><![CDATA[]]></system-err>
</testsuite>
