<?xml version="1.0" encoding="UTF-8"?>
<testsuite name="org.springframework.context.annotation.configuration.PackagePrivateBeanMethodInheritanceTests" tests="2" skipped="0" failures="0" errors="0" timestamp="2016-11-10T07:38:50" hostname="XB-20161010YVDY" time="0.058">
  <properties/>
  <testcase name="workaround" classname="org.springframework.context.annotation.configuration.PackagePrivateBeanMethodInheritanceTests" time="0.032"/>
  <testcase name="repro" classname="org.springframework.context.annotation.configuration.PackagePrivateBeanMethodInheritanceTests" time="0.026"/>
  <system-out><![CDATA[]]></system-out>
  <system-err><![CDATA[]]></system-err>
</testsuite>
