<?xml version="1.0" encoding="UTF-8"?>
<testsuite name="org.springframework.scheduling.concurrent.ScheduledExecutorFactoryBeanTests" tests="11" skipped="5" failures="0" errors="0" timestamp="2016-11-10T07:39:16" hostname="XB-20161010YVDY" time="0.039">
  <properties/>
  <testcase name="testSettingRejectedExecutionHandlerToNullForcesUseOfDefaultButIsOtherwiseCool" classname="org.springframework.scheduling.concurrent.ScheduledExecutorFactoryBeanTests" time="0.002"/>
  <testcase name="testThrowsExceptionIfPoolSizeIsLessThanZero" classname="org.springframework.scheduling.concurrent.ScheduledExecutorFactoryBeanTests" time="0.0"/>
  <testcase name="testSettingThreadFactoryToNullForcesUseOfDefaultButIsOtherwiseCool" classname="org.springframework.scheduling.concurrent.ScheduledExecutorFactoryBeanTests" time="0.0"/>
  <testcase name="testWithInitialDelayRepeatedExecutionIsSetUpAndFiresCorrectly" classname="org.springframework.scheduling.concurrent.ScheduledExecutorFactoryBeanTests" time="0.0">
    <skipped/>
  </testcase>
  <testcase name="testOneTimeExecutionIsSetUpAndFiresCorrectly" classname="org.springframework.scheduling.concurrent.ScheduledExecutorFactoryBeanTests" time="0.001">
    <skipped/>
  </testcase>
  <testcase name="testObjectTypeReportsCorrectType" classname="org.springframework.scheduling.concurrent.ScheduledExecutorFactoryBeanTests" time="0.0"/>
  <testcase name="testShutdownIsPropagatedToTheExecutorOnDestroy" classname="org.springframework.scheduling.concurrent.ScheduledExecutorFactoryBeanTests" time="0.035"/>
  <testcase name="testFixedRepeatedExecutionIsSetUpAndFiresCorrectly" classname="org.springframework.scheduling.concurrent.ScheduledExecutorFactoryBeanTests" time="0.0">
    <skipped/>
  </testcase>
  <testcase name="testFixedRepeatedExecutionIsSetUpAndFiresCorrectlyAfterException" classname="org.springframework.scheduling.concurrent.ScheduledExecutorFactoryBeanTests" time="0.0">
    <skipped/>
  </testcase>
  <testcase name="testWithInitialDelayRepeatedExecutionIsSetUpAndFiresCorrectlyAfterException" classname="org.springframework.scheduling.concurrent.ScheduledExecutorFactoryBeanTests" time="0.0">
    <skipped/>
  </testcase>
  <testcase name="testShutdownNowIsPropagatedToTheExecutorOnDestroy" classname="org.springframework.scheduling.concurrent.ScheduledExecutorFactoryBeanTests" time="0.001"/>
  <system-out><![CDATA[Running
Running
Running
]]></system-out>
  <system-err><![CDATA[]]></system-err>
</testsuite>
