<?xml version="1.0" encoding="UTF-8"?>
<testsuite name="org.springframework.aop.aspectj.autoproxy.spr3064.SPR3064Tests" tests="1" skipped="0" failures="0" errors="0" timestamp="2016-11-10T07:38:15" hostname="XB-20161010YVDY" time="0.03">
  <properties/>
  <testcase name="testServiceIsAdvised" classname="org.springframework.aop.aspectj.autoproxy.spr3064.SPR3064Tests" time="0.03"/>
  <system-out><![CDATA[]]></system-out>
  <system-err><![CDATA[]]></system-err>
</testsuite>
