<?xml version="1.0" encoding="UTF-8"?>
<testsuite name="org.springframework.context.annotation.ComponentScanParserWithUserDefinedStrategiesTests" tests="4" skipped="0" failures="0" errors="0" timestamp="2016-11-10T07:38:48" hostname="XB-20161010YVDY" time="0.08">
  <properties/>
  <testcase name="testInvalidConstructorBeanNameGenerator" classname="org.springframework.context.annotation.ComponentScanParserWithUserDefinedStrategiesTests" time="0.007"/>
  <testcase name="testCustomScopeMetadataResolver" classname="org.springframework.context.annotation.ComponentScanParserWithUserDefinedStrategiesTests" time="0.028"/>
  <testcase name="testCustomBeanNameGenerator" classname="org.springframework.context.annotation.ComponentScanParserWithUserDefinedStrategiesTests" time="0.036"/>
  <testcase name="testInvalidClassNameScopeMetadataResolver" classname="org.springframework.context.annotation.ComponentScanParserWithUserDefinedStrategiesTests" time="0.008"/>
  <system-out><![CDATA[]]></system-out>
  <system-err><![CDATA[]]></system-err>
</testsuite>
