<?xml version="1.0" encoding="UTF-8"?>
<testsuite name="org.springframework.scripting.support.StaticScriptSourceTests" tests="8" skipped="0" failures="0" errors="0" timestamp="2016-11-10T07:39:24" hostname="XB-20161010YVDY" time="0.001">
  <properties/>
  <testcase name="isModifiedNotToggledWhenSameScriptIsSet" classname="org.springframework.scripting.support.StaticScriptSourceTests" time="0.0"/>
  <testcase name="createWithWhitespaceOnlyScript" classname="org.springframework.scripting.support.StaticScriptSourceTests" time="0.0"/>
  <testcase name="isModifiedIsTrueByDefault" classname="org.springframework.scripting.support.StaticScriptSourceTests" time="0.0"/>
  <testcase name="gettingScriptViaToStringDoesNotToggleIsModified" classname="org.springframework.scripting.support.StaticScriptSourceTests" time="0.0"/>
  <testcase name="isModifiedToggledWhenDifferentScriptIsSet" classname="org.springframework.scripting.support.StaticScriptSourceTests" time="0.0"/>
  <testcase name="createWithEmptyScript" classname="org.springframework.scripting.support.StaticScriptSourceTests" time="0.0"/>
  <testcase name="gettingScriptTogglesIsModified" classname="org.springframework.scripting.support.StaticScriptSourceTests" time="0.0"/>
  <testcase name="createWithNullScript" classname="org.springframework.scripting.support.StaticScriptSourceTests" time="0.0"/>
  <system-out><![CDATA[]]></system-out>
  <system-err><![CDATA[]]></system-err>
</testsuite>
