<?xml version="1.0" encoding="UTF-8"?>
<testsuite name="org.springframework.format.number.CurrencyStyleFormatterTests" tests="6" skipped="0" failures="0" errors="0" timestamp="2016-11-10T07:39:07" hostname="XB-20161010YVDY" time="0.004">
  <properties/>
  <testcase name="parseWholeValue" classname="org.springframework.format.number.CurrencyStyleFormatterTests" time="0.003"/>
  <testcase name="parseValue" classname="org.springframework.format.number.CurrencyStyleFormatterTests" time="0.0"/>
  <testcase name="parseValueDefaultRoundDown" classname="org.springframework.format.number.CurrencyStyleFormatterTests" time="0.0"/>
  <testcase name="parseValueNotLenientFailure" classname="org.springframework.format.number.CurrencyStyleFormatterTests" time="0.0"/>
  <testcase name="parseBogusValue" classname="org.springframework.format.number.CurrencyStyleFormatterTests" time="0.001"/>
  <testcase name="formatValue" classname="org.springframework.format.number.CurrencyStyleFormatterTests" time="0.0"/>
  <system-out><![CDATA[]]></system-out>
  <system-err><![CDATA[]]></system-err>
</testsuite>
