<?xml version="1.0" encoding="UTF-8"?>
<testsuite name="org.springframework.context.annotation.configuration.spr9031.Spr9031Tests" tests="2" skipped="0" failures="0" errors="0" timestamp="2016-11-10T07:38:50" hostname="XB-20161010YVDY" time="0.039">
  <properties/>
  <testcase name="withoutAsmAnnotationProcessing" classname="org.springframework.context.annotation.configuration.spr9031.Spr9031Tests" time="0.022"/>
  <testcase name="withAsmAnnotationProcessing" classname="org.springframework.context.annotation.configuration.spr9031.Spr9031Tests" time="0.017"/>
  <system-out><![CDATA[]]></system-out>
  <system-err><![CDATA[]]></system-err>
</testsuite>
