<?xml version="1.0" encoding="UTF-8"?>
<testsuite name="org.springframework.remoting.support.RemoteInvocationUtilsTests" tests="2" skipped="0" failures="0" errors="0" timestamp="2016-11-10T07:39:11" hostname="XB-20161010YVDY" time="0.001">
  <properties/>
  <testcase name="fillInClientStackTraceIfPossibleWithNullThrowable" classname="org.springframework.remoting.support.RemoteInvocationUtilsTests" time="0.001"/>
  <testcase name="fillInClientStackTraceIfPossibleSunnyDay" classname="org.springframework.remoting.support.RemoteInvocationUtilsTests" time="0.0"/>
  <system-out><![CDATA[]]></system-out>
  <system-err><![CDATA[]]></system-err>
</testsuite>
