<?xml version="1.0" encoding="UTF-8"?>
<testsuite name="org.springframework.context.expression.ApplicationContextExpressionTests" tests="6" skipped="1" failures="0" errors="0" timestamp="2016-11-10T07:38:55" hostname="XB-20161010YVDY" time="0.194">
  <properties/>
  <testcase name="systemPropertiesSecurityManager" classname="org.springframework.context.expression.ApplicationContextExpressionTests" time="0.112"/>
  <testcase name="prototypeCreationReevaluatesExpressions" classname="org.springframework.context.expression.ApplicationContextExpressionTests" time="0.016"/>
  <testcase name="stringConcatenationWithDebugLogging" classname="org.springframework.context.expression.ApplicationContextExpressionTests" time="0.012"/>
  <testcase name="resourceInjection" classname="org.springframework.context.expression.ApplicationContextExpressionTests" time="0.011"/>
  <testcase name="prototypeCreationIsFastEnough" classname="org.springframework.context.expression.ApplicationContextExpressionTests" time="0.0">
    <skipped/>
  </testcase>
  <testcase name="genericApplicationContext" classname="org.springframework.context.expression.ApplicationContextExpressionTests" time="0.042"/>
  <system-out><![CDATA[]]></system-out>
  <system-err><![CDATA[]]></system-err>
</testsuite>
