<?xml version="1.0" encoding="UTF-8"?>
<testsuite name="org.springframework.ejb.access.LocalSlsbInvokerInterceptorTests" tests="5" skipped="0" failures="0" errors="0" timestamp="2016-11-10T07:39:06" hostname="XB-20161010YVDY" time="0.123">
  <properties/>
  <testcase name="testInvokesMethodOnEjbInstance" classname="org.springframework.ejb.access.LocalSlsbInvokerInterceptorTests" time="0.104"/>
  <testcase name="testApplicationException" classname="org.springframework.ejb.access.LocalSlsbInvokerInterceptorTests" time="0.003"/>
  <testcase name="testPerformsLookup" classname="org.springframework.ejb.access.LocalSlsbInvokerInterceptorTests" time="0.0"/>
  <testcase name="testInvokesMethodOnEjbInstanceWithSeparateBusinessMethods" classname="org.springframework.ejb.access.LocalSlsbInvokerInterceptorTests" time="0.016"/>
  <testcase name="testLookupFailure" classname="org.springframework.ejb.access.LocalSlsbInvokerInterceptorTests" time="0.0"/>
  <system-out><![CDATA[]]></system-out>
  <system-err><![CDATA[]]></system-err>
</testsuite>
