<?xml version="1.0" encoding="UTF-8"?>
<testsuite name="org.springframework.context.support.GenericXmlApplicationContextTests" tests="4" skipped="0" failures="0" errors="0" timestamp="2016-11-10T07:39:02" hostname="XB-20161010YVDY" time="0.038">
  <properties/>
  <testcase name="classRelativeResourceLoading_ctor" classname="org.springframework.context.support.GenericXmlApplicationContextTests" time="0.013"/>
  <testcase name="classRelativeResourceLoading_load" classname="org.springframework.context.support.GenericXmlApplicationContextTests" time="0.006"/>
  <testcase name="fullyQualifiedResourceLoading_ctor" classname="org.springframework.context.support.GenericXmlApplicationContextTests" time="0.012"/>
  <testcase name="fullyQualifiedResourceLoading_load" classname="org.springframework.context.support.GenericXmlApplicationContextTests" time="0.007"/>
  <system-out><![CDATA[]]></system-out>
  <system-err><![CDATA[]]></system-err>
</testsuite>
