<?xml version="1.0" encoding="UTF-8"?>
<testsuite name="org.springframework.context.support.GenericApplicationContextTests" tests="3" skipped="0" failures="0" errors="0" timestamp="2016-11-10T07:39:02" hostname="XB-20161010YVDY" time="0.001">
  <properties/>
  <testcase name="nullBeanRegistration" classname="org.springframework.context.support.GenericApplicationContextTests" time="0.0"/>
  <testcase name="accessAfterClosing" classname="org.springframework.context.support.GenericApplicationContextTests" time="0.0"/>
  <testcase name="getBeanForClass" classname="org.springframework.context.support.GenericApplicationContextTests" time="0.0"/>
  <system-out><![CDATA[]]></system-out>
  <system-err><![CDATA[]]></system-err>
</testsuite>
