<?xml version="1.0" encoding="UTF-8"?>
<testsuite name="org.springframework.scheduling.config.LazyScheduledTasksBeanDefinitionParserTests" tests="1" skipped="0" failures="0" errors="0" timestamp="2016-11-10T07:39:17" hostname="XB-20161010YVDY" time="0.03">
  <properties/>
  <testcase name="checkTarget" classname="org.springframework.scheduling.config.LazyScheduledTasksBeanDefinitionParserTests" time="0.03"/>
  <system-out><![CDATA[]]></system-out>
  <system-err><![CDATA[]]></system-err>
</testsuite>
