<?xml version="1.0" encoding="UTF-8"?>
<testsuite name="org.springframework.context.annotation.Spr6602Tests" tests="2" skipped="0" failures="0" errors="0" timestamp="2016-11-10T07:38:54" hostname="XB-20161010YVDY" time="0.028">
  <properties/>
  <testcase name="testXmlBehavior" classname="org.springframework.context.annotation.Spr6602Tests" time="0.006"/>
  <testcase name="testConfigurationClassBehavior" classname="org.springframework.context.annotation.Spr6602Tests" time="0.022"/>
  <system-out><![CDATA[]]></system-out>
  <system-err><![CDATA[]]></system-err>
</testsuite>
