<?xml version="1.0" encoding="UTF-8"?>
<testsuite name="org.springframework.jmx.access.RemoteMBeanClientInterceptorTests" tests="12" skipped="12" failures="0" errors="0" timestamp="2016-11-10T07:39:08" hostname="XB-20161010YVDY" time="0.003">
  <properties/>
  <testcase name="testSetReadOnlyAttribute" classname="org.springframework.jmx.access.RemoteMBeanClientInterceptorTests" time="0.0">
    <skipped/>
  </testcase>
  <testcase name="testInvokeUnexposedMethodWithException" classname="org.springframework.jmx.access.RemoteMBeanClientInterceptorTests" time="0.0">
    <skipped/>
  </testcase>
  <testcase name="testSetAttributeValue" classname="org.springframework.jmx.access.RemoteMBeanClientInterceptorTests" time="0.0">
    <skipped/>
  </testcase>
  <testcase name="testTestLazyConnectionToRemote" classname="org.springframework.jmx.access.RemoteMBeanClientInterceptorTests" time="0.001">
    <skipped/>
  </testcase>
  <testcase name="testDifferentProxiesSameClass" classname="org.springframework.jmx.access.RemoteMBeanClientInterceptorTests" time="0.0">
    <skipped/>
  </testcase>
  <testcase name="testSetAttributeValueWithIOException" classname="org.springframework.jmx.access.RemoteMBeanClientInterceptorTests" time="0.0">
    <skipped/>
  </testcase>
  <testcase name="testGetAttributeValue" classname="org.springframework.jmx.access.RemoteMBeanClientInterceptorTests" time="0.001">
    <skipped/>
  </testcase>
  <testcase name="testInvokeNoArgs" classname="org.springframework.jmx.access.RemoteMBeanClientInterceptorTests" time="0.001">
    <skipped/>
  </testcase>
  <testcase name="testProxyClassIsDifferent" classname="org.springframework.jmx.access.RemoteMBeanClientInterceptorTests" time="0.0">
    <skipped/>
  </testcase>
  <testcase name="testInvokeArgs" classname="org.springframework.jmx.access.RemoteMBeanClientInterceptorTests" time="0.0">
    <skipped/>
  </testcase>
  <testcase name="testSetAttributeValueWithCheckedException" classname="org.springframework.jmx.access.RemoteMBeanClientInterceptorTests" time="0.0">
    <skipped/>
  </testcase>
  <testcase name="testSetAttributeValueWithRuntimeException" classname="org.springframework.jmx.access.RemoteMBeanClientInterceptorTests" time="0.0">
    <skipped/>
  </testcase>
  <system-out><![CDATA[]]></system-out>
  <system-err><![CDATA[]]></system-err>
</testsuite>
