<?xml version="1.0" encoding="UTF-8"?>
<testsuite name="org.springframework.aop.config.AopNamespaceHandlerAdviceTypeTests" tests="2" skipped="0" failures="0" errors="0" timestamp="2016-11-10T07:38:18" hostname="XB-20161010YVDY" time="0.087">
  <properties/>
  <testcase name="testParsingOfAdviceTypes" classname="org.springframework.aop.config.AopNamespaceHandlerAdviceTypeTests" time="0.066"/>
  <testcase name="testParsingOfAdviceTypesWithError" classname="org.springframework.aop.config.AopNamespaceHandlerAdviceTypeTests" time="0.02"/>
  <system-out><![CDATA[]]></system-out>
  <system-err><![CDATA[]]></system-err>
</testsuite>
