<?xml version="1.0" encoding="UTF-8"?>
<testsuite name="org.springframework.context.annotation.Spr11310Tests" tests="2" skipped="0" failures="0" errors="0" timestamp="2016-11-10T07:38:54" hostname="XB-20161010YVDY" time="0.039">
  <properties/>
  <testcase name="orderedArray" classname="org.springframework.context.annotation.Spr11310Tests" time="0.026"/>
  <testcase name="orderedList" classname="org.springframework.context.annotation.Spr11310Tests" time="0.013"/>
  <system-out><![CDATA[]]></system-out>
  <system-err><![CDATA[]]></system-err>
</testsuite>
