<?xml version="1.0" encoding="UTF-8"?>
<testsuite name="org.springframework.context.annotation.configuration.ImportAnnotationDetectionTests" tests="4" skipped="0" failures="0" errors="0" timestamp="2016-11-10T07:38:49" hostname="XB-20161010YVDY" time="0.125">
  <properties/>
  <testcase name="localImportIsProcessedLast" classname="org.springframework.context.annotation.configuration.ImportAnnotationDetectionTests" time="0.049"/>
  <testcase name="importFromBean" classname="org.springframework.context.annotation.configuration.ImportAnnotationDetectionTests" time="0.016"/>
  <testcase name="localAndMetaImportsAreProcessed" classname="org.springframework.context.annotation.configuration.ImportAnnotationDetectionTests" time="0.042"/>
  <testcase name="multipleMetaImportsAreProcessed" classname="org.springframework.context.annotation.configuration.ImportAnnotationDetectionTests" time="0.018"/>
  <system-out><![CDATA[]]></system-out>
  <system-err><![CDATA[]]></system-err>
</testsuite>
