<?xml version="1.0" encoding="UTF-8"?>
<testsuite name="org.springframework.beans.factory.annotation.BridgeMethodAutowiringTests" tests="1" skipped="0" failures="0" errors="0" timestamp="2016-11-10T07:38:22" hostname="XB-20161010YVDY" time="0.04">
  <properties/>
  <testcase name="SPR8434" classname="org.springframework.beans.factory.annotation.BridgeMethodAutowiringTests" time="0.04"/>
  <system-out><![CDATA[]]></system-out>
  <system-err><![CDATA[]]></system-err>
</testsuite>
