<?xml version="1.0" encoding="UTF-8"?>
<testsuite name="org.springframework.context.annotation.ComponentScanAnnotationRecursionTests" tests="1" skipped="0" failures="0" errors="0" timestamp="2016-11-10T07:38:44" hostname="XB-20161010YVDY" time="0.036">
  <properties/>
  <testcase name="recursion" classname="org.springframework.context.annotation.ComponentScanAnnotationRecursionTests" time="0.036"/>
  <system-out><![CDATA[]]></system-out>
  <system-err><![CDATA[]]></system-err>
</testsuite>
