<?xml version="1.0" encoding="UTF-8"?>
<testsuite name="org.springframework.scheduling.annotation.AsyncResultTests" tests="4" skipped="0" failures="0" errors="0" timestamp="2016-11-10T07:39:14" hostname="XB-20161010YVDY" time="0.003">
  <properties/>
  <testcase name="asyncResultWithSeparateCallbacksAndValue" classname="org.springframework.scheduling.annotation.AsyncResultTests" time="0.001"/>
  <testcase name="asyncResultWithCallbackAndValue" classname="org.springframework.scheduling.annotation.AsyncResultTests" time="0.0"/>
  <testcase name="asyncResultWithCallbackAndException" classname="org.springframework.scheduling.annotation.AsyncResultTests" time="0.001"/>
  <testcase name="asyncResultWithSeparateCallbacksAndException" classname="org.springframework.scheduling.annotation.AsyncResultTests" time="0.001"/>
  <system-out><![CDATA[]]></system-out>
  <system-err><![CDATA[]]></system-err>
</testsuite>
