<?xml version="1.0" encoding="UTF-8"?>
<testsuite name="org.springframework.context.annotation.configuration.ImportTests" tests="12" skipped="0" failures="0" errors="0" timestamp="2016-11-10T07:38:50" hostname="XB-20161010YVDY" time="0.091">
  <properties/>
  <testcase name="testImportNonConfigurationAnnotationClass" classname="org.springframework.context.annotation.configuration.ImportTests" time="0.002"/>
  <testcase name="testProcessImportsWithAsm" classname="org.springframework.context.annotation.configuration.ImportTests" time="0.006"/>
  <testcase name="testImportAnnotationWithMultipleArgumentsResultingInOverriddenBeanDefinition" classname="org.springframework.context.annotation.configuration.ImportTests" time="0.008"/>
  <testcase name="testImportAnnotationWithMultipleArguments" classname="org.springframework.context.annotation.configuration.ImportTests" time="0.011"/>
  <testcase name="testImportAnnotationWithThreeLevelRecursion" classname="org.springframework.context.annotation.configuration.ImportTests" time="0.014"/>
  <testcase name="testProcessImportsWithExplicitOverridingBefore" classname="org.springframework.context.annotation.configuration.ImportTests" time="0.007"/>
  <testcase name="testImportAnnotationOnInnerClasses" classname="org.springframework.context.annotation.configuration.ImportTests" time="0.007"/>
  <testcase name="reproSpr9023" classname="org.springframework.context.annotation.configuration.ImportTests" time="0.02"/>
  <testcase name="testProcessImportsWithDoubleImports" classname="org.springframework.context.annotation.configuration.ImportTests" time="0.005"/>
  <testcase name="testProcessImports" classname="org.springframework.context.annotation.configuration.ImportTests" time="0.001"/>
  <testcase name="testProcessImportsWithExplicitOverridingAfter" classname="org.springframework.context.annotation.configuration.ImportTests" time="0.001"/>
  <testcase name="testImportAnnotationWithTwoLevelRecursion" classname="org.springframework.context.annotation.configuration.ImportTests" time="0.007"/>
  <system-out><![CDATA[org.springframework.beans.factory.support.DefaultListableBeanFactory@53d87: defining beans [org.springframework.context.annotation.internalConfigurationAnnotationProcessor,org.springframework.context.annotation.internalAutowiredAnnotationProcessor,org.springframework.context.annotation.internalRequiredAnnotationProcessor,org.springframework.context.annotation.internalCommonAnnotationProcessor,org.springframework.context.event.internalEventListenerProcessor,org.springframework.context.event.internalEventListenerFactory,config-b,org.springframework.context.annotation.ConfigurationClassPostProcessor.importAwareProcessor,org.springframework.context.annotation.ConfigurationClassPostProcessor.enhancedConfigurationProcessor,config-a]; root of factory hierarchy
]]></system-out>
  <system-err><![CDATA[]]></system-err>
</testsuite>
