<?xml version="1.0" encoding="UTF-8"?>
<testsuite name="org.springframework.context.annotation.configuration.ImportedConfigurationClassEnhancementTests" tests="5" skipped="0" failures="0" errors="0" timestamp="2016-11-10T07:38:49" hostname="XB-20161010YVDY" time="0.103">
  <properties/>
  <testcase name="autowiredConfigClassIsEnhancedWhenRegisteredViaConstructor" classname="org.springframework.context.annotation.configuration.ImportedConfigurationClassEnhancementTests" time="0.028"/>
  <testcase name="autowiredConfigClassIsEnhancedWhenImported" classname="org.springframework.context.annotation.configuration.ImportedConfigurationClassEnhancementTests" time="0.017"/>
  <testcase name="importingNonConfigurationClassCausesBeanDefinitionParsingException" classname="org.springframework.context.annotation.configuration.ImportedConfigurationClassEnhancementTests" time="0.023"/>
  <testcase name="autowiredConfigClassBeanMethodsRespectScopingWhenImported" classname="org.springframework.context.annotation.configuration.ImportedConfigurationClassEnhancementTests" time="0.015"/>
  <testcase name="autowiredConfigClassBeanMethodsRespectScopingWhenRegisteredViaConstructor" classname="org.springframework.context.annotation.configuration.ImportedConfigurationClassEnhancementTests" time="0.02"/>
  <system-out><![CDATA[]]></system-out>
  <system-err><![CDATA[]]></system-err>
</testsuite>
