<?xml version="1.0" encoding="UTF-8"?>
<testsuite name="org.springframework.context.annotation.Spr3775InitDestroyLifecycleTests" tests="6" skipped="0" failures="0" errors="0" timestamp="2016-11-10T07:38:54" hostname="XB-20161010YVDY" time="0.021">
  <properties/>
  <testcase name="testAllLifecycleMechanismsAtOnce" classname="org.springframework.context.annotation.Spr3775InitDestroyLifecycleTests" time="0.005"/>
  <testcase name="testInitializingDisposableInterfacesWithShadowedMethods" classname="org.springframework.context.annotation.Spr3775InitDestroyLifecycleTests" time="0.006"/>
  <testcase name="testInitDestroyMethods" classname="org.springframework.context.annotation.Spr3775InitDestroyLifecycleTests" time="0.0"/>
  <testcase name="testInitializingDisposableInterfaces" classname="org.springframework.context.annotation.Spr3775InitDestroyLifecycleTests" time="0.004"/>
  <testcase name="testJsr250Annotations" classname="org.springframework.context.annotation.Spr3775InitDestroyLifecycleTests" time="0.003"/>
  <testcase name="testJsr250AnnotationsWithShadowedMethods" classname="org.springframework.context.annotation.Spr3775InitDestroyLifecycleTests" time="0.002"/>
  <system-out><![CDATA[]]></system-out>
  <system-err><![CDATA[]]></system-err>
</testsuite>
