<?xml version="1.0" encoding="UTF-8"?>
<testsuite name="org.springframework.jndi.JndiTemplateTests" tests="7" skipped="0" failures="0" errors="0" timestamp="2016-11-10T07:39:11" hostname="XB-20161010YVDY" time="0.004">
  <properties/>
  <testcase name="testBind" classname="org.springframework.jndi.JndiTemplateTests" time="0.001"/>
  <testcase name="testLookupSucceeds" classname="org.springframework.jndi.JndiTemplateTests" time="0.0"/>
  <testcase name="testLookupReturnsNull" classname="org.springframework.jndi.JndiTemplateTests" time="0.0"/>
  <testcase name="testLookupFailsWithTypeMismatch" classname="org.springframework.jndi.JndiTemplateTests" time="0.001"/>
  <testcase name="testLookupFails" classname="org.springframework.jndi.JndiTemplateTests" time="0.0"/>
  <testcase name="testRebind" classname="org.springframework.jndi.JndiTemplateTests" time="0.001"/>
  <testcase name="testUnbind" classname="org.springframework.jndi.JndiTemplateTests" time="0.001"/>
  <system-out><![CDATA[]]></system-out>
  <system-err><![CDATA[]]></system-err>
</testsuite>
