<?xml version="1.0" encoding="UTF-8"?>
<testsuite name="org.springframework.context.annotation.configuration.AutowiredConfigurationTests" tests="15" skipped="0" failures="0" errors="0" timestamp="2016-11-10T07:38:48" hostname="XB-20161010YVDY" time="0.41">
  <properties/>
  <testcase name="testAutowiredConfigurationDependencies" classname="org.springframework.context.annotation.configuration.AutowiredConfigurationTests" time="0.044"/>
  <testcase name="testValueInjectionWithProviderFields" classname="org.springframework.context.annotation.configuration.AutowiredConfigurationTests" time="0.04"/>
  <testcase name="testValueInjectionWithProviderConstructorArguments" classname="org.springframework.context.annotation.configuration.AutowiredConfigurationTests" time="0.021"/>
  <testcase name="testAutowiredConfigurationMethodDependencies" classname="org.springframework.context.annotation.configuration.AutowiredConfigurationTests" time="0.023"/>
  <testcase name="testAutowiredSingleConstructorSupported" classname="org.springframework.context.annotation.configuration.AutowiredConfigurationTests" time="0.03"/>
  <testcase name="testValueInjectionWithAliasedMetaAnnotation" classname="org.springframework.context.annotation.configuration.AutowiredConfigurationTests" time="0.037"/>
  <testcase name="testObjectFactoryConstructorWithTypeVariable" classname="org.springframework.context.annotation.configuration.AutowiredConfigurationTests" time="0.024"/>
  <testcase name="testAutowiredAnnotatedConstructorSupported" classname="org.springframework.context.annotation.configuration.AutowiredConfigurationTests" time="0.019"/>
  <testcase name="testValueInjectionWithMetaAnnotation" classname="org.springframework.context.annotation.configuration.AutowiredConfigurationTests" time="0.03"/>
  <testcase name="testAutowiredConfigurationMethodDependenciesWithOptionalAndAvailable" classname="org.springframework.context.annotation.configuration.AutowiredConfigurationTests" time="0.016"/>
  <testcase name="testValueInjectionWithProviderMethodArguments" classname="org.springframework.context.annotation.configuration.AutowiredConfigurationTests" time="0.027"/>
  <testcase name="testCustomPropertiesWithGenericContext" classname="org.springframework.context.annotation.configuration.AutowiredConfigurationTests" time="0.033"/>
  <testcase name="testAutowiredConfigurationMethodDependenciesWithOptionalAndNotAvailable" classname="org.springframework.context.annotation.configuration.AutowiredConfigurationTests" time="0.01"/>
  <testcase name="testValueInjection" classname="org.springframework.context.annotation.configuration.AutowiredConfigurationTests" time="0.029"/>
  <testcase name="testCustomPropertiesWithClassPathContext" classname="org.springframework.context.annotation.configuration.AutowiredConfigurationTests" time="0.026"/>
  <system-out><![CDATA[]]></system-out>
  <system-err><![CDATA[]]></system-err>
</testsuite>
