<?xml version="1.0" encoding="UTF-8"?>
<testsuite name="org.springframework.context.annotation.configuration.ScopingTests" tests="6" skipped="0" failures="0" errors="0" timestamp="2016-11-10T07:38:50" hostname="XB-20161010YVDY" time="0.18">
  <properties/>
  <testcase name="testRawScopes" classname="org.springframework.context.annotation.configuration.ScopingTests" time="0.044"/>
  <testcase name="testScopedProxyConfigurationWithClasses" classname="org.springframework.context.annotation.configuration.ScopingTests" time="0.023"/>
  <testcase name="testScopedProxyConfiguration" classname="org.springframework.context.annotation.configuration.ScopingTests" time="0.05"/>
  <testcase name="testScopeOnClasses" classname="org.springframework.context.annotation.configuration.ScopingTests" time="0.025"/>
  <testcase name="testScopeOnInterfaces" classname="org.springframework.context.annotation.configuration.ScopingTests" time="0.022"/>
  <testcase name="testSameScopeOnDifferentBeans" classname="org.springframework.context.annotation.configuration.ScopingTests" time="0.016"/>
  <system-out><![CDATA[]]></system-out>
  <system-err><![CDATA[]]></system-err>
</testsuite>
