<?xml version="1.0" encoding="UTF-8"?>
<testsuite name="org.springframework.aop.config.AopNamespaceHandlerThrowingTests" tests="2" skipped="0" failures="0" errors="0" timestamp="2016-11-10T07:38:18" hostname="XB-20161010YVDY" time="0.04">
  <properties/>
  <testcase name="testThrowingOnThrowingAdvice" classname="org.springframework.aop.config.AopNamespaceHandlerThrowingTests" time="0.031"/>
  <testcase name="testParseThrowingOnOtherAdviceType" classname="org.springframework.aop.config.AopNamespaceHandlerThrowingTests" time="0.009"/>
  <system-out><![CDATA[]]></system-out>
  <system-err><![CDATA[]]></system-err>
</testsuite>
