<?xml version="1.0" encoding="UTF-8"?>
<testsuite name="org.springframework.jmx.export.PropertyPlaceholderConfigurerTests" tests="2" skipped="0" failures="0" errors="0" timestamp="2016-11-10T07:39:11" hostname="XB-20161010YVDY" time="0.035">
  <properties/>
  <testcase name="testPropertiesCorrectInJmx" classname="org.springframework.jmx.export.PropertyPlaceholderConfigurerTests" time="0.019"/>
  <testcase name="testPropertiesReplaced" classname="org.springframework.jmx.export.PropertyPlaceholderConfigurerTests" time="0.016"/>
  <system-out><![CDATA[]]></system-out>
  <system-err><![CDATA[]]></system-err>
</testsuite>
