<?xml version="1.0" encoding="UTF-8"?>
<testsuite name="org.springframework.aop.aspectj.SubtypeSensitiveMatchingTests" tests="3" skipped="0" failures="0" errors="0" timestamp="2016-11-10T07:38:17" hostname="XB-20161010YVDY" time="0.137">
  <properties/>
  <testcase name="testBeansAreProxiedOnStaticMatch" classname="org.springframework.aop.aspectj.SubtypeSensitiveMatchingTests" time="0.048"/>
  <testcase name="testBeansThatDoNotMatchBasedSolelyOnRuntimeTypeAreNotProxied" classname="org.springframework.aop.aspectj.SubtypeSensitiveMatchingTests" time="0.051"/>
  <testcase name="testBeansThatDoNotMatchBasedOnOtherTestAreProxied" classname="org.springframework.aop.aspectj.SubtypeSensitiveMatchingTests" time="0.037"/>
  <system-out><![CDATA[]]></system-out>
  <system-err><![CDATA[]]></system-err>
</testsuite>
