<?xml version="1.0" encoding="UTF-8"?>
<testsuite name="org.springframework.instrument.classloading.InstrumentableClassLoaderTests" tests="1" skipped="0" failures="0" errors="0" timestamp="2016-11-10T07:39:07" hostname="XB-20161010YVDY" time="0.001">
  <properties/>
  <testcase name="testDefaultLoadTimeWeaver" classname="org.springframework.instrument.classloading.InstrumentableClassLoaderTests" time="0.001"/>
  <system-out><![CDATA[]]></system-out>
  <system-err><![CDATA[]]></system-err>
</testsuite>
