<?xml version="1.0" encoding="UTF-8"?>
<testsuite name="org.springframework.context.annotation.BeanMethodMetadataTests" tests="1" skipped="0" failures="0" errors="0" timestamp="2016-11-10T07:38:42" hostname="XB-20161010YVDY" time="0.019">
  <properties/>
  <testcase name="providesBeanMethodBeanDefinition" classname="org.springframework.context.annotation.BeanMethodMetadataTests" time="0.019"/>
  <system-out><![CDATA[]]></system-out>
  <system-err><![CDATA[]]></system-err>
</testsuite>
