<?xml version="1.0" encoding="UTF-8"?>
<testsuite name="org.springframework.context.event.GenericApplicationListenerAdapterTests" tests="17" skipped="0" failures="0" errors="0" timestamp="2016-11-10T07:38:55" hostname="XB-20161010YVDY" time="0.051">
  <properties/>
  <testcase name="genericListenerUpperBoundTypeNotMatching" classname="org.springframework.context.event.GenericApplicationListenerAdapterTests" time="0.008"/>
  <testcase name="genericListenerStrictTypeAndResolvableType" classname="org.springframework.context.event.GenericApplicationListenerAdapterTests" time="0.0"/>
  <testcase name="genericListenerRawType" classname="org.springframework.context.event.GenericApplicationListenerAdapterTests" time="0.01"/>
  <testcase name="genericListenerWildcardType" classname="org.springframework.context.event.GenericApplicationListenerAdapterTests" time="0.008"/>
  <testcase name="genericListenerStrictTypeNotMatchTypeErasure" classname="org.springframework.context.event.GenericApplicationListenerAdapterTests" time="0.0"/>
  <testcase name="genericListenerStrictTypeSubClass" classname="org.springframework.context.event.GenericApplicationListenerAdapterTests" time="0.011"/>
  <testcase name="genericListenerStrictTypeNotMatching" classname="org.springframework.context.event.GenericApplicationListenerAdapterTests" time="0.0"/>
  <testcase name="genericListenerUpperBoundType" classname="org.springframework.context.event.GenericApplicationListenerAdapterTests" time="0.0"/>
  <testcase name="genericListenerWildcardTypeTypeErasure" classname="org.springframework.context.event.GenericApplicationListenerAdapterTests" time="0.0"/>
  <testcase name="genericListenerStrictTypeEventSubType" classname="org.springframework.context.event.GenericApplicationListenerAdapterTests" time="0.0"/>
  <testcase name="supportsEventTypeWithSmartApplicationListener" classname="org.springframework.context.event.GenericApplicationListenerAdapterTests" time="0.013"/>
  <testcase name="genericListenerStrictTypeAndResolvableTypeProvider" classname="org.springframework.context.event.GenericApplicationListenerAdapterTests" time="0.0"/>
  <testcase name="supportsSourceTypeWithSmartApplicationListener" classname="org.springframework.context.event.GenericApplicationListenerAdapterTests" time="0.0"/>
  <testcase name="genericListenerStrictType" classname="org.springframework.context.event.GenericApplicationListenerAdapterTests" time="0.0"/>
  <testcase name="genericListenerRawTypeTypeErasure" classname="org.springframework.context.event.GenericApplicationListenerAdapterTests" time="0.0"/>
  <testcase name="genericListenerStrictTypeEventSubTypeNotMatching" classname="org.springframework.context.event.GenericApplicationListenerAdapterTests" time="0.0"/>
  <testcase name="genericListenerStrictTypeTypeErasure" classname="org.springframework.context.event.GenericApplicationListenerAdapterTests" time="0.0"/>
  <system-out><![CDATA[]]></system-out>
  <system-err><![CDATA[]]></system-err>
</testsuite>
