<?xml version="1.0" encoding="UTF-8"?>
<testsuite name="org.springframework.cache.concurrent.ConcurrentMapCacheTests" tests="16" skipped="0" failures="0" errors="0" timestamp="2016-11-10T07:38:25" hostname="XB-20161010YVDY" time="0.094">
  <properties/>
  <testcase name="testSerializer" classname="org.springframework.cache.concurrent.ConcurrentMapCacheTests" time="0.001"/>
  <testcase name="testIsStoreByReferenceByDefault" classname="org.springframework.cache.concurrent.ConcurrentMapCacheTests" time="0.0"/>
  <testcase name="testNonSerializableContent" classname="org.springframework.cache.concurrent.ConcurrentMapCacheTests" time="0.001"/>
  <testcase name="testInvalidSerializedContent" classname="org.springframework.cache.concurrent.ConcurrentMapCacheTests" time="0.0"/>
  <testcase name="testCacheGetCallableNotInvokedWithHitNull" classname="org.springframework.cache.concurrent.ConcurrentMapCacheTests" time="0.001"/>
  <testcase name="testCacheGetSynchronized" classname="org.springframework.cache.concurrent.ConcurrentMapCacheTests" time="0.089"/>
  <testcase name="testCachePutIfAbsent" classname="org.springframework.cache.concurrent.ConcurrentMapCacheTests" time="0.0"/>
  <testcase name="testCacheClear" classname="org.springframework.cache.concurrent.ConcurrentMapCacheTests" time="0.0"/>
  <testcase name="testCacheRemove" classname="org.springframework.cache.concurrent.ConcurrentMapCacheTests" time="0.0"/>
  <testcase name="testCacheGetCallableNotInvokedWithHit" classname="org.springframework.cache.concurrent.ConcurrentMapCacheTests" time="0.0"/>
  <testcase name="testCacheName" classname="org.springframework.cache.concurrent.ConcurrentMapCacheTests" time="0.0"/>
  <testcase name="testCachePut" classname="org.springframework.cache.concurrent.ConcurrentMapCacheTests" time="0.0"/>
  <testcase name="testCacheGetCallable" classname="org.springframework.cache.concurrent.ConcurrentMapCacheTests" time="0.001"/>
  <testcase name="testNativeCache" classname="org.springframework.cache.concurrent.ConcurrentMapCacheTests" time="0.0"/>
  <testcase name="testCacheGetCallableFail" classname="org.springframework.cache.concurrent.ConcurrentMapCacheTests" time="0.001"/>
  <testcase name="testCacheGetCallableWithNull" classname="org.springframework.cache.concurrent.ConcurrentMapCacheTests" time="0.0"/>
  <system-out><![CDATA[]]></system-out>
  <system-err><![CDATA[]]></system-err>
</testsuite>
