<?xml version="1.0" encoding="UTF-8"?>
<testsuite name="org.springframework.aop.framework.ObjenesisProxyTests" tests="1" skipped="0" failures="0" errors="0" timestamp="2016-11-10T07:38:21" hostname="XB-20161010YVDY" time="0.271">
  <properties/>
  <testcase name="appliesAspectToClassWithComplexConstructor" classname="org.springframework.aop.framework.ObjenesisProxyTests" time="0.271"/>
  <system-out><![CDATA[]]></system-out>
  <system-err><![CDATA[]]></system-err>
</testsuite>
