<?xml version="1.0" encoding="UTF-8"?>
<testsuite name="org.springframework.context.annotation.configuration.Spr7167Tests" tests="1" skipped="0" failures="0" errors="0" timestamp="2016-11-10T07:38:50" hostname="XB-20161010YVDY" time="0.016">
  <properties/>
  <testcase name="test" classname="org.springframework.context.annotation.configuration.Spr7167Tests" time="0.016"/>
  <system-out><![CDATA[]]></system-out>
  <system-err><![CDATA[]]></system-err>
</testsuite>
