<?xml version="1.0" encoding="UTF-8"?>
<testsuite name="org.springframework.context.annotation.configuration.BeanAnnotationAttributePropagationTests" tests="10" skipped="0" failures="0" errors="0" timestamp="2016-11-10T07:38:49" hostname="XB-20161010YVDY" time="0.038">
  <properties/>
  <testcase name="defaultLazyConfigurationPropagatesToIndividualBeans" classname="org.springframework.context.annotation.configuration.BeanAnnotationAttributePropagationTests" time="0.002"/>
  <testcase name="initMethodMetadataIsPropagated" classname="org.springframework.context.annotation.configuration.BeanAnnotationAttributePropagationTests" time="0.003"/>
  <testcase name="eagerBeanOverridesDefaultLazyConfiguration" classname="org.springframework.context.annotation.configuration.BeanAnnotationAttributePropagationTests" time="0.003"/>
  <testcase name="lazyMetadataIsFalseByDefault" classname="org.springframework.context.annotation.configuration.BeanAnnotationAttributePropagationTests" time="0.006"/>
  <testcase name="primaryMetadataIsPropagated" classname="org.springframework.context.annotation.configuration.BeanAnnotationAttributePropagationTests" time="0.005"/>
  <testcase name="dependsOnMetadataIsPropagated" classname="org.springframework.context.annotation.configuration.BeanAnnotationAttributePropagationTests" time="0.004"/>
  <testcase name="lazyMetadataIsPropagated" classname="org.springframework.context.annotation.configuration.BeanAnnotationAttributePropagationTests" time="0.006"/>
  <testcase name="primaryMetadataIsFalseByDefault" classname="org.springframework.context.annotation.configuration.BeanAnnotationAttributePropagationTests" time="0.003"/>
  <testcase name="eagerConfigurationProducesEagerBeanDefinitions" classname="org.springframework.context.annotation.configuration.BeanAnnotationAttributePropagationTests" time="0.003"/>
  <testcase name="destroyMethodMetadataIsPropagated" classname="org.springframework.context.annotation.configuration.BeanAnnotationAttributePropagationTests" time="0.003"/>
  <system-out><![CDATA[]]></system-out>
  <system-err><![CDATA[]]></system-err>
</testsuite>
