<?xml version="1.0" encoding="UTF-8"?>
<testsuite name="org.springframework.context.annotation.AutoProxyLazyInitTests" tests="4" skipped="0" failures="0" errors="0" timestamp="2016-11-10T07:38:42" hostname="XB-20161010YVDY" time="0.13">
  <properties/>
  <testcase name="withNonStaticBeanMethodAndInterface" classname="org.springframework.context.annotation.AutoProxyLazyInitTests" time="0.052"/>
  <testcase name="withStaticBeanMethodAndInterface" classname="org.springframework.context.annotation.AutoProxyLazyInitTests" time="0.031"/>
  <testcase name="withStaticBeanMethod" classname="org.springframework.context.annotation.AutoProxyLazyInitTests" time="0.021"/>
  <testcase name="withNonStaticBeanMethod" classname="org.springframework.context.annotation.AutoProxyLazyInitTests" time="0.026"/>
  <system-out><![CDATA[]]></system-out>
  <system-err><![CDATA[]]></system-err>
</testsuite>
