<?xml version="1.0" encoding="UTF-8"?>
<testsuite name="org.springframework.context.access.ContextJndiBeanFactoryLocatorTests" tests="5" skipped="0" failures="0" errors="0" timestamp="2016-11-10T07:38:41" hostname="XB-20161010YVDY" time="0.086">
  <properties/>
  <testcase name="beanFactoryPathFromJndiEnvironmentNotValidXml" classname="org.springframework.context.access.ContextJndiBeanFactoryLocatorTests" time="0.008"/>
  <testcase name="beanFactoryPathFromJndiEnvironmentWithMultipleFiles" classname="org.springframework.context.access.ContextJndiBeanFactoryLocatorTests" time="0.042"/>
  <testcase name="beanFactoryPathFromJndiEnvironmentWithSingleFile" classname="org.springframework.context.access.ContextJndiBeanFactoryLocatorTests" time="0.035"/>
  <testcase name="beanFactoryPathFromJndiEnvironmentNotFound" classname="org.springframework.context.access.ContextJndiBeanFactoryLocatorTests" time="0.001"/>
  <testcase name="beanFactoryPathRequiredFromJndiEnvironment" classname="org.springframework.context.access.ContextJndiBeanFactoryLocatorTests" time="0.0"/>
  <system-out><![CDATA[]]></system-out>
  <system-err><![CDATA[]]></system-err>
</testsuite>
