<?xml version="1.0" encoding="UTF-8"?>
<testsuite name="org.springframework.context.support.SerializableBeanFactoryMemoryLeakTests" tests="4" skipped="0" failures="0" errors="0" timestamp="2016-11-10T07:39:05" hostname="XB-20161010YVDY" time="0.009">
  <properties/>
  <testcase name="abstractRefreshableContext" classname="org.springframework.context.support.SerializableBeanFactoryMemoryLeakTests" time="0.001"/>
  <testcase name="abstractRefreshableContextWithMisconfiguredBean" classname="org.springframework.context.support.SerializableBeanFactoryMemoryLeakTests" time="0.007"/>
  <testcase name="genericContextWithMisconfiguredBean" classname="org.springframework.context.support.SerializableBeanFactoryMemoryLeakTests" time="0.001"/>
  <testcase name="genericContext" classname="org.springframework.context.support.SerializableBeanFactoryMemoryLeakTests" time="0.0"/>
  <system-out><![CDATA[]]></system-out>
  <system-err><![CDATA[]]></system-err>
</testsuite>
