<?xml version="1.0" encoding="UTF-8"?>
<testsuite name="org.springframework.beans.factory.xml.support.CustomNamespaceHandlerTests" tests="9" skipped="0" failures="0" errors="0" timestamp="2016-11-10T07:38:23" hostname="XB-20161010YVDY" time="0.187">
  <properties/>
  <testcase name="testDecorationViaAttribute" classname="org.springframework.beans.factory.xml.support.CustomNamespaceHandlerTests" time="0.036"/>
  <testcase name="testCustomElementNestedWithinUtilMap" classname="org.springframework.beans.factory.xml.support.CustomNamespaceHandlerTests" time="0.023"/>
  <testcase name="testCustomElementNestedWithinUtilSet" classname="org.springframework.beans.factory.xml.support.CustomNamespaceHandlerTests" time="0.017"/>
  <testcase name="testSimpleDecorator" classname="org.springframework.beans.factory.xml.support.CustomNamespaceHandlerTests" time="0.016"/>
  <testcase name="testCustomElementNestedWithinUtilList" classname="org.springframework.beans.factory.xml.support.CustomNamespaceHandlerTests" time="0.018"/>
  <testcase name="testProxyingDecorator" classname="org.springframework.beans.factory.xml.support.CustomNamespaceHandlerTests" time="0.021"/>
  <testcase name="testProxyingDecoratorNoInstance" classname="org.springframework.beans.factory.xml.support.CustomNamespaceHandlerTests" time="0.013"/>
  <testcase name="testSimpleParser" classname="org.springframework.beans.factory.xml.support.CustomNamespaceHandlerTests" time="0.015"/>
  <testcase name="testChainedDecorators" classname="org.springframework.beans.factory.xml.support.CustomNamespaceHandlerTests" time="0.026"/>
  <system-out><![CDATA[]]></system-out>
  <system-err><![CDATA[]]></system-err>
</testsuite>
