<?xml version="1.0" encoding="UTF-8"?>
<testsuite name="org.springframework.scripting.groovy.GroovyClassLoadingTests" tests="1" skipped="0" failures="0" errors="0" timestamp="2016-11-10T07:39:20" hostname="XB-20161010YVDY" time="0.013">
  <properties/>
  <testcase name="classLoading" classname="org.springframework.scripting.groovy.GroovyClassLoadingTests" time="0.013"/>
  <system-out><![CDATA[]]></system-out>
  <system-err><![CDATA[]]></system-err>
</testsuite>
