<?xml version="1.0" encoding="UTF-8"?>
<testsuite name="org.springframework.cache.config.ExpressionCachingIntegrationTests" tests="1" skipped="0" failures="0" errors="0" timestamp="2016-11-10T07:38:40" hostname="XB-20161010YVDY" time="0.065">
  <properties/>
  <testcase name="expressionIsCacheBasedOnActualMethod" classname="org.springframework.cache.config.ExpressionCachingIntegrationTests" time="0.065"/>
  <system-out><![CDATA[]]></system-out>
  <system-err><![CDATA[]]></system-err>
</testsuite>
