<?xml version="1.0" encoding="UTF-8"?>
<testsuite name="org.springframework.cache.interceptor.CachePutEvaluationTests" tests="2" skipped="0" failures="0" errors="0" timestamp="2016-11-10T07:38:40" hostname="XB-20161010YVDY" time="0.099">
  <properties/>
  <testcase name="getAndPut" classname="org.springframework.cache.interceptor.CachePutEvaluationTests" time="0.058"/>
  <testcase name="mutualGetPutExclusion" classname="org.springframework.cache.interceptor.CachePutEvaluationTests" time="0.041"/>
  <system-out><![CDATA[]]></system-out>
  <system-err><![CDATA[]]></system-err>
</testsuite>
