<?xml version="1.0" encoding="UTF-8"?>
<testsuite name="org.springframework.context.annotation.ConfigurationWithFactoryBeanAndAutowiringTests" tests="7" skipped="0" failures="0" errors="0" timestamp="2016-11-10T07:38:51" hostname="XB-20161010YVDY" time="0.158">
  <properties/>
  <testcase name="withConcreteFactoryBeanImplementationAsReturnType" classname="org.springframework.context.annotation.ConfigurationWithFactoryBeanAndAutowiringTests" time="0.034"/>
  <testcase name="withParameterizedFactoryBeanInterfaceAsReturnType" classname="org.springframework.context.annotation.ConfigurationWithFactoryBeanAndAutowiringTests" time="0.024"/>
  <testcase name="withFactoryBeanCallingBean" classname="org.springframework.context.annotation.ConfigurationWithFactoryBeanAndAutowiringTests" time="0.023"/>
  <testcase name="withParameterizedFactoryBeanImplementationAsReturnType" classname="org.springframework.context.annotation.ConfigurationWithFactoryBeanAndAutowiringTests" time="0.019"/>
  <testcase name="withWildcardParameterizedFactoryBeanInterfaceAsReturnType" classname="org.springframework.context.annotation.ConfigurationWithFactoryBeanAndAutowiringTests" time="0.016"/>
  <testcase name="withRawFactoryBeanInterfaceAsReturnType" classname="org.springframework.context.annotation.ConfigurationWithFactoryBeanAndAutowiringTests" time="0.022"/>
  <testcase name="withNonPublicParameterizedFactoryBeanInterfaceAsReturnType" classname="org.springframework.context.annotation.ConfigurationWithFactoryBeanAndAutowiringTests" time="0.02"/>
  <system-out><![CDATA[]]></system-out>
  <system-err><![CDATA[]]></system-err>
</testsuite>
