<?xml version="1.0" encoding="UTF-8"?>
<testsuite name="org.springframework.aop.aspectj.autoproxy.AtAspectJAfterThrowingTests" tests="1" skipped="0" failures="0" errors="0" timestamp="2016-11-10T07:38:14" hostname="XB-20161010YVDY" time="0.025">
  <properties/>
  <testcase name="testAccessThrowable" classname="org.springframework.aop.aspectj.autoproxy.AtAspectJAfterThrowingTests" time="0.025"/>
  <system-out><![CDATA[]]></system-out>
  <system-err><![CDATA[]]></system-err>
</testsuite>
