<?xml version="1.0" encoding="UTF-8"?>
<testsuite name="org.springframework.context.annotation.configuration.ImportResourceTests" tests="8" skipped="0" failures="0" errors="0" timestamp="2016-11-10T07:38:49" hostname="XB-20161010YVDY" time="0.317">
  <properties/>
  <testcase name="importNonXmlResource" classname="org.springframework.context.annotation.configuration.ImportResourceTests" time="0.025"/>
  <testcase name="importXml" classname="org.springframework.context.annotation.configuration.ImportResourceTests" time="0.039"/>
  <testcase name="importWithPlaceholder" classname="org.springframework.context.annotation.configuration.ImportResourceTests" time="0.039"/>
  <testcase name="importXmlWithNamespaceConfig" classname="org.springframework.context.annotation.configuration.ImportResourceTests" time="0.05"/>
  <testcase name="importXmlWithAutowiredConfig" classname="org.springframework.context.annotation.configuration.ImportResourceTests" time="0.042"/>
  <testcase name="importXmlIsInheritedFromSuperclassDeclarations" classname="org.springframework.context.annotation.configuration.ImportResourceTests" time="0.042"/>
  <testcase name="importXmlIsMergedFromSuperclassDeclarations" classname="org.springframework.context.annotation.configuration.ImportResourceTests" time="0.04"/>
  <testcase name="importXmlWithOtherConfigurationClass" classname="org.springframework.context.annotation.configuration.ImportResourceTests" time="0.039"/>
  <system-out><![CDATA[]]></system-out>
  <system-err><![CDATA[]]></system-err>
</testsuite>
