<?xml version="1.0" encoding="UTF-8"?>
<testsuite name="org.springframework.context.annotation.SimpleConfigTests" tests="1" skipped="0" failures="0" errors="0" timestamp="2016-11-10T07:38:54" hostname="XB-20161010YVDY" time="0.059">
  <properties/>
  <testcase name="testFooService" classname="org.springframework.context.annotation.SimpleConfigTests" time="0.059"/>
  <system-out><![CDATA[SimpleAsyncTaskExecutor-1
]]></system-out>
  <system-err><![CDATA[]]></system-err>
</testsuite>
