<?xml version="1.0" encoding="UTF-8"?>
<testsuite name="org.springframework.aop.aspectj.AroundAdviceBindingTests" tests="4" skipped="0" failures="0" errors="0" timestamp="2016-11-10T07:38:13" hostname="XB-20161010YVDY" time="0.244">
  <properties/>
  <testcase name="testJustJoinPoint" classname="org.springframework.aop.aspectj.AroundAdviceBindingTests" time="0.096"/>
  <testcase name="testOneObjectArgBoundToTarget" classname="org.springframework.aop.aspectj.AroundAdviceBindingTests" time="0.057"/>
  <testcase name="testOneIntAndOneObjectArgs" classname="org.springframework.aop.aspectj.AroundAdviceBindingTests" time="0.048"/>
  <testcase name="testOneIntArg" classname="org.springframework.aop.aspectj.AroundAdviceBindingTests" time="0.042"/>
  <system-out><![CDATA[]]></system-out>
  <system-err><![CDATA[]]></system-err>
</testsuite>
