<?xml version="1.0" encoding="UTF-8"?>
<testsuite name="org.springframework.format.datetime.DateFormatterTests" tests="13" skipped="0" failures="0" errors="0" timestamp="2016-11-10T07:39:07" hostname="XB-20161010YVDY" time="0.09">
  <properties/>
  <testcase name="shouldPrintAndParseShort" classname="org.springframework.format.datetime.DateFormatterTests" time="0.002"/>
  <testcase name="shouldPrintAndParseISODate" classname="org.springframework.format.datetime.DateFormatterTests" time="0.001"/>
  <testcase name="shouldPrintAndParseISOTime" classname="org.springframework.format.datetime.DateFormatterTests" time="0.001"/>
  <testcase name="shouldParseIsoTimeWithZeros" classname="org.springframework.format.datetime.DateFormatterTests" time="0.004"/>
  <testcase name="shouldPrintAndParseMedium" classname="org.springframework.format.datetime.DateFormatterTests" time="0.001"/>
  <testcase name="shouldPrintAndParseISODateTime" classname="org.springframework.format.datetime.DateFormatterTests" time="0.001"/>
  <testcase name="shouldPrintAndParseDefault" classname="org.springframework.format.datetime.DateFormatterTests" time="0.0"/>
  <testcase name="shouldPrintAndParseFull" classname="org.springframework.format.datetime.DateFormatterTests" time="0.001"/>
  <testcase name="shouldPrintAndParseLong" classname="org.springframework.format.datetime.DateFormatterTests" time="0.001"/>
  <testcase name="shouldUseCorrectOrder" classname="org.springframework.format.datetime.DateFormatterTests" time="0.0"/>
  <testcase name="shouldSupportJodaStylePatterns" classname="org.springframework.format.datetime.DateFormatterTests" time="0.077"/>
  <testcase name="shouldPrintAndParseFromPattern" classname="org.springframework.format.datetime.DateFormatterTests" time="0.0"/>
  <testcase name="shouldThrowOnUnsupportedStylePattern" classname="org.springframework.format.datetime.DateFormatterTests" time="0.0"/>
  <system-out><![CDATA[Thu Jan 01 20:00:00 GMT+08:00 1970
]]></system-out>
  <system-err><![CDATA[]]></system-err>
</testsuite>
