<?xml version="1.0" encoding="UTF-8"?>
<testsuite name="org.springframework.aop.aspectj.autoproxy.benchmark.BenchmarkTests" tests="8" skipped="0" failures="0" errors="0" timestamp="2016-11-10T07:38:14" hostname="XB-20161010YVDY" time="0.281">
  <properties/>
  <testcase name="testRepeatedMixWithSpringAop" classname="org.springframework.aop.aspectj.autoproxy.benchmark.BenchmarkTests" time="0.058"/>
  <testcase name="testRepeatedAroundAdviceInvocationsWithSpringAop" classname="org.springframework.aop.aspectj.autoproxy.benchmark.BenchmarkTests" time="0.032"/>
  <testcase name="testRepeatedBeforeAdviceInvocationsWithAspectJ" classname="org.springframework.aop.aspectj.autoproxy.benchmark.BenchmarkTests" time="0.03"/>
  <testcase name="testRepeatedAroundAdviceInvocationsWithAspectJ" classname="org.springframework.aop.aspectj.autoproxy.benchmark.BenchmarkTests" time="0.026"/>
  <testcase name="testRepeatedAfterReturningAdviceInvocationsWithAspectJ" classname="org.springframework.aop.aspectj.autoproxy.benchmark.BenchmarkTests" time="0.027"/>
  <testcase name="testRepeatedBeforeAdviceInvocationsWithSpringAop" classname="org.springframework.aop.aspectj.autoproxy.benchmark.BenchmarkTests" time="0.034"/>
  <testcase name="testRepeatedAfterReturningAdviceInvocationsWithSpringAop" classname="org.springframework.aop.aspectj.autoproxy.benchmark.BenchmarkTests" time="0.038"/>
  <testcase name="testRepeatedMixWithAspectJ" classname="org.springframework.aop.aspectj.autoproxy.benchmark.BenchmarkTests" time="0.034"/>
  <system-out><![CDATA[StopWatch '': running time (millis) = 1
-----------------------------------------
ms     %     Task name
-----------------------------------------
00001  100%  10 repeated mixed invocations with Spring AOP

StopWatch '': running time (millis) = 0
-----------------------------------------
ms     %     Task name
-----------------------------------------
00000  ?  10 repeated around advice invocations with Spring AOP

StopWatch '': running time (millis) = 1
-----------------------------------------
ms     %     Task name
-----------------------------------------
00001  100%  10 repeated before advice invocations with AspectJ

StopWatch '': running time (millis) = 0
-----------------------------------------
ms     %     Task name
-----------------------------------------
00000  ?  10 repeated around advice invocations with AspectJ

StopWatch '': running time (millis) = 1
-----------------------------------------
ms     %     Task name
-----------------------------------------
00001  100%  10 repeated after returning advice invocations with AspectJ

StopWatch '': running time (millis) = 0
-----------------------------------------
ms     %     Task name
-----------------------------------------
00000  ?  10 repeated before advice invocations with Spring AOP

StopWatch '': running time (millis) = 0
-----------------------------------------
ms     %     Task name
-----------------------------------------
00000  ?  10 repeated after returning advice invocations with Spring AOP

StopWatch '': running time (millis) = 2
-----------------------------------------
ms     %     Task name
-----------------------------------------
00002  100%  10 repeated mixed invocations with AspectJ

]]></system-out>
  <system-err><![CDATA[]]></system-err>
</testsuite>
