<?xml version="1.0" encoding="UTF-8"?>
<testsuite name="org.springframework.jmx.export.annotation.JmxUtilsAnnotationTests" tests="2" skipped="0" failures="0" errors="0" timestamp="2016-11-10T07:39:09" hostname="XB-20161010YVDY" time="0.002">
  <properties/>
  <testcase name="notMXBean" classname="org.springframework.jmx.export.annotation.JmxUtilsAnnotationTests" time="0.002"/>
  <testcase name="annotatedMXBean" classname="org.springframework.jmx.export.annotation.JmxUtilsAnnotationTests" time="0.0"/>
  <system-out><![CDATA[]]></system-out>
  <system-err><![CDATA[]]></system-err>
</testsuite>
