<?xml version="1.0" encoding="UTF-8"?>
<testsuite name="org.springframework.jmx.export.NotificationPublisherTests" tests="4" skipped="0" failures="0" errors="0" timestamp="2016-11-10T07:39:11" hostname="XB-20161010YVDY" time="0.059">
  <properties/>
  <testcase name="testSimpleBean" classname="org.springframework.jmx.export.NotificationPublisherTests" time="0.017"/>
  <testcase name="testMBean" classname="org.springframework.jmx.export.NotificationPublisherTests" time="0.012"/>
  <testcase name="testLazyInit" classname="org.springframework.jmx.export.NotificationPublisherTests" time="0.02"/>
  <testcase name="testSimpleBeanRegisteredManually" classname="org.springframework.jmx.export.NotificationPublisherTests" time="0.01"/>
  <system-out><![CDATA[]]></system-out>
  <system-err><![CDATA[]]></system-err>
</testsuite>
