<?xml version="1.0" encoding="UTF-8"?>
<testsuite name="org.springframework.context.annotation.ImportBeanDefinitionRegistrarTests" tests="1" skipped="0" failures="0" errors="0" timestamp="2016-11-10T07:38:52" hostname="XB-20161010YVDY" time="0.014">
  <properties/>
  <testcase name="shouldInvokeAwareMethodsInImportBeanDefinitionRegistrar" classname="org.springframework.context.annotation.ImportBeanDefinitionRegistrarTests" time="0.014"/>
  <system-out><![CDATA[]]></system-out>
  <system-err><![CDATA[]]></system-err>
</testsuite>
