<?xml version="1.0" encoding="UTF-8"?>
<testsuite name="org.springframework.context.expression.FactoryBeanAccessTests" tests="1" skipped="0" failures="0" errors="0" timestamp="2016-11-10T07:38:56" hostname="XB-20161010YVDY" time="0.003">
  <properties/>
  <testcase name="factoryBeanAccess" classname="org.springframework.context.expression.FactoryBeanAccessTests" time="0.003"/>
  <system-out><![CDATA[]]></system-out>
  <system-err><![CDATA[]]></system-err>
</testsuite>
