<?xml version="1.0" encoding="UTF-8"?>
<testsuite name="org.springframework.cache.jcache.interceptor.CacheResultOperationTests" tests="7" skipped="0" failures="0" errors="0" timestamp="2016-11-10T07:40:01" hostname="XB-20161010YVDY" time="0.003">
  <properties/>
  <testcase name="simpleGet" classname="org.springframework.cache.jcache.interceptor.CacheResultOperationTests" time="0.0"/>
  <testcase name="invokeWithWrongParameters" classname="org.springframework.cache.jcache.interceptor.CacheResultOperationTests" time="0.001"/>
  <testcase name="fullGetConfig" classname="org.springframework.cache.jcache.interceptor.CacheResultOperationTests" time="0.0"/>
  <testcase name="annotatedGet" classname="org.springframework.cache.jcache.interceptor.CacheResultOperationTests" time="0.001"/>
  <testcase name="multiParameterKey" classname="org.springframework.cache.jcache.interceptor.CacheResultOperationTests" time="0.001"/>
  <testcase name="tooManyKeyValues" classname="org.springframework.cache.jcache.interceptor.CacheResultOperationTests" time="0.0"/>
  <testcase name="simple" classname="org.springframework.cache.jcache.interceptor.CacheResultOperationTests" time="0.0"/>
  <system-out><![CDATA[]]></system-out>
  <system-err><![CDATA[]]></system-err>
</testsuite>
