<?xml version="1.0" encoding="UTF-8"?>
<testsuite name="org.springframework.cache.jcache.JCacheEhCacheAnnotationTests" tests="59" skipped="1" failures="0" errors="0" timestamp="2016-11-10T07:40:02" hostname="XB-20161010YVDY" time="5.451">
  <properties/>
  <testcase name="testCustomCacheManager" classname="org.springframework.cache.jcache.JCacheEhCacheAnnotationTests" time="0.0">
    <skipped/>
  </testcase>
  <testcase name="testMultiConditionalCacheAndEvict" classname="org.springframework.cache.jcache.JCacheEhCacheAnnotationTests" time="0.231"/>
  <testcase name="testClassCheckedExceptionSync" classname="org.springframework.cache.jcache.JCacheEhCacheAnnotationTests" time="0.115"/>
  <testcase name="testKeyExpression" classname="org.springframework.cache.jcache.JCacheEhCacheAnnotationTests" time="0.083"/>
  <testcase name="testConditionalUpdate" classname="org.springframework.cache.jcache.JCacheEhCacheAnnotationTests" time="0.102"/>
  <testcase name="testClassMultiCacheAndEvict" classname="org.springframework.cache.jcache.JCacheEhCacheAnnotationTests" time="0.103"/>
  <testcase name="testCacheableSyncNull" classname="org.springframework.cache.jcache.JCacheEhCacheAnnotationTests" time="0.258"/>
  <testcase name="testUnknownCustomKeyGenerator" classname="org.springframework.cache.jcache.JCacheEhCacheAnnotationTests" time="0.099"/>
  <testcase name="testClassRootVars" classname="org.springframework.cache.jcache.JCacheEhCacheAnnotationTests" time="0.095"/>
  <testcase name="testMethodName" classname="org.springframework.cache.jcache.JCacheEhCacheAnnotationTests" time="0.08"/>
  <testcase name="testEvictWithException" classname="org.springframework.cache.jcache.JCacheEhCacheAnnotationTests" time="0.085"/>
  <testcase name="testClassUpdate" classname="org.springframework.cache.jcache.JCacheEhCacheAnnotationTests" time="0.094"/>
  <testcase name="testClassEarlyInvalidate" classname="org.springframework.cache.jcache.JCacheEhCacheAnnotationTests" time="0.096"/>
  <testcase name="testCheckedExceptionSync" classname="org.springframework.cache.jcache.JCacheEhCacheAnnotationTests" time="0.088"/>
  <testcase name="testClassNullArg" classname="org.springframework.cache.jcache.JCacheEhCacheAnnotationTests" time="0.083"/>
  <testcase name="testClassEvictAll" classname="org.springframework.cache.jcache.JCacheEhCacheAnnotationTests" time="0.085"/>
  <testcase name="testPutRefersToResult" classname="org.springframework.cache.jcache.JCacheEhCacheAnnotationTests" time="0.084"/>
  <testcase name="testClassCacheUnlessExpression" classname="org.springframework.cache.jcache.JCacheEhCacheAnnotationTests" time="0.096"/>
  <testcase name="testConditionalExpressionSync" classname="org.springframework.cache.jcache.JCacheEhCacheAnnotationTests" time="0.092"/>
  <testcase name="testClassConditionalUpdate" classname="org.springframework.cache.jcache.JCacheEhCacheAnnotationTests" time="0.097"/>
  <testcase name="testConditionalExpression" classname="org.springframework.cache.jcache.JCacheEhCacheAnnotationTests" time="0.097"/>
  <testcase name="testClassMultiPut" classname="org.springframework.cache.jcache.JCacheEhCacheAnnotationTests" time="0.085"/>
  <testcase name="testInvalidateWithKey" classname="org.springframework.cache.jcache.JCacheEhCacheAnnotationTests" time="0.081"/>
  <testcase name="testEarlyInvalidate" classname="org.springframework.cache.jcache.JCacheEhCacheAnnotationTests" time="0.092"/>
  <testcase name="testClassUncheckedException" classname="org.springframework.cache.jcache.JCacheEhCacheAnnotationTests" time="0.088"/>
  <testcase name="testClassNullValue" classname="org.springframework.cache.jcache.JCacheEhCacheAnnotationTests" time="0.128"/>
  <testcase name="testEarlyInvalidateWithKey" classname="org.springframework.cache.jcache.JCacheEhCacheAnnotationTests" time="0.067"/>
  <testcase name="testClassEarlyInvalidateWithKey" classname="org.springframework.cache.jcache.JCacheEhCacheAnnotationTests" time="0.088"/>
  <testcase name="testUncheckedExceptionSync" classname="org.springframework.cache.jcache.JCacheEhCacheAnnotationTests" time="0.091"/>
  <testcase name="testClassUncheckedExceptionSync" classname="org.springframework.cache.jcache.JCacheEhCacheAnnotationTests" time="0.088"/>
  <testcase name="testClassCacheCacheable" classname="org.springframework.cache.jcache.JCacheEhCacheAnnotationTests" time="0.075"/>
  <testcase name="testClassMethodName" classname="org.springframework.cache.jcache.JCacheEhCacheAnnotationTests" time="0.078"/>
  <testcase name="testCustomKeyGenerator" classname="org.springframework.cache.jcache.JCacheEhCacheAnnotationTests" time="0.085"/>
  <testcase name="testCacheable" classname="org.springframework.cache.jcache.JCacheEhCacheAnnotationTests" time="0.091"/>
  <testcase name="testCheckedException" classname="org.springframework.cache.jcache.JCacheEhCacheAnnotationTests" time="0.072"/>
  <testcase name="testClassPutRefersToResult" classname="org.springframework.cache.jcache.JCacheEhCacheAnnotationTests" time="0.096"/>
  <testcase name="testVarArgsKey" classname="org.springframework.cache.jcache.JCacheEhCacheAnnotationTests" time="0.085"/>
  <testcase name="testMultiCache" classname="org.springframework.cache.jcache.JCacheEhCacheAnnotationTests" time="0.076"/>
  <testcase name="testMultiEvict" classname="org.springframework.cache.jcache.JCacheEhCacheAnnotationTests" time="0.089"/>
  <testcase name="testMultiCacheAndEvict" classname="org.springframework.cache.jcache.JCacheEhCacheAnnotationTests" time="0.085"/>
  <testcase name="testRootVars" classname="org.springframework.cache.jcache.JCacheEhCacheAnnotationTests" time="0.078"/>
  <testcase name="testClassMultiConditionalCacheAndEvict" classname="org.springframework.cache.jcache.JCacheEhCacheAnnotationTests" time="0.069"/>
  <testcase name="testClassCacheInvalidateWKey" classname="org.springframework.cache.jcache.JCacheEhCacheAnnotationTests" time="0.084"/>
  <testcase name="testClassEvictWithException" classname="org.springframework.cache.jcache.JCacheEhCacheAnnotationTests" time="0.08"/>
  <testcase name="testClassCheckedException" classname="org.springframework.cache.jcache.JCacheEhCacheAnnotationTests" time="0.081"/>
  <testcase name="testUnlessExpression" classname="org.springframework.cache.jcache.JCacheEhCacheAnnotationTests" time="0.092"/>
  <testcase name="testEvictAll" classname="org.springframework.cache.jcache.JCacheEhCacheAnnotationTests" time="0.096"/>
  <testcase name="testCacheableNull" classname="org.springframework.cache.jcache.JCacheEhCacheAnnotationTests" time="0.082"/>
  <testcase name="testCacheableSync" classname="org.springframework.cache.jcache.JCacheEhCacheAnnotationTests" time="0.083"/>
  <testcase name="testClassCacheInvalidate" classname="org.springframework.cache.jcache.JCacheEhCacheAnnotationTests" time="0.076"/>
  <testcase name="testMultiPut" classname="org.springframework.cache.jcache.JCacheEhCacheAnnotationTests" time="0.086"/>
  <testcase name="testUnknownCustomCacheManager" classname="org.springframework.cache.jcache.JCacheEhCacheAnnotationTests" time="0.081"/>
  <testcase name="testUncheckedException" classname="org.springframework.cache.jcache.JCacheEhCacheAnnotationTests" time="0.135"/>
  <testcase name="testNullValue" classname="org.springframework.cache.jcache.JCacheEhCacheAnnotationTests" time="0.087"/>
  <testcase name="testInvalidate" classname="org.springframework.cache.jcache.JCacheEhCacheAnnotationTests" time="0.098"/>
  <testcase name="testUpdate" classname="org.springframework.cache.jcache.JCacheEhCacheAnnotationTests" time="0.086"/>
  <testcase name="testNullArg" classname="org.springframework.cache.jcache.JCacheEhCacheAnnotationTests" time="0.084"/>
  <testcase name="testClassMultiCache" classname="org.springframework.cache.jcache.JCacheEhCacheAnnotationTests" time="0.079"/>
  <testcase name="testClassMultiEvict" classname="org.springframework.cache.jcache.JCacheEhCacheAnnotationTests" time="0.087"/>
  <system-out><![CDATA[]]></system-out>
  <system-err><![CDATA[java.io.IOException: e169cdca-b993-4d0d-b8ba-8beddc618c58
	at org.springframework.cache.config.AnnotatedClassCacheableService.throwCheckedSync(AnnotatedClassCacheableService.java:194)
	at sun.reflect.NativeMethodAccessorImpl.invoke0(Native Method)
	at sun.reflect.NativeMethodAccessorImpl.invoke(NativeMethodAccessorImpl.java:62)
	at sun.reflect.DelegatingMethodAccessorImpl.invoke(DelegatingMethodAccessorImpl.java:43)
	at java.lang.reflect.Method.invoke(Method.java:498)
	at org.springframework.aop.support.AopUtils.invokeJoinpointUsingReflection(AopUtils.java:333)
	at org.springframework.aop.framework.ReflectiveMethodInvocation.invokeJoinpoint(ReflectiveMethodInvocation.java:190)
	at org.springframework.aop.framework.ReflectiveMethodInvocation.proceed(ReflectiveMethodInvocation.java:157)
	at org.springframework.cache.interceptor.CacheInterceptor$1.invoke(CacheInterceptor.java:52)
	at org.springframework.cache.interceptor.CacheAspectSupport.invokeOperation(CacheAspectSupport.java:323)
	at org.springframework.cache.interceptor.CacheAspectSupport$1.call(CacheAspectSupport.java:345)
	at org.springframework.cache.jcache.JCacheCache$ValueLoaderEntryProcessor.process(JCacheCache.java:122)
	at org.ehcache.jcache.JCache.invoke(JCache.java:664)
	at org.springframework.cache.jcache.JCacheCache.get(JCacheCache.java:80)
	at org.springframework.cache.interceptor.CacheAspectSupport.execute(CacheAspectSupport.java:342)
	at org.springframework.cache.interceptor.CacheAspectSupport.execute(CacheAspectSupport.java:305)
	at org.springframework.cache.interceptor.CacheInterceptor.invoke(CacheInterceptor.java:61)
	at org.springframework.aop.framework.ReflectiveMethodInvocation.proceed(ReflectiveMethodInvocation.java:179)
	at org.springframework.aop.framework.JdkDynamicAopProxy.invoke(JdkDynamicAopProxy.java:213)
	at com.sun.proxy.$Proxy69.throwCheckedSync(Unknown Source)
	at org.springframework.cache.config.AbstractCacheAnnotationTests.testCheckedThrowableSync(AbstractCacheAnnotationTests.java:355)
	at org.springframework.cache.config.AbstractCacheAnnotationTests.testClassCheckedExceptionSync(AbstractCacheAnnotationTests.java:764)
	at sun.reflect.NativeMethodAccessorImpl.invoke0(Native Method)
	at sun.reflect.NativeMethodAccessorImpl.invoke(NativeMethodAccessorImpl.java:62)
	at sun.reflect.DelegatingMethodAccessorImpl.invoke(DelegatingMethodAccessorImpl.java:43)
	at java.lang.reflect.Method.invoke(Method.java:498)
	at org.junit.runners.model.FrameworkMethod$1.runReflectiveCall(FrameworkMethod.java:50)
	at org.junit.internal.runners.model.ReflectiveCallable.run(ReflectiveCallable.java:12)
	at org.junit.runners.model.FrameworkMethod.invokeExplosively(FrameworkMethod.java:47)
	at org.junit.internal.runners.statements.InvokeMethod.evaluate(InvokeMethod.java:17)
	at org.junit.internal.runners.statements.RunBefores.evaluate(RunBefores.java:26)
	at org.junit.internal.runners.statements.RunAfters.evaluate(RunAfters.java:27)
	at org.junit.runners.ParentRunner.runLeaf(ParentRunner.java:325)
	at org.junit.runners.BlockJUnit4ClassRunner.runChild(BlockJUnit4ClassRunner.java:78)
	at org.junit.runners.BlockJUnit4ClassRunner.runChild(BlockJUnit4ClassRunner.java:57)
	at org.junit.runners.ParentRunner$3.run(ParentRunner.java:290)
	at org.junit.runners.ParentRunner$1.schedule(ParentRunner.java:71)
	at org.junit.runners.ParentRunner.runChildren(ParentRunner.java:288)
	at org.junit.runners.ParentRunner.access$000(ParentRunner.java:58)
	at org.junit.runners.ParentRunner$2.evaluate(ParentRunner.java:268)
	at org.junit.runners.ParentRunner.run(ParentRunner.java:363)
	at org.gradle.api.internal.tasks.testing.junit.JUnitTestClassExecuter.runTestClass(JUnitTestClassExecuter.java:114)
	at org.gradle.api.internal.tasks.testing.junit.JUnitTestClassExecuter.execute(JUnitTestClassExecuter.java:57)
	at org.gradle.api.internal.tasks.testing.junit.JUnitTestClassProcessor.processTestClass(JUnitTestClassProcessor.java:66)
	at org.gradle.api.internal.tasks.testing.SuiteTestClassProcessor.processTestClass(SuiteTestClassProcessor.java:51)
	at sun.reflect.GeneratedMethodAccessor63.invoke(Unknown Source)
	at sun.reflect.DelegatingMethodAccessorImpl.invoke(DelegatingMethodAccessorImpl.java:43)
	at java.lang.reflect.Method.invoke(Method.java:498)
	at org.gradle.internal.dispatch.ReflectionDispatch.dispatch(ReflectionDispatch.java:35)
	at org.gradle.internal.dispatch.ReflectionDispatch.dispatch(ReflectionDispatch.java:24)
	at org.gradle.internal.dispatch.ContextClassLoaderDispatch.dispatch(ContextClassLoaderDispatch.java:32)
	at org.gradle.internal.dispatch.ProxyDispatchAdapter$DispatchingInvocationHandler.invoke(ProxyDispatchAdapter.java:93)
	at com.sun.proxy.$Proxy2.processTestClass(Unknown Source)
	at org.gradle.api.internal.tasks.testing.worker.TestWorker.processTestClass(TestWorker.java:109)
	at sun.reflect.GeneratedMethodAccessor62.invoke(Unknown Source)
	at sun.reflect.DelegatingMethodAccessorImpl.invoke(DelegatingMethodAccessorImpl.java:43)
	at java.lang.reflect.Method.invoke(Method.java:498)
	at org.gradle.internal.dispatch.ReflectionDispatch.dispatch(ReflectionDispatch.java:35)
	at org.gradle.internal.dispatch.ReflectionDispatch.dispatch(ReflectionDispatch.java:24)
	at org.gradle.internal.remote.internal.hub.MessageHub$Handler.run(MessageHub.java:377)
	at org.gradle.internal.concurrent.ExecutorPolicy$CatchAndRecordFailures.onExecute(ExecutorPolicy.java:54)
	at org.gradle.internal.concurrent.StoppableExecutorImpl$1.run(StoppableExecutorImpl.java:40)
	at java.util.concurrent.ThreadPoolExecutor.runWorker(ThreadPoolExecutor.java:1142)
	at java.util.concurrent.ThreadPoolExecutor$Worker.run(ThreadPoolExecutor.java:617)
	at java.lang.Thread.run(Thread.java:745)
java.io.IOException: 2246ce94-47fe-442a-825d-6be691ee686e
	at org.springframework.cache.config.DefaultCacheableService.throwCheckedSync(DefaultCacheableService.java:201)
	at org.springframework.cache.config.DefaultCacheableService.throwCheckedSync(DefaultCacheableService.java:34)
	at sun.reflect.NativeMethodAccessorImpl.invoke0(Native Method)
	at sun.reflect.NativeMethodAccessorImpl.invoke(NativeMethodAccessorImpl.java:62)
	at sun.reflect.DelegatingMethodAccessorImpl.invoke(DelegatingMethodAccessorImpl.java:43)
	at java.lang.reflect.Method.invoke(Method.java:498)
	at org.springframework.aop.support.AopUtils.invokeJoinpointUsingReflection(AopUtils.java:333)
	at org.springframework.aop.framework.ReflectiveMethodInvocation.invokeJoinpoint(ReflectiveMethodInvocation.java:190)
	at org.springframework.aop.framework.ReflectiveMethodInvocation.proceed(ReflectiveMethodInvocation.java:157)
	at org.springframework.cache.interceptor.CacheInterceptor$1.invoke(CacheInterceptor.java:52)
	at org.springframework.cache.interceptor.CacheAspectSupport.invokeOperation(CacheAspectSupport.java:323)
	at org.springframework.cache.interceptor.CacheAspectSupport$1.call(CacheAspectSupport.java:345)
	at org.springframework.cache.jcache.JCacheCache$ValueLoaderEntryProcessor.process(JCacheCache.java:122)
	at org.ehcache.jcache.JCache.invoke(JCache.java:664)
	at org.springframework.cache.jcache.JCacheCache.get(JCacheCache.java:80)
	at org.springframework.cache.interceptor.CacheAspectSupport.execute(CacheAspectSupport.java:342)
	at org.springframework.cache.interceptor.CacheAspectSupport.execute(CacheAspectSupport.java:305)
	at org.springframework.cache.interceptor.CacheInterceptor.invoke(CacheInterceptor.java:61)
	at org.springframework.aop.framework.ReflectiveMethodInvocation.proceed(ReflectiveMethodInvocation.java:179)
	at org.springframework.aop.framework.JdkDynamicAopProxy.invoke(JdkDynamicAopProxy.java:213)
	at com.sun.proxy.$Proxy69.throwCheckedSync(Unknown Source)
	at org.springframework.cache.config.AbstractCacheAnnotationTests.testCheckedThrowableSync(AbstractCacheAnnotationTests.java:355)
	at org.springframework.cache.config.AbstractCacheAnnotationTests.testCheckedExceptionSync(AbstractCacheAnnotationTests.java:759)
	at sun.reflect.NativeMethodAccessorImpl.invoke0(Native Method)
	at sun.reflect.NativeMethodAccessorImpl.invoke(NativeMethodAccessorImpl.java:62)
	at sun.reflect.DelegatingMethodAccessorImpl.invoke(DelegatingMethodAccessorImpl.java:43)
	at java.lang.reflect.Method.invoke(Method.java:498)
	at org.junit.runners.model.FrameworkMethod$1.runReflectiveCall(FrameworkMethod.java:50)
	at org.junit.internal.runners.model.ReflectiveCallable.run(ReflectiveCallable.java:12)
	at org.junit.runners.model.FrameworkMethod.invokeExplosively(FrameworkMethod.java:47)
	at org.junit.internal.runners.statements.InvokeMethod.evaluate(InvokeMethod.java:17)
	at org.junit.internal.runners.statements.RunBefores.evaluate(RunBefores.java:26)
	at org.junit.internal.runners.statements.RunAfters.evaluate(RunAfters.java:27)
	at org.junit.runners.ParentRunner.runLeaf(ParentRunner.java:325)
	at org.junit.runners.BlockJUnit4ClassRunner.runChild(BlockJUnit4ClassRunner.java:78)
	at org.junit.runners.BlockJUnit4ClassRunner.runChild(BlockJUnit4ClassRunner.java:57)
	at org.junit.runners.ParentRunner$3.run(ParentRunner.java:290)
	at org.junit.runners.ParentRunner$1.schedule(ParentRunner.java:71)
	at org.junit.runners.ParentRunner.runChildren(ParentRunner.java:288)
	at org.junit.runners.ParentRunner.access$000(ParentRunner.java:58)
	at org.junit.runners.ParentRunner$2.evaluate(ParentRunner.java:268)
	at org.junit.runners.ParentRunner.run(ParentRunner.java:363)
	at org.gradle.api.internal.tasks.testing.junit.JUnitTestClassExecuter.runTestClass(JUnitTestClassExecuter.java:114)
	at org.gradle.api.internal.tasks.testing.junit.JUnitTestClassExecuter.execute(JUnitTestClassExecuter.java:57)
	at org.gradle.api.internal.tasks.testing.junit.JUnitTestClassProcessor.processTestClass(JUnitTestClassProcessor.java:66)
	at org.gradle.api.internal.tasks.testing.SuiteTestClassProcessor.processTestClass(SuiteTestClassProcessor.java:51)
	at sun.reflect.GeneratedMethodAccessor63.invoke(Unknown Source)
	at sun.reflect.DelegatingMethodAccessorImpl.invoke(DelegatingMethodAccessorImpl.java:43)
	at java.lang.reflect.Method.invoke(Method.java:498)
	at org.gradle.internal.dispatch.ReflectionDispatch.dispatch(ReflectionDispatch.java:35)
	at org.gradle.internal.dispatch.ReflectionDispatch.dispatch(ReflectionDispatch.java:24)
	at org.gradle.internal.dispatch.ContextClassLoaderDispatch.dispatch(ContextClassLoaderDispatch.java:32)
	at org.gradle.internal.dispatch.ProxyDispatchAdapter$DispatchingInvocationHandler.invoke(ProxyDispatchAdapter.java:93)
	at com.sun.proxy.$Proxy2.processTestClass(Unknown Source)
	at org.gradle.api.internal.tasks.testing.worker.TestWorker.processTestClass(TestWorker.java:109)
	at sun.reflect.GeneratedMethodAccessor62.invoke(Unknown Source)
	at sun.reflect.DelegatingMethodAccessorImpl.invoke(DelegatingMethodAccessorImpl.java:43)
	at java.lang.reflect.Method.invoke(Method.java:498)
	at org.gradle.internal.dispatch.ReflectionDispatch.dispatch(ReflectionDispatch.java:35)
	at org.gradle.internal.dispatch.ReflectionDispatch.dispatch(ReflectionDispatch.java:24)
	at org.gradle.internal.remote.internal.hub.MessageHub$Handler.run(MessageHub.java:377)
	at org.gradle.internal.concurrent.ExecutorPolicy$CatchAndRecordFailures.onExecute(ExecutorPolicy.java:54)
	at org.gradle.internal.concurrent.StoppableExecutorImpl$1.run(StoppableExecutorImpl.java:40)
	at java.util.concurrent.ThreadPoolExecutor.runWorker(ThreadPoolExecutor.java:1142)
	at java.util.concurrent.ThreadPoolExecutor$Worker.run(ThreadPoolExecutor.java:617)
	at java.lang.Thread.run(Thread.java:745)
]]></system-err>
</testsuite>
