<?xml version="1.0" encoding="UTF-8"?>
<testsuite name="org.springframework.mail.javamail.ConfigurableMimeFileTypeMapTests" tests="4" skipped="0" failures="0" errors="0" timestamp="2016-11-10T07:40:07" hostname="XB-20161010YVDY" time="0.018">
  <properties/>
  <testcase name="withCustomMappingLocation" classname="org.springframework.mail.javamail.ConfigurableMimeFileTypeMapTests" time="0.007"/>
  <testcase name="withAdditionalMappings" classname="org.springframework.mail.javamail.ConfigurableMimeFileTypeMapTests" time="0.004"/>
  <testcase name="againstDefaultConfigurationWithFilePath" classname="org.springframework.mail.javamail.ConfigurableMimeFileTypeMapTests" time="0.003"/>
  <testcase name="againstDefaultConfiguration" classname="org.springframework.mail.javamail.ConfigurableMimeFileTypeMapTests" time="0.004"/>
  <system-out><![CDATA[]]></system-out>
  <system-err><![CDATA[]]></system-err>
</testsuite>
