<?xml version="1.0" encoding="UTF-8"?>
<testsuite name="org.springframework.cache.ehcache.EhCacheCacheTests" tests="13" skipped="1" failures="0" errors="0" timestamp="2016-11-10T07:39:52" hostname="XB-20161010YVDY" time="0.198">
  <properties/>
  <testcase name="testExpiredElements" classname="org.springframework.cache.ehcache.EhCacheCacheTests" time="0.012">
    <skipped/>
  </testcase>
  <testcase name="testCacheGetCallableNotInvokedWithHitNull" classname="org.springframework.cache.ehcache.EhCacheCacheTests" time="0.01"/>
  <testcase name="testCacheGetSynchronized" classname="org.springframework.cache.ehcache.EhCacheCacheTests" time="0.061"/>
  <testcase name="testCachePutIfAbsent" classname="org.springframework.cache.ehcache.EhCacheCacheTests" time="0.03"/>
  <testcase name="testCacheClear" classname="org.springframework.cache.ehcache.EhCacheCacheTests" time="0.03"/>
  <testcase name="testCacheRemove" classname="org.springframework.cache.ehcache.EhCacheCacheTests" time="0.005"/>
  <testcase name="testCacheGetCallableNotInvokedWithHit" classname="org.springframework.cache.ehcache.EhCacheCacheTests" time="0.005"/>
  <testcase name="testCacheName" classname="org.springframework.cache.ehcache.EhCacheCacheTests" time="0.011"/>
  <testcase name="testCachePut" classname="org.springframework.cache.ehcache.EhCacheCacheTests" time="0.009"/>
  <testcase name="testCacheGetCallable" classname="org.springframework.cache.ehcache.EhCacheCacheTests" time="0.007"/>
  <testcase name="testNativeCache" classname="org.springframework.cache.ehcache.EhCacheCacheTests" time="0.003"/>
  <testcase name="testCacheGetCallableFail" classname="org.springframework.cache.ehcache.EhCacheCacheTests" time="0.009"/>
  <testcase name="testCacheGetCallableWithNull" classname="org.springframework.cache.ehcache.EhCacheCacheTests" time="0.004"/>
  <system-out><![CDATA[]]></system-out>
  <system-err><![CDATA[]]></system-err>
</testsuite>
