<?xml version="1.0" encoding="UTF-8"?>
<testsuite name="org.springframework.mail.SimpleMailMessageTests" tests="5" skipped="0" failures="0" errors="0" timestamp="2016-11-10T07:40:07" hostname="XB-20161010YVDY" time="0.001">
  <properties/>
  <testcase name="testCopyCtorChokesOnNullOriginalMessage" classname="org.springframework.mail.SimpleMailMessageTests" time="0.0"/>
  <testcase name="testSimpleMessageCopyCtor" classname="org.springframework.mail.SimpleMailMessageTests" time="0.0"/>
  <testcase name="testDeepCopyOfStringArrayTypedFieldsOnCopyCtor" classname="org.springframework.mail.SimpleMailMessageTests" time="0.0"/>
  <testcase name="testHashCode" classname="org.springframework.mail.SimpleMailMessageTests" time="0.0"/>
  <testcase name="testCopyToChokesOnNullTargetMessage" classname="org.springframework.mail.SimpleMailMessageTests" time="0.0"/>
  <system-out><![CDATA[]]></system-out>
  <system-err><![CDATA[]]></system-err>
</testsuite>
