<?xml version="1.0" encoding="UTF-8"?>
<testsuite name="org.springframework.cache.jcache.interceptor.JCacheErrorHandlerTests" tests="4" skipped="0" failures="0" errors="0" timestamp="2016-11-10T07:40:01" hostname="XB-20161010YVDY" time="0.493">
  <properties/>
  <testcase name="clearFail" classname="org.springframework.cache.jcache.interceptor.JCacheErrorHandlerTests" time="0.214"/>
  <testcase name="evictFail" classname="org.springframework.cache.jcache.interceptor.JCacheErrorHandlerTests" time="0.097"/>
  <testcase name="putFail" classname="org.springframework.cache.jcache.interceptor.JCacheErrorHandlerTests" time="0.08"/>
  <testcase name="getFail" classname="org.springframework.cache.jcache.interceptor.JCacheErrorHandlerTests" time="0.101"/>
  <system-out><![CDATA[]]></system-out>
  <system-err><![CDATA[]]></system-err>
</testsuite>
