<?xml version="1.0" encoding="UTF-8"?>
<testsuite name="org.springframework.mail.javamail.InternetAddressEditorTests" tests="7" skipped="0" failures="0" errors="0" timestamp="2016-11-10T07:40:07" hostname="XB-20161010YVDY" time="0.006">
  <properties/>
  <testcase name="simpleBadAddress" classname="org.springframework.mail.javamail.InternetAddressEditorTests" time="0.005"/>
  <testcase name="uninitialized" classname="org.springframework.mail.javamail.InternetAddressEditorTests" time="0.0"/>
  <testcase name="simpleGoodAddess" classname="org.springframework.mail.javamail.InternetAddressEditorTests" time="0.0"/>
  <testcase name="allWhitespace" classname="org.springframework.mail.javamail.InternetAddressEditorTests" time="0.0"/>
  <testcase name="setEmpty" classname="org.springframework.mail.javamail.InternetAddressEditorTests" time="0.0"/>
  <testcase name="excessWhitespace" classname="org.springframework.mail.javamail.InternetAddressEditorTests" time="0.001"/>
  <testcase name="setNull" classname="org.springframework.mail.javamail.InternetAddressEditorTests" time="0.0"/>
  <system-out><![CDATA[]]></system-out>
  <system-err><![CDATA[]]></system-err>
</testsuite>
