<?xml version="1.0" encoding="UTF-8"?>
<testsuite name="org.springframework.cache.jcache.config.JCacheNamespaceDrivenTests" tests="30" skipped="0" failures="0" errors="0" timestamp="2016-11-10T07:39:58" hostname="XB-20161010YVDY" time="1.937">
  <properties/>
  <testcase name="testCacheErrorHandler" classname="org.springframework.cache.jcache.config.JCacheNamespaceDrivenTests" time="0.202"/>
  <testcase name="cacheResolver" classname="org.springframework.cache.jcache.config.JCacheNamespaceDrivenTests" time="0.135"/>
  <testcase name="earlyPutWithExceptionVetoPut" classname="org.springframework.cache.jcache.config.JCacheNamespaceDrivenTests" time="0.061"/>
  <testcase name="removeWithException" classname="org.springframework.cache.jcache.config.JCacheNamespaceDrivenTests" time="0.066"/>
  <testcase name="cacheExceptionVetoed" classname="org.springframework.cache.jcache.config.JCacheNamespaceDrivenTests" time="0.064"/>
  <testcase name="cacheWithCustomCacheResolver" classname="org.springframework.cache.jcache.config.JCacheNamespaceDrivenTests" time="0.072"/>
  <testcase name="earlyRemove" classname="org.springframework.cache.jcache.config.JCacheNamespaceDrivenTests" time="0.059"/>
  <testcase name="remove" classname="org.springframework.cache.jcache.config.JCacheNamespaceDrivenTests" time="0.066"/>
  <testcase name="earlyPut" classname="org.springframework.cache.jcache.config.JCacheNamespaceDrivenTests" time="0.058"/>
  <testcase name="putWithException" classname="org.springframework.cache.jcache.config.JCacheNamespaceDrivenTests" time="0.051"/>
  <testcase name="removeWithExceptionVetoRemove" classname="org.springframework.cache.jcache.config.JCacheNamespaceDrivenTests" time="0.055"/>
  <testcase name="cacheWithCustomKeyGenerator" classname="org.springframework.cache.jcache.config.JCacheNamespaceDrivenTests" time="0.059"/>
  <testcase name="cacheNull" classname="org.springframework.cache.jcache.config.JCacheNamespaceDrivenTests" time="0.057"/>
  <testcase name="cacheCheckedException" classname="org.springframework.cache.jcache.config.JCacheNamespaceDrivenTests" time="0.058"/>
  <testcase name="earlyRemoveAll" classname="org.springframework.cache.jcache.config.JCacheNamespaceDrivenTests" time="0.057"/>
  <testcase name="put" classname="org.springframework.cache.jcache.config.JCacheNamespaceDrivenTests" time="0.057"/>
  <testcase name="earlyRemoveAllWithExceptionVetoRemove" classname="org.springframework.cache.jcache.config.JCacheNamespaceDrivenTests" time="0.044"/>
  <testcase name="earlyPutWithException" classname="org.springframework.cache.jcache.config.JCacheNamespaceDrivenTests" time="0.059"/>
  <testcase name="cache" classname="org.springframework.cache.jcache.config.JCacheNamespaceDrivenTests" time="0.054"/>
  <testcase name="earlyRemoveAllWithException" classname="org.springframework.cache.jcache.config.JCacheNamespaceDrivenTests" time="0.062"/>
  <testcase name="earlyRemoveWithException" classname="org.springframework.cache.jcache.config.JCacheNamespaceDrivenTests" time="0.059"/>
  <testcase name="cacheAlwaysInvoke" classname="org.springframework.cache.jcache.config.JCacheNamespaceDrivenTests" time="0.05"/>
  <testcase name="removeAllWithExceptionVetoRemove" classname="org.springframework.cache.jcache.config.JCacheNamespaceDrivenTests" time="0.058"/>
  <testcase name="earlyRemoveWithExceptionVetoRemove" classname="org.springframework.cache.jcache.config.JCacheNamespaceDrivenTests" time="0.058"/>
  <testcase name="removeAll" classname="org.springframework.cache.jcache.config.JCacheNamespaceDrivenTests" time="0.058"/>
  <testcase name="removeAllWithException" classname="org.springframework.cache.jcache.config.JCacheNamespaceDrivenTests" time="0.049"/>
  <testcase name="cacheWithPartialKey" classname="org.springframework.cache.jcache.config.JCacheNamespaceDrivenTests" time="0.058"/>
  <testcase name="putWithExceptionVetoPut" classname="org.springframework.cache.jcache.config.JCacheNamespaceDrivenTests" time="0.057"/>
  <testcase name="cacheException" classname="org.springframework.cache.jcache.config.JCacheNamespaceDrivenTests" time="0.036"/>
  <testcase name="cacheExceptionRewriteCallStack" classname="org.springframework.cache.jcache.config.JCacheNamespaceDrivenTests" time="0.056"/>
  <system-out><![CDATA[]]></system-out>
  <system-err><![CDATA[]]></system-err>
</testsuite>
