<?xml version="1.0" encoding="UTF-8"?>
<testsuite name="org.springframework.cache.jcache.interceptor.CacheResolverAdapterTests" tests="2" skipped="0" failures="0" errors="0" timestamp="2016-11-10T07:40:01" hostname="XB-20161010YVDY" time="0.018">
  <properties/>
  <testcase name="resolveSimpleCache" classname="org.springframework.cache.jcache.interceptor.CacheResolverAdapterTests" time="0.017"/>
  <testcase name="resolveUnknownCache" classname="org.springframework.cache.jcache.interceptor.CacheResolverAdapterTests" time="0.001"/>
  <system-out><![CDATA[]]></system-out>
  <system-err><![CDATA[]]></system-err>
</testsuite>
