<?xml version="1.0" encoding="UTF-8"?>
<testsuite name="org.springframework.cache.jcache.JCacheCacheManagerTests" tests="5" skipped="0" failures="0" errors="0" timestamp="2016-11-10T07:40:01" hostname="XB-20161010YVDY" time="0.047">
  <properties/>
  <testcase name="getTransactionalOnExistingCache" classname="org.springframework.cache.jcache.JCacheCacheManagerTests" time="0.045"/>
  <testcase name="getOnExistingCache" classname="org.springframework.cache.jcache.JCacheCacheManagerTests" time="0.0"/>
  <testcase name="getOnNewCache" classname="org.springframework.cache.jcache.JCacheCacheManagerTests" time="0.001"/>
  <testcase name="getOnUnknownCache" classname="org.springframework.cache.jcache.JCacheCacheManagerTests" time="0.001"/>
  <testcase name="getTransactionalOnNewCache" classname="org.springframework.cache.jcache.JCacheCacheManagerTests" time="0.0"/>
  <system-out><![CDATA[]]></system-out>
  <system-err><![CDATA[]]></system-err>
</testsuite>
