<?xml version="1.0" encoding="UTF-8"?>
<testsuite name="org.springframework.cache.jcache.config.JCacheJavaConfigTests" tests="32" skipped="0" failures="0" errors="0" timestamp="2016-11-10T07:39:54" hostname="XB-20161010YVDY" time="3.516">
  <properties/>
  <testcase name="bothSetOnlyResolverIsUsed" classname="org.springframework.cache.jcache.config.JCacheJavaConfigTests" time="0.249"/>
  <testcase name="emptyConfigSupport" classname="org.springframework.cache.jcache.config.JCacheJavaConfigTests" time="0.204"/>
  <testcase name="fullCachingConfig" classname="org.springframework.cache.jcache.config.JCacheJavaConfigTests" time="0.206"/>
  <testcase name="exceptionCacheResolverLazilyRequired" classname="org.springframework.cache.jcache.config.JCacheJavaConfigTests" time="0.21"/>
  <testcase name="earlyPutWithExceptionVetoPut" classname="org.springframework.cache.jcache.config.JCacheJavaConfigTests" time="0.109"/>
  <testcase name="removeWithException" classname="org.springframework.cache.jcache.config.JCacheJavaConfigTests" time="0.081"/>
  <testcase name="cacheExceptionVetoed" classname="org.springframework.cache.jcache.config.JCacheJavaConfigTests" time="0.074"/>
  <testcase name="cacheWithCustomCacheResolver" classname="org.springframework.cache.jcache.config.JCacheJavaConfigTests" time="0.284"/>
  <testcase name="earlyRemove" classname="org.springframework.cache.jcache.config.JCacheJavaConfigTests" time="0.107"/>
  <testcase name="remove" classname="org.springframework.cache.jcache.config.JCacheJavaConfigTests" time="0.092"/>
  <testcase name="earlyPut" classname="org.springframework.cache.jcache.config.JCacheJavaConfigTests" time="0.074"/>
  <testcase name="putWithException" classname="org.springframework.cache.jcache.config.JCacheJavaConfigTests" time="0.096"/>
  <testcase name="removeWithExceptionVetoRemove" classname="org.springframework.cache.jcache.config.JCacheJavaConfigTests" time="0.087"/>
  <testcase name="cacheWithCustomKeyGenerator" classname="org.springframework.cache.jcache.config.JCacheJavaConfigTests" time="0.091"/>
  <testcase name="cacheNull" classname="org.springframework.cache.jcache.config.JCacheJavaConfigTests" time="0.091"/>
  <testcase name="cacheCheckedException" classname="org.springframework.cache.jcache.config.JCacheJavaConfigTests" time="0.075"/>
  <testcase name="earlyRemoveAll" classname="org.springframework.cache.jcache.config.JCacheJavaConfigTests" time="0.083"/>
  <testcase name="put" classname="org.springframework.cache.jcache.config.JCacheJavaConfigTests" time="0.077"/>
  <testcase name="earlyRemoveAllWithExceptionVetoRemove" classname="org.springframework.cache.jcache.config.JCacheJavaConfigTests" time="0.095"/>
  <testcase name="earlyPutWithException" classname="org.springframework.cache.jcache.config.JCacheJavaConfigTests" time="0.076"/>
  <testcase name="cache" classname="org.springframework.cache.jcache.config.JCacheJavaConfigTests" time="0.071"/>
  <testcase name="earlyRemoveAllWithException" classname="org.springframework.cache.jcache.config.JCacheJavaConfigTests" time="0.071"/>
  <testcase name="earlyRemoveWithException" classname="org.springframework.cache.jcache.config.JCacheJavaConfigTests" time="0.075"/>
  <testcase name="cacheAlwaysInvoke" classname="org.springframework.cache.jcache.config.JCacheJavaConfigTests" time="0.075"/>
  <testcase name="removeAllWithExceptionVetoRemove" classname="org.springframework.cache.jcache.config.JCacheJavaConfigTests" time="0.074"/>
  <testcase name="earlyRemoveWithExceptionVetoRemove" classname="org.springframework.cache.jcache.config.JCacheJavaConfigTests" time="0.084"/>
  <testcase name="removeAll" classname="org.springframework.cache.jcache.config.JCacheJavaConfigTests" time="0.072"/>
  <testcase name="removeAllWithException" classname="org.springframework.cache.jcache.config.JCacheJavaConfigTests" time="0.09"/>
  <testcase name="cacheWithPartialKey" classname="org.springframework.cache.jcache.config.JCacheJavaConfigTests" time="0.073"/>
  <testcase name="putWithExceptionVetoPut" classname="org.springframework.cache.jcache.config.JCacheJavaConfigTests" time="0.098"/>
  <testcase name="cacheException" classname="org.springframework.cache.jcache.config.JCacheJavaConfigTests" time="0.17"/>
  <testcase name="cacheExceptionRewriteCallStack" classname="org.springframework.cache.jcache.config.JCacheJavaConfigTests" time="0.096"/>
  <system-out><![CDATA[]]></system-out>
  <system-err><![CDATA[]]></system-err>
</testsuite>
