<?xml version="1.0" encoding="UTF-8"?>
<testsuite name="org.springframework.cache.jcache.config.JCacheStandaloneConfigTests" tests="28" skipped="0" failures="0" errors="0" timestamp="2016-11-10T07:40:00" hostname="XB-20161010YVDY" time="0.792">
  <properties/>
  <testcase name="earlyPutWithExceptionVetoPut" classname="org.springframework.cache.jcache.config.JCacheStandaloneConfigTests" time="0.035"/>
  <testcase name="removeWithException" classname="org.springframework.cache.jcache.config.JCacheStandaloneConfigTests" time="0.029"/>
  <testcase name="cacheExceptionVetoed" classname="org.springframework.cache.jcache.config.JCacheStandaloneConfigTests" time="0.031"/>
  <testcase name="cacheWithCustomCacheResolver" classname="org.springframework.cache.jcache.config.JCacheStandaloneConfigTests" time="0.03"/>
  <testcase name="earlyRemove" classname="org.springframework.cache.jcache.config.JCacheStandaloneConfigTests" time="0.025"/>
  <testcase name="remove" classname="org.springframework.cache.jcache.config.JCacheStandaloneConfigTests" time="0.03"/>
  <testcase name="earlyPut" classname="org.springframework.cache.jcache.config.JCacheStandaloneConfigTests" time="0.029"/>
  <testcase name="putWithException" classname="org.springframework.cache.jcache.config.JCacheStandaloneConfigTests" time="0.027"/>
  <testcase name="removeWithExceptionVetoRemove" classname="org.springframework.cache.jcache.config.JCacheStandaloneConfigTests" time="0.03"/>
  <testcase name="cacheWithCustomKeyGenerator" classname="org.springframework.cache.jcache.config.JCacheStandaloneConfigTests" time="0.046"/>
  <testcase name="cacheNull" classname="org.springframework.cache.jcache.config.JCacheStandaloneConfigTests" time="0.028"/>
  <testcase name="cacheCheckedException" classname="org.springframework.cache.jcache.config.JCacheStandaloneConfigTests" time="0.025"/>
  <testcase name="earlyRemoveAll" classname="org.springframework.cache.jcache.config.JCacheStandaloneConfigTests" time="0.029"/>
  <testcase name="put" classname="org.springframework.cache.jcache.config.JCacheStandaloneConfigTests" time="0.03"/>
  <testcase name="earlyRemoveAllWithExceptionVetoRemove" classname="org.springframework.cache.jcache.config.JCacheStandaloneConfigTests" time="0.029"/>
  <testcase name="earlyPutWithException" classname="org.springframework.cache.jcache.config.JCacheStandaloneConfigTests" time="0.022"/>
  <testcase name="cache" classname="org.springframework.cache.jcache.config.JCacheStandaloneConfigTests" time="0.024"/>
  <testcase name="earlyRemoveAllWithException" classname="org.springframework.cache.jcache.config.JCacheStandaloneConfigTests" time="0.025"/>
  <testcase name="earlyRemoveWithException" classname="org.springframework.cache.jcache.config.JCacheStandaloneConfigTests" time="0.029"/>
  <testcase name="cacheAlwaysInvoke" classname="org.springframework.cache.jcache.config.JCacheStandaloneConfigTests" time="0.023"/>
  <testcase name="removeAllWithExceptionVetoRemove" classname="org.springframework.cache.jcache.config.JCacheStandaloneConfigTests" time="0.026"/>
  <testcase name="earlyRemoveWithExceptionVetoRemove" classname="org.springframework.cache.jcache.config.JCacheStandaloneConfigTests" time="0.023"/>
  <testcase name="removeAll" classname="org.springframework.cache.jcache.config.JCacheStandaloneConfigTests" time="0.026"/>
  <testcase name="removeAllWithException" classname="org.springframework.cache.jcache.config.JCacheStandaloneConfigTests" time="0.03"/>
  <testcase name="cacheWithPartialKey" classname="org.springframework.cache.jcache.config.JCacheStandaloneConfigTests" time="0.022"/>
  <testcase name="putWithExceptionVetoPut" classname="org.springframework.cache.jcache.config.JCacheStandaloneConfigTests" time="0.028"/>
  <testcase name="cacheException" classname="org.springframework.cache.jcache.config.JCacheStandaloneConfigTests" time="0.026"/>
  <testcase name="cacheExceptionRewriteCallStack" classname="org.springframework.cache.jcache.config.JCacheStandaloneConfigTests" time="0.033"/>
  <system-out><![CDATA[]]></system-out>
  <system-err><![CDATA[]]></system-err>
</testsuite>
