<?xml version="1.0" encoding="UTF-8"?>
<testsuite name="org.springframework.cache.ehcache.EhCacheSupportTests" tests="8" skipped="0" failures="0" errors="0" timestamp="2016-11-10T07:39:53" hostname="XB-20161010YVDY" time="0.731">
  <properties/>
  <testcase name="testEhCacheFactoryBeanWithExplicitCacheManager" classname="org.springframework.cache.ehcache.EhCacheSupportTests" time="0.61"/>
  <testcase name="testEhCacheFactoryBeanWithDefaultCacheManager" classname="org.springframework.cache.ehcache.EhCacheSupportTests" time="0.023"/>
  <testcase name="testBlankCacheManager" classname="org.springframework.cache.ehcache.EhCacheSupportTests" time="0.013"/>
  <testcase name="testEhCacheFactoryBeanWithBlockingCache" classname="org.springframework.cache.ehcache.EhCacheSupportTests" time="0.019"/>
  <testcase name="testAcceptExistingCacheManager" classname="org.springframework.cache.ehcache.EhCacheSupportTests" time="0.015"/>
  <testcase name="testCacheManagerConflict" classname="org.springframework.cache.ehcache.EhCacheSupportTests" time="0.017"/>
  <testcase name="testEhCacheFactoryBeanWithSelfPopulatingCache" classname="org.springframework.cache.ehcache.EhCacheSupportTests" time="0.015"/>
  <testcase name="testEhCacheFactoryBeanWithUpdatingSelfPopulatingCache" classname="org.springframework.cache.ehcache.EhCacheSupportTests" time="0.015"/>
  <system-out><![CDATA[]]></system-out>
  <system-err><![CDATA[]]></system-err>
</testsuite>
