<?xml version="1.0" encoding="UTF-8"?>
<testsuite name="org.springframework.messaging.core.CachingDestinationResolverTests" tests="3" skipped="0" failures="0" errors="0" timestamp="2016-11-10T07:40:56" hostname="XB-20161010YVDY" time="0.506">
  <properties/>
  <testcase name="nullTargetThroughConstructor" classname="org.springframework.messaging.core.CachingDestinationResolverTests" time="0.001"/>
  <testcase name="noTargetSet" classname="org.springframework.messaging.core.CachingDestinationResolverTests" time="0.0"/>
  <testcase name="cachedDestination" classname="org.springframework.messaging.core.CachingDestinationResolverTests" time="0.505"/>
  <system-out><![CDATA[]]></system-out>
  <system-err><![CDATA[]]></system-err>
</testsuite>
