<?xml version="1.0" encoding="UTF-8"?>
<testsuite name="org.springframework.messaging.simp.user.UserRegistryMessageHandlerTests" tests="5" skipped="0" failures="0" errors="0" timestamp="2016-11-10T07:41:40" hostname="XB-20161010YVDY" time="0.018">
  <properties/>
  <testcase name="brokerUnavailableEvent" classname="org.springframework.messaging.simp.user.UserRegistryMessageHandlerTests" time="0.001"/>
  <testcase name="broadcastRegistry" classname="org.springframework.messaging.simp.user.UserRegistryMessageHandlerTests" time="0.006"/>
  <testcase name="handleMessageFromOwnBroadcast" classname="org.springframework.messaging.simp.user.UserRegistryMessageHandlerTests" time="0.004"/>
  <testcase name="handleMessage" classname="org.springframework.messaging.simp.user.UserRegistryMessageHandlerTests" time="0.006"/>
  <testcase name="brokerAvailableEvent" classname="org.springframework.messaging.simp.user.UserRegistryMessageHandlerTests" time="0.001"/>
  <system-out><![CDATA[]]></system-out>
  <system-err><![CDATA[]]></system-err>
</testsuite>
