<?xml version="1.0" encoding="UTF-8"?>
<testsuite name="org.springframework.messaging.simp.stomp.StompHeaderAccessorTests" tests="15" skipped="0" failures="0" errors="0" timestamp="2016-11-10T07:41:40" hostname="XB-20161010YVDY" time="0.002">
  <properties/>
  <testcase name="toNativeHeadersMessageFrame" classname="org.springframework.messaging.simp.stomp.StompHeaderAccessorTests" time="0.0"/>
  <testcase name="getShortLogMessage" classname="org.springframework.messaging.simp.stomp.StompHeaderAccessorTests" time="0.0"/>
  <testcase name="createWithCommand" classname="org.springframework.messaging.simp.stomp.StompHeaderAccessorTests" time="0.0"/>
  <testcase name="createWithConnectNativeHeaders" classname="org.springframework.messaging.simp.stomp.StompHeaderAccessorTests" time="0.0"/>
  <testcase name="toNativeHeadersContentType" classname="org.springframework.messaging.simp.stomp.StompHeaderAccessorTests" time="0.001"/>
  <testcase name="messageIdAndTimestampDefaultBehavior" classname="org.springframework.messaging.simp.stomp.StompHeaderAccessorTests" time="0.0"/>
  <testcase name="getAccessor" classname="org.springframework.messaging.simp.stomp.StompHeaderAccessorTests" time="0.0"/>
  <testcase name="modifyCustomNativeHeader" classname="org.springframework.messaging.simp.stomp.StompHeaderAccessorTests" time="0.0"/>
  <testcase name="toNativeHeadersUnsubscribe" classname="org.springframework.messaging.simp.stomp.StompHeaderAccessorTests" time="0.0"/>
  <testcase name="toNativeHeadersSubscribe" classname="org.springframework.messaging.simp.stomp.StompHeaderAccessorTests" time="0.0"/>
  <testcase name="createWithMessageFrameNativeHeaders" classname="org.springframework.messaging.simp.stomp.StompHeaderAccessorTests" time="0.0"/>
  <testcase name="messageIdAndTimestampEnabled" classname="org.springframework.messaging.simp.stomp.StompHeaderAccessorTests" time="0.0"/>
  <testcase name="createWithSubscribeNativeHeaders" classname="org.springframework.messaging.simp.stomp.StompHeaderAccessorTests" time="0.0"/>
  <testcase name="encodeConnectWithLoginAndPasscode" classname="org.springframework.messaging.simp.stomp.StompHeaderAccessorTests" time="0.0"/>
  <testcase name="createWithUnubscribeNativeHeaders" classname="org.springframework.messaging.simp.stomp.StompHeaderAccessorTests" time="0.001"/>
  <system-out><![CDATA[15:41:40.898 [reactor-tcp-io-124] INFO  reactor.io.net.impl.netty.tcp.NettyTcpClient - Failed to connect to reactor.io.net.impl.netty.tcp.NettyTcpClient$ReconnectingChannelListener$3@36d149b0. Attempting reconnect in 5000ms.
]]></system-out>
  <system-err><![CDATA[]]></system-err>
</testsuite>
