<?xml version="1.0" encoding="UTF-8"?>
<testsuite name="org.springframework.messaging.simp.SimpAttributesTests" tests="9" skipped="0" failures="0" errors="0" timestamp="2016-11-10T07:41:06" hostname="XB-20161010YVDY" time="0.021">
  <properties/>
  <testcase name="sessionCompletedIsIdempotent" classname="org.springframework.messaging.simp.SimpAttributesTests" time="0.015"/>
  <testcase name="removeDestructionCallback" classname="org.springframework.messaging.simp.SimpAttributesTests" time="0.0"/>
  <testcase name="getAttribute" classname="org.springframework.messaging.simp.SimpAttributesTests" time="0.0"/>
  <testcase name="registerDestructionCallbackAfterSessionCompleted" classname="org.springframework.messaging.simp.SimpAttributesTests" time="0.0"/>
  <testcase name="getSessionMutexExplicit" classname="org.springframework.messaging.simp.SimpAttributesTests" time="0.0"/>
  <testcase name="sessionCompleted" classname="org.springframework.messaging.simp.SimpAttributesTests" time="0.001"/>
  <testcase name="getSessionMutex" classname="org.springframework.messaging.simp.SimpAttributesTests" time="0.0"/>
  <testcase name="getAttributeNames" classname="org.springframework.messaging.simp.SimpAttributesTests" time="0.003"/>
  <testcase name="registerDestructionCallback" classname="org.springframework.messaging.simp.SimpAttributesTests" time="0.0"/>
  <system-out><![CDATA[]]></system-out>
  <system-err><![CDATA[]]></system-err>
</testsuite>
