<?xml version="1.0" encoding="UTF-8"?>
<testsuite name="org.springframework.messaging.handler.annotation.support.AnnotationExceptionHandlerMethodResolverTests" tests="9" skipped="0" failures="0" errors="0" timestamp="2016-11-10T07:40:57" hostname="XB-20161010YVDY" time="0.008">
  <properties/>
  <testcase name="resolveMethodFromAnnotation" classname="org.springframework.messaging.handler.annotation.support.AnnotationExceptionHandlerMethodResolverTests" time="0.005"/>
  <testcase name="resolveMethodFromArgumentWithErrorType" classname="org.springframework.messaging.handler.annotation.support.AnnotationExceptionHandlerMethodResolverTests" time="0.001"/>
  <testcase name="resolveMethodInherited" classname="org.springframework.messaging.handler.annotation.support.AnnotationExceptionHandlerMethodResolverTests" time="0.0"/>
  <testcase name="resolveMethodFromArgument" classname="org.springframework.messaging.handler.annotation.support.AnnotationExceptionHandlerMethodResolverTests" time="0.001"/>
  <testcase name="ambiguousExceptionMapping" classname="org.springframework.messaging.handler.annotation.support.AnnotationExceptionHandlerMethodResolverTests" time="0.0"/>
  <testcase name="resolveMethodExceptionSubType" classname="org.springframework.messaging.handler.annotation.support.AnnotationExceptionHandlerMethodResolverTests" time="0.001"/>
  <testcase name="resolveMethodBestMatch" classname="org.springframework.messaging.handler.annotation.support.AnnotationExceptionHandlerMethodResolverTests" time="0.0"/>
  <testcase name="noExceptionMapping" classname="org.springframework.messaging.handler.annotation.support.AnnotationExceptionHandlerMethodResolverTests" time="0.0"/>
  <testcase name="resolveMethodNoMatch" classname="org.springframework.messaging.handler.annotation.support.AnnotationExceptionHandlerMethodResolverTests" time="0.0"/>
  <system-out><![CDATA[]]></system-out>
  <system-err><![CDATA[]]></system-err>
</testsuite>
