<?xml version="1.0" encoding="UTF-8"?>
<testsuite name="org.springframework.messaging.simp.annotation.support.SimpAnnotationMethodMessageHandlerTests" tests="15" skipped="0" failures="0" errors="0" timestamp="2016-11-10T07:40:58" hostname="XB-20161010YVDY" time="0.157">
  <properties/>
  <testcase name="listenableFutureFailure" classname="org.springframework.messaging.simp.annotation.support.SimpAnnotationMethodMessageHandlerTests" time="0.073"/>
  <testcase name="optionalHeaderArgumentResolutionWhenPresent" classname="org.springframework.messaging.simp.annotation.support.SimpAnnotationMethodMessageHandlerTests" time="0.007"/>
  <testcase name="messageMappingDestinationVariableResolution" classname="org.springframework.messaging.simp.annotation.support.SimpAnnotationMethodMessageHandlerTests" time="0.007"/>
  <testcase name="exceptionWithHandlerMethodArg" classname="org.springframework.messaging.simp.annotation.support.SimpAnnotationMethodMessageHandlerTests" time="0.004"/>
  <testcase name="validationError" classname="org.springframework.messaging.simp.annotation.support.SimpAnnotationMethodMessageHandlerTests" time="0.005"/>
  <testcase name="subscribeEventDestinationVariableResolution" classname="org.springframework.messaging.simp.annotation.support.SimpAnnotationMethodMessageHandlerTests" time="0.005"/>
  <testcase name="completableFutureSuccess" classname="org.springframework.messaging.simp.annotation.support.SimpAnnotationMethodMessageHandlerTests" time="0.012"/>
  <testcase name="placeholder" classname="org.springframework.messaging.simp.annotation.support.SimpAnnotationMethodMessageHandlerTests" time="0.003"/>
  <testcase name="optionalHeaderArgumentResolutionWhenNotPresent" classname="org.springframework.messaging.simp.annotation.support.SimpAnnotationMethodMessageHandlerTests" time="0.011"/>
  <testcase name="completableFutureFailure" classname="org.springframework.messaging.simp.annotation.support.SimpAnnotationMethodMessageHandlerTests" time="0.002"/>
  <testcase name="headerArgumentResolution" classname="org.springframework.messaging.simp.annotation.support.SimpAnnotationMethodMessageHandlerTests" time="0.007"/>
  <testcase name="listenableFutureSuccess" classname="org.springframework.messaging.simp.annotation.support.SimpAnnotationMethodMessageHandlerTests" time="0.004"/>
  <testcase name="dotPathSeparator" classname="org.springframework.messaging.simp.annotation.support.SimpAnnotationMethodMessageHandlerTests" time="0.007"/>
  <testcase name="simpleBinding" classname="org.springframework.messaging.simp.annotation.support.SimpAnnotationMethodMessageHandlerTests" time="0.004"/>
  <testcase name="simpScope" classname="org.springframework.messaging.simp.annotation.support.SimpAnnotationMethodMessageHandlerTests" time="0.002"/>
  <system-out><![CDATA[15:40:58.143 [Test worker] ERROR org.springframework.messaging.simp.annotation.support.SimpAnnotationMethodMessageHandlerTests$TestSimpAnnotationMethodMessageHandler - Unhandled exception from message handler method
java.lang.NullPointerException: null
	at org.springframework.messaging.simp.annotation.support.SimpAnnotationMethodMessageHandlerTests$TestController.optionalHeaders(SimpAnnotationMethodMessageHandlerTests.java:377) ~[test/:?]
	at sun.reflect.NativeMethodAccessorImpl.invoke0(Native Method) ~[?:1.8.0_101]
	at sun.reflect.NativeMethodAccessorImpl.invoke(NativeMethodAccessorImpl.java:62) ~[?:1.8.0_101]
	at sun.reflect.DelegatingMethodAccessorImpl.invoke(DelegatingMethodAccessorImpl.java:43) ~[?:1.8.0_101]
	at java.lang.reflect.Method.invoke(Method.java:498) ~[?:1.8.0_101]
	at org.springframework.messaging.handler.invocation.InvocableHandlerMethod.doInvoke(InvocableHandlerMethod.java:196) ~[main/:?]
	at org.springframework.messaging.handler.invocation.InvocableHandlerMethod.invoke(InvocableHandlerMethod.java:113) ~[main/:?]
	at org.springframework.messaging.handler.invocation.AbstractMethodMessageHandler.handleMatch(AbstractMethodMessageHandler.java:502) [main/:?]
	at org.springframework.messaging.simp.annotation.support.SimpAnnotationMethodMessageHandler.handleMatch(SimpAnnotationMethodMessageHandler.java:490) [main/:?]
	at org.springframework.messaging.simp.annotation.support.SimpAnnotationMethodMessageHandler.handleMatch(SimpAnnotationMethodMessageHandler.java:86) [main/:?]
	at org.springframework.messaging.handler.invocation.AbstractMethodMessageHandler.handleMessageInternal(AbstractMethodMessageHandler.java:461) [main/:?]
	at org.springframework.messaging.handler.invocation.AbstractMethodMessageHandler.handleMessage(AbstractMethodMessageHandler.java:399) [main/:?]
	at org.springframework.messaging.simp.annotation.support.SimpAnnotationMethodMessageHandlerTests.optionalHeaderArgumentResolutionWhenNotPresent(SimpAnnotationMethodMessageHandlerTests.java:141) [test/:?]
	at sun.reflect.NativeMethodAccessorImpl.invoke0(Native Method) ~[?:1.8.0_101]
	at sun.reflect.NativeMethodAccessorImpl.invoke(NativeMethodAccessorImpl.java:62) ~[?:1.8.0_101]
	at sun.reflect.DelegatingMethodAccessorImpl.invoke(DelegatingMethodAccessorImpl.java:43) ~[?:1.8.0_101]
	at java.lang.reflect.Method.invoke(Method.java:498) ~[?:1.8.0_101]
	at org.junit.runners.model.FrameworkMethod$1.runReflectiveCall(FrameworkMethod.java:50) [junit-4.12.jar:4.12]
	at org.junit.internal.runners.model.ReflectiveCallable.run(ReflectiveCallable.java:12) [junit-4.12.jar:4.12]
	at org.junit.runners.model.FrameworkMethod.invokeExplosively(FrameworkMethod.java:47) [junit-4.12.jar:4.12]
	at org.junit.internal.runners.statements.InvokeMethod.evaluate(InvokeMethod.java:17) [junit-4.12.jar:4.12]
	at org.junit.internal.runners.statements.RunBefores.evaluate(RunBefores.java:26) [junit-4.12.jar:4.12]
	at org.junit.runners.ParentRunner.runLeaf(ParentRunner.java:325) [junit-4.12.jar:4.12]
	at org.junit.runners.BlockJUnit4ClassRunner.runChild(BlockJUnit4ClassRunner.java:78) [junit-4.12.jar:4.12]
	at org.junit.runners.BlockJUnit4ClassRunner.runChild(BlockJUnit4ClassRunner.java:57) [junit-4.12.jar:4.12]
	at org.junit.runners.ParentRunner$3.run(ParentRunner.java:290) [junit-4.12.jar:4.12]
	at org.junit.runners.ParentRunner$1.schedule(ParentRunner.java:71) [junit-4.12.jar:4.12]
	at org.junit.runners.ParentRunner.runChildren(ParentRunner.java:288) [junit-4.12.jar:4.12]
	at org.junit.runners.ParentRunner.access$000(ParentRunner.java:58) [junit-4.12.jar:4.12]
	at org.junit.runners.ParentRunner$2.evaluate(ParentRunner.java:268) [junit-4.12.jar:4.12]
	at org.junit.runners.ParentRunner.run(ParentRunner.java:363) [junit-4.12.jar:4.12]
	at org.gradle.api.internal.tasks.testing.junit.JUnitTestClassExecuter.runTestClass(JUnitTestClassExecuter.java:114) [gradle-testing-jvm-3.1.jar:3.1]
	at org.gradle.api.internal.tasks.testing.junit.JUnitTestClassExecuter.execute(JUnitTestClassExecuter.java:57) [gradle-testing-jvm-3.1.jar:3.1]
	at org.gradle.api.internal.tasks.testing.junit.JUnitTestClassProcessor.processTestClass(JUnitTestClassProcessor.java:66) [gradle-testing-jvm-3.1.jar:3.1]
	at org.gradle.api.internal.tasks.testing.SuiteTestClassProcessor.processTestClass(SuiteTestClassProcessor.java:51) [gradle-testing-base-3.1.jar:3.1]
	at sun.reflect.GeneratedMethodAccessor10.invoke(Unknown Source) ~[?:?]
	at sun.reflect.DelegatingMethodAccessorImpl.invoke(DelegatingMethodAccessorImpl.java:43) ~[?:1.8.0_101]
	at java.lang.reflect.Method.invoke(Method.java:498) ~[?:1.8.0_101]
	at org.gradle.internal.dispatch.ReflectionDispatch.dispatch(ReflectionDispatch.java:35) [gradle-messaging-3.1.jar:3.1]
	at org.gradle.internal.dispatch.ReflectionDispatch.dispatch(ReflectionDispatch.java:24) [gradle-messaging-3.1.jar:3.1]
	at org.gradle.internal.dispatch.ContextClassLoaderDispatch.dispatch(ContextClassLoaderDispatch.java:32) [gradle-messaging-3.1.jar:3.1]
	at org.gradle.internal.dispatch.ProxyDispatchAdapter$DispatchingInvocationHandler.invoke(ProxyDispatchAdapter.java:93) [gradle-messaging-3.1.jar:3.1]
	at com.sun.proxy.$Proxy2.processTestClass(Unknown Source) [?:?]
	at org.gradle.api.internal.tasks.testing.worker.TestWorker.processTestClass(TestWorker.java:109) [gradle-testing-base-3.1.jar:3.1]
	at sun.reflect.GeneratedMethodAccessor9.invoke(Unknown Source) ~[?:?]
	at sun.reflect.DelegatingMethodAccessorImpl.invoke(DelegatingMethodAccessorImpl.java:43) ~[?:1.8.0_101]
	at java.lang.reflect.Method.invoke(Method.java:498) ~[?:1.8.0_101]
	at org.gradle.internal.dispatch.ReflectionDispatch.dispatch(ReflectionDispatch.java:35) [gradle-messaging-3.1.jar:3.1]
	at org.gradle.internal.dispatch.ReflectionDispatch.dispatch(ReflectionDispatch.java:24) [gradle-messaging-3.1.jar:3.1]
	at org.gradle.internal.remote.internal.hub.MessageHub$Handler.run(MessageHub.java:377) [gradle-messaging-3.1.jar:3.1]
	at org.gradle.internal.concurrent.ExecutorPolicy$CatchAndRecordFailures.onExecute(ExecutorPolicy.java:54) [gradle-base-services-3.1.jar:3.1]
	at org.gradle.internal.concurrent.StoppableExecutorImpl$1.run(StoppableExecutorImpl.java:40) [gradle-base-services-3.1.jar:3.1]
	at java.util.concurrent.ThreadPoolExecutor.runWorker(ThreadPoolExecutor.java:1142) [?:1.8.0_101]
	at java.util.concurrent.ThreadPoolExecutor$Worker.run(ThreadPoolExecutor.java:617) [?:1.8.0_101]
	at java.lang.Thread.run(Thread.java:745) [?:1.8.0_101]
]]></system-out>
  <system-err><![CDATA[]]></system-err>
</testsuite>
