<?xml version="1.0" encoding="UTF-8"?>
<testsuite name="org.springframework.messaging.support.MessageHeaderAccessorTests" tests="23" skipped="0" failures="0" errors="0" timestamp="2016-11-10T07:41:41" hostname="XB-20161010YVDY" time="0.059">
  <properties/>
  <testcase name="getMutableAccessorNewInstanceMatchingType" classname="org.springframework.messaging.support.MessageHeaderAccessorTests" time="0.0"/>
  <testcase name="leaveMutable" classname="org.springframework.messaging.support.MessageHeaderAccessorTests" time="0.0"/>
  <testcase name="copyHeadersIfAbsent" classname="org.springframework.messaging.support.MessageHeaderAccessorTests" time="0.0"/>
  <testcase name="getShortLogMessagePayload" classname="org.springframework.messaging.support.MessageHeaderAccessorTests" time="0.001"/>
  <testcase name="newEmptyHeaders" classname="org.springframework.messaging.support.MessageHeaderAccessorTests" time="0.0"/>
  <testcase name="idGeneratorCustom" classname="org.springframework.messaging.support.MessageHeaderAccessorTests" time="0.001"/>
  <testcase name="getMutableAccessorSameInstance" classname="org.springframework.messaging.support.MessageHeaderAccessorTests" time="0.0"/>
  <testcase name="testRemoveHeader" classname="org.springframework.messaging.support.MessageHeaderAccessorTests" time="0.0"/>
  <testcase name="getDetailedLogMessagePayload" classname="org.springframework.messaging.support.MessageHeaderAccessorTests" time="0.001"/>
  <testcase name="getMutableAccessorNewInstance" classname="org.springframework.messaging.support.MessageHeaderAccessorTests" time="0.0"/>
  <testcase name="getAccessor" classname="org.springframework.messaging.support.MessageHeaderAccessorTests" time="0.0"/>
  <testcase name="idTimestampWithMutableHeaders" classname="org.springframework.messaging.support.MessageHeaderAccessorTests" time="0.001"/>
  <testcase name="toMap" classname="org.springframework.messaging.support.MessageHeaderAccessorTests" time="0.0"/>
  <testcase name="copyHeaders" classname="org.springframework.messaging.support.MessageHeaderAccessorTests" time="0.0"/>
  <testcase name="timestampDefaultBehavior" classname="org.springframework.messaging.support.MessageHeaderAccessorTests" time="0.001"/>
  <testcase name="existingHeaders" classname="org.springframework.messaging.support.MessageHeaderAccessorTests" time="0.0"/>
  <testcase name="leaveMutableDefaultBehavior" classname="org.springframework.messaging.support.MessageHeaderAccessorTests" time="0.0"/>
  <testcase name="timestampEnabled" classname="org.springframework.messaging.support.MessageHeaderAccessorTests" time="0.0"/>
  <testcase name="copyHeadersFromNullMap" classname="org.springframework.messaging.support.MessageHeaderAccessorTests" time="0.0"/>
  <testcase name="existingHeadersModification" classname="org.springframework.messaging.support.MessageHeaderAccessorTests" time="0.05"/>
  <testcase name="removeHeaders" classname="org.springframework.messaging.support.MessageHeaderAccessorTests" time="0.002"/>
  <testcase name="idGeneratorDefaultBehavior" classname="org.springframework.messaging.support.MessageHeaderAccessorTests" time="0.0"/>
  <testcase name="testRemoveHeaderEvenIfNull" classname="org.springframework.messaging.support.MessageHeaderAccessorTests" time="0.0"/>
  <system-out><![CDATA[]]></system-out>
  <system-err><![CDATA[]]></system-err>
</testsuite>
