<?xml version="1.0" encoding="UTF-8"?>
<testsuite name="org.springframework.messaging.simp.stomp.Reactor2TcpStompClientTests" tests="1" skipped="0" failures="0" errors="0" timestamp="2016-11-10T07:41:06" hostname="XB-20161010YVDY" time="2.47">
  <properties/>
  <testcase name="publishSubscribe" classname="org.springframework.messaging.simp.stomp.Reactor2TcpStompClientTests" time="2.47"/>
  <system-out><![CDATA[15:41:06.437 [reactor-tcp-io-35] INFO  reactor.io.net.impl.netty.tcp.NettyTcpClient - Failed to connect to reactor.io.net.impl.netty.tcp.NettyTcpClient$ReconnectingChannelListener$3@30b7f369. Attempting reconnect in 5000ms.
15:41:06.460 [Test worker] INFO  org.apache.activemq.broker.BrokerService - Using Persistence Adapter: MemoryPersistenceAdapter
15:41:06.637 [Test worker] INFO  org.apache.activemq.broker.BrokerService - Apache ActiveMQ 5.8.0 (localhost, ID:XB-20161010YVDY-63938-1478763666477-0:1) is starting
15:41:06.646 [Test worker] INFO  org.apache.activemq.transport.TransportServerThreadSupport - Listening for connections at: stomp://zrccdzjs:64646
15:41:06.646 [Test worker] INFO  org.apache.activemq.broker.TransportConnector - Connector stomp://zrccdzjs:64646 Started
15:41:06.648 [Test worker] INFO  org.apache.activemq.broker.BrokerService - Apache ActiveMQ 5.8.0 (localhost, ID:XB-20161010YVDY-63938-1478763666477-0:1) started
15:41:06.648 [Test worker] INFO  org.apache.activemq.broker.BrokerService - For help or more information please see: http://activemq.apache.org
15:41:06.736 [reactor-tcp-io-38] INFO  reactor.io.net.impl.netty.tcp.NettyTcpClient - Failed to connect to reactor.io.net.impl.netty.tcp.NettyTcpClient$ReconnectingChannelListener$3@5549be3b. Attempting reconnect in 5000ms.
15:41:06.946 [reactor-tcp-io-40] INFO  reactor.io.net.impl.netty.tcp.NettyTcpClient - Failed to connect to reactor.io.net.impl.netty.tcp.NettyTcpClient$ReconnectingChannelListener$3@1bf0e499. Attempting reconnect in 5000ms.
15:41:07.002 [reactor-tcp-io-43] INFO  reactor.io.net.impl.netty.tcp.NettyTcpClient - Failed to connect to reactor.io.net.impl.netty.tcp.NettyTcpClient$ReconnectingChannelListener$3@6a933ed. Attempting reconnect in 5000ms.
15:41:07.173 [reactor-tcp-io-44] INFO  reactor.io.net.impl.netty.tcp.NettyTcpClient - Failed to connect to reactor.io.net.impl.netty.tcp.NettyTcpClient$ReconnectingChannelListener$3@7304fe5c. Attempting reconnect in 5000ms.
15:41:07.372 [reactor-tcp-io-48] INFO  reactor.io.net.impl.netty.tcp.NettyTcpClient - Failed to connect to reactor.io.net.impl.netty.tcp.NettyTcpClient$ReconnectingChannelListener$3@5ca4cb28. Attempting reconnect in 5000ms.
15:41:07.372 [Test worker] INFO  org.apache.activemq.broker.BrokerService - Apache ActiveMQ 5.8.0 (localhost, ID:XB-20161010YVDY-63938-1478763666477-0:1) is shutting down
15:41:07.679 [reactor-tcp-io-51] INFO  reactor.io.net.impl.netty.tcp.NettyTcpClient - Failed to connect to reactor.io.net.impl.netty.tcp.NettyTcpClient$ReconnectingChannelListener$3@7f6e5549. Attempting reconnect in 5000ms.
15:41:08.036 [reactor-tcp-io-61] INFO  reactor.io.net.impl.netty.tcp.NettyTcpClient - Failed to connect to reactor.io.net.impl.netty.tcp.NettyTcpClient$ReconnectingChannelListener$3@2b35a353. Attempting reconnect in 5000ms.
15:41:08.346 [reactor-tcp-io-64] INFO  reactor.io.net.impl.netty.tcp.NettyTcpClient - Failed to connect to reactor.io.net.impl.netty.tcp.NettyTcpClient$ReconnectingChannelListener$3@47622c8c. Attempting reconnect in 5000ms.
15:41:08.626 [reactor-tcp-io-66] INFO  reactor.io.net.impl.netty.tcp.NettyTcpClient - Failed to connect to reactor.io.net.impl.netty.tcp.NettyTcpClient$ReconnectingChannelListener$3@2dc0451d. Attempting reconnect in 5000ms.
15:41:08.847 [Test worker] INFO  org.apache.activemq.broker.TransportConnector - Connector stomp://zrccdzjs:64646 Stopped
15:41:08.857 [Test worker] INFO  org.apache.activemq.broker.BrokerService - Apache ActiveMQ 5.8.0 (localhost, ID:XB-20161010YVDY-63938-1478763666477-0:1) uptime 2.398 seconds
15:41:08.858 [Test worker] INFO  org.apache.activemq.broker.BrokerService - Apache ActiveMQ 5.8.0 (localhost, ID:XB-20161010YVDY-63938-1478763666477-0:1) is shutdown
]]></system-out>
  <system-err><![CDATA[]]></system-err>
</testsuite>
