<?xml version="1.0" encoding="UTF-8"?>
<testsuite name="org.springframework.messaging.simp.stomp.BufferingStompDecoderTests" tests="11" skipped="0" failures="0" errors="0" timestamp="2016-11-10T07:41:06" hostname="XB-20161010YVDY" time="0.004">
  <properties/>
  <testcase name="twoMessagesInOneChunk" classname="org.springframework.messaging.simp.stomp.BufferingStompDecoderTests" time="0.002"/>
  <testcase name="incompleteCommand" classname="org.springframework.messaging.simp.stomp.BufferingStompDecoderTests" time="0.0"/>
  <testcase name="oneFullAndOneSplitWithContentLengthExceedingBufferSize" classname="org.springframework.messaging.simp.stomp.BufferingStompDecoderTests" time="0.0"/>
  <testcase name="invalidEscapeSequence" classname="org.springframework.messaging.simp.stomp.BufferingStompDecoderTests" time="0.0"/>
  <testcase name="invalidEscapeSequenceWithSingleSlashAtEndOfHeaderValue" classname="org.springframework.messaging.simp.stomp.BufferingStompDecoderTests" time="0.0"/>
  <testcase name="bufferSizeLimit" classname="org.springframework.messaging.simp.stomp.BufferingStompDecoderTests" time="0.0"/>
  <testcase name="oneFullAndOneSplitMessageContentLength" classname="org.springframework.messaging.simp.stomp.BufferingStompDecoderTests" time="0.0"/>
  <testcase name="basic" classname="org.springframework.messaging.simp.stomp.BufferingStompDecoderTests" time="0.001"/>
  <testcase name="oneMessageInTwoChunks" classname="org.springframework.messaging.simp.stomp.BufferingStompDecoderTests" time="0.0"/>
  <testcase name="oneFullAndOneSplitMessageNoContentLength" classname="org.springframework.messaging.simp.stomp.BufferingStompDecoderTests" time="0.0"/>
  <testcase name="incompleteHeaderWithPartialEscapeSequence" classname="org.springframework.messaging.simp.stomp.BufferingStompDecoderTests" time="0.0"/>
  <system-out><![CDATA[]]></system-out>
  <system-err><![CDATA[]]></system-err>
</testsuite>
