<?xml version="1.0" encoding="UTF-8"?>
<testsuite name="org.springframework.messaging.simp.SimpSessionScopeTests" tests="5" skipped="0" failures="0" errors="0" timestamp="2016-11-10T07:41:06" hostname="XB-20161010YVDY" time="0.013">
  <properties/>
  <testcase name="remove" classname="org.springframework.messaging.simp.SimpSessionScopeTests" time="0.012"/>
  <testcase name="getWithObjectFactory" classname="org.springframework.messaging.simp.SimpSessionScopeTests" time="0.001"/>
  <testcase name="get" classname="org.springframework.messaging.simp.SimpSessionScopeTests" time="0.0"/>
  <testcase name="getSessionId" classname="org.springframework.messaging.simp.SimpSessionScopeTests" time="0.0"/>
  <testcase name="registerDestructionCallback" classname="org.springframework.messaging.simp.SimpSessionScopeTests" time="0.0"/>
  <system-out><![CDATA[]]></system-out>
  <system-err><![CDATA[]]></system-err>
</testsuite>
