<?xml version="1.0" encoding="UTF-8"?>
<testsuite name="org.springframework.messaging.simp.broker.BrokerMessageHandlerTests" tests="8" skipped="0" failures="0" errors="0" timestamp="2016-11-10T07:40:58" hostname="XB-20161010YVDY" time="0.013">
  <properties/>
  <testcase name="publishBrokerUnavailableEvent" classname="org.springframework.messaging.simp.broker.BrokerMessageHandlerTests" time="0.003"/>
  <testcase name="publishBrokerAvailableEventWhenAlreadyAvailable" classname="org.springframework.messaging.simp.broker.BrokerMessageHandlerTests" time="0.001"/>
  <testcase name="startShouldUpdateIsRunning" classname="org.springframework.messaging.simp.broker.BrokerMessageHandlerTests" time="0.0"/>
  <testcase name="startAndStopShouldNotPublishBrokerAvailabilityEvents" classname="org.springframework.messaging.simp.broker.BrokerMessageHandlerTests" time="0.006"/>
  <testcase name="stopShouldUpdateIsRunning" classname="org.springframework.messaging.simp.broker.BrokerMessageHandlerTests" time="0.0"/>
  <testcase name="publishBrokerUnavailableEventWhenAlreadyUnvailable" classname="org.springframework.messaging.simp.broker.BrokerMessageHandlerTests" time="0.0"/>
  <testcase name="handleMessageWhenBrokerNotRunning" classname="org.springframework.messaging.simp.broker.BrokerMessageHandlerTests" time="0.0"/>
  <testcase name="publishBrokerAvailableEvent" classname="org.springframework.messaging.simp.broker.BrokerMessageHandlerTests" time="0.0"/>
  <system-out><![CDATA[]]></system-out>
  <system-err><![CDATA[]]></system-err>
</testsuite>
