<?xml version="1.0" encoding="UTF-8"?>
<testsuite name="org.springframework.messaging.handler.DestinationPatternsMessageConditionTests" tests="12" skipped="0" failures="0" errors="0" timestamp="2016-11-10T07:40:57" hostname="XB-20161010YVDY" time="0.005">
  <properties/>
  <testcase name="combineOnePatternWithEmptySet" classname="org.springframework.messaging.handler.DestinationPatternsMessageConditionTests" time="0.001"/>
  <testcase name="comparePatternSpecificity" classname="org.springframework.messaging.handler.DestinationPatternsMessageConditionTests" time="0.001"/>
  <testcase name="prependNonEmptyPatternsOnly" classname="org.springframework.messaging.handler.DestinationPatternsMessageConditionTests" time="0.0"/>
  <testcase name="matchDirectPath" classname="org.springframework.messaging.handler.DestinationPatternsMessageConditionTests" time="0.0"/>
  <testcase name="matchSortPatterns" classname="org.springframework.messaging.handler.DestinationPatternsMessageConditionTests" time="0.002"/>
  <testcase name="matchPattern" classname="org.springframework.messaging.handler.DestinationPatternsMessageConditionTests" time="0.0"/>
  <testcase name="combineMultiplePatterns" classname="org.springframework.messaging.handler.DestinationPatternsMessageConditionTests" time="0.001"/>
  <testcase name="compareNumberOfMatchingPatterns" classname="org.springframework.messaging.handler.DestinationPatternsMessageConditionTests" time="0.0"/>
  <testcase name="prependSlashWithCustomPathSeparator" classname="org.springframework.messaging.handler.DestinationPatternsMessageConditionTests" time="0.0"/>
  <testcase name="prependSlash" classname="org.springframework.messaging.handler.DestinationPatternsMessageConditionTests" time="0.0"/>
  <testcase name="combineEmptySets" classname="org.springframework.messaging.handler.DestinationPatternsMessageConditionTests" time="0.0"/>
  <testcase name="compareEqualPatterns" classname="org.springframework.messaging.handler.DestinationPatternsMessageConditionTests" time="0.0"/>
  <system-out><![CDATA[]]></system-out>
  <system-err><![CDATA[]]></system-err>
</testsuite>
