<?xml version="1.0" encoding="UTF-8"?>
<testsuite name="org.springframework.messaging.converter.MappingJackson2MessageConverterTests" tests="11" skipped="0" failures="0" errors="0" timestamp="2016-11-10T07:40:55" hostname="XB-20161010YVDY" time="0.309">
  <properties/>
  <testcase name="fromMessageInvalidJson" classname="org.springframework.messaging.converter.MappingJackson2MessageConverterTests" time="0.238"/>
  <testcase name="mimetypesParametrizedConstructor" classname="org.springframework.messaging.converter.MappingJackson2MessageConverterTests" time="0.003"/>
  <testcase name="fromMessageValidJsonWithUnknownProperty" classname="org.springframework.messaging.converter.MappingJackson2MessageConverterTests" time="0.002"/>
  <testcase name="toMessage" classname="org.springframework.messaging.converter.MappingJackson2MessageConverterTests" time="0.026"/>
  <testcase name="toMessageJsonView" classname="org.springframework.messaging.converter.MappingJackson2MessageConverterTests" time="0.016"/>
  <testcase name="defaultConstructor" classname="org.springframework.messaging.converter.MappingJackson2MessageConverterTests" time="0.0"/>
  <testcase name="mimetypeParametrizedConstructor" classname="org.springframework.messaging.converter.MappingJackson2MessageConverterTests" time="0.001"/>
  <testcase name="toMessageUtf16String" classname="org.springframework.messaging.converter.MappingJackson2MessageConverterTests" time="0.001"/>
  <testcase name="fromMessageUntyped" classname="org.springframework.messaging.converter.MappingJackson2MessageConverterTests" time="0.013"/>
  <testcase name="fromMessage" classname="org.springframework.messaging.converter.MappingJackson2MessageConverterTests" time="0.003"/>
  <testcase name="toMessageUtf16" classname="org.springframework.messaging.converter.MappingJackson2MessageConverterTests" time="0.002"/>
  <system-out><![CDATA[]]></system-out>
  <system-err><![CDATA[]]></system-err>
</testsuite>
