<?xml version="1.0" encoding="UTF-8"?>
<testsuite name="org.springframework.messaging.simp.annotation.support.SendToMethodReturnValueHandlerTests" tests="23" skipped="0" failures="0" errors="0" timestamp="2016-11-10T07:40:57" hostname="XB-20161010YVDY" time="0.2">
  <properties/>
  <testcase name="sendToUserDefaultDestinationSingleSession" classname="org.springframework.messaging.simp.annotation.support.SendToMethodReturnValueHandlerTests" time="0.063"/>
  <testcase name="jsonView" classname="org.springframework.messaging.simp.annotation.support.SendToMethodReturnValueHandlerTests" time="0.003"/>
  <testcase name="sendToClassDefaultNoAnnotation" classname="org.springframework.messaging.simp.annotation.support.SendToMethodReturnValueHandlerTests" time="0.008"/>
  <testcase name="sendToClassDefaultEmptyAnnotation" classname="org.springframework.messaging.simp.annotation.support.SendToMethodReturnValueHandlerTests" time="0.002"/>
  <testcase name="sendToWithDestinationPlaceholders" classname="org.springframework.messaging.simp.annotation.support.SendToMethodReturnValueHandlerTests" time="0.001"/>
  <testcase name="sendToUserWithUserNameProvider" classname="org.springframework.messaging.simp.annotation.support.SendToMethodReturnValueHandlerTests" time="0.001"/>
  <testcase name="sendToClassDefaultOverride" classname="org.springframework.messaging.simp.annotation.support.SendToMethodReturnValueHandlerTests" time="0.001"/>
  <testcase name="sendToUserDefaultDestination" classname="org.springframework.messaging.simp.annotation.support.SendToMethodReturnValueHandlerTests" time="0.001"/>
  <testcase name="sendToDefaultDestination" classname="org.springframework.messaging.simp.annotation.support.SendToMethodReturnValueHandlerTests" time="0.001"/>
  <testcase name="sendToDefaultDestinationWhenUsingDotPathSeparator" classname="org.springframework.messaging.simp.annotation.support.SendToMethodReturnValueHandlerTests" time="0.001"/>
  <testcase name="sendTo" classname="org.springframework.messaging.simp.annotation.support.SendToMethodReturnValueHandlerTests" time="0.001"/>
  <testcase name="sendToUserClassDefaultOverride" classname="org.springframework.messaging.simp.annotation.support.SendToMethodReturnValueHandlerTests" time="0.003"/>
  <testcase name="sendToUserWithSendToDefaultOverride" classname="org.springframework.messaging.simp.annotation.support.SendToMethodReturnValueHandlerTests" time="0.002"/>
  <testcase name="sendToUserDefaultDestinationWhenUsingDotPathSeparator" classname="org.springframework.messaging.simp.annotation.support.SendToMethodReturnValueHandlerTests" time="0.001"/>
  <testcase name="sendToUserClassDefaultEmptyAnnotation" classname="org.springframework.messaging.simp.annotation.support.SendToMethodReturnValueHandlerTests" time="0.001"/>
  <testcase name="sendToUser" classname="org.springframework.messaging.simp.annotation.support.SendToMethodReturnValueHandlerTests" time="0.001"/>
  <testcase name="sendToUserSingleSession" classname="org.springframework.messaging.simp.annotation.support.SendToMethodReturnValueHandlerTests" time="0.001"/>
  <testcase name="sendToNoAnnotations" classname="org.springframework.messaging.simp.annotation.support.SendToMethodReturnValueHandlerTests" time="0.001"/>
  <testcase name="testHeadersToSend" classname="org.springframework.messaging.simp.annotation.support.SendToMethodReturnValueHandlerTests" time="0.098"/>
  <testcase name="sendToUserWithSendToOverride" classname="org.springframework.messaging.simp.annotation.support.SendToMethodReturnValueHandlerTests" time="0.002"/>
  <testcase name="sendToUserClassDefaultNoAnnotation" classname="org.springframework.messaging.simp.annotation.support.SendToMethodReturnValueHandlerTests" time="0.001"/>
  <testcase name="sendToUserSessionWithoutUserName" classname="org.springframework.messaging.simp.annotation.support.SendToMethodReturnValueHandlerTests" time="0.002"/>
  <testcase name="supportsReturnType" classname="org.springframework.messaging.simp.annotation.support.SendToMethodReturnValueHandlerTests" time="0.003"/>
  <system-out><![CDATA[]]></system-out>
  <system-err><![CDATA[]]></system-err>
</testsuite>
