<?xml version="1.0" encoding="UTF-8"?>
<testsuite name="org.springframework.messaging.support.ExecutorSubscribableChannelTests" tests="10" skipped="0" failures="0" errors="0" timestamp="2016-11-10T07:41:41" hostname="XB-20161010YVDY" time="0.022">
  <properties/>
  <testcase name="messageMustNotBeNull" classname="org.springframework.messaging.support.ExecutorSubscribableChannelTests" time="0.001"/>
  <testcase name="sendWithoutExecutor" classname="org.springframework.messaging.support.ExecutorSubscribableChannelTests" time="0.001"/>
  <testcase name="unsubscribeTwice" classname="org.springframework.messaging.support.ExecutorSubscribableChannelTests" time="0.001"/>
  <testcase name="sendWithExecutor" classname="org.springframework.messaging.support.ExecutorSubscribableChannelTests" time="0.01"/>
  <testcase name="failurePropagates" classname="org.springframework.messaging.support.ExecutorSubscribableChannelTests" time="0.002"/>
  <testcase name="interceptorWithException" classname="org.springframework.messaging.support.ExecutorSubscribableChannelTests" time="0.0"/>
  <testcase name="concurrentModification" classname="org.springframework.messaging.support.ExecutorSubscribableChannelTests" time="0.003"/>
  <testcase name="subscribeTwice" classname="org.springframework.messaging.support.ExecutorSubscribableChannelTests" time="0.0"/>
  <testcase name="interceptorWithModifiedMessage" classname="org.springframework.messaging.support.ExecutorSubscribableChannelTests" time="0.001"/>
  <testcase name="interceptorWithNull" classname="org.springframework.messaging.support.ExecutorSubscribableChannelTests" time="0.001"/>
  <system-out><![CDATA[]]></system-out>
  <system-err><![CDATA[]]></system-err>
</testsuite>
