<?xml version="1.0" encoding="UTF-8"?>
<testsuite name="org.springframework.messaging.handler.annotation.support.PayloadArgumentResolverTests" tests="11" skipped="0" failures="0" errors="0" timestamp="2016-11-10T07:40:57" hostname="XB-20161010YVDY" time="0.022">
  <properties/>
  <testcase name="resolveRequiredEmptyNonAnnotatedParameter" classname="org.springframework.messaging.handler.annotation.support.PayloadArgumentResolverTests" time="0.003"/>
  <testcase name="resolveValidation" classname="org.springframework.messaging.handler.annotation.support.PayloadArgumentResolverTests" time="0.011"/>
  <testcase name="resolveFailValidation" classname="org.springframework.messaging.handler.annotation.support.PayloadArgumentResolverTests" time="0.002"/>
  <testcase name="resolveRequiredEmpty" classname="org.springframework.messaging.handler.annotation.support.PayloadArgumentResolverTests" time="0.0"/>
  <testcase name="resolveNonAnnotatedParameterFailValidation" classname="org.springframework.messaging.handler.annotation.support.PayloadArgumentResolverTests" time="0.001"/>
  <testcase name="resolveNonAnnotatedParameter" classname="org.springframework.messaging.handler.annotation.support.PayloadArgumentResolverTests" time="0.001"/>
  <testcase name="resolveSpelExpressionNotSupported" classname="org.springframework.messaging.handler.annotation.support.PayloadArgumentResolverTests" time="0.0"/>
  <testcase name="resolveNotRequired" classname="org.springframework.messaging.handler.annotation.support.PayloadArgumentResolverTests" time="0.0"/>
  <testcase name="resolveFailValidationNoConversionNecessary" classname="org.springframework.messaging.handler.annotation.support.PayloadArgumentResolverTests" time="0.001"/>
  <testcase name="resolveRequired" classname="org.springframework.messaging.handler.annotation.support.PayloadArgumentResolverTests" time="0.001"/>
  <testcase name="resolveNonConvertibleParam" classname="org.springframework.messaging.handler.annotation.support.PayloadArgumentResolverTests" time="0.0"/>
  <system-out><![CDATA[]]></system-out>
  <system-err><![CDATA[]]></system-err>
</testsuite>
