<?xml version="1.0" encoding="UTF-8"?>
<testsuite name="org.springframework.messaging.converter.MarshallingMessageConverterTests" tests="4" skipped="0" failures="0" errors="0" timestamp="2016-11-10T07:40:55" hostname="XB-20161010YVDY" time="0.447">
  <properties/>
  <testcase name="fromMessageValidXmlWithUnknownProperty" classname="org.springframework.messaging.converter.MarshallingMessageConverterTests" time="0.351"/>
  <testcase name="toMessage" classname="org.springframework.messaging.converter.MarshallingMessageConverterTests" time="0.085"/>
  <testcase name="fromMessage" classname="org.springframework.messaging.converter.MarshallingMessageConverterTests" time="0.004"/>
  <testcase name="fromMessageInvalidXml" classname="org.springframework.messaging.converter.MarshallingMessageConverterTests" time="0.005"/>
  <system-out><![CDATA[]]></system-out>
  <system-err><![CDATA[]]></system-err>
</testsuite>
