<?xml version="1.0" encoding="UTF-8"?>
<testsuite name="org.springframework.messaging.simp.stomp.StompCodecTests" tests="25" skipped="0" failures="0" errors="0" timestamp="2016-11-10T07:41:40" hostname="XB-20161010YVDY" time="0.006">
  <properties/>
  <testcase name="decodeFrameWithIncompleteContentType" classname="org.springframework.messaging.simp.stomp.StompCodecTests" time="0.0"/>
  <testcase name="encodeFrameWithHeadersThatShouldBeEscaped" classname="org.springframework.messaging.simp.stomp.StompCodecTests" time="0.0"/>
  <testcase name="decodeFrameWithContentLengthZero" classname="org.springframework.messaging.simp.stomp.StompCodecTests" time="0.001"/>
  <testcase name="decodeFrameWithIncompleteCommand" classname="org.springframework.messaging.simp.stomp.StompCodecTests" time="0.0"/>
  <testcase name="decodeFrameWithInsufficientContent" classname="org.springframework.messaging.simp.stomp.StompCodecTests" time="0.0"/>
  <testcase name="decodeFrameWithInvalidContentLength" classname="org.springframework.messaging.simp.stomp.StompCodecTests" time="0.0"/>
  <testcase name="decodeFrameWithIncompleteHeader" classname="org.springframework.messaging.simp.stomp.StompCodecTests" time="0.0"/>
  <testcase name="decodeHeartbeat" classname="org.springframework.messaging.simp.stomp.StompCodecTests" time="0.001"/>
  <testcase name="decodeFrameWithHeaderWithEmptyValue" classname="org.springframework.messaging.simp.stomp.StompCodecTests" time="0.0"/>
  <testcase name="encodeFrameWithContentLengthPresent" classname="org.springframework.messaging.simp.stomp.StompCodecTests" time="0.0"/>
  <testcase name="decodeFrameWithCrLfEols" classname="org.springframework.messaging.simp.stomp.StompCodecTests" time="0.0"/>
  <testcase name="decodeFrameWithNoHeadersAndNoBody" classname="org.springframework.messaging.simp.stomp.StompCodecTests" time="0.0"/>
  <testcase name="decodeFrameWithNoBody" classname="org.springframework.messaging.simp.stomp.StompCodecTests" time="0.001"/>
  <testcase name="decodeFrameWithInvalidContentType" classname="org.springframework.messaging.simp.stomp.StompCodecTests" time="0.001"/>
  <testcase name="decodeFrameWithContentLength" classname="org.springframework.messaging.simp.stomp.StompCodecTests" time="0.0"/>
  <testcase name="decodeFrameWithIncorrectTerminator" classname="org.springframework.messaging.simp.stomp.StompCodecTests" time="0.0"/>
  <testcase name="decodeFrameBodyNotAllowed" classname="org.springframework.messaging.simp.stomp.StompCodecTests" time="0.0"/>
  <testcase name="decodeFrameWithoutNullOctetTerminator" classname="org.springframework.messaging.simp.stomp.StompCodecTests" time="0.001"/>
  <testcase name="decodeFrame" classname="org.springframework.messaging.simp.stomp.StompCodecTests" time="0.0"/>
  <testcase name="decodeFrameWithNullOctectsInTheBody" classname="org.springframework.messaging.simp.stomp.StompCodecTests" time="0.0"/>
  <testcase name="encodeFrameWithNoHeadersAndNoBody" classname="org.springframework.messaging.simp.stomp.StompCodecTests" time="0.0"/>
  <testcase name="decodeMultipleFramesFromSameBuffer" classname="org.springframework.messaging.simp.stomp.StompCodecTests" time="0.001"/>
  <testcase name="decodeFrameWithEscapedHeaders" classname="org.springframework.messaging.simp.stomp.StompCodecTests" time="0.0"/>
  <testcase name="encodeFrameWithHeadersBody" classname="org.springframework.messaging.simp.stomp.StompCodecTests" time="0.0"/>
  <testcase name="encodeFrameWithHeaders" classname="org.springframework.messaging.simp.stomp.StompCodecTests" time="0.0"/>
  <system-out><![CDATA[]]></system-out>
  <system-err><![CDATA[]]></system-err>
</testsuite>
