<?xml version="1.0" encoding="UTF-8"?>
<testsuite name="org.springframework.messaging.simp.broker.SimpleBrokerMessageHandlerTests" tests="10" skipped="0" failures="0" errors="0" timestamp="2016-11-10T07:40:58" hostname="XB-20161010YVDY" time="0.148">
  <properties/>
  <testcase name="readWriteIntervalCalculation" classname="org.springframework.messaging.simp.broker.SimpleBrokerMessageHandlerTests" time="0.062"/>
  <testcase name="readInactivity" classname="org.springframework.messaging.simp.broker.SimpleBrokerMessageHandlerTests" time="0.014"/>
  <testcase name="heartbeatValueWithAndWithoutTaskScheduler" classname="org.springframework.messaging.simp.broker.SimpleBrokerMessageHandlerTests" time="0.0"/>
  <testcase name="startWithHeartbeatValueWithoutTaskScheduler" classname="org.springframework.messaging.simp.broker.SimpleBrokerMessageHandlerTests" time="0.001"/>
  <testcase name="startAndStopWithHeartbeatValue" classname="org.springframework.messaging.simp.broker.SimpleBrokerMessageHandlerTests" time="0.049"/>
  <testcase name="startWithOneZeroHeartbeatValue" classname="org.springframework.messaging.simp.broker.SimpleBrokerMessageHandlerTests" time="0.001"/>
  <testcase name="connect" classname="org.springframework.messaging.simp.broker.SimpleBrokerMessageHandlerTests" time="0.001"/>
  <testcase name="subcribeDisconnectPublish" classname="org.springframework.messaging.simp.broker.SimpleBrokerMessageHandlerTests" time="0.004"/>
  <testcase name="writeInactivity" classname="org.springframework.messaging.simp.broker.SimpleBrokerMessageHandlerTests" time="0.014"/>
  <testcase name="subcribePublish" classname="org.springframework.messaging.simp.broker.SimpleBrokerMessageHandlerTests" time="0.002"/>
  <system-out><![CDATA[]]></system-out>
  <system-err><![CDATA[]]></system-err>
</testsuite>
