<?xml version="1.0" encoding="UTF-8"?>
<testsuite name="org.springframework.messaging.simp.user.MultiServerUserRegistryTests" tests="5" skipped="0" failures="0" errors="0" timestamp="2016-11-10T07:41:40" hostname="XB-20161010YVDY" time="0.06">
  <properties/>
  <testcase name="getUserFromRemoteRegistry" classname="org.springframework.messaging.simp.user.MultiServerUserRegistryTests" time="0.021"/>
  <testcase name="getUserFromLocalRegistry" classname="org.springframework.messaging.simp.user.MultiServerUserRegistryTests" time="0.017"/>
  <testcase name="purgeExpiredRegistries" classname="org.springframework.messaging.simp.user.MultiServerUserRegistryTests" time="0.006"/>
  <testcase name="findSubscriptionsFromRemoteRegistry" classname="org.springframework.messaging.simp.user.MultiServerUserRegistryTests" time="0.009"/>
  <testcase name="getSessionsWhenUserIsConnectedToMultipleServers" classname="org.springframework.messaging.simp.user.MultiServerUserRegistryTests" time="0.007"/>
  <system-out><![CDATA[]]></system-out>
  <system-err><![CDATA[]]></system-err>
</testsuite>
