<?xml version="1.0" encoding="UTF-8"?>
<testsuite name="org.springframework.messaging.support.ChannelInterceptorTests" tests="6" skipped="0" failures="0" errors="0" timestamp="2016-11-10T07:41:40" hostname="XB-20161010YVDY" time="0.019">
  <properties/>
  <testcase name="preSendInterceptorReturningModifiedMessage" classname="org.springframework.messaging.support.ChannelInterceptorTests" time="0.017"/>
  <testcase name="afterCompletionWithSendException" classname="org.springframework.messaging.support.ChannelInterceptorTests" time="0.0"/>
  <testcase name="postSendInterceptorMessageWasSent" classname="org.springframework.messaging.support.ChannelInterceptorTests" time="0.001"/>
  <testcase name="postSendInterceptorMessageWasNotSent" classname="org.springframework.messaging.support.ChannelInterceptorTests" time="0.0"/>
  <testcase name="preSendInterceptorReturningNull" classname="org.springframework.messaging.support.ChannelInterceptorTests" time="0.001"/>
  <testcase name="afterCompletionWithPreSendException" classname="org.springframework.messaging.support.ChannelInterceptorTests" time="0.0"/>
  <system-out><![CDATA[]]></system-out>
  <system-err><![CDATA[]]></system-err>
</testsuite>
