<?xml version="1.0" encoding="UTF-8"?>
<testsuite name="org.springframework.messaging.handler.invocation.MethodMessageHandlerTests" tests="6" skipped="0" failures="0" errors="0" timestamp="2016-11-10T07:40:57" hostname="XB-20161010YVDY" time="0.017">
  <properties/>
  <testcase name="duplicateMapping" classname="org.springframework.messaging.handler.invocation.MethodMessageHandlerTests" time="0.006"/>
  <testcase name="antPatchMatchWildcard" classname="org.springframework.messaging.handler.invocation.MethodMessageHandlerTests" time="0.002"/>
  <testcase name="exceptionHandled" classname="org.springframework.messaging.handler.invocation.MethodMessageHandlerTests" time="0.001"/>
  <testcase name="bestMatchWildcard" classname="org.springframework.messaging.handler.invocation.MethodMessageHandlerTests" time="0.001"/>
  <testcase name="registeredMappings" classname="org.springframework.messaging.handler.invocation.MethodMessageHandlerTests" time="0.003"/>
  <testcase name="argumentResolution" classname="org.springframework.messaging.handler.invocation.MethodMessageHandlerTests" time="0.002"/>
  <system-out><![CDATA[]]></system-out>
  <system-err><![CDATA[]]></system-err>
</testsuite>
