<?xml version="1.0" encoding="UTF-8"?>
<testsuite name="org.springframework.messaging.simp.SimpMessageTypeMessageConditionTests" tests="4" skipped="0" failures="0" errors="0" timestamp="2016-11-10T07:41:06" hostname="XB-20161010YVDY" time="0.001">
  <properties/>
  <testcase name="getMatchingConditionNoMessageType" classname="org.springframework.messaging.simp.SimpMessageTypeMessageConditionTests" time="0.001"/>
  <testcase name="compareTo" classname="org.springframework.messaging.simp.SimpMessageTypeMessageConditionTests" time="0.0"/>
  <testcase name="getMatchingCondition" classname="org.springframework.messaging.simp.SimpMessageTypeMessageConditionTests" time="0.0"/>
  <testcase name="combine" classname="org.springframework.messaging.simp.SimpMessageTypeMessageConditionTests" time="0.0"/>
  <system-out><![CDATA[]]></system-out>
  <system-err><![CDATA[]]></system-err>
</testsuite>
