<?xml version="1.0" encoding="UTF-8"?>
<testsuite name="org.springframework.messaging.converter.SimpleMessageConverterTests" tests="3" skipped="0" failures="0" errors="0" timestamp="2016-11-10T07:40:56" hostname="XB-20161010YVDY" time="0.001">
  <properties/>
  <testcase name="toMessageWithPayloadAndHeaders" classname="org.springframework.messaging.converter.SimpleMessageConverterTests" time="0.0"/>
  <testcase name="toMessageWithNullPayload" classname="org.springframework.messaging.converter.SimpleMessageConverterTests" time="0.0"/>
  <testcase name="toMessageWithPayloadAndMutableHeaders" classname="org.springframework.messaging.converter.SimpleMessageConverterTests" time="0.0"/>
  <system-out><![CDATA[]]></system-out>
  <system-err><![CDATA[]]></system-err>
</testsuite>
