<?xml version="1.0" encoding="UTF-8"?>
<testsuite name="org.springframework.core.type.AspectJTypeFilterTests" tests="8" skipped="0" failures="0" errors="0" timestamp="2016-11-10T07:40:13" hostname="XB-20161010YVDY" time="0.263">
  <properties/>
  <testcase name="compositionPatternNoMatches" classname="org.springframework.core.type.AspectJTypeFilterTests" time="0.195"/>
  <testcase name="annotationPatternMatches" classname="org.springframework.core.type.AspectJTypeFilterTests" time="0.017"/>
  <testcase name="subclassPatternNoMatches" classname="org.springframework.core.type.AspectJTypeFilterTests" time="0.007"/>
  <testcase name="compositionPatternMatches" classname="org.springframework.core.type.AspectJTypeFilterTests" time="0.008"/>
  <testcase name="annotationPatternNoMathces" classname="org.springframework.core.type.AspectJTypeFilterTests" time="0.002"/>
  <testcase name="namePatternNoMatches" classname="org.springframework.core.type.AspectJTypeFilterTests" time="0.015"/>
  <testcase name="namePatternMatches" classname="org.springframework.core.type.AspectJTypeFilterTests" time="0.005"/>
  <testcase name="subclassPatternMatches" classname="org.springframework.core.type.AspectJTypeFilterTests" time="0.014"/>
  <system-out><![CDATA[warning no match for this type name: org.springframework.core.type.AspectJTypeFilterTests.SomeClassX [Xlint:invalidAbsoluteTypeName]
]]></system-out>
  <system-err><![CDATA[]]></system-err>
</testsuite>
