<?xml version="1.0" encoding="UTF-8"?>
<testsuite name="org.springframework.util.xml.StaxResultTests" tests="2" skipped="0" failures="0" errors="0" timestamp="2016-11-10T07:40:22" hostname="XB-20161010YVDY" time="0.005">
  <properties/>
  <testcase name="eventWriterSource" classname="org.springframework.util.xml.StaxResultTests" time="0.003"/>
  <testcase name="streamWriterSource" classname="org.springframework.util.xml.StaxResultTests" time="0.002"/>
  <system-out><![CDATA[]]></system-out>
  <system-err><![CDATA[]]></system-err>
</testsuite>
