<?xml version="1.0" encoding="UTF-8"?>
<testsuite name="org.springframework.core.annotation.MapAnnotationAttributeExtractorTests" tests="4" skipped="0" failures="0" errors="0" timestamp="2016-11-10T07:40:10" hostname="XB-20161010YVDY" time="0.006">
  <properties/>
  <testcase name="enrichAndValidateAttributesWithImplicitAliasesAndMinimalAttributes" classname="org.springframework.core.annotation.MapAnnotationAttributeExtractorTests" time="0.002"/>
  <testcase name="enrichAndValidateAttributesWithImplicitAliases" classname="org.springframework.core.annotation.MapAnnotationAttributeExtractorTests" time="0.002"/>
  <testcase name="enrichAndValidateAttributesWithSingleElementThatOverridesAnArray" classname="org.springframework.core.annotation.MapAnnotationAttributeExtractorTests" time="0.001"/>
  <testcase name="getAttributeValueForImplicitAliases" classname="org.springframework.core.annotation.MapAnnotationAttributeExtractorTests" time="0.001"/>
  <system-out><![CDATA[]]></system-out>
  <system-err><![CDATA[]]></system-err>
</testsuite>
