<?xml version="1.0" encoding="UTF-8"?>
<testsuite name="org.springframework.core.io.support.ResourceArrayPropertyEditorTests" tests="4" skipped="0" failures="0" errors="0" timestamp="2016-11-10T07:40:13" hostname="XB-20161010YVDY" time="0.006">
  <properties/>
  <testcase name="testPatternResource" classname="org.springframework.core.io.support.ResourceArrayPropertyEditorTests" time="0.003"/>
  <testcase name="testVanillaResource" classname="org.springframework.core.io.support.ResourceArrayPropertyEditorTests" time="0.0"/>
  <testcase name="testStrictSystemPropertyReplacement" classname="org.springframework.core.io.support.ResourceArrayPropertyEditorTests" time="0.001"/>
  <testcase name="testSystemPropertyReplacement" classname="org.springframework.core.io.support.ResourceArrayPropertyEditorTests" time="0.001"/>
  <system-out><![CDATA[]]></system-out>
  <system-err><![CDATA[]]></system-err>
</testsuite>
