<?xml version="1.0" encoding="UTF-8"?>
<testsuite name="org.springframework.util.FileCopyUtilsTests" tests="6" skipped="0" failures="0" errors="0" timestamp="2016-11-10T07:40:14" hostname="XB-20161010YVDY" time="0.0">
  <properties/>
  <testcase name="copyFromInputStream" classname="org.springframework.util.FileCopyUtilsTests" time="0.0"/>
  <testcase name="copyToString" classname="org.springframework.util.FileCopyUtilsTests" time="0.0"/>
  <testcase name="copyFromByteArray" classname="org.springframework.util.FileCopyUtilsTests" time="0.0"/>
  <testcase name="copyToByteArray" classname="org.springframework.util.FileCopyUtilsTests" time="0.0"/>
  <testcase name="copyFromReader" classname="org.springframework.util.FileCopyUtilsTests" time="0.0"/>
  <testcase name="copyFromString" classname="org.springframework.util.FileCopyUtilsTests" time="0.0"/>
  <system-out><![CDATA[]]></system-out>
  <system-err><![CDATA[]]></system-err>
</testsuite>
