<?xml version="1.0" encoding="UTF-8"?>
<testsuite name="org.springframework.core.io.support.ResourceRegionTests" tests="3" skipped="0" failures="0" errors="0" timestamp="2016-11-10T07:40:13" hostname="XB-20161010YVDY" time="0.063">
  <properties/>
  <testcase name="shouldThrowExceptionForNegativePosition" classname="org.springframework.core.io.support.ResourceRegionTests" time="0.062"/>
  <testcase name="shouldThrowExceptionWithNullResource" classname="org.springframework.core.io.support.ResourceRegionTests" time="0.001"/>
  <testcase name="shouldThrowExceptionForNegativeCount" classname="org.springframework.core.io.support.ResourceRegionTests" time="0.0"/>
  <system-out><![CDATA[]]></system-out>
  <system-err><![CDATA[]]></system-err>
</testsuite>
