<?xml version="1.0" encoding="UTF-8"?>
<testsuite name="org.springframework.core.annotation.AnnotationUtilsTests" tests="99" skipped="0" failures="0" errors="0" timestamp="2016-11-10T07:40:10" hostname="XB-20161010YVDY" time="0.195">
  <properties/>
  <testcase name="getRepeatableAnnotationsDeclaredOnMethod" classname="org.springframework.core.annotation.AnnotationUtilsTests" time="0.01"/>
  <testcase name="synthesizeAlreadySynthesizedAnnotation" classname="org.springframework.core.annotation.AnnotationUtilsTests" time="0.0"/>
  <testcase name="getRepeatableAnnotationsDeclaredOnSuperclass" classname="org.springframework.core.annotation.AnnotationUtilsTests" time="0.004"/>
  <testcase name="synthesizeAnnotationWithAttributeAliasWithoutMirroredAliasFor" classname="org.springframework.core.annotation.AnnotationUtilsTests" time="0.002"/>
  <testcase name="getRepeatableAnnotationsDeclaredOnClass" classname="org.springframework.core.annotation.AnnotationUtilsTests" time="0.001"/>
  <testcase name="isAnnotationInheritedForAllScenarios" classname="org.springframework.core.annotation.AnnotationUtilsTests" time="0.004"/>
  <testcase name="synthesizeAnnotationWithImplicitAliasesWithImpliedAliasNamesOmitted" classname="org.springframework.core.annotation.AnnotationUtilsTests" time="0.005"/>
  <testcase name="synthesizeAnnotationWhereAliasForIsMissingAttributeDeclaration" classname="org.springframework.core.annotation.AnnotationUtilsTests" time="0.002"/>
  <testcase name="findMethodAnnotationOnRootButOverridden" classname="org.springframework.core.annotation.AnnotationUtilsTests" time="0.001"/>
  <testcase name="getAttributeAliasNamesFromComposedAnnotationWithTransitiveImplicitAliasesWithImpliedAliasNamesOmitted" classname="org.springframework.core.annotation.AnnotationUtilsTests" time="0.003"/>
  <testcase name="synthesizeAnnotationWithoutAttributeAliases" classname="org.springframework.core.annotation.AnnotationUtilsTests" time="0.0"/>
  <testcase name="findRepeatableAnnotationOnComposedAnnotation" classname="org.springframework.core.annotation.AnnotationUtilsTests" time="0.001"/>
  <testcase name="synthesizeAnnotationFromMapWithNestedArrayOfMaps" classname="org.springframework.core.annotation.AnnotationUtilsTests" time="0.004"/>
  <testcase name="getAnnotationAttributesWithAttributeAliasesWithDifferentValues" classname="org.springframework.core.annotation.AnnotationUtilsTests" time="0.001"/>
  <testcase name="getAnnotationAttributesWithNestedAnnotations" classname="org.springframework.core.annotation.AnnotationUtilsTests" time="0.0"/>
  <testcase name="synthesizeAnnotationWithImplicitAliasesWithMissingDefaultValues" classname="org.springframework.core.annotation.AnnotationUtilsTests" time="0.003"/>
  <testcase name="findClassAnnotationOnMetaCycleAnnotatedClassWithMissingTargetMetaAnnotation" classname="org.springframework.core.annotation.AnnotationUtilsTests" time="0.003"/>
  <testcase name="synthesizeAnnotationWithAttributeAliasesInNestedAnnotations" classname="org.springframework.core.annotation.AnnotationUtilsTests" time="0.007"/>
  <testcase name="isAnnotationDeclaredLocallyForAllScenarios" classname="org.springframework.core.annotation.AnnotationUtilsTests" time="0.0"/>
  <testcase name="synthesizeAnnotationFromDefaultsWithoutAttributeAliases" classname="org.springframework.core.annotation.AnnotationUtilsTests" time="0.001"/>
  <testcase name="getRepeatableAnnotationsDeclaredOnClassAndSuperclass" classname="org.springframework.core.annotation.AnnotationUtilsTests" time="0.003"/>
  <testcase name="getAnnotationAttributesWithAttributeAliases" classname="org.springframework.core.annotation.AnnotationUtilsTests" time="0.0"/>
  <testcase name="getRepeatableAnnotationsDeclaredOnClassWithAttributeAliases" classname="org.springframework.core.annotation.AnnotationUtilsTests" time="0.002"/>
  <testcase name="findClassAnnotationFavorsMoreLocallyDeclaredComposedAnnotationsOverInheritedAnnotations" classname="org.springframework.core.annotation.AnnotationUtilsTests" time="0.002"/>
  <testcase name="getAttributeAliasNamesFromComposedAnnotationWithTransitiveImplicitAliases" classname="org.springframework.core.annotation.AnnotationUtilsTests" time="0.003"/>
  <testcase name="synthesizeAnnotationWithAttributeAliasForWithMissingDefaultValues" classname="org.springframework.core.annotation.AnnotationUtilsTests" time="0.002"/>
  <testcase name="findMethodAnnotationWithMetaMetaAnnotationOnLeaf" classname="org.springframework.core.annotation.AnnotationUtilsTests" time="0.002"/>
  <testcase name="findClassAnnotationOnAnnotatedClassWithMissingTargetMetaAnnotation" classname="org.springframework.core.annotation.AnnotationUtilsTests" time="0.001"/>
  <testcase name="synthesizeAnnotationFromMapWithAttributeOfIncorrectType" classname="org.springframework.core.annotation.AnnotationUtilsTests" time="0.002"/>
  <testcase name="synthesizeAnnotationFromAnnotationAttributesWithoutAttributeAliases" classname="org.springframework.core.annotation.AnnotationUtilsTests" time="0.001"/>
  <testcase name="synthesizeAnnotationFromMapWithMissingAttributeValue" classname="org.springframework.core.annotation.AnnotationUtilsTests" time="0.001"/>
  <testcase name="getDefaultValueFromAnnotationType" classname="org.springframework.core.annotation.AnnotationUtilsTests" time="0.0"/>
  <testcase name="findClassAnnotationOnSubNonInheritedAnnotationInterface" classname="org.springframework.core.annotation.AnnotationUtilsTests" time="0.0"/>
  <testcase name="synthesizeAnnotationWithImplicitAliasesForAliasPair" classname="org.springframework.core.annotation.AnnotationUtilsTests" time="0.003"/>
  <testcase name="synthesizeAnnotationFromMapWithMinimalAttributesWithAttributeAliases" classname="org.springframework.core.annotation.AnnotationUtilsTests" time="0.001"/>
  <testcase name="getDeclaredRepeatableAnnotationsDeclaredOnClass" classname="org.springframework.core.annotation.AnnotationUtilsTests" time="0.002"/>
  <testcase name="synthesizeAnnotationFromMapWithNullAttributeValue" classname="org.springframework.core.annotation.AnnotationUtilsTests" time="0.001"/>
  <testcase name="getAttributeOverrideNameFromWrongTargetAnnotation" classname="org.springframework.core.annotation.AnnotationUtilsTests" time="0.001"/>
  <testcase name="findMethodAnnotationNotAnnotated" classname="org.springframework.core.annotation.AnnotationUtilsTests" time="0.0"/>
  <testcase name="getAttributeAliasNamesFromComposedAnnotationWithImplicitAliases" classname="org.springframework.core.annotation.AnnotationUtilsTests" time="0.002"/>
  <testcase name="getDefaultValueFromNonPublicAnnotation" classname="org.springframework.core.annotation.AnnotationUtilsTests" time="0.002"/>
  <testcase name="synthesizeAnnotationWithArrayOfAnnotations" classname="org.springframework.core.annotation.AnnotationUtilsTests" time="0.002"/>
  <testcase name="findClassAnnotationOnSubInheritedAnnotationInterface" classname="org.springframework.core.annotation.AnnotationUtilsTests" time="0.001"/>
  <testcase name="findAnnotationDeclaringClassForAllScenarios" classname="org.springframework.core.annotation.AnnotationUtilsTests" time="0.001"/>
  <testcase name="synthesizeAnnotationWithAttributeAliasForMetaAnnotationThatIsNotMetaPresent" classname="org.springframework.core.annotation.AnnotationUtilsTests" time="0.003"/>
  <testcase name="synthesizeAnnotationFromMapWithoutAttributeAliases" classname="org.springframework.core.annotation.AnnotationUtilsTests" time="0.0"/>
  <testcase name="findAnnotationDeclaringClassForTypesWithSingleCandidateType" classname="org.springframework.core.annotation.AnnotationUtilsTests" time="0.001"/>
  <testcase name="findAnnotationDeclaringClassForTypesWithMultipleCandidateTypes" classname="org.springframework.core.annotation.AnnotationUtilsTests" time="0.001"/>
  <testcase name="findMethodAnnotationWithAnnotationOnMethodInInterface" classname="org.springframework.core.annotation.AnnotationUtilsTests" time="0.0"/>
  <testcase name="getValueFromNonPublicAnnotation" classname="org.springframework.core.annotation.AnnotationUtilsTests" time="0.0"/>
  <testcase name="getDeclaredRepeatableAnnotationsDeclaredOnSuperclass" classname="org.springframework.core.annotation.AnnotationUtilsTests" time="0.0"/>
  <testcase name="findClassAnnotationFavorsMoreLocallyDeclaredComposedAnnotationsOverInheritedComposedAnnotations" classname="org.springframework.core.annotation.AnnotationUtilsTests" time="0.005"/>
  <testcase name="getAttributeAliasNamesFromComposedAnnotationWithTransitiveImplicitAliasesForAliasPair" classname="org.springframework.core.annotation.AnnotationUtilsTests" time="0.001"/>
  <testcase name="findMethodAnnotationOnLeaf" classname="org.springframework.core.annotation.AnnotationUtilsTests" time="0.0"/>
  <testcase name="findMethodAnnotationOnRoot" classname="org.springframework.core.annotation.AnnotationUtilsTests" time="0.001"/>
  <testcase name="synthesizeAnnotationWithImplicitAliasesWithDuplicateValues" classname="org.springframework.core.annotation.AnnotationUtilsTests" time="0.003"/>
  <testcase name="getValueFromAnnotation" classname="org.springframework.core.annotation.AnnotationUtilsTests" time="0.021"/>
  <testcase name="findMethodAnnotationWithMetaAnnotationOnLeaf" classname="org.springframework.core.annotation.AnnotationUtilsTests" time="0.001"/>
  <testcase name="findMethodAnnotationWithMetaAnnotationOnRoot" classname="org.springframework.core.annotation.AnnotationUtilsTests" time="0.0"/>
  <testcase name="getAttributeAliasNamesFromComposedAnnotationWithImplicitAliasesForAliasPair" classname="org.springframework.core.annotation.AnnotationUtilsTests" time="0.0"/>
  <testcase name="synthesizeAnnotationWithAttributeAliasForAttributeWithDifferentDefaultValue" classname="org.springframework.core.annotation.AnnotationUtilsTests" time="0.002"/>
  <testcase name="getAttributeAliasNamesFromComposedAnnotationWithImplicitAliasesWithImpliedAliasNamesOmitted" classname="org.springframework.core.annotation.AnnotationUtilsTests" time="0.001"/>
  <testcase name="synthesizeAnnotationWithAttributeAliases" classname="org.springframework.core.annotation.AnnotationUtilsTests" time="0.0"/>
  <testcase name="synthesizeAnnotationWithImplicitAliasesWithDifferentDefaultValues" classname="org.springframework.core.annotation.AnnotationUtilsTests" time="0.002"/>
  <testcase name="synthesizeAnnotationWithArrayOfChars" classname="org.springframework.core.annotation.AnnotationUtilsTests" time="0.002"/>
  <testcase name="findClassAnnotationOnMetaMetaAnnotatedClass" classname="org.springframework.core.annotation.AnnotationUtilsTests" time="0.001"/>
  <testcase name="synthesizeAnnotationWithTransitiveImplicitAliases" classname="org.springframework.core.annotation.AnnotationUtilsTests" time="0.002"/>
  <testcase name="synthesizeAnnotationFromMapWithImplicitAttributeAliases" classname="org.springframework.core.annotation.AnnotationUtilsTests" time="0.002"/>
  <testcase name="synthesizeAnnotationWithAttributeAliasForAttributeOfDifferentType" classname="org.springframework.core.annotation.AnnotationUtilsTests" time="0.001"/>
  <testcase name="synthesizeAnnotationWithImplicitAliases" classname="org.springframework.core.annotation.AnnotationUtilsTests" time="0.003"/>
  <testcase name="getRepeatableAnnotationsDeclaredOnMultipleSuperclasses" classname="org.springframework.core.annotation.AnnotationUtilsTests" time="0.004"/>
  <testcase name="equalsForSynthesizedAnnotations" classname="org.springframework.core.annotation.AnnotationUtilsTests" time="0.003"/>
  <testcase name="findMethodAnnotationFromInterface" classname="org.springframework.core.annotation.AnnotationUtilsTests" time="0.001"/>
  <testcase name="synthesizeAnnotationFromMapWithAttributeAliasesThatOverrideArraysWithSingleElements" classname="org.springframework.core.annotation.AnnotationUtilsTests" time="0.002"/>
  <testcase name="toStringForSynthesizedAnnotations" classname="org.springframework.core.annotation.AnnotationUtilsTests" time="0.002"/>
  <testcase name="synthesizeAnnotationWithAttributeAliasWithMirroredAliasForWrongAttribute" classname="org.springframework.core.annotation.AnnotationUtilsTests" time="0.002"/>
  <testcase name="synthesizeAnnotationWithTransitiveImplicitAliasesForAliasPair" classname="org.springframework.core.annotation.AnnotationUtilsTests" time="0.003"/>
  <testcase name="getAttributeOverrideNameForNonAliasedAttribute" classname="org.springframework.core.annotation.AnnotationUtilsTests" time="0.0"/>
  <testcase name="hashCodeForSynthesizedAnnotations" classname="org.springframework.core.annotation.AnnotationUtilsTests" time="0.001"/>
  <testcase name="synthesizeAnnotationFromMapWithNestedMap" classname="org.springframework.core.annotation.AnnotationUtilsTests" time="0.001"/>
  <testcase name="findMethodAnnotationOnBridgedMethod" classname="org.springframework.core.annotation.AnnotationUtilsTests" time="0.001"/>
  <testcase name="synthesizeAnnotationWhereAliasForHasDuplicateAttributeDeclaration" classname="org.springframework.core.annotation.AnnotationUtilsTests" time="0.001"/>
  <testcase name="findClassAnnotationOnSubSubInheritedAnnotationInterface" classname="org.springframework.core.annotation.AnnotationUtilsTests" time="0.0"/>
  <testcase name="findClassAnnotationOnInheritedAnnotationInterface" classname="org.springframework.core.annotation.AnnotationUtilsTests" time="0.0"/>
  <testcase name="getAttributeOverrideNameFromAliasedComposedAnnotation" classname="org.springframework.core.annotation.AnnotationUtilsTests" time="0.0"/>
  <testcase name="getAnnotationAttributesWithoutAttributeAliases" classname="org.springframework.core.annotation.AnnotationUtilsTests" time="0.0"/>
  <testcase name="findMethodAnnotationFromInterfaceOnSuper" classname="org.springframework.core.annotation.AnnotationUtilsTests" time="0.0"/>
  <testcase name="findMethodAnnotationOnBridgeMethod" classname="org.springframework.core.annotation.AnnotationUtilsTests" time="0.0"/>
  <testcase name="findClassAnnotationOnMetaMetaMetaAnnotatedClass" classname="org.springframework.core.annotation.AnnotationUtilsTests" time="0.001"/>
  <testcase name="findMethodAnnotationFromInterfaceWhenSuperDoesNotImplementMethod" classname="org.springframework.core.annotation.AnnotationUtilsTests" time="0.001"/>
  <testcase name="findClassAnnotationFavorsMoreLocallyDeclaredComposedAnnotationsOverAnnotationsOnInterfaces" classname="org.springframework.core.annotation.AnnotationUtilsTests" time="0.0"/>
  <testcase name="synthesizeNonPublicAnnotationWithAttributeAliasesFromDifferentPackage" classname="org.springframework.core.annotation.AnnotationUtilsTests" time="0.002"/>
  <testcase name="findClassAnnotationOnNonInheritedAnnotationInterface" classname="org.springframework.core.annotation.AnnotationUtilsTests" time="0.0"/>
  <testcase name="findClassAnnotationOnSubSubNonInheritedAnnotationInterface" classname="org.springframework.core.annotation.AnnotationUtilsTests" time="0.0"/>
  <testcase name="synthesizeAnnotationsFromNullSources" classname="org.springframework.core.annotation.AnnotationUtilsTests" time="0.0"/>
  <testcase name="synthesizeAnnotationFromDefaultsWithAttributeAliases" classname="org.springframework.core.annotation.AnnotationUtilsTests" time="0.0"/>
  <testcase name="getRepeatableAnnotationsDeclaredOnClassWithMissingAttributeAliasDeclaration" classname="org.springframework.core.annotation.AnnotationUtilsTests" time="0.001"/>
  <testcase name="getDefaultValueFromAnnotation" classname="org.springframework.core.annotation.AnnotationUtilsTests" time="0.0"/>
  <testcase name="synthesizeAnnotationWithAttributeAliasForNonexistentAttribute" classname="org.springframework.core.annotation.AnnotationUtilsTests" time="0.001"/>
  <system-out><![CDATA[]]></system-out>
  <system-err><![CDATA[]]></system-err>
</testsuite>
