<?xml version="1.0" encoding="UTF-8"?>
<testsuite name="org.springframework.util.comparator.ComparableComparatorTests" tests="2" skipped="0" failures="0" errors="0" timestamp="2016-11-10T07:40:14" hostname="XB-20161010YVDY" time="0.0">
  <properties/>
  <testcase name="testComparableComparator" classname="org.springframework.util.comparator.ComparableComparatorTests" time="0.0"/>
  <testcase name="shouldNeedComparable" classname="org.springframework.util.comparator.ComparableComparatorTests" time="0.0"/>
  <system-out><![CDATA[]]></system-out>
  <system-err><![CDATA[]]></system-err>
</testsuite>
