<?xml version="1.0" encoding="UTF-8"?>
<testsuite name="org.springframework.core.env.PropertySourcesPropertyResolverTests" tests="24" skipped="0" failures="0" errors="0" timestamp="2016-11-10T07:40:11" hostname="XB-20161010YVDY" time="0.015">
  <properties/>
  <testcase name="resolveRequiredPlaceholders_withNullInput" classname="org.springframework.core.env.PropertySourcesPropertyResolverTests" time="0.001"/>
  <testcase name="getProperty_withTargetType_andDefaultValue" classname="org.springframework.core.env.PropertySourcesPropertyResolverTests" time="0.0"/>
  <testcase name="getProperty_doesNotCache_replaceExistingKeyPostConstruction" classname="org.springframework.core.env.PropertySourcesPropertyResolverTests" time="0.001"/>
  <testcase name="resolvePlaceholders" classname="org.springframework.core.env.PropertySourcesPropertyResolverTests" time="0.0"/>
  <testcase name="containsProperty" classname="org.springframework.core.env.PropertySourcesPropertyResolverTests" time="0.001"/>
  <testcase name="setRequiredProperties_andValidateRequiredProperties" classname="org.springframework.core.env.PropertySourcesPropertyResolverTests" time="0.0"/>
  <testcase name="getRequiredProperty" classname="org.springframework.core.env.PropertySourcesPropertyResolverTests" time="0.0"/>
  <testcase name="getProperty_withStringArrayConversion" classname="org.springframework.core.env.PropertySourcesPropertyResolverTests" time="0.001"/>
  <testcase name="getPropertySources_replacePropertySource" classname="org.springframework.core.env.PropertySourcesPropertyResolverTests" time="0.0"/>
  <testcase name="getProperty_withDefaultValue" classname="org.springframework.core.env.PropertySourcesPropertyResolverTests" time="0.001"/>
  <testcase name="ignoreUnresolvableNestedPlaceholdersIsConfigurable" classname="org.springframework.core.env.PropertySourcesPropertyResolverTests" time="0.001"/>
  <testcase name="resolveRequiredPlaceholders_withDefaultValue" classname="org.springframework.core.env.PropertySourcesPropertyResolverTests" time="0.0"/>
  <testcase name="getProperty_withExplicitNullValue" classname="org.springframework.core.env.PropertySourcesPropertyResolverTests" time="0.001"/>
  <testcase name="resolveNestedPropertyPlaceholders" classname="org.springframework.core.env.PropertySourcesPropertyResolverTests" time="0.001"/>
  <testcase name="getProperty_doesNotCache_addNewKeyPostConstruction" classname="org.springframework.core.env.PropertySourcesPropertyResolverTests" time="0.0"/>
  <testcase name="getProperty_withNonConvertibleTargetType" classname="org.springframework.core.env.PropertySourcesPropertyResolverTests" time="0.002"/>
  <testcase name="resolvePlaceholders_withDefaultValue" classname="org.springframework.core.env.PropertySourcesPropertyResolverTests" time="0.0"/>
  <testcase name="resolvePlaceholders_withNullInput" classname="org.springframework.core.env.PropertySourcesPropertyResolverTests" time="0.001"/>
  <testcase name="getProperty_propertySourceSearchOrderIsFIFO" classname="org.springframework.core.env.PropertySourcesPropertyResolverTests" time="0.0"/>
  <testcase name="resolveRequiredPlaceholders_withUnresolvable" classname="org.springframework.core.env.PropertySourcesPropertyResolverTests" time="0.001"/>
  <testcase name="getProperty" classname="org.springframework.core.env.PropertySourcesPropertyResolverTests" time="0.0"/>
  <testcase name="resolveRequiredPlaceholders" classname="org.springframework.core.env.PropertySourcesPropertyResolverTests" time="0.001"/>
  <testcase name="resolvePlaceholders_withUnresolvable" classname="org.springframework.core.env.PropertySourcesPropertyResolverTests" time="0.0"/>
  <testcase name="getRequiredProperty_withStringArrayConversion" classname="org.springframework.core.env.PropertySourcesPropertyResolverTests" time="0.0"/>
  <system-out><![CDATA[]]></system-out>
  <system-err><![CDATA[]]></system-err>
</testsuite>
