<?xml version="1.0" encoding="UTF-8"?>
<testsuite name="org.springframework.util.Base64UtilsTests" tests="3" skipped="0" failures="0" errors="0" timestamp="2016-11-10T07:40:14" hostname="XB-20161010YVDY" time="0.004">
  <properties/>
  <testcase name="encodeToStringWithJdk8VsJaxb" classname="org.springframework.util.Base64UtilsTests" time="0.004"/>
  <testcase name="encode" classname="org.springframework.util.Base64UtilsTests" time="0.0"/>
  <testcase name="encodeDecodeUrlSafe" classname="org.springframework.util.Base64UtilsTests" time="0.0"/>
  <system-out><![CDATA[]]></system-out>
  <system-err><![CDATA[]]></system-err>
</testsuite>
