<?xml version="1.0" encoding="UTF-8"?>
<testsuite name="org.springframework.util.xml.StaxEventXMLReaderTests" tests="6" skipped="0" failures="0" errors="0" timestamp="2016-11-10T07:40:21" hostname="XB-20161010YVDY" time="0.11">
  <properties/>
  <testcase name="partial" classname="org.springframework.util.xml.StaxEventXMLReaderTests" time="0.041"/>
  <testcase name="contentHandlerNamespacesPrefixes" classname="org.springframework.util.xml.StaxEventXMLReaderTests" time="0.009"/>
  <testcase name="whitespace" classname="org.springframework.util.xml.StaxEventXMLReaderTests" time="0.009"/>
  <testcase name="contentHandlerNoNamespacesPrefixes" classname="org.springframework.util.xml.StaxEventXMLReaderTests" time="0.005"/>
  <testcase name="lexicalHandler" classname="org.springframework.util.xml.StaxEventXMLReaderTests" time="0.043"/>
  <testcase name="contentHandlerNamespacesNoPrefixes" classname="org.springframework.util.xml.StaxEventXMLReaderTests" time="0.003"/>
  <system-out><![CDATA[]]></system-out>
  <system-err><![CDATA[]]></system-err>
</testsuite>
