<?xml version="1.0" encoding="UTF-8"?>
<testsuite name="org.springframework.util.CollectionUtilsTests" tests="12" skipped="0" failures="0" errors="0" timestamp="2016-11-10T07:40:14" hostname="XB-20161010YVDY" time="0.002">
  <properties/>
  <testcase name="testMergeArrayIntoCollection" classname="org.springframework.util.CollectionUtilsTests" time="0.001"/>
  <testcase name="testContainsInstanceWithSameInstance" classname="org.springframework.util.CollectionUtilsTests" time="0.0"/>
  <testcase name="testContainsInstanceWithInstancesThatAreEqualButDistinct" classname="org.springframework.util.CollectionUtilsTests" time="0.0"/>
  <testcase name="testContainsAny" classname="org.springframework.util.CollectionUtilsTests" time="0.0"/>
  <testcase name="testMergePrimitiveArrayIntoCollection" classname="org.springframework.util.CollectionUtilsTests" time="0.0"/>
  <testcase name="testContains" classname="org.springframework.util.CollectionUtilsTests" time="0.0"/>
  <testcase name="testContainsInstanceWithNullInstance" classname="org.springframework.util.CollectionUtilsTests" time="0.0"/>
  <testcase name="testHasUniqueObject" classname="org.springframework.util.CollectionUtilsTests" time="0.0"/>
  <testcase name="testMergePropertiesIntoMap" classname="org.springframework.util.CollectionUtilsTests" time="0.0"/>
  <testcase name="testIsEmpty" classname="org.springframework.util.CollectionUtilsTests" time="0.0"/>
  <testcase name="testFindFirstMatch" classname="org.springframework.util.CollectionUtilsTests" time="0.0"/>
  <testcase name="testContainsInstanceWithNullCollection" classname="org.springframework.util.CollectionUtilsTests" time="0.0"/>
  <system-out><![CDATA[]]></system-out>
  <system-err><![CDATA[]]></system-err>
</testsuite>
