<?xml version="1.0" encoding="UTF-8"?>
<testsuite name="org.springframework.util.xml.DomContentHandlerTests" tests="3" skipped="0" failures="0" errors="0" timestamp="2016-11-10T07:40:15" hostname="XB-20161010YVDY" time="0.06">
  <properties/>
  <testcase name="contentHandlerDocumentNoNamespacePrefixes" classname="org.springframework.util.xml.DomContentHandlerTests" time="0.055"/>
  <testcase name="contentHandlerDocumentNamespacePrefixes" classname="org.springframework.util.xml.DomContentHandlerTests" time="0.003"/>
  <testcase name="contentHandlerElement" classname="org.springframework.util.xml.DomContentHandlerTests" time="0.002"/>
  <system-out><![CDATA[]]></system-out>
  <system-err><![CDATA[]]></system-err>
</testsuite>
