<?xml version="1.0" encoding="UTF-8"?>
<testsuite name="org.springframework.util.CompositeIteratorTests" tests="5" skipped="0" failures="0" errors="0" timestamp="2016-11-10T07:40:14" hostname="XB-20161010YVDY" time="0.001">
  <properties/>
  <testcase name="testMultipleIterators" classname="org.springframework.util.CompositeIteratorTests" time="0.0"/>
  <testcase name="testInUse" classname="org.springframework.util.CompositeIteratorTests" time="0.0"/>
  <testcase name="testNoIterators" classname="org.springframework.util.CompositeIteratorTests" time="0.0"/>
  <testcase name="testSingleIterator" classname="org.springframework.util.CompositeIteratorTests" time="0.0"/>
  <testcase name="testDuplicateIterators" classname="org.springframework.util.CompositeIteratorTests" time="0.0"/>
  <system-out><![CDATA[]]></system-out>
  <system-err><![CDATA[]]></system-err>
</testsuite>
