<?xml version="1.0" encoding="UTF-8"?>
<testsuite name="org.springframework.core.convert.support.MapToMapConverterTests" tests="14" skipped="0" failures="0" errors="0" timestamp="2016-11-10T07:40:11" hostname="XB-20161010YVDY" time="0.009">
  <properties/>
  <testcase name="scalarMapNotGenericTarget" classname="org.springframework.core.convert.support.MapToMapConverterTests" time="0.0"/>
  <testcase name="scalarMap" classname="org.springframework.core.convert.support.MapToMapConverterTests" time="0.0"/>
  <testcase name="collectionMapNotGenericTargetCollectionToObjectInteraction" classname="org.springframework.core.convert.support.MapToMapConverterTests" time="0.0"/>
  <testcase name="noDefaultConstructorCopyNotRequired" classname="org.springframework.core.convert.support.MapToMapConverterTests" time="0.0"/>
  <testcase name="collectionMapNotGenericTarget" classname="org.springframework.core.convert.support.MapToMapConverterTests" time="0.001"/>
  <testcase name="mapToMultiValueMap" classname="org.springframework.core.convert.support.MapToMapConverterTests" time="0.001"/>
  <testcase name="collectionMap" classname="org.springframework.core.convert.support.MapToMapConverterTests" time="0.001"/>
  <testcase name="scalarMapNotGenericSourceField" classname="org.springframework.core.convert.support.MapToMapConverterTests" time="0.001"/>
  <testcase name="collectionMapSourceTarget" classname="org.springframework.core.convert.support.MapToMapConverterTests" time="0.001"/>
  <testcase name="testStringToEnumMap" classname="org.springframework.core.convert.support.MapToMapConverterTests" time="0.001"/>
  <testcase name="emptyMapNoTargetGenericInfo" classname="org.springframework.core.convert.support.MapToMapConverterTests" time="0.0"/>
  <testcase name="multiValueMapToMultiValueMap" classname="org.springframework.core.convert.support.MapToMapConverterTests" time="0.001"/>
  <testcase name="emptyMap" classname="org.springframework.core.convert.support.MapToMapConverterTests" time="0.0"/>
  <testcase name="emptyMapDifferentTargetImplType" classname="org.springframework.core.convert.support.MapToMapConverterTests" time="0.0"/>
  <system-out><![CDATA[]]></system-out>
  <system-err><![CDATA[]]></system-err>
</testsuite>
