<?xml version="1.0" encoding="UTF-8"?>
<testsuite name="org.springframework.util.FastByteArrayOutputStreamTests" tests="18" skipped="0" failures="0" errors="0" timestamp="2016-11-10T07:40:14" hostname="XB-20161010YVDY" time="0.003">
  <properties/>
  <testcase name="updateMessageDigest" classname="org.springframework.util.FastByteArrayOutputStreamTests" time="0.001"/>
  <testcase name="getInputStreamAvailable" classname="org.springframework.util.FastByteArrayOutputStreamTests" time="0.0"/>
  <testcase name="getInputStream" classname="org.springframework.util.FastByteArrayOutputStreamTests" time="0.0"/>
  <testcase name="resize" classname="org.springframework.util.FastByteArrayOutputStreamTests" time="0.0"/>
  <testcase name="updateMessageDigestManyBuffers" classname="org.springframework.util.FastByteArrayOutputStreamTests" time="0.0"/>
  <testcase name="toByteArrayUnsafe" classname="org.springframework.util.FastByteArrayOutputStreamTests" time="0.0"/>
  <testcase name="size" classname="org.springframework.util.FastByteArrayOutputStreamTests" time="0.0"/>
  <testcase name="failResize" classname="org.springframework.util.FastByteArrayOutputStreamTests" time="0.0"/>
  <testcase name="getInputStreamReadAll" classname="org.springframework.util.FastByteArrayOutputStreamTests" time="0.0"/>
  <testcase name="close" classname="org.springframework.util.FastByteArrayOutputStreamTests" time="0.001"/>
  <testcase name="reset" classname="org.springframework.util.FastByteArrayOutputStreamTests" time="0.0"/>
  <testcase name="write" classname="org.springframework.util.FastByteArrayOutputStreamTests" time="0.0"/>
  <testcase name="getInputStreamSkipAll" classname="org.springframework.util.FastByteArrayOutputStreamTests" time="0.0"/>
  <testcase name="getInputStreamReadBeyondEndOfStream" classname="org.springframework.util.FastByteArrayOutputStreamTests" time="0.0"/>
  <testcase name="getInputStreamRead" classname="org.springframework.util.FastByteArrayOutputStreamTests" time="0.0"/>
  <testcase name="getInputStreamSkip" classname="org.springframework.util.FastByteArrayOutputStreamTests" time="0.001"/>
  <testcase name="autoGrow" classname="org.springframework.util.FastByteArrayOutputStreamTests" time="0.0"/>
  <testcase name="writeTo" classname="org.springframework.util.FastByteArrayOutputStreamTests" time="0.0"/>
  <system-out><![CDATA[]]></system-out>
  <system-err><![CDATA[]]></system-err>
</testsuite>
