<?xml version="1.0" encoding="UTF-8"?>
<testsuite name="org.springframework.core.codec.ByteArrayDecoderTests" tests="12" skipped="0" failures="0" errors="0" timestamp="2016-11-10T07:40:10" hostname="XB-20161010YVDY" time="0.107">
  <properties/>
  <testcase name="decode[NettyDataBufferFactory (UnpooledByteBufAllocator(directByDefault: true))]" classname="org.springframework.core.codec.ByteArrayDecoderTests" time="0.082"/>
  <testcase name="canDecode[NettyDataBufferFactory (UnpooledByteBufAllocator(directByDefault: true))]" classname="org.springframework.core.codec.ByteArrayDecoderTests" time="0.001"/>
  <testcase name="decode[NettyDataBufferFactory (UnpooledByteBufAllocator(directByDefault: false))]" classname="org.springframework.core.codec.ByteArrayDecoderTests" time="0.001"/>
  <testcase name="canDecode[NettyDataBufferFactory (UnpooledByteBufAllocator(directByDefault: false))]" classname="org.springframework.core.codec.ByteArrayDecoderTests" time="0.0"/>
  <testcase name="decode[NettyDataBufferFactory (PooledByteBufAllocator(directByDefault: true))]" classname="org.springframework.core.codec.ByteArrayDecoderTests" time="0.016"/>
  <testcase name="canDecode[NettyDataBufferFactory (PooledByteBufAllocator(directByDefault: true))]" classname="org.springframework.core.codec.ByteArrayDecoderTests" time="0.0"/>
  <testcase name="decode[NettyDataBufferFactory (PooledByteBufAllocator(directByDefault: false))]" classname="org.springframework.core.codec.ByteArrayDecoderTests" time="0.003"/>
  <testcase name="canDecode[NettyDataBufferFactory (PooledByteBufAllocator(directByDefault: false))]" classname="org.springframework.core.codec.ByteArrayDecoderTests" time="0.0"/>
  <testcase name="decode[DefaultDataBufferFactory (preferDirect=true)]" classname="org.springframework.core.codec.ByteArrayDecoderTests" time="0.003"/>
  <testcase name="canDecode[DefaultDataBufferFactory (preferDirect=true)]" classname="org.springframework.core.codec.ByteArrayDecoderTests" time="0.0"/>
  <testcase name="decode[DefaultDataBufferFactory (preferDirect=false)]" classname="org.springframework.core.codec.ByteArrayDecoderTests" time="0.0"/>
  <testcase name="canDecode[DefaultDataBufferFactory (preferDirect=false)]" classname="org.springframework.core.codec.ByteArrayDecoderTests" time="0.001"/>
  <system-out><![CDATA[]]></system-out>
  <system-err><![CDATA[]]></system-err>
</testsuite>
