<?xml version="1.0" encoding="UTF-8"?>
<testsuite name="org.springframework.core.io.ClassPathResourceTests" tests="9" skipped="0" failures="0" errors="0" timestamp="2016-11-10T07:40:11" hostname="XB-20161010YVDY" time="0.002">
  <properties/>
  <testcase name="stringConstructorRaisesExceptionWithFullyQualifiedPath" classname="org.springframework.core.io.ClassPathResourceTests" time="0.001"/>
  <testcase name="getDescriptionWithClassLoaderConstructorAndLeadingSlash" classname="org.springframework.core.io.ClassPathResourceTests" time="0.0"/>
  <testcase name="getDescriptionWithStringConstructor" classname="org.springframework.core.io.ClassPathResourceTests" time="0.0"/>
  <testcase name="classLiteralConstructorRaisesExceptionWithFullyQualifiedPath" classname="org.springframework.core.io.ClassPathResourceTests" time="0.001"/>
  <testcase name="getDescriptionWithStringConstructorAndLeadingSlash" classname="org.springframework.core.io.ClassPathResourceTests" time="0.0"/>
  <testcase name="getDescriptionWithClassLiteralConstructor" classname="org.springframework.core.io.ClassPathResourceTests" time="0.0"/>
  <testcase name="classLoaderConstructorRaisesExceptionWithFullyQualifiedPath" classname="org.springframework.core.io.ClassPathResourceTests" time="0.0"/>
  <testcase name="getDescriptionWithClassLiteralConstructorAndLeadingSlash" classname="org.springframework.core.io.ClassPathResourceTests" time="0.0"/>
  <testcase name="getDescriptionWithClassLoaderConstructor" classname="org.springframework.core.io.ClassPathResourceTests" time="0.0"/>
  <system-out><![CDATA[]]></system-out>
  <system-err><![CDATA[]]></system-err>
</testsuite>
