<?xml version="1.0" encoding="UTF-8"?>
<testsuite name="org.springframework.core.task.SimpleAsyncTaskExecutorTests" tests="5" skipped="1" failures="0" errors="0" timestamp="2016-11-10T07:40:13" hostname="XB-20161010YVDY" time="0.007">
  <properties/>
  <testcase name="threadFactoryOverridesDefaults" classname="org.springframework.core.task.SimpleAsyncTaskExecutorTests" time="0.004"/>
  <testcase name="threadNameGetsSetCorrectly" classname="org.springframework.core.task.SimpleAsyncTaskExecutorTests" time="0.002"/>
  <testcase name="cannotExecuteWhenConcurrencyIsSwitchedOff" classname="org.springframework.core.task.SimpleAsyncTaskExecutorTests" time="0.0">
    <skipped/>
  </testcase>
  <testcase name="throttleIsNotActiveByDefault" classname="org.springframework.core.task.SimpleAsyncTaskExecutorTests" time="0.0"/>
  <testcase name="throwsExceptionWhenSuppliedWithNullRunnable" classname="org.springframework.core.task.SimpleAsyncTaskExecutorTests" time="0.001"/>
  <system-out><![CDATA[]]></system-out>
  <system-err><![CDATA[]]></system-err>
</testsuite>
