<?xml version="1.0" encoding="UTF-8"?>
<testsuite name="org.springframework.core.OrderComparatorTests" tests="8" skipped="0" failures="0" errors="0" timestamp="2016-11-10T07:40:13" hostname="XB-20161010YVDY" time="0.002">
  <properties/>
  <testcase name="compareOrderedInstancesBefore" classname="org.springframework.core.OrderComparatorTests" time="0.0"/>
  <testcase name="compareOrderedInstancesAfter" classname="org.springframework.core.OrderComparatorTests" time="0.0"/>
  <testcase name="compareTwoNonOrderedInstancesEndsUpAsSame" classname="org.springframework.core.OrderComparatorTests" time="0.0"/>
  <testcase name="compareOrderedInstancesSame" classname="org.springframework.core.OrderComparatorTests" time="0.0"/>
  <testcase name="compareWithSourceProviderArray" classname="org.springframework.core.OrderComparatorTests" time="0.0"/>
  <testcase name="compareWithSourceProviderEmpty" classname="org.springframework.core.OrderComparatorTests" time="0.0"/>
  <testcase name="compareWithSourceProviderArrayNoMatch" classname="org.springframework.core.OrderComparatorTests" time="0.0"/>
  <testcase name="compareWithSimpleSourceProvider" classname="org.springframework.core.OrderComparatorTests" time="0.0"/>
  <system-out><![CDATA[]]></system-out>
  <system-err><![CDATA[]]></system-err>
</testsuite>
