<?xml version="1.0" encoding="UTF-8"?>
<testsuite name="org.springframework.util.ResourceUtilsTests" tests="3" skipped="0" failures="0" errors="0" timestamp="2016-11-10T07:40:14" hostname="XB-20161010YVDY" time="0.002">
  <properties/>
  <testcase name="isJarURL" classname="org.springframework.util.ResourceUtilsTests" time="0.002"/>
  <testcase name="extractJarFileURL" classname="org.springframework.util.ResourceUtilsTests" time="0.0"/>
  <testcase name="extractArchiveURL" classname="org.springframework.util.ResourceUtilsTests" time="0.0"/>
  <system-out><![CDATA[]]></system-out>
  <system-err><![CDATA[]]></system-err>
</testsuite>
