<?xml version="1.0" encoding="UTF-8"?>
<testsuite name="org.springframework.util.SerializationUtilsTests" tests="6" skipped="0" failures="0" errors="0" timestamp="2016-11-10T07:40:14" hostname="XB-20161010YVDY" time="0.01">
  <properties/>
  <testcase name="serializeCycleSunnyDay" classname="org.springframework.util.SerializationUtilsTests" time="0.001"/>
  <testcase name="deserializeUndefined" classname="org.springframework.util.SerializationUtilsTests" time="0.001"/>
  <testcase name="deserializeNonSerializable" classname="org.springframework.util.SerializationUtilsTests" time="0.0"/>
  <testcase name="serializeNonSerializable" classname="org.springframework.util.SerializationUtilsTests" time="0.007"/>
  <testcase name="serializeNull" classname="org.springframework.util.SerializationUtilsTests" time="0.0"/>
  <testcase name="deserializeNull" classname="org.springframework.util.SerializationUtilsTests" time="0.0"/>
  <system-out><![CDATA[]]></system-out>
  <system-err><![CDATA[]]></system-err>
</testsuite>
