<?xml version="1.0" encoding="UTF-8"?>
<testsuite name="org.springframework.core.io.ResourceTests" tests="17" skipped="1" failures="0" errors="0" timestamp="2016-11-10T07:40:12" hostname="XB-20161010YVDY" time="0.007">
  <properties/>
  <testcase name="testFileSystemResourceWithRelativePath" classname="org.springframework.core.io.ResourceTests" time="0.0"/>
  <testcase name="testInputStreamResource" classname="org.springframework.core.io.ResourceTests" time="0.0"/>
  <testcase name="testByteArrayResource" classname="org.springframework.core.io.ResourceTests" time="0.0"/>
  <testcase name="testContentLength_withNullInputStream" classname="org.springframework.core.io.ResourceTests" time="0.0"/>
  <testcase name="testInputStreamResourceWithDescription" classname="org.springframework.core.io.ResourceTests" time="0.001"/>
  <testcase name="testGetReadableByteChannel" classname="org.springframework.core.io.ResourceTests" time="0.0"/>
  <testcase name="testFileSystemResource" classname="org.springframework.core.io.ResourceTests" time="0.001"/>
  <testcase name="testUrlResourceWithRelativePath" classname="org.springframework.core.io.ResourceTests" time="0.001"/>
  <testcase name="testByteArrayResourceWithDescription" classname="org.springframework.core.io.ResourceTests" time="0.0"/>
  <testcase name="testClassPathResource" classname="org.springframework.core.io.ResourceTests" time="0.0"/>
  <testcase name="testUrlResource" classname="org.springframework.core.io.ResourceTests" time="0.002"/>
  <testcase name="testClassPathResourceWithClass" classname="org.springframework.core.io.ResourceTests" time="0.0"/>
  <testcase name="testClassPathResourceWithClassLoader" classname="org.springframework.core.io.ResourceTests" time="0.001"/>
  <testcase name="testClassPathResourceWithRelativePath" classname="org.springframework.core.io.ResourceTests" time="0.0"/>
  <testcase name="testContentLength" classname="org.springframework.core.io.ResourceTests" time="0.0"/>
  <testcase name="testNonFileResourceExists" classname="org.springframework.core.io.ResourceTests" time="0.0">
    <skipped/>
  </testcase>
  <testcase name="testAbstractResourceExceptions" classname="org.springframework.core.io.ResourceTests" time="0.0"/>
  <system-out><![CDATA[]]></system-out>
  <system-err><![CDATA[]]></system-err>
</testsuite>
