<?xml version="1.0" encoding="UTF-8"?>
<testsuite name="org.springframework.core.env.MutablePropertySourcesTests" tests="2" skipped="0" failures="0" errors="0" timestamp="2016-11-10T07:40:11" hostname="XB-20161010YVDY" time="0.003">
  <properties/>
  <testcase name="getNonExistentPropertySourceReturnsNull" classname="org.springframework.core.env.MutablePropertySourcesTests" time="0.001"/>
  <testcase name="test" classname="org.springframework.core.env.MutablePropertySourcesTests" time="0.002"/>
  <system-out><![CDATA[]]></system-out>
  <system-err><![CDATA[]]></system-err>
</testsuite>
