<?xml version="1.0" encoding="UTF-8"?>
<testsuite name="org.springframework.util.concurrent.ListenableFutureTaskTests" tests="4" skipped="0" failures="0" errors="0" timestamp="2016-11-10T07:40:14" hostname="XB-20161010YVDY" time="0.039">
  <properties/>
  <testcase name="success" classname="org.springframework.util.concurrent.ListenableFutureTaskTests" time="0.003"/>
  <testcase name="failure" classname="org.springframework.util.concurrent.ListenableFutureTaskTests" time="0.001"/>
  <testcase name="failureWithLambdas" classname="org.springframework.util.concurrent.ListenableFutureTaskTests" time="0.035"/>
  <testcase name="successWithLambdas" classname="org.springframework.util.concurrent.ListenableFutureTaskTests" time="0.0"/>
  <system-out><![CDATA[]]></system-out>
  <system-err><![CDATA[]]></system-err>
</testsuite>
