<?xml version="1.0" encoding="UTF-8"?>
<testsuite name="org.springframework.tests.TestGroupTests" tests="7" skipped="0" failures="0" errors="0" timestamp="2016-11-10T07:40:13" hostname="XB-20161010YVDY" time="0.001">
  <properties/>
  <testcase name="parseNull" classname="org.springframework.tests.TestGroupTests" time="0.0"/>
  <testcase name="parseInMixedCase" classname="org.springframework.tests.TestGroupTests" time="0.0"/>
  <testcase name="parseMissing" classname="org.springframework.tests.TestGroupTests" time="0.0"/>
  <testcase name="parseAllExcept" classname="org.springframework.tests.TestGroupTests" time="0.001"/>
  <testcase name="parseEmptyString" classname="org.springframework.tests.TestGroupTests" time="0.0"/>
  <testcase name="parseAll" classname="org.springframework.tests.TestGroupTests" time="0.0"/>
  <testcase name="parseWithSpaces" classname="org.springframework.tests.TestGroupTests" time="0.0"/>
  <system-out><![CDATA[]]></system-out>
  <system-err><![CDATA[]]></system-err>
</testsuite>
