<?xml version="1.0" encoding="UTF-8"?>
<testsuite name="org.springframework.util.LinkedMultiValueMapTests" tests="4" skipped="0" failures="0" errors="0" timestamp="2016-11-10T07:40:14" hostname="XB-20161010YVDY" time="0.001">
  <properties/>
  <testcase name="equals" classname="org.springframework.util.LinkedMultiValueMapTests" time="0.0"/>
  <testcase name="add" classname="org.springframework.util.LinkedMultiValueMapTests" time="0.001"/>
  <testcase name="set" classname="org.springframework.util.LinkedMultiValueMapTests" time="0.0"/>
  <testcase name="getFirst" classname="org.springframework.util.LinkedMultiValueMapTests" time="0.0"/>
  <system-out><![CDATA[]]></system-out>
  <system-err><![CDATA[]]></system-err>
</testsuite>
