<?xml version="1.0" encoding="UTF-8"?>
<testsuite name="org.springframework.util.AntPathMatcherTests" tests="21" skipped="0" failures="0" errors="0" timestamp="2016-11-10T07:40:13" hostname="XB-20161010YVDY" time="0.542">
  <properties/>
  <testcase name="combineWithTwoFileExtensionPatterns" classname="org.springframework.util.AntPathMatcherTests" time="0.0"/>
  <testcase name="patternComparator" classname="org.springframework.util.AntPathMatcherTests" time="0.002"/>
  <testcase name="creatingStringMatchersIfPatternPrefixCannotDetermineIfPathMatch" classname="org.springframework.util.AntPathMatcherTests" time="0.0"/>
  <testcase name="extractUriTemplateVarsRegexQualifiers" classname="org.springframework.util.AntPathMatcherTests" time="0.002"/>
  <testcase name="withMatchStart" classname="org.springframework.util.AntPathMatcherTests" time="0.001"/>
  <testcase name="uniqueDeliminator" classname="org.springframework.util.AntPathMatcherTests" time="0.001"/>
  <testcase name="extractPathWithinPattern" classname="org.springframework.util.AntPathMatcherTests" time="0.0"/>
  <testcase name="extractUriTemplateVarsRegexCapturingGroups" classname="org.springframework.util.AntPathMatcherTests" time="0.0"/>
  <testcase name="defaultCacheSetting" classname="org.springframework.util.AntPathMatcherTests" time="0.116"/>
  <testcase name="extractUriTemplateVariables" classname="org.springframework.util.AntPathMatcherTests" time="0.0"/>
  <testcase name="match" classname="org.springframework.util.AntPathMatcherTests" time="0.001"/>
  <testcase name="caseInsensitive" classname="org.springframework.util.AntPathMatcherTests" time="0.001"/>
  <testcase name="patternComparatorSort" classname="org.springframework.util.AntPathMatcherTests" time="0.0"/>
  <testcase name="cachePatternsSetToTrue" classname="org.springframework.util.AntPathMatcherTests" time="0.413"/>
  <testcase name="trimTokensOff" classname="org.springframework.util.AntPathMatcherTests" time="0.0"/>
  <testcase name="cachePatternsSetToFalse" classname="org.springframework.util.AntPathMatcherTests" time="0.001"/>
  <testcase name="combine" classname="org.springframework.util.AntPathMatcherTests" time="0.0"/>
  <testcase name="matchWithTrimTokensEnabled" classname="org.springframework.util.AntPathMatcherTests" time="0.0"/>
  <testcase name="preventCreatingStringMatchersIfPathDoesNotStartsWithPatternPrefix" classname="org.springframework.util.AntPathMatcherTests" time="0.0"/>
  <testcase name="extractUriTemplateVariablesRegex" classname="org.springframework.util.AntPathMatcherTests" time="0.0"/>
  <testcase name="extensionMappingWithDotPathSeparator" classname="org.springframework.util.AntPathMatcherTests" time="0.001"/>
  <system-out><![CDATA[]]></system-out>
  <system-err><![CDATA[]]></system-err>
</testsuite>
