<?xml version="1.0" encoding="UTF-8"?>
<testsuite name="org.springframework.core.MethodParameterTests" tests="4" skipped="0" failures="0" errors="0" timestamp="2016-11-10T07:40:13" hostname="XB-20161010YVDY" time="0.0">
  <properties/>
  <testcase name="testFactoryMethods" classname="org.springframework.core.MethodParameterTests" time="0.0"/>
  <testcase name="testHashCode" classname="org.springframework.core.MethodParameterTests" time="0.0"/>
  <testcase name="testEquals" classname="org.springframework.core.MethodParameterTests" time="0.0"/>
  <testcase name="testIndexValidation" classname="org.springframework.core.MethodParameterTests" time="0.0"/>
  <system-out><![CDATA[]]></system-out>
  <system-err><![CDATA[]]></system-err>
</testsuite>
