<?xml version="1.0" encoding="UTF-8"?>
<testsuite name="org.springframework.util.TypeUtilsTests" tests="4" skipped="0" failures="0" errors="0" timestamp="2016-11-10T07:40:15" hostname="XB-20161010YVDY" time="0.001">
  <properties/>
  <testcase name="withParameterizedTypes" classname="org.springframework.util.TypeUtilsTests" time="0.001"/>
  <testcase name="withWildcardTypes" classname="org.springframework.util.TypeUtilsTests" time="0.0"/>
  <testcase name="withGenericArrayTypes" classname="org.springframework.util.TypeUtilsTests" time="0.0"/>
  <testcase name="withClasses" classname="org.springframework.util.TypeUtilsTests" time="0.0"/>
  <system-out><![CDATA[]]></system-out>
  <system-err><![CDATA[]]></system-err>
</testsuite>
