<?xml version="1.0" encoding="UTF-8"?>
<testsuite name="org.springframework.core.env.SystemEnvironmentPropertySourceTests" tests="7" skipped="0" failures="0" errors="0" timestamp="2016-11-10T07:40:11" hostname="XB-20161010YVDY" time="0.002">
  <properties/>
  <testcase name="normalWithPeriod" classname="org.springframework.core.env.SystemEnvironmentPropertySourceTests" time="0.0"/>
  <testcase name="withUnderscore" classname="org.springframework.core.env.SystemEnvironmentPropertySourceTests" time="0.0"/>
  <testcase name="none" classname="org.springframework.core.env.SystemEnvironmentPropertySourceTests" time="0.001"/>
  <testcase name="normalWithoutPeriod" classname="org.springframework.core.env.SystemEnvironmentPropertySourceTests" time="0.0"/>
  <testcase name="withUppercase" classname="org.springframework.core.env.SystemEnvironmentPropertySourceTests" time="0.0"/>
  <testcase name="withSecurityConstraints" classname="org.springframework.core.env.SystemEnvironmentPropertySourceTests" time="0.001"/>
  <testcase name="withBothPeriodAndUnderscore" classname="org.springframework.core.env.SystemEnvironmentPropertySourceTests" time="0.0"/>
  <system-out><![CDATA[]]></system-out>
  <system-err><![CDATA[]]></system-err>
</testsuite>
