<?xml version="1.0" encoding="UTF-8"?>
<testsuite name="org.springframework.core.ConventionsTests" tests="7" skipped="0" failures="0" errors="0" timestamp="2016-11-10T07:40:11" hostname="XB-20161010YVDY" time="0.003">
  <properties/>
  <testcase name="simpleObject" classname="org.springframework.core.ConventionsTests" time="0.002"/>
  <testcase name="emptyList" classname="org.springframework.core.ConventionsTests" time="0.0"/>
  <testcase name="attributeNameToPropertyName" classname="org.springframework.core.ConventionsTests" time="0.0"/>
  <testcase name="getQualifiedAttributeName" classname="org.springframework.core.ConventionsTests" time="0.0"/>
  <testcase name="set" classname="org.springframework.core.ConventionsTests" time="0.0"/>
  <testcase name="list" classname="org.springframework.core.ConventionsTests" time="0.001"/>
  <testcase name="array" classname="org.springframework.core.ConventionsTests" time="0.0"/>
  <system-out><![CDATA[]]></system-out>
  <system-err><![CDATA[]]></system-err>
</testsuite>
