<?xml version="1.0" encoding="UTF-8"?>
<testsuite name="org.springframework.util.PropertiesPersisterTests" tests="8" skipped="0" failures="0" errors="0" timestamp="2016-11-10T07:40:14" hostname="XB-20161010YVDY" time="0.001">
  <properties/>
  <testcase name="propertiesPersisterWithReaderAndWhitespace" classname="org.springframework.util.PropertiesPersisterTests" time="0.0"/>
  <testcase name="propertiesPersister" classname="org.springframework.util.PropertiesPersisterTests" time="0.001"/>
  <testcase name="propertiesPersisterWithEmptyValue" classname="org.springframework.util.PropertiesPersisterTests" time="0.0"/>
  <testcase name="propertiesPersisterWithReaderAndHeader" classname="org.springframework.util.PropertiesPersisterTests" time="0.0"/>
  <testcase name="propertiesPersisterWithHeader" classname="org.springframework.util.PropertiesPersisterTests" time="0.0"/>
  <testcase name="propertiesPersisterWithWhitespace" classname="org.springframework.util.PropertiesPersisterTests" time="0.0"/>
  <testcase name="propertiesPersisterWithReader" classname="org.springframework.util.PropertiesPersisterTests" time="0.0"/>
  <testcase name="propertiesPersisterWithReaderAndEmptyValue" classname="org.springframework.util.PropertiesPersisterTests" time="0.0"/>
  <system-out><![CDATA[]]></system-out>
  <system-err><![CDATA[]]></system-err>
</testsuite>
