<?xml version="1.0" encoding="UTF-8"?>
<testsuite name="org.springframework.util.InstanceFilterTests" tests="5" skipped="0" failures="0" errors="0" timestamp="2016-11-10T07:40:14" hostname="XB-20161010YVDY" time="0.001">
  <properties/>
  <testcase name="excludesFilter" classname="org.springframework.util.InstanceFilterTests" time="0.0"/>
  <testcase name="includesAndExcludesFilters" classname="org.springframework.util.InstanceFilterTests" time="0.0"/>
  <testcase name="includesFilter" classname="org.springframework.util.InstanceFilterTests" time="0.0"/>
  <testcase name="emptyFilterApplyMatchIfEmpty" classname="org.springframework.util.InstanceFilterTests" time="0.0"/>
  <testcase name="includesAndExcludesFiltersConflict" classname="org.springframework.util.InstanceFilterTests" time="0.0"/>
  <system-out><![CDATA[]]></system-out>
  <system-err><![CDATA[]]></system-err>
</testsuite>
