<?xml version="1.0" encoding="UTF-8"?>
<testsuite name="org.springframework.util.LinkedCaseInsensitiveMapTests" tests="5" skipped="0" failures="0" errors="0" timestamp="2016-11-10T07:40:14" hostname="XB-20161010YVDY" time="0.0">
  <properties/>
  <testcase name="putAndGet" classname="org.springframework.util.LinkedCaseInsensitiveMapTests" time="0.0"/>
  <testcase name="putWithOverlappingKeys" classname="org.springframework.util.LinkedCaseInsensitiveMapTests" time="0.0"/>
  <testcase name="getOrDefaultWithNullValue" classname="org.springframework.util.LinkedCaseInsensitiveMapTests" time="0.0"/>
  <testcase name="mapClone" classname="org.springframework.util.LinkedCaseInsensitiveMapTests" time="0.0"/>
  <testcase name="getOrDefault" classname="org.springframework.util.LinkedCaseInsensitiveMapTests" time="0.0"/>
  <system-out><![CDATA[]]></system-out>
  <system-err><![CDATA[]]></system-err>
</testsuite>
