<?xml version="1.0" encoding="UTF-8"?>
<testsuite name="org.springframework.util.xml.XMLEventStreamReaderTests" tests="2" skipped="0" failures="0" errors="0" timestamp="2016-11-10T07:40:28" hostname="XB-20161010YVDY" time="0.015">
  <properties/>
  <testcase name="readCorrect" classname="org.springframework.util.xml.XMLEventStreamReaderTests" time="0.013"/>
  <testcase name="readAll" classname="org.springframework.util.xml.XMLEventStreamReaderTests" time="0.002"/>
  <system-out><![CDATA[]]></system-out>
  <system-err><![CDATA[]]></system-err>
</testsuite>
