<?xml version="1.0" encoding="UTF-8"?>
<testsuite name="org.springframework.util.FileSystemUtilsTests" tests="2" skipped="0" failures="0" errors="0" timestamp="2016-11-10T07:40:14" hostname="XB-20161010YVDY" time="0.012">
  <properties/>
  <testcase name="deleteRecursively" classname="org.springframework.util.FileSystemUtilsTests" time="0.005"/>
  <testcase name="copyRecursively" classname="org.springframework.util.FileSystemUtilsTests" time="0.007"/>
  <system-out><![CDATA[]]></system-out>
  <system-err><![CDATA[]]></system-err>
</testsuite>
