<?xml version="1.0" encoding="UTF-8"?>
<testsuite name="org.springframework.core.convert.support.ReactiveAdapterRegistryTests" tests="1" skipped="0" failures="0" errors="0" timestamp="2016-11-10T07:40:11" hostname="XB-20161010YVDY" time="0.031">
  <properties/>
  <testcase name="getDefaultAdapters" classname="org.springframework.core.convert.support.ReactiveAdapterRegistryTests" time="0.031"/>
  <system-out><![CDATA[]]></system-out>
  <system-err><![CDATA[]]></system-err>
</testsuite>
