<?xml version="1.0" encoding="UTF-8"?>
<testsuite name="org.springframework.util.MethodInvokerTests" tests="8" skipped="0" failures="0" errors="0" timestamp="2016-11-10T07:40:14" hostname="XB-20161010YVDY" time="0.007">
  <properties/>
  <testcase name="salesmanWithMethodInvoker" classname="org.springframework.util.MethodInvokerTests" time="0.004"/>
  <testcase name="plainMethodInvoker" classname="org.springframework.util.MethodInvokerTests" time="0.002"/>
  <testcase name="vipWithMethodInvoker" classname="org.springframework.util.MethodInvokerTests" time="0.0"/>
  <testcase name="shopperWithMethodInvoker" classname="org.springframework.util.MethodInvokerTests" time="0.0"/>
  <testcase name="purchaserWithMethodInvoker" classname="org.springframework.util.MethodInvokerTests" time="0.0"/>
  <testcase name="customerWithMethodInvoker" classname="org.springframework.util.MethodInvokerTests" time="0.001"/>
  <testcase name="stringWithMethodInvoker" classname="org.springframework.util.MethodInvokerTests" time="0.0"/>
  <testcase name="regularWithMethodInvoker" classname="org.springframework.util.MethodInvokerTests" time="0.0"/>
  <system-out><![CDATA[]]></system-out>
  <system-err><![CDATA[]]></system-err>
</testsuite>
