<?xml version="1.0" encoding="UTF-8"?>
<testsuite name="org.springframework.core.io.ResourceEditorTests" tests="6" skipped="0" failures="0" errors="0" timestamp="2016-11-10T07:40:12" hostname="XB-20161010YVDY" time="0.003">
  <properties/>
  <testcase name="sunnyDay" classname="org.springframework.core.io.ResourceEditorTests" time="0.001"/>
  <testcase name="ctorWithNullCtorArgs" classname="org.springframework.core.io.ResourceEditorTests" time="0.0"/>
  <testcase name="testStrictSystemPropertyReplacement" classname="org.springframework.core.io.ResourceEditorTests" time="0.001"/>
  <testcase name="testSystemPropertyReplacement" classname="org.springframework.core.io.ResourceEditorTests" time="0.001"/>
  <testcase name="setAndGetAsTextWithWhitespaceResource" classname="org.springframework.core.io.ResourceEditorTests" time="0.0"/>
  <testcase name="setAndGetAsTextWithNull" classname="org.springframework.core.io.ResourceEditorTests" time="0.0"/>
  <system-out><![CDATA[]]></system-out>
  <system-err><![CDATA[]]></system-err>
</testsuite>
