<?xml version="1.0" encoding="UTF-8"?>
<testsuite name="org.springframework.core.PrioritizedParameterNameDiscovererTests" tests="3" skipped="0" failures="0" errors="0" timestamp="2016-11-10T07:40:13" hostname="XB-20161010YVDY" time="0.0">
  <properties/>
  <testcase name="noParametersDiscoverers" classname="org.springframework.core.PrioritizedParameterNameDiscovererTests" time="0.0"/>
  <testcase name="orderedParameterDiscoverers1" classname="org.springframework.core.PrioritizedParameterNameDiscovererTests" time="0.0"/>
  <testcase name="orderedParameterDiscoverers2" classname="org.springframework.core.PrioritizedParameterNameDiscovererTests" time="0.0"/>
  <system-out><![CDATA[]]></system-out>
  <system-err><![CDATA[]]></system-err>
</testsuite>
