<?xml version="1.0" encoding="UTF-8"?>
<testsuite name="org.springframework.aop.framework.ProxyFactoryTests" tests="13" skipped="1" failures="0" errors="0" timestamp="2016-11-10T07:37:30" hostname="XB-20161010YVDY" time="0.077">
  <properties/>
  <testcase name="testReplaceAdvisor" classname="org.springframework.aop.framework.ProxyFactoryTests" time="0.001"/>
  <testcase name="testProxyTargetClassWithInterfaceAsTarget" classname="org.springframework.aop.framework.ProxyFactoryTests" time="0.004"/>
  <testcase name="testExclusionOfNonPublicInterfaces" classname="org.springframework.aop.framework.ProxyFactoryTests" time="0.0">
    <skipped/>
  </testcase>
  <testcase name="testInterceptorInclusionMethods" classname="org.springframework.aop.framework.ProxyFactoryTests" time="0.001"/>
  <testcase name="testCanAddAndRemoveAspectInterfacesOnSingleton" classname="org.springframework.aop.framework.ProxyFactoryTests" time="0.008"/>
  <testcase name="testRemoveAdvisorByReference" classname="org.springframework.aop.framework.ProxyFactoryTests" time="0.001"/>
  <testcase name="testGetsAllInterfaces" classname="org.springframework.aop.framework.ProxyFactoryTests" time="0.009"/>
  <testcase name="testIndexOfMethods" classname="org.springframework.aop.framework.ProxyFactoryTests" time="0.001"/>
  <testcase name="testRemoveAdvisorByIndex" classname="org.springframework.aop.framework.ProxyFactoryTests" time="0.0"/>
  <testcase name="testProxyTargetClassWithConcreteClassAsTarget" classname="org.springframework.aop.framework.ProxyFactoryTests" time="0.032"/>
  <testcase name="testInterfaceProxiesCanBeOrderedThroughAnnotations" classname="org.springframework.aop.framework.ProxyFactoryTests" time="0.006"/>
  <testcase name="testTargetClassProxiesCanBeOrderedThroughAnnotations" classname="org.springframework.aop.framework.ProxyFactoryTests" time="0.01"/>
  <testcase name="testAddRepeatedInterface" classname="org.springframework.aop.framework.ProxyFactoryTests" time="0.003"/>
  <system-out><![CDATA[]]></system-out>
  <system-err><![CDATA[]]></system-err>
</testsuite>
