<?xml version="1.0" encoding="UTF-8"?>
<testsuite name="org.springframework.aop.interceptor.PerformanceMonitorInterceptorTests" tests="3" skipped="0" failures="0" errors="0" timestamp="2016-11-10T07:37:31" hostname="XB-20161010YVDY" time="0.002">
  <properties/>
  <testcase name="testExceptionPathStillLogsPerformanceMetricsCorrectly" classname="org.springframework.aop.interceptor.PerformanceMonitorInterceptorTests" time="0.001"/>
  <testcase name="testSuffixAndPrefixAssignment" classname="org.springframework.aop.interceptor.PerformanceMonitorInterceptorTests" time="0.001"/>
  <testcase name="testSunnyDayPathLogsPerformanceMetricsCorrectly" classname="org.springframework.aop.interceptor.PerformanceMonitorInterceptorTests" time="0.0"/>
  <system-out><![CDATA[]]></system-out>
  <system-err><![CDATA[]]></system-err>
</testsuite>
