<?xml version="1.0" encoding="UTF-8"?>
<testsuite name="org.springframework.aop.support.ControlFlowPointcutTests" tests="3" skipped="0" failures="0" errors="0" timestamp="2016-11-10T07:37:31" hostname="XB-20161010YVDY" time="0.004">
  <properties/>
  <testcase name="testSelectiveApplication" classname="org.springframework.aop.support.ControlFlowPointcutTests" time="0.003"/>
  <testcase name="testMatches" classname="org.springframework.aop.support.ControlFlowPointcutTests" time="0.001"/>
  <testcase name="testEqualsAndHashCode" classname="org.springframework.aop.support.ControlFlowPointcutTests" time="0.0"/>
  <system-out><![CDATA[]]></system-out>
  <system-err><![CDATA[]]></system-err>
</testsuite>
