<?xml version="1.0" encoding="UTF-8"?>
<testsuite name="org.springframework.aop.target.HotSwappableTargetSourceTests" tests="4" skipped="0" failures="0" errors="0" timestamp="2016-11-10T07:37:31" hostname="XB-20161010YVDY" time="0.077">
  <properties/>
  <testcase name="testRejectsSwapToNull" classname="org.springframework.aop.target.HotSwappableTargetSourceTests" time="0.024"/>
  <testcase name="testBasicFunctionality" classname="org.springframework.aop.target.HotSwappableTargetSourceTests" time="0.02"/>
  <testcase name="testSerialization" classname="org.springframework.aop.target.HotSwappableTargetSourceTests" time="0.021"/>
  <testcase name="testValidSwaps" classname="org.springframework.aop.target.HotSwappableTargetSourceTests" time="0.01"/>
  <system-out><![CDATA[]]></system-out>
  <system-err><![CDATA[]]></system-err>
</testsuite>
