<?xml version="1.0" encoding="UTF-8"?>
<testsuite name="org.springframework.aop.target.ThreadLocalTargetSourceTests" tests="5" skipped="0" failures="0" errors="0" timestamp="2016-11-10T07:37:32" hostname="XB-20161010YVDY" time="0.068">
  <properties/>
  <testcase name="testUseDifferentManagedInstancesInSameThread" classname="org.springframework.aop.target.ThreadLocalTargetSourceTests" time="0.038"/>
  <testcase name="testNewThreadHasOwnInstance" classname="org.springframework.aop.target.ThreadLocalTargetSourceTests" time="0.006"/>
  <testcase name="testReuseDestroyedTarget" classname="org.springframework.aop.target.ThreadLocalTargetSourceTests" time="0.007"/>
  <testcase name="testReuseInSameThread" classname="org.springframework.aop.target.ThreadLocalTargetSourceTests" time="0.009"/>
  <testcase name="testCanGetStatsViaMixin" classname="org.springframework.aop.target.ThreadLocalTargetSourceTests" time="0.008"/>
  <system-out><![CDATA[]]></system-out>
  <system-err><![CDATA[]]></system-err>
</testsuite>
