<?xml version="1.0" encoding="UTF-8"?>
<testsuite name="org.springframework.aop.framework.adapter.ThrowsAdviceInterceptorTests" tests="6" skipped="0" failures="0" errors="0" timestamp="2016-11-10T07:37:29" hostname="XB-20161010YVDY" time="0.44">
  <properties/>
  <testcase name="testCorrectHandlerUsedForSubclass" classname="org.springframework.aop.framework.adapter.ThrowsAdviceInterceptorTests" time="0.437"/>
  <testcase name="testCorrectHandlerUsed" classname="org.springframework.aop.framework.adapter.ThrowsAdviceInterceptorTests" time="0.001"/>
  <testcase name="testNotInvoked" classname="org.springframework.aop.framework.adapter.ThrowsAdviceInterceptorTests" time="0.0"/>
  <testcase name="testHandlerMethodThrowsException" classname="org.springframework.aop.framework.adapter.ThrowsAdviceInterceptorTests" time="0.001"/>
  <testcase name="testNoHandlerMethods" classname="org.springframework.aop.framework.adapter.ThrowsAdviceInterceptorTests" time="0.0"/>
  <testcase name="testNoHandlerMethodForThrowable" classname="org.springframework.aop.framework.adapter.ThrowsAdviceInterceptorTests" time="0.001"/>
  <system-out><![CDATA[]]></system-out>
  <system-err><![CDATA[]]></system-err>
</testsuite>
