<?xml version="1.0" encoding="UTF-8"?>
<testsuite name="org.springframework.aop.support.ClassFiltersTests" tests="2" skipped="0" failures="0" errors="0" timestamp="2016-11-10T07:37:31" hostname="XB-20161010YVDY" time="0.0">
  <properties/>
  <testcase name="testUnion" classname="org.springframework.aop.support.ClassFiltersTests" time="0.0"/>
  <testcase name="testIntersection" classname="org.springframework.aop.support.ClassFiltersTests" time="0.0"/>
  <system-out><![CDATA[]]></system-out>
  <system-err><![CDATA[]]></system-err>
</testsuite>
