<?xml version="1.0" encoding="UTF-8"?>
<testsuite name="org.springframework.aop.framework.PrototypeTargetTests" tests="2" skipped="0" failures="0" errors="0" timestamp="2016-11-10T07:37:30" hostname="XB-20161010YVDY" time="0.114">
  <properties/>
  <testcase name="testSingletonProxyWithPrototypeTarget" classname="org.springframework.aop.framework.PrototypeTargetTests" time="0.102"/>
  <testcase name="testPrototypeProxyWithPrototypeTarget" classname="org.springframework.aop.framework.PrototypeTargetTests" time="0.012"/>
  <system-out><![CDATA[]]></system-out>
  <system-err><![CDATA[]]></system-err>
</testsuite>
