<?xml version="1.0" encoding="UTF-8"?>
<testsuite name="org.springframework.aop.interceptor.ConcurrencyThrottleInterceptorTests" tests="3" skipped="0" failures="0" errors="0" timestamp="2016-11-10T07:37:30" hostname="XB-20161010YVDY" time="0.344">
  <properties/>
  <testcase name="testMultipleThreadsWithLimit1" classname="org.springframework.aop.interceptor.ConcurrencyThrottleInterceptorTests" time="0.194"/>
  <testcase name="testMultipleThreadsWithLimit10" classname="org.springframework.aop.interceptor.ConcurrencyThrottleInterceptorTests" time="0.145"/>
  <testcase name="testSerializable" classname="org.springframework.aop.interceptor.ConcurrencyThrottleInterceptorTests" time="0.005"/>
  <system-out><![CDATA[]]></system-out>
  <system-err><![CDATA[]]></system-err>
</testsuite>
