<?xml version="1.0" encoding="UTF-8"?>
<testsuite name="org.springframework.aop.support.NameMatchMethodPointcutTests" tests="6" skipped="0" failures="0" errors="0" timestamp="2016-11-10T07:37:31" hostname="XB-20161010YVDY" time="0.009">
  <properties/>
  <testcase name="testMatchingOnly" classname="org.springframework.aop.support.NameMatchMethodPointcutTests" time="0.004"/>
  <testcase name="testEmpty" classname="org.springframework.aop.support.NameMatchMethodPointcutTests" time="0.0"/>
  <testcase name="testSets" classname="org.springframework.aop.support.NameMatchMethodPointcutTests" time="0.0"/>
  <testcase name="testEqualsAndHashCode" classname="org.springframework.aop.support.NameMatchMethodPointcutTests" time="0.001"/>
  <testcase name="testMatchOneMethod" classname="org.springframework.aop.support.NameMatchMethodPointcutTests" time="0.0"/>
  <testcase name="testSerializable" classname="org.springframework.aop.support.NameMatchMethodPointcutTests" time="0.003"/>
  <system-out><![CDATA[]]></system-out>
  <system-err><![CDATA[]]></system-err>
</testsuite>
