<?xml version="1.0" encoding="UTF-8"?>
<testsuite name="org.springframework.aop.interceptor.CustomizableTraceInterceptorTests" tests="11" skipped="0" failures="0" errors="0" timestamp="2016-11-10T07:37:30" hostname="XB-20161010YVDY" time="0.102">
  <properties/>
  <testcase name="testSunnyDayPathLogsCorrectlyWithPrettyMuchAllPlaceholdersMatching" classname="org.springframework.aop.interceptor.CustomizableTraceInterceptorTests" time="0.096"/>
  <testcase name="testSetEmptyExceptionMessage" classname="org.springframework.aop.interceptor.CustomizableTraceInterceptorTests" time="0.0"/>
  <testcase name="testSetExitMessageWithExceptionPlaceholder" classname="org.springframework.aop.interceptor.CustomizableTraceInterceptorTests" time="0.0"/>
  <testcase name="testSetEmptyExitMessage" classname="org.springframework.aop.interceptor.CustomizableTraceInterceptorTests" time="0.0"/>
  <testcase name="testSetEnterMessageWithInvocationTimePlaceholder" classname="org.springframework.aop.interceptor.CustomizableTraceInterceptorTests" time="0.0"/>
  <testcase name="testSetExceptionMethodWithReturnValuePlaceholder" classname="org.springframework.aop.interceptor.CustomizableTraceInterceptorTests" time="0.0"/>
  <testcase name="testSetEnterMessageWithReturnValuePlaceholder" classname="org.springframework.aop.interceptor.CustomizableTraceInterceptorTests" time="0.0"/>
  <testcase name="testSetEmptyEnterMessage" classname="org.springframework.aop.interceptor.CustomizableTraceInterceptorTests" time="0.001"/>
  <testcase name="testExceptionPathLogsCorrectly" classname="org.springframework.aop.interceptor.CustomizableTraceInterceptorTests" time="0.002"/>
  <testcase name="testSetEnterMessageWithExceptionPlaceholder" classname="org.springframework.aop.interceptor.CustomizableTraceInterceptorTests" time="0.0"/>
  <testcase name="testSunnyDayPathLogsCorrectly" classname="org.springframework.aop.interceptor.CustomizableTraceInterceptorTests" time="0.002"/>
  <system-out><![CDATA[]]></system-out>
  <system-err><![CDATA[]]></system-err>
</testsuite>
