<?xml version="1.0" encoding="UTF-8"?>
<testsuite name="org.springframework.aop.aspectj.annotation.ArgumentBindingTests" tests="3" skipped="0" failures="0" errors="0" timestamp="2016-11-10T07:37:27" hostname="XB-20161010YVDY" time="0.769">
  <properties/>
  <testcase name="testAnnotationArgumentNameBinding" classname="org.springframework.aop.aspectj.annotation.ArgumentBindingTests" time="0.739"/>
  <testcase name="testParameterNameDiscoverWithReferencePointcut" classname="org.springframework.aop.aspectj.annotation.ArgumentBindingTests" time="0.001"/>
  <testcase name="testBindingInPointcutUsedByAdvice" classname="org.springframework.aop.aspectj.annotation.ArgumentBindingTests" time="0.028"/>
  <system-out><![CDATA[Invoked with transaction @org.springframework.aop.aspectj.annotation.Transactional()
got 'Supercalifragalisticexpialidocious' at 'execution(void org.springframework.tests.sample.beans.ITestBean.setName(String))'
]]></system-out>
  <system-err><![CDATA[]]></system-err>
</testsuite>
