<?xml version="1.0" encoding="UTF-8"?>
<testsuite name="org.springframework.aop.support.AopUtilsTests" tests="4" skipped="0" failures="0" errors="0" timestamp="2016-11-10T07:37:31" hostname="XB-20161010YVDY" time="0.008">
  <properties/>
  <testcase name="testPointcutAlwaysApplies" classname="org.springframework.aop.support.AopUtilsTests" time="0.0"/>
  <testcase name="testCanonicalFrameworkClassesStillCanonicalOnDeserialization" classname="org.springframework.aop.support.AopUtilsTests" time="0.007"/>
  <testcase name="testPointcutAppliesToOneMethodOnObject" classname="org.springframework.aop.support.AopUtilsTests" time="0.001"/>
  <testcase name="testPointcutCanNeverApply" classname="org.springframework.aop.support.AopUtilsTests" time="0.0"/>
  <system-out><![CDATA[]]></system-out>
  <system-err><![CDATA[]]></system-err>
</testsuite>
