<?xml version="1.0" encoding="UTF-8"?>
<testsuite name="org.springframework.aop.aspectj.AspectJExpressionPointcutTests" tests="16" skipped="0" failures="0" errors="0" timestamp="2016-11-10T07:37:29" hostname="XB-20161010YVDY" time="0.11">
  <properties/>
  <testcase name="testMultipleAndSubstitutions" classname="org.springframework.aop.aspectj.AspectJExpressionPointcutTests" time="0.003"/>
  <testcase name="testMatchExplicit" classname="org.springframework.aop.aspectj.AspectJExpressionPointcutTests" time="0.001"/>
  <testcase name="testFriendlyErrorOnNoLocationClassMatching" classname="org.springframework.aop.aspectj.AspectJExpressionPointcutTests" time="0.0"/>
  <testcase name="testThis" classname="org.springframework.aop.aspectj.AspectJExpressionPointcutTests" time="0.002"/>
  <testcase name="testSimpleAdvice" classname="org.springframework.aop.aspectj.AspectJExpressionPointcutTests" time="0.052"/>
  <testcase name="testWithUnsupportedPointcutPrimitive" classname="org.springframework.aop.aspectj.AspectJExpressionPointcutTests" time="0.01"/>
  <testcase name="testFriendlyErrorOnNoLocation2ArgMatching" classname="org.springframework.aop.aspectj.AspectJExpressionPointcutTests" time="0.0"/>
  <testcase name="testMatchWithTypePattern" classname="org.springframework.aop.aspectj.AspectJExpressionPointcutTests" time="0.001"/>
  <testcase name="testFriendlyErrorOnNoLocation3ArgMatching" classname="org.springframework.aop.aspectj.AspectJExpressionPointcutTests" time="0.0"/>
  <testcase name="testMatchWithArgs" classname="org.springframework.aop.aspectj.AspectJExpressionPointcutTests" time="0.002"/>
  <testcase name="testWithinRootAndSubpackages" classname="org.springframework.aop.aspectj.AspectJExpressionPointcutTests" time="0.002"/>
  <testcase name="testWithinRootPackage" classname="org.springframework.aop.aspectj.AspectJExpressionPointcutTests" time="0.001"/>
  <testcase name="testTarget" classname="org.springframework.aop.aspectj.AspectJExpressionPointcutTests" time="0.001"/>
  <testcase name="testAndSubstitution" classname="org.springframework.aop.aspectj.AspectJExpressionPointcutTests" time="0.001"/>
  <testcase name="testInvalidExpression" classname="org.springframework.aop.aspectj.AspectJExpressionPointcutTests" time="0.0"/>
  <testcase name="testDynamicMatchingProxy" classname="org.springframework.aop.aspectj.AspectJExpressionPointcutTests" time="0.033"/>
  <system-out><![CDATA[]]></system-out>
  <system-err><![CDATA[]]></system-err>
</testsuite>
