<?xml version="1.0" encoding="UTF-8"?>
<testsuite name="org.springframework.aop.aspectj.TrickyAspectJPointcutExpressionTests" tests="5" skipped="0" failures="0" errors="0" timestamp="2016-11-10T07:37:29" hostname="XB-20161010YVDY" time="0.036">
  <properties/>
  <testcase name="testManualProxyJavaWithDynamicPointcutAndProxyTargetClass" classname="org.springframework.aop.aspectj.TrickyAspectJPointcutExpressionTests" time="0.017"/>
  <testcase name="testManualProxyJavaWithDynamicPointcut" classname="org.springframework.aop.aspectj.TrickyAspectJPointcutExpressionTests" time="0.007"/>
  <testcase name="testManualProxyJavaWithStaticPointcutAndTwoClassLoaders" classname="org.springframework.aop.aspectj.TrickyAspectJPointcutExpressionTests" time="0.008"/>
  <testcase name="testManualProxyJavaWithStaticPointcut" classname="org.springframework.aop.aspectj.TrickyAspectJPointcutExpressionTests" time="0.003"/>
  <testcase name="testManualProxyJavaWithUnconditionalPointcut" classname="org.springframework.aop.aspectj.TrickyAspectJPointcutExpressionTests" time="0.001"/>
  <system-out><![CDATA[]]></system-out>
  <system-err><![CDATA[]]></system-err>
</testsuite>
