<?xml version="1.0" encoding="UTF-8"?>
<testsuite name="org.springframework.aop.support.DelegatingIntroductionInterceptorTests" tests="10" skipped="0" failures="0" errors="0" timestamp="2016-11-10T07:37:31" hostname="XB-20161010YVDY" time="0.087">
  <properties/>
  <testcase name="testIntroductionInterceptorWithSuperInterface" classname="org.springframework.aop.support.DelegatingIntroductionInterceptorTests" time="0.015"/>
  <testcase name="testIntroductionMasksTargetImplementation" classname="org.springframework.aop.support.DelegatingIntroductionInterceptorTests" time="0.005"/>
  <testcase name="testIntroductionInterceptorWithInterfaceHierarchy" classname="org.springframework.aop.support.DelegatingIntroductionInterceptorTests" time="0.004"/>
  <testcase name="testIntroductionInterceptorDoesntReplaceToString" classname="org.springframework.aop.support.DelegatingIntroductionInterceptorTests" time="0.005"/>
  <testcase name="testSerializableDelegatingIntroductionInterceptorSerializable" classname="org.springframework.aop.support.DelegatingIntroductionInterceptorTests" time="0.012"/>
  <testcase name="testDelegateReturnsThisIsMassagedToReturnProxy" classname="org.springframework.aop.support.DelegatingIntroductionInterceptorTests" time="0.005"/>
  <testcase name="testAutomaticInterfaceRecognitionInDelegate" classname="org.springframework.aop.support.DelegatingIntroductionInterceptorTests" time="0.005"/>
  <testcase name="testNullTarget" classname="org.springframework.aop.support.DelegatingIntroductionInterceptorTests" time="0.001"/>
  <testcase name="testIntroductionInterceptorWithDelegation" classname="org.springframework.aop.support.DelegatingIntroductionInterceptorTests" time="0.025"/>
  <testcase name="testAutomaticInterfaceRecognitionInSubclass" classname="org.springframework.aop.support.DelegatingIntroductionInterceptorTests" time="0.009"/>
  <system-out><![CDATA[]]></system-out>
  <system-err><![CDATA[]]></system-err>
</testsuite>
